CRITICAL - 2023-04-28 16:08:14 --> Undefined variable $valid
#0 C:\xampp\htdocs\cubicacion\app\Controllers\Cajas.php(167): CodeIgniter\Debug\Exceptions->errorHandler(2, 'Undefined varia...', 'C:\\xampp\\htdocs...', 167)
#1 C:\xampp\htdocs\cubicacion\system\CodeIgniter.php(832): App\Controllers\Cajas->editar('15')
#2 C:\xampp\htdocs\cubicacion\system\CodeIgniter.php(419): CodeIgniter\CodeIgniter->runController(Object(App\Controllers\Cajas))
#3 C:\xampp\htdocs\cubicacion\system\CodeIgniter.php(326): CodeIgniter\CodeIgniter->handleRequest(NULL, Object(Config\Cache), false)
#4 C:\xampp\htdocs\cubicacion\public\index.php(37): CodeIgniter\CodeIgniter->run()
#5 {main}
CRITICAL - 2023-04-28 17:06:39 --> Class "App\Models\CalcularModel" not found
#0 C:\xampp\htdocs\cubicacion\system\CodeIgniter.php(809): App\Controllers\Calcular->__construct()
#1 C:\xampp\htdocs\cubicacion\system\CodeIgniter.php(410): CodeIgniter\CodeIgniter->createController()
#2 C:\xampp\htdocs\cubicacion\system\CodeIgniter.php(326): CodeIgniter\CodeIgniter->handleRequest(NULL, Object(Config\Cache), false)
#3 C:\xampp\htdocs\cubicacion\public\index.php(37): CodeIgniter\CodeIgniter->run()
#4 {main}
CRITICAL - 2023-04-28 17:07:22 --> Class "App\Models\CalcularModel" not found
#0 C:\xampp\htdocs\cubicacion\system\CodeIgniter.php(809): App\Controllers\Calcular->__construct()
#1 C:\xampp\htdocs\cubicacion\system\CodeIgniter.php(410): CodeIgniter\CodeIgniter->createController()
#2 C:\xampp\htdocs\cubicacion\system\CodeIgniter.php(326): CodeIgniter\CodeIgniter->handleRequest(NULL, Object(Config\Cache), false)
#3 C:\xampp\htdocs\cubicacion\public\index.php(37): CodeIgniter\CodeIgniter->run()
#4 {main}
CRITICAL - 2023-04-28 17:07:28 --> Class "App\Models\CalcularModel" not found
#0 C:\xampp\htdocs\cubicacion\system\CodeIgniter.php(809): App\Controllers\Calcular->__construct()
#1 C:\xampp\htdocs\cubicacion\system\CodeIgniter.php(410): CodeIgniter\CodeIgniter->createController()
#2 C:\xampp\htdocs\cubicacion\system\CodeIgniter.php(326): CodeIgniter\CodeIgniter->handleRequest(NULL, Object(Config\Cache), false)
#3 C:\xampp\htdocs\cubicacion\public\index.php(37): CodeIgniter\CodeIgniter->run()
#4 {main}
CRITICAL - 2023-04-28 17:07:30 --> Class "App\Models\CalcularModel" not found
#0 C:\xampp\htdocs\cubicacion\system\CodeIgniter.php(809): App\Controllers\Calcular->__construct()
#1 C:\xampp\htdocs\cubicacion\system\CodeIgniter.php(410): CodeIgniter\CodeIgniter->createController()
#2 C:\xampp\htdocs\cubicacion\system\CodeIgniter.php(326): CodeIgniter\CodeIgniter->handleRequest(NULL, Object(Config\Cache), false)
#3 C:\xampp\htdocs\cubicacion\public\index.php(37): CodeIgniter\CodeIgniter->run()
#4 {main}
ERROR - 2023-04-28 17:10:12 --> Table 'cubicaje.calcular' doesn't exist
CRITICAL - 2023-04-28 17:10:12 --> Table 'cubicaje.calcular' doesn't exist
#0 C:\xampp\htdocs\cubicacion\system\Database\MySQLi\Connection.php(292): mysqli->query('SELECT *\nFROM `...', 0)
#1 C:\xampp\htdocs\cubicacion\system\Database\BaseConnection.php(670): CodeIgniter\Database\MySQLi\Connection->execute('SELECT *\nFROM `...')
#2 C:\xampp\htdocs\cubicacion\system\Database\BaseConnection.php(598): CodeIgniter\Database\BaseConnection->simpleQuery('SELECT *\nFROM `...')
#3 C:\xampp\htdocs\cubicacion\system\Database\BaseBuilder.php(1455): CodeIgniter\Database\BaseConnection->query('SELECT *\nFROM `...', Array, false)
#4 C:\xampp\htdocs\cubicacion\system\Model.php(183): CodeIgniter\Database\BaseBuilder->get()
#5 C:\xampp\htdocs\cubicacion\system\BaseModel.php(584): CodeIgniter\Model->doFindAll(0, 0)
#6 C:\xampp\htdocs\cubicacion\app\Controllers\Calcular.php(20): CodeIgniter\BaseModel->findAll()
#7 C:\xampp\htdocs\cubicacion\system\CodeIgniter.php(832): App\Controllers\Calcular->index()
#8 C:\xampp\htdocs\cubicacion\system\CodeIgniter.php(419): CodeIgniter\CodeIgniter->runController(Object(App\Controllers\Calcular))
#9 C:\xampp\htdocs\cubicacion\system\CodeIgniter.php(326): CodeIgniter\CodeIgniter->handleRequest(NULL, Object(Config\Cache), false)
#10 C:\xampp\htdocs\cubicacion\public\index.php(37): CodeIgniter\CodeIgniter->run()
#11 {main}
ERROR - 2023-04-28 17:10:14 --> Table 'cubicaje.calcular' doesn't exist
CRITICAL - 2023-04-28 17:10:14 --> Table 'cubicaje.calcular' doesn't exist
#0 C:\xampp\htdocs\cubicacion\system\Database\MySQLi\Connection.php(292): mysqli->query('SELECT *\nFROM `...', 0)
#1 C:\xampp\htdocs\cubicacion\system\Database\BaseConnection.php(670): CodeIgniter\Database\MySQLi\Connection->execute('SELECT *\nFROM `...')
#2 C:\xampp\htdocs\cubicacion\system\Database\BaseConnection.php(598): CodeIgniter\Database\BaseConnection->simpleQuery('SELECT *\nFROM `...')
#3 C:\xampp\htdocs\cubicacion\system\Database\BaseBuilder.php(1455): CodeIgniter\Database\BaseConnection->query('SELECT *\nFROM `...', Array, false)
#4 C:\xampp\htdocs\cubicacion\system\Model.php(183): CodeIgniter\Database\BaseBuilder->get()
#5 C:\xampp\htdocs\cubicacion\system\BaseModel.php(584): CodeIgniter\Model->doFindAll(0, 0)
#6 C:\xampp\htdocs\cubicacion\app\Controllers\Calcular.php(20): CodeIgniter\BaseModel->findAll()
#7 C:\xampp\htdocs\cubicacion\system\CodeIgniter.php(832): App\Controllers\Calcular->index()
#8 C:\xampp\htdocs\cubicacion\system\CodeIgniter.php(419): CodeIgniter\CodeIgniter->runController(Object(App\Controllers\Calcular))
#9 C:\xampp\htdocs\cubicacion\system\CodeIgniter.php(326): CodeIgniter\CodeIgniter->handleRequest(NULL, Object(Config\Cache), false)
#10 C:\xampp\htdocs\cubicacion\public\index.php(37): CodeIgniter\CodeIgniter->run()
#11 {main}
ERROR - 2023-04-28 17:10:15 --> Table 'cubicaje.calcular' doesn't exist
CRITICAL - 2023-04-28 17:10:15 --> Table 'cubicaje.calcular' doesn't exist
#0 C:\xampp\htdocs\cubicacion\system\Database\MySQLi\Connection.php(292): mysqli->query('SELECT *\nFROM `...', 0)
#1 C:\xampp\htdocs\cubicacion\system\Database\BaseConnection.php(670): CodeIgniter\Database\MySQLi\Connection->execute('SELECT *\nFROM `...')
#2 C:\xampp\htdocs\cubicacion\system\Database\BaseConnection.php(598): CodeIgniter\Database\BaseConnection->simpleQuery('SELECT *\nFROM `...')
#3 C:\xampp\htdocs\cubicacion\system\Database\BaseBuilder.php(1455): CodeIgniter\Database\BaseConnection->query('SELECT *\nFROM `...', Array, false)
#4 C:\xampp\htdocs\cubicacion\system\Model.php(183): CodeIgniter\Database\BaseBuilder->get()
#5 C:\xampp\htdocs\cubicacion\system\BaseModel.php(584): CodeIgniter\Model->doFindAll(0, 0)
#6 C:\xampp\htdocs\cubicacion\app\Controllers\Calcular.php(20): CodeIgniter\BaseModel->findAll()
#7 C:\xampp\htdocs\cubicacion\system\CodeIgniter.php(832): App\Controllers\Calcular->index()
#8 C:\xampp\htdocs\cubicacion\system\CodeIgniter.php(419): CodeIgniter\CodeIgniter->runController(Object(App\Controllers\Calcular))
#9 C:\xampp\htdocs\cubicacion\system\CodeIgniter.php(326): CodeIgniter\CodeIgniter->handleRequest(NULL, Object(Config\Cache), false)
#10 C:\xampp\htdocs\cubicacion\public\index.php(37): CodeIgniter\CodeIgniter->run()
#11 {main}
ERROR - 2023-04-28 17:10:53 --> Table 'cubicaje.inicio' doesn't exist
CRITICAL - 2023-04-28 17:10:53 --> Table 'cubicaje.inicio' doesn't exist
#0 C:\xampp\htdocs\cubicacion\system\Database\MySQLi\Connection.php(292): mysqli->query('SELECT *\nFROM `...', 0)
#1 C:\xampp\htdocs\cubicacion\system\Database\BaseConnection.php(670): CodeIgniter\Database\MySQLi\Connection->execute('SELECT *\nFROM `...')
#2 C:\xampp\htdocs\cubicacion\system\Database\BaseConnection.php(598): CodeIgniter\Database\BaseConnection->simpleQuery('SELECT *\nFROM `...')
#3 C:\xampp\htdocs\cubicacion\system\Database\BaseBuilder.php(1455): CodeIgniter\Database\BaseConnection->query('SELECT *\nFROM `...', Array, false)
#4 C:\xampp\htdocs\cubicacion\system\Model.php(183): CodeIgniter\Database\BaseBuilder->get()
#5 C:\xampp\htdocs\cubicacion\system\BaseModel.php(584): CodeIgniter\Model->doFindAll(0, 0)
#6 C:\xampp\htdocs\cubicacion\app\Controllers\Calcular.php(20): CodeIgniter\BaseModel->findAll()
#7 C:\xampp\htdocs\cubicacion\system\CodeIgniter.php(832): App\Controllers\Calcular->index()
#8 C:\xampp\htdocs\cubicacion\system\CodeIgniter.php(419): CodeIgniter\CodeIgniter->runController(Object(App\Controllers\Calcular))
#9 C:\xampp\htdocs\cubicacion\system\CodeIgniter.php(326): CodeIgniter\CodeIgniter->handleRequest(NULL, Object(Config\Cache), false)
#10 C:\xampp\htdocs\cubicacion\public\index.php(37): CodeIgniter\CodeIgniter->run()
#11 {main}
ERROR - 2023-04-28 17:10:55 --> Table 'cubicaje.inicio' doesn't exist
CRITICAL - 2023-04-28 17:10:55 --> Table 'cubicaje.inicio' doesn't exist
#0 C:\xampp\htdocs\cubicacion\system\Database\MySQLi\Connection.php(292): mysqli->query('SELECT *\nFROM `...', 0)
#1 C:\xampp\htdocs\cubicacion\system\Database\BaseConnection.php(670): CodeIgniter\Database\MySQLi\Connection->execute('SELECT *\nFROM `...')
#2 C:\xampp\htdocs\cubicacion\system\Database\BaseConnection.php(598): CodeIgniter\Database\BaseConnection->simpleQuery('SELECT *\nFROM `...')
#3 C:\xampp\htdocs\cubicacion\system\Database\BaseBuilder.php(1455): CodeIgniter\Database\BaseConnection->query('SELECT *\nFROM `...', Array, false)
#4 C:\xampp\htdocs\cubicacion\system\Model.php(183): CodeIgniter\Database\BaseBuilder->get()
#5 C:\xampp\htdocs\cubicacion\system\BaseModel.php(584): CodeIgniter\Model->doFindAll(0, 0)
#6 C:\xampp\htdocs\cubicacion\app\Controllers\Calcular.php(20): CodeIgniter\BaseModel->findAll()
#7 C:\xampp\htdocs\cubicacion\system\CodeIgniter.php(832): App\Controllers\Calcular->index()
#8 C:\xampp\htdocs\cubicacion\system\CodeIgniter.php(419): CodeIgniter\CodeIgniter->runController(Object(App\Controllers\Calcular))
#9 C:\xampp\htdocs\cubicacion\system\CodeIgniter.php(326): CodeIgniter\CodeIgniter->handleRequest(NULL, Object(Config\Cache), false)
#10 C:\xampp\htdocs\cubicacion\public\index.php(37): CodeIgniter\CodeIgniter->run()
#11 {main}
ERROR - 2023-04-28 17:10:55 --> Table 'cubicaje.inicio' doesn't exist
CRITICAL - 2023-04-28 17:10:55 --> Table 'cubicaje.inicio' doesn't exist
#0 C:\xampp\htdocs\cubicacion\system\Database\MySQLi\Connection.php(292): mysqli->query('SELECT *\nFROM `...', 0)
#1 C:\xampp\htdocs\cubicacion\system\Database\BaseConnection.php(670): CodeIgniter\Database\MySQLi\Connection->execute('SELECT *\nFROM `...')
#2 C:\xampp\htdocs\cubicacion\system\Database\BaseConnection.php(598): CodeIgniter\Database\BaseConnection->simpleQuery('SELECT *\nFROM `...')
#3 C:\xampp\htdocs\cubicacion\system\Database\BaseBuilder.php(1455): CodeIgniter\Database\BaseConnection->query('SELECT *\nFROM `...', Array, false)
#4 C:\xampp\htdocs\cubicacion\system\Model.php(183): CodeIgniter\Database\BaseBuilder->get()
#5 C:\xampp\htdocs\cubicacion\system\BaseModel.php(584): CodeIgniter\Model->doFindAll(0, 0)
#6 C:\xampp\htdocs\cubicacion\app\Controllers\Calcular.php(20): CodeIgniter\BaseModel->findAll()
#7 C:\xampp\htdocs\cubicacion\system\CodeIgniter.php(832): App\Controllers\Calcular->index()
#8 C:\xampp\htdocs\cubicacion\system\CodeIgniter.php(419): CodeIgniter\CodeIgniter->runController(Object(App\Controllers\Calcular))
#9 C:\xampp\htdocs\cubicacion\system\CodeIgniter.php(326): CodeIgniter\CodeIgniter->handleRequest(NULL, Object(Config\Cache), false)
#10 C:\xampp\htdocs\cubicacion\public\index.php(37): CodeIgniter\CodeIgniter->run()
#11 {main}
ERROR - 2023-04-28 17:11:13 --> Table 'cubicaje.suferencias' doesn't exist
CRITICAL - 2023-04-28 17:11:13 --> Table 'cubicaje.suferencias' doesn't exist
#0 C:\xampp\htdocs\cubicacion\system\Database\MySQLi\Connection.php(292): mysqli->query('SELECT *\nFROM `...', 0)
#1 C:\xampp\htdocs\cubicacion\system\Database\BaseConnection.php(670): CodeIgniter\Database\MySQLi\Connection->execute('SELECT *\nFROM `...')
#2 C:\xampp\htdocs\cubicacion\system\Database\BaseConnection.php(598): CodeIgniter\Database\BaseConnection->simpleQuery('SELECT *\nFROM `...')
#3 C:\xampp\htdocs\cubicacion\system\Database\BaseBuilder.php(1455): CodeIgniter\Database\BaseConnection->query('SELECT *\nFROM `...', Array, false)
#4 C:\xampp\htdocs\cubicacion\system\Model.php(183): CodeIgniter\Database\BaseBuilder->get()
#5 C:\xampp\htdocs\cubicacion\system\BaseModel.php(584): CodeIgniter\Model->doFindAll(0, 0)
#6 C:\xampp\htdocs\cubicacion\app\Controllers\Calcular.php(20): CodeIgniter\BaseModel->findAll()
#7 C:\xampp\htdocs\cubicacion\system\CodeIgniter.php(832): App\Controllers\Calcular->index()
#8 C:\xampp\htdocs\cubicacion\system\CodeIgniter.php(419): CodeIgniter\CodeIgniter->runController(Object(App\Controllers\Calcular))
#9 C:\xampp\htdocs\cubicacion\system\CodeIgniter.php(326): CodeIgniter\CodeIgniter->handleRequest(NULL, Object(Config\Cache), false)
#10 C:\xampp\htdocs\cubicacion\public\index.php(37): CodeIgniter\CodeIgniter->run()
#11 {main}
ERROR - 2023-04-28 17:11:14 --> Table 'cubicaje.suferencias' doesn't exist
CRITICAL - 2023-04-28 17:11:14 --> Table 'cubicaje.suferencias' doesn't exist
#0 C:\xampp\htdocs\cubicacion\system\Database\MySQLi\Connection.php(292): mysqli->query('SELECT *\nFROM `...', 0)
#1 C:\xampp\htdocs\cubicacion\system\Database\BaseConnection.php(670): CodeIgniter\Database\MySQLi\Connection->execute('SELECT *\nFROM `...')
#2 C:\xampp\htdocs\cubicacion\system\Database\BaseConnection.php(598): CodeIgniter\Database\BaseConnection->simpleQuery('SELECT *\nFROM `...')
#3 C:\xampp\htdocs\cubicacion\system\Database\BaseBuilder.php(1455): CodeIgniter\Database\BaseConnection->query('SELECT *\nFROM `...', Array, false)
#4 C:\xampp\htdocs\cubicacion\system\Model.php(183): CodeIgniter\Database\BaseBuilder->get()
#5 C:\xampp\htdocs\cubicacion\system\BaseModel.php(584): CodeIgniter\Model->doFindAll(0, 0)
#6 C:\xampp\htdocs\cubicacion\app\Controllers\Calcular.php(20): CodeIgniter\BaseModel->findAll()
#7 C:\xampp\htdocs\cubicacion\system\CodeIgniter.php(832): App\Controllers\Calcular->index()
#8 C:\xampp\htdocs\cubicacion\system\CodeIgniter.php(419): CodeIgniter\CodeIgniter->runController(Object(App\Controllers\Calcular))
#9 C:\xampp\htdocs\cubicacion\system\CodeIgniter.php(326): CodeIgniter\CodeIgniter->handleRequest(NULL, Object(Config\Cache), false)
#10 C:\xampp\htdocs\cubicacion\public\index.php(37): CodeIgniter\CodeIgniter->run()
#11 {main}
CRITICAL - 2023-04-28 17:11:45 --> Invalid file: calcular/calcular.php
#0 C:\xampp\htdocs\cubicacion\system\View\View.php(198): CodeIgniter\Exceptions\FrameworkException::forInvalidFile('calcular/calcul...')
#1 C:\xampp\htdocs\cubicacion\system\Common.php(1089): CodeIgniter\View\View->render('calcular/calcul...', Array, true)
#2 C:\xampp\htdocs\cubicacion\app\Controllers\Calcular.php(24): view('calcular/calcul...', Array)
#3 C:\xampp\htdocs\cubicacion\system\CodeIgniter.php(832): App\Controllers\Calcular->index()
#4 C:\xampp\htdocs\cubicacion\system\CodeIgniter.php(419): CodeIgniter\CodeIgniter->runController(Object(App\Controllers\Calcular))
#5 C:\xampp\htdocs\cubicacion\system\CodeIgniter.php(326): CodeIgniter\CodeIgniter->handleRequest(NULL, Object(Config\Cache), false)
#6 C:\xampp\htdocs\cubicacion\public\index.php(37): CodeIgniter\CodeIgniter->run()
#7 {main}
CRITICAL - 2023-04-28 17:13:39 --> Invalid file: calcular/calcular.php
#0 C:\xampp\htdocs\cubicacion\system\View\View.php(198): CodeIgniter\Exceptions\FrameworkException::forInvalidFile('calcular/calcul...')
#1 C:\xampp\htdocs\cubicacion\system\Common.php(1089): CodeIgniter\View\View->render('calcular/calcul...', Array, true)
#2 C:\xampp\htdocs\cubicacion\app\Controllers\Calcular.php(24): view('calcular/calcul...', Array)
#3 C:\xampp\htdocs\cubicacion\system\CodeIgniter.php(832): App\Controllers\Calcular->index()
#4 C:\xampp\htdocs\cubicacion\system\CodeIgniter.php(419): CodeIgniter\CodeIgniter->runController(Object(App\Controllers\Calcular))
#5 C:\xampp\htdocs\cubicacion\system\CodeIgniter.php(326): CodeIgniter\CodeIgniter->handleRequest(NULL, Object(Config\Cache), false)
#6 C:\xampp\htdocs\cubicacion\public\index.php(37): CodeIgniter\CodeIgniter->run()
#7 {main}
CRITICAL - 2023-04-28 17:13:44 --> Invalid file: calcular/calcular.php
#0 C:\xampp\htdocs\cubicacion\system\View\View.php(198): CodeIgniter\Exceptions\FrameworkException::forInvalidFile('calcular/calcul...')
#1 C:\xampp\htdocs\cubicacion\system\Common.php(1089): CodeIgniter\View\View->render('calcular/calcul...', Array, true)
#2 C:\xampp\htdocs\cubicacion\app\Controllers\Calcular.php(24): view('calcular/calcul...', Array)
#3 C:\xampp\htdocs\cubicacion\system\CodeIgniter.php(832): App\Controllers\Calcular->index()
#4 C:\xampp\htdocs\cubicacion\system\CodeIgniter.php(419): CodeIgniter\CodeIgniter->runController(Object(App\Controllers\Calcular))
#5 C:\xampp\htdocs\cubicacion\system\CodeIgniter.php(326): CodeIgniter\CodeIgniter->handleRequest(NULL, Object(Config\Cache), false)
#6 C:\xampp\htdocs\cubicacion\public\index.php(37): CodeIgniter\CodeIgniter->run()
#7 {main}
CRITICAL - 2023-04-28 17:14:01 --> Invalid file: calcular/calcular.php
#0 C:\xampp\htdocs\cubicacion\system\View\View.php(198): CodeIgniter\Exceptions\FrameworkException::forInvalidFile('calcular/calcul...')
#1 C:\xampp\htdocs\cubicacion\system\Common.php(1089): CodeIgniter\View\View->render('calcular/calcul...', Array, true)
#2 C:\xampp\htdocs\cubicacion\app\Controllers\Calcular.php(24): view('calcular/calcul...', Array)
#3 C:\xampp\htdocs\cubicacion\system\CodeIgniter.php(832): App\Controllers\Calcular->index()
#4 C:\xampp\htdocs\cubicacion\system\CodeIgniter.php(419): CodeIgniter\CodeIgniter->runController(Object(App\Controllers\Calcular))
#5 C:\xampp\htdocs\cubicacion\system\CodeIgniter.php(326): CodeIgniter\CodeIgniter->handleRequest(NULL, Object(Config\Cache), false)
#6 C:\xampp\htdocs\cubicacion\public\index.php(37): CodeIgniter\CodeIgniter->run()
#7 {main}
ERROR - 2023-04-28 17:14:39 --> Table 'cubicaje.calcular' doesn't exist
CRITICAL - 2023-04-28 17:14:39 --> Table 'cubicaje.calcular' doesn't exist
#0 C:\xampp\htdocs\cubicacion\system\Database\MySQLi\Connection.php(292): mysqli->query('SELECT *\nFROM `...', 0)
#1 C:\xampp\htdocs\cubicacion\system\Database\BaseConnection.php(670): CodeIgniter\Database\MySQLi\Connection->execute('SELECT *\nFROM `...')
#2 C:\xampp\htdocs\cubicacion\system\Database\BaseConnection.php(598): CodeIgniter\Database\BaseConnection->simpleQuery('SELECT *\nFROM `...')
#3 C:\xampp\htdocs\cubicacion\system\Database\BaseBuilder.php(1455): CodeIgniter\Database\BaseConnection->query('SELECT *\nFROM `...', Array, false)
#4 C:\xampp\htdocs\cubicacion\system\Model.php(183): CodeIgniter\Database\BaseBuilder->get()
#5 C:\xampp\htdocs\cubicacion\system\BaseModel.php(584): CodeIgniter\Model->doFindAll(0, 0)
#6 C:\xampp\htdocs\cubicacion\app\Controllers\Calcular.php(20): CodeIgniter\BaseModel->findAll()
#7 C:\xampp\htdocs\cubicacion\system\CodeIgniter.php(832): App\Controllers\Calcular->index()
#8 C:\xampp\htdocs\cubicacion\system\CodeIgniter.php(419): CodeIgniter\CodeIgniter->runController(Object(App\Controllers\Calcular))
#9 C:\xampp\htdocs\cubicacion\system\CodeIgniter.php(326): CodeIgniter\CodeIgniter->handleRequest(NULL, Object(Config\Cache), false)
#10 C:\xampp\htdocs\cubicacion\public\index.php(37): CodeIgniter\CodeIgniter->run()
#11 {main}
ERROR - 2023-04-28 17:14:40 --> Table 'cubicaje.calcular' doesn't exist
CRITICAL - 2023-04-28 17:14:40 --> Table 'cubicaje.calcular' doesn't exist
#0 C:\xampp\htdocs\cubicacion\system\Database\MySQLi\Connection.php(292): mysqli->query('SELECT *\nFROM `...', 0)
#1 C:\xampp\htdocs\cubicacion\system\Database\BaseConnection.php(670): CodeIgniter\Database\MySQLi\Connection->execute('SELECT *\nFROM `...')
#2 C:\xampp\htdocs\cubicacion\system\Database\BaseConnection.php(598): CodeIgniter\Database\BaseConnection->simpleQuery('SELECT *\nFROM `...')
#3 C:\xampp\htdocs\cubicacion\system\Database\BaseBuilder.php(1455): CodeIgniter\Database\BaseConnection->query('SELECT *\nFROM `...', Array, false)
#4 C:\xampp\htdocs\cubicacion\system\Model.php(183): CodeIgniter\Database\BaseBuilder->get()
#5 C:\xampp\htdocs\cubicacion\system\BaseModel.php(584): CodeIgniter\Model->doFindAll(0, 0)
#6 C:\xampp\htdocs\cubicacion\app\Controllers\Calcular.php(20): CodeIgniter\BaseModel->findAll()
#7 C:\xampp\htdocs\cubicacion\system\CodeIgniter.php(832): App\Controllers\Calcular->index()
#8 C:\xampp\htdocs\cubicacion\system\CodeIgniter.php(419): CodeIgniter\CodeIgniter->runController(Object(App\Controllers\Calcular))
#9 C:\xampp\htdocs\cubicacion\system\CodeIgniter.php(326): CodeIgniter\CodeIgniter->handleRequest(NULL, Object(Config\Cache), false)
#10 C:\xampp\htdocs\cubicacion\public\index.php(37): CodeIgniter\CodeIgniter->run()
#11 {main}
CRITICAL - 2023-04-28 17:15:42 --> Invalid file: calcular/calcular.php
#0 C:\xampp\htdocs\cubicacion\system\View\View.php(198): CodeIgniter\Exceptions\FrameworkException::forInvalidFile('calcular/calcul...')
#1 C:\xampp\htdocs\cubicacion\system\Common.php(1089): CodeIgniter\View\View->render('calcular/calcul...', Array, true)
#2 C:\xampp\htdocs\cubicacion\app\Controllers\Calcular.php(24): view('calcular/calcul...', Array)
#3 C:\xampp\htdocs\cubicacion\system\CodeIgniter.php(832): App\Controllers\Calcular->index()
#4 C:\xampp\htdocs\cubicacion\system\CodeIgniter.php(419): CodeIgniter\CodeIgniter->runController(Object(App\Controllers\Calcular))
#5 C:\xampp\htdocs\cubicacion\system\CodeIgniter.php(326): CodeIgniter\CodeIgniter->handleRequest(NULL, Object(Config\Cache), false)
#6 C:\xampp\htdocs\cubicacion\public\index.php(37): CodeIgniter\CodeIgniter->run()
#7 {main}
CRITICAL - 2023-04-28 17:16:29 --> Class "App\Models\CalcularModel" not found
#0 C:\xampp\htdocs\cubicacion\system\CodeIgniter.php(809): App\Controllers\Calcular->__construct()
#1 C:\xampp\htdocs\cubicacion\system\CodeIgniter.php(410): CodeIgniter\CodeIgniter->createController()
#2 C:\xampp\htdocs\cubicacion\system\CodeIgniter.php(326): CodeIgniter\CodeIgniter->handleRequest(NULL, Object(Config\Cache), false)
#3 C:\xampp\htdocs\cubicacion\public\index.php(37): CodeIgniter\CodeIgniter->run()
#4 {main}
CRITICAL - 2023-04-28 17:16:44 --> Invalid file: calcular/calcular.php
#0 C:\xampp\htdocs\cubicacion\system\View\View.php(198): CodeIgniter\Exceptions\FrameworkException::forInvalidFile('calcular/calcul...')
#1 C:\xampp\htdocs\cubicacion\system\Common.php(1089): CodeIgniter\View\View->render('calcular/calcul...', Array, true)
#2 C:\xampp\htdocs\cubicacion\app\Controllers\Calcular.php(24): view('calcular/calcul...', Array)
#3 C:\xampp\htdocs\cubicacion\system\CodeIgniter.php(832): App\Controllers\Calcular->index()
#4 C:\xampp\htdocs\cubicacion\system\CodeIgniter.php(419): CodeIgniter\CodeIgniter->runController(Object(App\Controllers\Calcular))
#5 C:\xampp\htdocs\cubicacion\system\CodeIgniter.php(326): CodeIgniter\CodeIgniter->handleRequest(NULL, Object(Config\Cache), false)
#6 C:\xampp\htdocs\cubicacion\public\index.php(37): CodeIgniter\CodeIgniter->run()
#7 {main}
CRITICAL - 2023-04-28 17:19:55 --> Invalid file: calcular/calcular.php
#0 C:\xampp\htdocs\cubicacion\system\View\View.php(198): CodeIgniter\Exceptions\FrameworkException::forInvalidFile('calcular/calcul...')
#1 C:\xampp\htdocs\cubicacion\system\Common.php(1089): CodeIgniter\View\View->render('calcular/calcul...', Array, true)
#2 C:\xampp\htdocs\cubicacion\app\Controllers\Calcular.php(24): view('calcular/calcul...', Array)
#3 C:\xampp\htdocs\cubicacion\system\CodeIgniter.php(832): App\Controllers\Calcular->index()
#4 C:\xampp\htdocs\cubicacion\system\CodeIgniter.php(419): CodeIgniter\CodeIgniter->runController(Object(App\Controllers\Calcular))
#5 C:\xampp\htdocs\cubicacion\system\CodeIgniter.php(326): CodeIgniter\CodeIgniter->handleRequest(NULL, Object(Config\Cache), false)
#6 C:\xampp\htdocs\cubicacion\public\index.php(37): CodeIgniter\CodeIgniter->run()
#7 {main}
CRITICAL - 2023-04-28 17:23:57 --> Invalid file: calcular/calcular.php
#0 C:\xampp\htdocs\cubicacion\system\View\View.php(198): CodeIgniter\Exceptions\FrameworkException::forInvalidFile('calcular/calcul...')
#1 C:\xampp\htdocs\cubicacion\system\Common.php(1089): CodeIgniter\View\View->render('calcular/calcul...', Array, true)
#2 C:\xampp\htdocs\cubicacion\app\Controllers\Calcular.php(24): view('calcular/calcul...', Array)
#3 C:\xampp\htdocs\cubicacion\system\CodeIgniter.php(832): App\Controllers\Calcular->index()
#4 C:\xampp\htdocs\cubicacion\system\CodeIgniter.php(419): CodeIgniter\CodeIgniter->runController(Object(App\Controllers\Calcular))
#5 C:\xampp\htdocs\cubicacion\system\CodeIgniter.php(326): CodeIgniter\CodeIgniter->handleRequest(NULL, Object(Config\Cache), false)
#6 C:\xampp\htdocs\cubicacion\public\index.php(37): CodeIgniter\CodeIgniter->run()
#7 {main}
CRITICAL - 2023-04-28 17:25:48 --> Invalid file: calcular/calcular.php
#0 C:\xampp\htdocs\cubicacion\system\View\View.php(198): CodeIgniter\Exceptions\FrameworkException::forInvalidFile('calcular/calcul...')
#1 C:\xampp\htdocs\cubicacion\system\Common.php(1089): CodeIgniter\View\View->render('calcular/calcul...', Array, true)
#2 C:\xampp\htdocs\cubicacion\app\Controllers\Calcular.php(24): view('calcular/calcul...', Array)
#3 C:\xampp\htdocs\cubicacion\system\CodeIgniter.php(832): App\Controllers\Calcular->index()
#4 C:\xampp\htdocs\cubicacion\system\CodeIgniter.php(419): CodeIgniter\CodeIgniter->runController(Object(App\Controllers\Calcular))
#5 C:\xampp\htdocs\cubicacion\system\CodeIgniter.php(326): CodeIgniter\CodeIgniter->handleRequest(NULL, Object(Config\Cache), false)
#6 C:\xampp\htdocs\cubicacion\public\index.php(37): CodeIgniter\CodeIgniter->run()
#7 {main}
CRITICAL - 2023-04-28 17:25:50 --> Invalid file: calcular/calcular.php
#0 C:\xampp\htdocs\cubicacion\system\View\View.php(198): CodeIgniter\Exceptions\FrameworkException::forInvalidFile('calcular/calcul...')
#1 C:\xampp\htdocs\cubicacion\system\Common.php(1089): CodeIgniter\View\View->render('calcular/calcul...', Array, true)
#2 C:\xampp\htdocs\cubicacion\app\Controllers\Calcular.php(24): view('calcular/calcul...', Array)
#3 C:\xampp\htdocs\cubicacion\system\CodeIgniter.php(832): App\Controllers\Calcular->index()
#4 C:\xampp\htdocs\cubicacion\system\CodeIgniter.php(419): CodeIgniter\CodeIgniter->runController(Object(App\Controllers\Calcular))
#5 C:\xampp\htdocs\cubicacion\system\CodeIgniter.php(326): CodeIgniter\CodeIgniter->handleRequest(NULL, Object(Config\Cache), false)
#6 C:\xampp\htdocs\cubicacion\public\index.php(37): CodeIgniter\CodeIgniter->run()
#7 {main}
