CRITICAL - 2022-04-15 00:37:42 --> Invalid file: 1footer.php
#0 C:\xampp\htdocs\gileos_del_pasifico2\system\View\View.php(198): CodeIgniter\Exceptions\FrameworkException::forInvalidFile('1footer.php')
#1 C:\xampp\htdocs\gileos_del_pasifico2\system\Common.php(1089): CodeIgniter\View\View->render('1footer', Array, true)
#2 C:\xampp\htdocs\gileos_del_pasifico2\app\Controllers\Categorias.php(32): view('1footer')
#3 C:\xampp\htdocs\gileos_del_pasifico2\system\CodeIgniter.php(832): App\Controllers\Categorias->eliminados()
#4 C:\xampp\htdocs\gileos_del_pasifico2\system\CodeIgniter.php(419): CodeIgniter\CodeIgniter->runController(Object(App\Controllers\Categorias))
#5 C:\xampp\htdocs\gileos_del_pasifico2\system\CodeIgniter.php(326): CodeIgniter\CodeIgniter->handleRequest(NULL, Object(Config\Cache), false)
#6 C:\xampp\htdocs\gileos_del_pasifico2\public\index.php(37): CodeIgniter\CodeIgniter->run()
#7 {main}
CRITICAL - 2022-04-15 00:41:41 --> Invalid file: 1footer.php
#0 C:\xampp\htdocs\gileos_del_pasifico2\system\View\View.php(198): CodeIgniter\Exceptions\FrameworkException::forInvalidFile('1footer.php')
#1 C:\xampp\htdocs\gileos_del_pasifico2\system\Common.php(1089): CodeIgniter\View\View->render('1footer', Array, true)
#2 C:\xampp\htdocs\gileos_del_pasifico2\app\Controllers\Categorias.php(32): view('1footer')
#3 C:\xampp\htdocs\gileos_del_pasifico2\system\CodeIgniter.php(832): App\Controllers\Categorias->eliminados()
#4 C:\xampp\htdocs\gileos_del_pasifico2\system\CodeIgniter.php(419): CodeIgniter\CodeIgniter->runController(Object(App\Controllers\Categorias))
#5 C:\xampp\htdocs\gileos_del_pasifico2\system\CodeIgniter.php(326): CodeIgniter\CodeIgniter->handleRequest(NULL, Object(Config\Cache), false)
#6 C:\xampp\htdocs\gileos_del_pasifico2\public\index.php(37): CodeIgniter\CodeIgniter->run()
#7 {main}
CRITICAL - 2022-04-15 01:09:10 --> Invalid file: 1footer.php
#0 C:\xampp\htdocs\gileos_del_pasifico2\system\View\View.php(198): CodeIgniter\Exceptions\FrameworkException::forInvalidFile('1footer.php')
#1 C:\xampp\htdocs\gileos_del_pasifico2\system\Common.php(1089): CodeIgniter\View\View->render('1footer', Array, true)
#2 C:\xampp\htdocs\gileos_del_pasifico2\app\Controllers\Categorias.php(32): view('1footer')
#3 C:\xampp\htdocs\gileos_del_pasifico2\system\CodeIgniter.php(832): App\Controllers\Categorias->eliminados()
#4 C:\xampp\htdocs\gileos_del_pasifico2\system\CodeIgniter.php(419): CodeIgniter\CodeIgniter->runController(Object(App\Controllers\Categorias))
#5 C:\xampp\htdocs\gileos_del_pasifico2\system\CodeIgniter.php(326): CodeIgniter\CodeIgniter->handleRequest(NULL, Object(Config\Cache), false)
#6 C:\xampp\htdocs\gileos_del_pasifico2\public\index.php(37): CodeIgniter\CodeIgniter->run()
#7 {main}
CRITICAL - 2022-04-15 01:09:21 --> Invalid file: 1footer.php
#0 C:\xampp\htdocs\gileos_del_pasifico2\system\View\View.php(198): CodeIgniter\Exceptions\FrameworkException::forInvalidFile('1footer.php')
#1 C:\xampp\htdocs\gileos_del_pasifico2\system\Common.php(1089): CodeIgniter\View\View->render('1footer', Array, true)
#2 C:\xampp\htdocs\gileos_del_pasifico2\app\Controllers\Categorias.php(32): view('1footer')
#3 C:\xampp\htdocs\gileos_del_pasifico2\system\CodeIgniter.php(832): App\Controllers\Categorias->eliminados()
#4 C:\xampp\htdocs\gileos_del_pasifico2\system\CodeIgniter.php(419): CodeIgniter\CodeIgniter->runController(Object(App\Controllers\Categorias))
#5 C:\xampp\htdocs\gileos_del_pasifico2\system\CodeIgniter.php(326): CodeIgniter\CodeIgniter->handleRequest(NULL, Object(Config\Cache), false)
#6 C:\xampp\htdocs\gileos_del_pasifico2\public\index.php(37): CodeIgniter\CodeIgniter->run()
#7 {main}
CRITICAL - 2022-04-15 10:10:22 --> Invalid file: 1footer.php
#0 C:\xampp\htdocs\gileos_del_pasifico2\system\View\View.php(198): CodeIgniter\Exceptions\FrameworkException::forInvalidFile('1footer.php')
#1 C:\xampp\htdocs\gileos_del_pasifico2\system\Common.php(1089): CodeIgniter\View\View->render('1footer', Array, true)
#2 C:\xampp\htdocs\gileos_del_pasifico2\app\Controllers\Categorias.php(32): view('1footer')
#3 C:\xampp\htdocs\gileos_del_pasifico2\system\CodeIgniter.php(832): App\Controllers\Categorias->eliminados()
#4 C:\xampp\htdocs\gileos_del_pasifico2\system\CodeIgniter.php(419): CodeIgniter\CodeIgniter->runController(Object(App\Controllers\Categorias))
#5 C:\xampp\htdocs\gileos_del_pasifico2\system\CodeIgniter.php(326): CodeIgniter\CodeIgniter->handleRequest(NULL, Object(Config\Cache), false)
#6 C:\xampp\htdocs\gileos_del_pasifico2\public\index.php(37): CodeIgniter\CodeIgniter->run()
#7 {main}
CRITICAL - 2022-04-15 10:10:23 --> Invalid file: 1footer.php
#0 C:\xampp\htdocs\gileos_del_pasifico2\system\View\View.php(198): CodeIgniter\Exceptions\FrameworkException::forInvalidFile('1footer.php')
#1 C:\xampp\htdocs\gileos_del_pasifico2\system\Common.php(1089): CodeIgniter\View\View->render('1footer', Array, true)
#2 C:\xampp\htdocs\gileos_del_pasifico2\app\Controllers\Categorias.php(32): view('1footer')
#3 C:\xampp\htdocs\gileos_del_pasifico2\system\CodeIgniter.php(832): App\Controllers\Categorias->eliminados()
#4 C:\xampp\htdocs\gileos_del_pasifico2\system\CodeIgniter.php(419): CodeIgniter\CodeIgniter->runController(Object(App\Controllers\Categorias))
#5 C:\xampp\htdocs\gileos_del_pasifico2\system\CodeIgniter.php(326): CodeIgniter\CodeIgniter->handleRequest(NULL, Object(Config\Cache), false)
#6 C:\xampp\htdocs\gileos_del_pasifico2\public\index.php(37): CodeIgniter\CodeIgniter->run()
#7 {main}
CRITICAL - 2022-04-15 10:10:24 --> Invalid file: 1footer.php
#0 C:\xampp\htdocs\gileos_del_pasifico2\system\View\View.php(198): CodeIgniter\Exceptions\FrameworkException::forInvalidFile('1footer.php')
#1 C:\xampp\htdocs\gileos_del_pasifico2\system\Common.php(1089): CodeIgniter\View\View->render('1footer', Array, true)
#2 C:\xampp\htdocs\gileos_del_pasifico2\app\Controllers\Categorias.php(32): view('1footer')
#3 C:\xampp\htdocs\gileos_del_pasifico2\system\CodeIgniter.php(832): App\Controllers\Categorias->eliminados()
#4 C:\xampp\htdocs\gileos_del_pasifico2\system\CodeIgniter.php(419): CodeIgniter\CodeIgniter->runController(Object(App\Controllers\Categorias))
#5 C:\xampp\htdocs\gileos_del_pasifico2\system\CodeIgniter.php(326): CodeIgniter\CodeIgniter->handleRequest(NULL, Object(Config\Cache), false)
#6 C:\xampp\htdocs\gileos_del_pasifico2\public\index.php(37): CodeIgniter\CodeIgniter->run()
#7 {main}
CRITICAL - 2022-04-15 10:11:41 --> Invalid file: 1footer.php
#0 C:\xampp\htdocs\gileos_del_pasifico2\system\View\View.php(198): CodeIgniter\Exceptions\FrameworkException::forInvalidFile('1footer.php')
#1 C:\xampp\htdocs\gileos_del_pasifico2\system\Common.php(1089): CodeIgniter\View\View->render('1footer', Array, true)
#2 C:\xampp\htdocs\gileos_del_pasifico2\app\Controllers\Categorias.php(32): view('1footer')
#3 C:\xampp\htdocs\gileos_del_pasifico2\system\CodeIgniter.php(832): App\Controllers\Categorias->eliminados()
#4 C:\xampp\htdocs\gileos_del_pasifico2\system\CodeIgniter.php(419): CodeIgniter\CodeIgniter->runController(Object(App\Controllers\Categorias))
#5 C:\xampp\htdocs\gileos_del_pasifico2\system\CodeIgniter.php(326): CodeIgniter\CodeIgniter->handleRequest(NULL, Object(Config\Cache), false)
#6 C:\xampp\htdocs\gileos_del_pasifico2\public\index.php(37): CodeIgniter\CodeIgniter->run()
#7 {main}
CRITICAL - 2022-04-15 10:11:44 --> Invalid file: 1footer.php
#0 C:\xampp\htdocs\gileos_del_pasifico2\system\View\View.php(198): CodeIgniter\Exceptions\FrameworkException::forInvalidFile('1footer.php')
#1 C:\xampp\htdocs\gileos_del_pasifico2\system\Common.php(1089): CodeIgniter\View\View->render('1footer', Array, true)
#2 C:\xampp\htdocs\gileos_del_pasifico2\app\Controllers\Categorias.php(32): view('1footer')
#3 C:\xampp\htdocs\gileos_del_pasifico2\system\CodeIgniter.php(832): App\Controllers\Categorias->eliminados()
#4 C:\xampp\htdocs\gileos_del_pasifico2\system\CodeIgniter.php(419): CodeIgniter\CodeIgniter->runController(Object(App\Controllers\Categorias))
#5 C:\xampp\htdocs\gileos_del_pasifico2\system\CodeIgniter.php(326): CodeIgniter\CodeIgniter->handleRequest(NULL, Object(Config\Cache), false)
#6 C:\xampp\htdocs\gileos_del_pasifico2\public\index.php(37): CodeIgniter\CodeIgniter->run()
#7 {main}
CRITICAL - 2022-04-15 10:52:46 --> Invalid file: 1footer.php
#0 C:\xampp\htdocs\gileos_del_pasifico2\system\View\View.php(198): CodeIgniter\Exceptions\FrameworkException::forInvalidFile('1footer.php')
#1 C:\xampp\htdocs\gileos_del_pasifico2\system\Common.php(1089): CodeIgniter\View\View->render('1footer', Array, true)
#2 C:\xampp\htdocs\gileos_del_pasifico2\app\Controllers\Categorias.php(32): view('1footer')
#3 C:\xampp\htdocs\gileos_del_pasifico2\system\CodeIgniter.php(832): App\Controllers\Categorias->eliminados()
#4 C:\xampp\htdocs\gileos_del_pasifico2\system\CodeIgniter.php(419): CodeIgniter\CodeIgniter->runController(Object(App\Controllers\Categorias))
#5 C:\xampp\htdocs\gileos_del_pasifico2\system\CodeIgniter.php(326): CodeIgniter\CodeIgniter->handleRequest(NULL, Object(Config\Cache), false)
#6 C:\xampp\htdocs\gileos_del_pasifico2\public\index.php(37): CodeIgniter\CodeIgniter->run()
#7 {main}
CRITICAL - 2022-04-15 10:53:02 --> Invalid file: 1footer.php
#0 C:\xampp\htdocs\gileos_del_pasifico2\system\View\View.php(198): CodeIgniter\Exceptions\FrameworkException::forInvalidFile('1footer.php')
#1 C:\xampp\htdocs\gileos_del_pasifico2\system\Common.php(1089): CodeIgniter\View\View->render('1footer', Array, true)
#2 C:\xampp\htdocs\gileos_del_pasifico2\app\Controllers\Categorias.php(32): view('1footer')
#3 C:\xampp\htdocs\gileos_del_pasifico2\system\CodeIgniter.php(832): App\Controllers\Categorias->eliminados()
#4 C:\xampp\htdocs\gileos_del_pasifico2\system\CodeIgniter.php(419): CodeIgniter\CodeIgniter->runController(Object(App\Controllers\Categorias))
#5 C:\xampp\htdocs\gileos_del_pasifico2\system\CodeIgniter.php(326): CodeIgniter\CodeIgniter->handleRequest(NULL, Object(Config\Cache), false)
#6 C:\xampp\htdocs\gileos_del_pasifico2\public\index.php(37): CodeIgniter\CodeIgniter->run()
#7 {main}
CRITICAL - 2022-04-15 11:15:52 --> Invalid file: 1footer.php
#0 C:\xampp\htdocs\gileos_del_pasifico2\system\View\View.php(198): CodeIgniter\Exceptions\FrameworkException::forInvalidFile('1footer.php')
#1 C:\xampp\htdocs\gileos_del_pasifico2\system\Common.php(1089): CodeIgniter\View\View->render('1footer', Array, true)
#2 C:\xampp\htdocs\gileos_del_pasifico2\app\Controllers\Categorias.php(32): view('1footer')
#3 C:\xampp\htdocs\gileos_del_pasifico2\system\CodeIgniter.php(832): App\Controllers\Categorias->eliminados()
#4 C:\xampp\htdocs\gileos_del_pasifico2\system\CodeIgniter.php(419): CodeIgniter\CodeIgniter->runController(Object(App\Controllers\Categorias))
#5 C:\xampp\htdocs\gileos_del_pasifico2\system\CodeIgniter.php(326): CodeIgniter\CodeIgniter->handleRequest(NULL, Object(Config\Cache), false)
#6 C:\xampp\htdocs\gileos_del_pasifico2\public\index.php(37): CodeIgniter\CodeIgniter->run()
#7 {main}
CRITICAL - 2022-04-15 11:16:10 --> Invalid file: 1footer.php
#0 C:\xampp\htdocs\gileos_del_pasifico2\system\View\View.php(198): CodeIgniter\Exceptions\FrameworkException::forInvalidFile('1footer.php')
#1 C:\xampp\htdocs\gileos_del_pasifico2\system\Common.php(1089): CodeIgniter\View\View->render('1footer', Array, true)
#2 C:\xampp\htdocs\gileos_del_pasifico2\app\Controllers\Categorias.php(32): view('1footer')
#3 C:\xampp\htdocs\gileos_del_pasifico2\system\CodeIgniter.php(832): App\Controllers\Categorias->eliminados()
#4 C:\xampp\htdocs\gileos_del_pasifico2\system\CodeIgniter.php(419): CodeIgniter\CodeIgniter->runController(Object(App\Controllers\Categorias))
#5 C:\xampp\htdocs\gileos_del_pasifico2\system\CodeIgniter.php(326): CodeIgniter\CodeIgniter->handleRequest(NULL, Object(Config\Cache), false)
#6 C:\xampp\htdocs\gileos_del_pasifico2\public\index.php(37): CodeIgniter\CodeIgniter->run()
#7 {main}
