CRITICAL - 2023-06-05 00:01:25 --> Object of class CodeIgniter\Database\MySQLi\Result could not be converted to int
#0 C:\xampp\htdocs\cubicacion\app\Controllers\Usuarios.php(344): CodeIgniter\Debug\Exceptions->errorHandler(8, 'Object of class...', 'C:\\xampp\\htdocs...', 344)
#1 C:\xampp\htdocs\cubicacion\system\CodeIgniter.php(832): App\Controllers\Usuarios->recuperar()
#2 C:\xampp\htdocs\cubicacion\system\CodeIgniter.php(419): CodeIgniter\CodeIgniter->runController(Object(App\Controllers\Usuarios))
#3 C:\xampp\htdocs\cubicacion\system\CodeIgniter.php(326): CodeIgniter\CodeIgniter->handleRequest(NULL, Object(Config\Cache), false)
#4 C:\xampp\htdocs\cubicacion\public\index.php(37): CodeIgniter\CodeIgniter->run()
#5 {main}
CRITICAL - 2023-06-05 00:01:56 --> mysqli_fetch_array() expects at least 1 argument, 0 given
#0 C:\xampp\htdocs\cubicacion\app\Controllers\Usuarios.php(346): mysqli_fetch_array()
#1 C:\xampp\htdocs\cubicacion\system\CodeIgniter.php(832): App\Controllers\Usuarios->recuperar()
#2 C:\xampp\htdocs\cubicacion\system\CodeIgniter.php(419): CodeIgniter\CodeIgniter->runController(Object(App\Controllers\Usuarios))
#3 C:\xampp\htdocs\cubicacion\system\CodeIgniter.php(326): CodeIgniter\CodeIgniter->handleRequest(NULL, Object(Config\Cache), false)
#4 C:\xampp\htdocs\cubicacion\public\index.php(37): CodeIgniter\CodeIgniter->run()
#5 {main}
CRITICAL - 2023-06-05 00:03:13 --> Undefined array key "password"
#0 C:\xampp\htdocs\cubicacion\app\Controllers\Usuarios.php(347): CodeIgniter\Debug\Exceptions->errorHandler(2, 'Undefined array...', 'C:\\xampp\\htdocs...', 347)
#1 C:\xampp\htdocs\cubicacion\system\CodeIgniter.php(832): App\Controllers\Usuarios->recuperar()
#2 C:\xampp\htdocs\cubicacion\system\CodeIgniter.php(419): CodeIgniter\CodeIgniter->runController(Object(App\Controllers\Usuarios))
#3 C:\xampp\htdocs\cubicacion\system\CodeIgniter.php(326): CodeIgniter\CodeIgniter->handleRequest(NULL, Object(Config\Cache), false)
#4 C:\xampp\htdocs\cubicacion\public\index.php(37): CodeIgniter\CodeIgniter->run()
#5 {main}
CRITICAL - 2023-06-05 00:05:43 --> Undefined array key "password"
#0 C:\xampp\htdocs\cubicacion\app\Controllers\Usuarios.php(347): CodeIgniter\Debug\Exceptions->errorHandler(2, 'Undefined array...', 'C:\\xampp\\htdocs...', 347)
#1 C:\xampp\htdocs\cubicacion\system\CodeIgniter.php(832): App\Controllers\Usuarios->recuperar()
#2 C:\xampp\htdocs\cubicacion\system\CodeIgniter.php(419): CodeIgniter\CodeIgniter->runController(Object(App\Controllers\Usuarios))
#3 C:\xampp\htdocs\cubicacion\system\CodeIgniter.php(326): CodeIgniter\CodeIgniter->handleRequest(NULL, Object(Config\Cache), false)
#4 C:\xampp\htdocs\cubicacion\public\index.php(37): CodeIgniter\CodeIgniter->run()
#5 {main}
CRITICAL - 2023-06-05 00:05:56 --> Undefined variable $enviarpassword
#0 C:\xampp\htdocs\cubicacion\app\Controllers\Usuarios.php(351): CodeIgniter\Debug\Exceptions->errorHandler(2, 'Undefined varia...', 'C:\\xampp\\htdocs...', 351)
#1 C:\xampp\htdocs\cubicacion\system\CodeIgniter.php(832): App\Controllers\Usuarios->recuperar()
#2 C:\xampp\htdocs\cubicacion\system\CodeIgniter.php(419): CodeIgniter\CodeIgniter->runController(Object(App\Controllers\Usuarios))
#3 C:\xampp\htdocs\cubicacion\system\CodeIgniter.php(326): CodeIgniter\CodeIgniter->handleRequest(NULL, Object(Config\Cache), false)
#4 C:\xampp\htdocs\cubicacion\public\index.php(37): CodeIgniter\CodeIgniter->run()
#5 {main}
CRITICAL - 2023-06-05 00:07:07 --> Undefined array key "array"
#0 C:\xampp\htdocs\cubicacion\app\Controllers\Usuarios.php(347): CodeIgniter\Debug\Exceptions->errorHandler(2, 'Undefined array...', 'C:\\xampp\\htdocs...', 347)
#1 C:\xampp\htdocs\cubicacion\system\CodeIgniter.php(832): App\Controllers\Usuarios->recuperar()
#2 C:\xampp\htdocs\cubicacion\system\CodeIgniter.php(419): CodeIgniter\CodeIgniter->runController(Object(App\Controllers\Usuarios))
#3 C:\xampp\htdocs\cubicacion\system\CodeIgniter.php(326): CodeIgniter\CodeIgniter->handleRequest(NULL, Object(Config\Cache), false)
#4 C:\xampp\htdocs\cubicacion\public\index.php(37): CodeIgniter\CodeIgniter->run()
#5 {main}
CRITICAL - 2023-06-05 00:07:46 --> Object of class CodeIgniter\Database\MySQLi\Result could not be converted to int
#0 C:\xampp\htdocs\cubicacion\app\Controllers\Usuarios.php(344): CodeIgniter\Debug\Exceptions->errorHandler(8, 'Object of class...', 'C:\\xampp\\htdocs...', 344)
#1 C:\xampp\htdocs\cubicacion\system\CodeIgniter.php(832): App\Controllers\Usuarios->recuperar()
#2 C:\xampp\htdocs\cubicacion\system\CodeIgniter.php(419): CodeIgniter\CodeIgniter->runController(Object(App\Controllers\Usuarios))
#3 C:\xampp\htdocs\cubicacion\system\CodeIgniter.php(326): CodeIgniter\CodeIgniter->handleRequest(NULL, Object(Config\Cache), false)
#4 C:\xampp\htdocs\cubicacion\public\index.php(37): CodeIgniter\CodeIgniter->run()
#5 {main}
CRITICAL - 2023-06-05 08:52:03 --> Object of class CodeIgniter\Database\MySQLi\Result could not be converted to int
#0 C:\xampp\htdocs\cubicacion\app\Controllers\Usuarios.php(347): CodeIgniter\Debug\Exceptions->errorHandler(8, 'Object of class...', 'C:\\xampp\\htdocs...', 347)
#1 C:\xampp\htdocs\cubicacion\system\CodeIgniter.php(832): App\Controllers\Usuarios->recuperar()
#2 C:\xampp\htdocs\cubicacion\system\CodeIgniter.php(419): CodeIgniter\CodeIgniter->runController(Object(App\Controllers\Usuarios))
#3 C:\xampp\htdocs\cubicacion\system\CodeIgniter.php(326): CodeIgniter\CodeIgniter->handleRequest(NULL, Object(Config\Cache), false)
#4 C:\xampp\htdocs\cubicacion\public\index.php(37): CodeIgniter\CodeIgniter->run()
#5 {main}
CRITICAL - 2023-06-05 08:54:36 --> Trying to access array offset on value of type null
#0 C:\xampp\htdocs\cubicacion\app\Views\usuarios\cambia_password.php(18): CodeIgniter\Debug\Exceptions->errorHandler(2, 'Trying to acces...', 'C:\\xampp\\htdocs...', 18)
#1 C:\xampp\htdocs\cubicacion\system\View\View.php(210): include('C:\\xampp\\htdocs...')
#2 C:\xampp\htdocs\cubicacion\system\View\View.php(213): CodeIgniter\View\View->CodeIgniter\View\{closure}()
#3 C:\xampp\htdocs\cubicacion\system\Common.php(1089): CodeIgniter\View\View->render('usuarios/cambia...', Array, true)
#4 C:\xampp\htdocs\cubicacion\app\Controllers\Usuarios.php(354): view('usuarios/cambia...', Array)
#5 C:\xampp\htdocs\cubicacion\system\CodeIgniter.php(832): App\Controllers\Usuarios->recuperar()
#6 C:\xampp\htdocs\cubicacion\system\CodeIgniter.php(419): CodeIgniter\CodeIgniter->runController(Object(App\Controllers\Usuarios))
#7 C:\xampp\htdocs\cubicacion\system\CodeIgniter.php(326): CodeIgniter\CodeIgniter->handleRequest(NULL, Object(Config\Cache), false)
#8 C:\xampp\htdocs\cubicacion\public\index.php(37): CodeIgniter\CodeIgniter->run()
#9 {main}
CRITICAL - 2023-06-05 08:57:16 --> Trying to access array offset on value of type null
#0 C:\xampp\htdocs\cubicacion\app\Views\usuarios\cambia_password.php(18): CodeIgniter\Debug\Exceptions->errorHandler(2, 'Trying to acces...', 'C:\\xampp\\htdocs...', 18)
#1 C:\xampp\htdocs\cubicacion\system\View\View.php(210): include('C:\\xampp\\htdocs...')
#2 C:\xampp\htdocs\cubicacion\system\View\View.php(213): CodeIgniter\View\View->CodeIgniter\View\{closure}()
#3 C:\xampp\htdocs\cubicacion\system\Common.php(1089): CodeIgniter\View\View->render('usuarios/cambia...', Array, true)
#4 C:\xampp\htdocs\cubicacion\app\Controllers\Usuarios.php(354): view('usuarios/cambia...', Array)
#5 C:\xampp\htdocs\cubicacion\system\CodeIgniter.php(832): App\Controllers\Usuarios->recuperar()
#6 C:\xampp\htdocs\cubicacion\system\CodeIgniter.php(419): CodeIgniter\CodeIgniter->runController(Object(App\Controllers\Usuarios))
#7 C:\xampp\htdocs\cubicacion\system\CodeIgniter.php(326): CodeIgniter\CodeIgniter->handleRequest(NULL, Object(Config\Cache), false)
#8 C:\xampp\htdocs\cubicacion\public\index.php(37): CodeIgniter\CodeIgniter->run()
#9 {main}
CRITICAL - 2023-06-05 08:57:29 --> Trying to access array offset on value of type null
#0 C:\xampp\htdocs\cubicacion\app\Views\usuarios\cambia_password.php(18): CodeIgniter\Debug\Exceptions->errorHandler(2, 'Trying to acces...', 'C:\\xampp\\htdocs...', 18)
#1 C:\xampp\htdocs\cubicacion\system\View\View.php(210): include('C:\\xampp\\htdocs...')
#2 C:\xampp\htdocs\cubicacion\system\View\View.php(213): CodeIgniter\View\View->CodeIgniter\View\{closure}()
#3 C:\xampp\htdocs\cubicacion\system\Common.php(1089): CodeIgniter\View\View->render('usuarios/cambia...', Array, true)
#4 C:\xampp\htdocs\cubicacion\app\Controllers\Usuarios.php(354): view('usuarios/cambia...', Array)
#5 C:\xampp\htdocs\cubicacion\system\CodeIgniter.php(832): App\Controllers\Usuarios->recuperar()
#6 C:\xampp\htdocs\cubicacion\system\CodeIgniter.php(419): CodeIgniter\CodeIgniter->runController(Object(App\Controllers\Usuarios))
#7 C:\xampp\htdocs\cubicacion\system\CodeIgniter.php(326): CodeIgniter\CodeIgniter->handleRequest(NULL, Object(Config\Cache), false)
#8 C:\xampp\htdocs\cubicacion\public\index.php(37): CodeIgniter\CodeIgniter->run()
#9 {main}
CRITICAL - 2023-06-05 08:58:39 --> Trying to access array offset on value of type null
#0 C:\xampp\htdocs\cubicacion\app\Views\usuarios\cambia_password.php(18): CodeIgniter\Debug\Exceptions->errorHandler(2, 'Trying to acces...', 'C:\\xampp\\htdocs...', 18)
#1 C:\xampp\htdocs\cubicacion\system\View\View.php(210): include('C:\\xampp\\htdocs...')
#2 C:\xampp\htdocs\cubicacion\system\View\View.php(213): CodeIgniter\View\View->CodeIgniter\View\{closure}()
#3 C:\xampp\htdocs\cubicacion\system\Common.php(1089): CodeIgniter\View\View->render('usuarios/cambia...', Array, true)
#4 C:\xampp\htdocs\cubicacion\app\Controllers\Usuarios.php(354): view('usuarios/cambia...', Array)
#5 C:\xampp\htdocs\cubicacion\system\CodeIgniter.php(832): App\Controllers\Usuarios->recuperar()
#6 C:\xampp\htdocs\cubicacion\system\CodeIgniter.php(419): CodeIgniter\CodeIgniter->runController(Object(App\Controllers\Usuarios))
#7 C:\xampp\htdocs\cubicacion\system\CodeIgniter.php(326): CodeIgniter\CodeIgniter->handleRequest(NULL, Object(Config\Cache), false)
#8 C:\xampp\htdocs\cubicacion\public\index.php(37): CodeIgniter\CodeIgniter->run()
#9 {main}
CRITICAL - 2023-06-05 08:58:54 --> Trying to access array offset on value of type null
#0 C:\xampp\htdocs\cubicacion\app\Views\usuarios\cambia_password.php(18): CodeIgniter\Debug\Exceptions->errorHandler(2, 'Trying to acces...', 'C:\\xampp\\htdocs...', 18)
#1 C:\xampp\htdocs\cubicacion\system\View\View.php(210): include('C:\\xampp\\htdocs...')
#2 C:\xampp\htdocs\cubicacion\system\View\View.php(213): CodeIgniter\View\View->CodeIgniter\View\{closure}()
#3 C:\xampp\htdocs\cubicacion\system\Common.php(1089): CodeIgniter\View\View->render('usuarios/cambia...', Array, true)
#4 C:\xampp\htdocs\cubicacion\app\Controllers\Usuarios.php(354): view('usuarios/cambia...', Array)
#5 C:\xampp\htdocs\cubicacion\system\CodeIgniter.php(832): App\Controllers\Usuarios->recuperar()
#6 C:\xampp\htdocs\cubicacion\system\CodeIgniter.php(419): CodeIgniter\CodeIgniter->runController(Object(App\Controllers\Usuarios))
#7 C:\xampp\htdocs\cubicacion\system\CodeIgniter.php(326): CodeIgniter\CodeIgniter->handleRequest(NULL, Object(Config\Cache), false)
#8 C:\xampp\htdocs\cubicacion\public\index.php(37): CodeIgniter\CodeIgniter->run()
#9 {main}
CRITICAL - 2023-06-05 09:01:16 --> Trying to access array offset on value of type null
#0 C:\xampp\htdocs\cubicacion\app\Views\usuarios\cambia_password.php(18): CodeIgniter\Debug\Exceptions->errorHandler(2, 'Trying to acces...', 'C:\\xampp\\htdocs...', 18)
#1 C:\xampp\htdocs\cubicacion\system\View\View.php(210): include('C:\\xampp\\htdocs...')
#2 C:\xampp\htdocs\cubicacion\system\View\View.php(213): CodeIgniter\View\View->CodeIgniter\View\{closure}()
#3 C:\xampp\htdocs\cubicacion\system\Common.php(1089): CodeIgniter\View\View->render('usuarios/cambia...', Array, true)
#4 C:\xampp\htdocs\cubicacion\app\Controllers\Usuarios.php(354): view('usuarios/cambia...', Array)
#5 C:\xampp\htdocs\cubicacion\system\CodeIgniter.php(832): App\Controllers\Usuarios->recuperar()
#6 C:\xampp\htdocs\cubicacion\system\CodeIgniter.php(419): CodeIgniter\CodeIgniter->runController(Object(App\Controllers\Usuarios))
#7 C:\xampp\htdocs\cubicacion\system\CodeIgniter.php(326): CodeIgniter\CodeIgniter->handleRequest(NULL, Object(Config\Cache), false)
#8 C:\xampp\htdocs\cubicacion\public\index.php(37): CodeIgniter\CodeIgniter->run()
#9 {main}
CRITICAL - 2023-06-05 09:01:46 --> Trying to access array offset on value of type null
#0 C:\xampp\htdocs\cubicacion\app\Views\usuarios\cambia_password.php(18): CodeIgniter\Debug\Exceptions->errorHandler(2, 'Trying to acces...', 'C:\\xampp\\htdocs...', 18)
#1 C:\xampp\htdocs\cubicacion\system\View\View.php(210): include('C:\\xampp\\htdocs...')
#2 C:\xampp\htdocs\cubicacion\system\View\View.php(213): CodeIgniter\View\View->CodeIgniter\View\{closure}()
#3 C:\xampp\htdocs\cubicacion\system\Common.php(1089): CodeIgniter\View\View->render('usuarios/cambia...', Array, true)
#4 C:\xampp\htdocs\cubicacion\app\Controllers\Usuarios.php(354): view('usuarios/cambia...', Array)
#5 C:\xampp\htdocs\cubicacion\system\CodeIgniter.php(832): App\Controllers\Usuarios->recuperar()
#6 C:\xampp\htdocs\cubicacion\system\CodeIgniter.php(419): CodeIgniter\CodeIgniter->runController(Object(App\Controllers\Usuarios))
#7 C:\xampp\htdocs\cubicacion\system\CodeIgniter.php(326): CodeIgniter\CodeIgniter->handleRequest(NULL, Object(Config\Cache), false)
#8 C:\xampp\htdocs\cubicacion\public\index.php(37): CodeIgniter\CodeIgniter->run()
#9 {main}
CRITICAL - 2023-06-05 09:02:00 --> Trying to access array offset on value of type null
#0 C:\xampp\htdocs\cubicacion\app\Views\usuarios\cambia_password.php(18): CodeIgniter\Debug\Exceptions->errorHandler(2, 'Trying to acces...', 'C:\\xampp\\htdocs...', 18)
#1 C:\xampp\htdocs\cubicacion\system\View\View.php(210): include('C:\\xampp\\htdocs...')
#2 C:\xampp\htdocs\cubicacion\system\View\View.php(213): CodeIgniter\View\View->CodeIgniter\View\{closure}()
#3 C:\xampp\htdocs\cubicacion\system\Common.php(1089): CodeIgniter\View\View->render('usuarios/cambia...', Array, true)
#4 C:\xampp\htdocs\cubicacion\app\Controllers\Usuarios.php(354): view('usuarios/cambia...', Array)
#5 C:\xampp\htdocs\cubicacion\system\CodeIgniter.php(832): App\Controllers\Usuarios->recuperar()
#6 C:\xampp\htdocs\cubicacion\system\CodeIgniter.php(419): CodeIgniter\CodeIgniter->runController(Object(App\Controllers\Usuarios))
#7 C:\xampp\htdocs\cubicacion\system\CodeIgniter.php(326): CodeIgniter\CodeIgniter->handleRequest(NULL, Object(Config\Cache), false)
#8 C:\xampp\htdocs\cubicacion\public\index.php(37): CodeIgniter\CodeIgniter->run()
#9 {main}
CRITICAL - 2023-06-05 09:04:02 --> Trying to access array offset on value of type null
#0 C:\xampp\htdocs\cubicacion\app\Views\usuarios\cambia_password.php(18): CodeIgniter\Debug\Exceptions->errorHandler(2, 'Trying to acces...', 'C:\\xampp\\htdocs...', 18)
#1 C:\xampp\htdocs\cubicacion\system\View\View.php(210): include('C:\\xampp\\htdocs...')
#2 C:\xampp\htdocs\cubicacion\system\View\View.php(213): CodeIgniter\View\View->CodeIgniter\View\{closure}()
#3 C:\xampp\htdocs\cubicacion\system\Common.php(1089): CodeIgniter\View\View->render('usuarios/cambia...', Array, true)
#4 C:\xampp\htdocs\cubicacion\app\Controllers\Usuarios.php(337): view('usuarios/cambia...', Array)
#5 C:\xampp\htdocs\cubicacion\system\CodeIgniter.php(832): App\Controllers\Usuarios->recuperar()
#6 C:\xampp\htdocs\cubicacion\system\CodeIgniter.php(419): CodeIgniter\CodeIgniter->runController(Object(App\Controllers\Usuarios))
#7 C:\xampp\htdocs\cubicacion\system\CodeIgniter.php(326): CodeIgniter\CodeIgniter->handleRequest(NULL, Object(Config\Cache), false)
#8 C:\xampp\htdocs\cubicacion\public\index.php(37): CodeIgniter\CodeIgniter->run()
#9 {main}
CRITICAL - 2023-06-05 09:04:44 --> Trying to access array offset on value of type null
#0 C:\xampp\htdocs\cubicacion\app\Views\usuarios\cambia_password.php(18): CodeIgniter\Debug\Exceptions->errorHandler(2, 'Trying to acces...', 'C:\\xampp\\htdocs...', 18)
#1 C:\xampp\htdocs\cubicacion\system\View\View.php(210): include('C:\\xampp\\htdocs...')
#2 C:\xampp\htdocs\cubicacion\system\View\View.php(213): CodeIgniter\View\View->CodeIgniter\View\{closure}()
#3 C:\xampp\htdocs\cubicacion\system\Common.php(1089): CodeIgniter\View\View->render('usuarios/cambia...', Array, true)
#4 C:\xampp\htdocs\cubicacion\app\Controllers\Usuarios.php(337): view('usuarios/cambia...', Array)
#5 C:\xampp\htdocs\cubicacion\system\CodeIgniter.php(832): App\Controllers\Usuarios->recuperar()
#6 C:\xampp\htdocs\cubicacion\system\CodeIgniter.php(419): CodeIgniter\CodeIgniter->runController(Object(App\Controllers\Usuarios))
#7 C:\xampp\htdocs\cubicacion\system\CodeIgniter.php(326): CodeIgniter\CodeIgniter->handleRequest(NULL, Object(Config\Cache), false)
#8 C:\xampp\htdocs\cubicacion\public\index.php(37): CodeIgniter\CodeIgniter->run()
#9 {main}
CRITICAL - 2023-06-05 09:09:18 --> Trying to access array offset on value of type null
#0 C:\xampp\htdocs\cubicacion\app\Views\usuarios\actualizar_password.php(48): CodeIgniter\Debug\Exceptions->errorHandler(2, 'Trying to acces...', 'C:\\xampp\\htdocs...', 48)
#1 C:\xampp\htdocs\cubicacion\system\View\View.php(210): include('C:\\xampp\\htdocs...')
#2 C:\xampp\htdocs\cubicacion\system\View\View.php(213): CodeIgniter\View\View->CodeIgniter\View\{closure}()
#3 C:\xampp\htdocs\cubicacion\system\Common.php(1089): CodeIgniter\View\View->render('usuarios/actual...', Array, true)
#4 C:\xampp\htdocs\cubicacion\app\Controllers\Usuarios.php(337): view('usuarios/actual...', Array)
#5 C:\xampp\htdocs\cubicacion\system\CodeIgniter.php(832): App\Controllers\Usuarios->recuperar()
#6 C:\xampp\htdocs\cubicacion\system\CodeIgniter.php(419): CodeIgniter\CodeIgniter->runController(Object(App\Controllers\Usuarios))
#7 C:\xampp\htdocs\cubicacion\system\CodeIgniter.php(326): CodeIgniter\CodeIgniter->handleRequest(NULL, Object(Config\Cache), false)
#8 C:\xampp\htdocs\cubicacion\public\index.php(37): CodeIgniter\CodeIgniter->run()
#9 {main}
CRITICAL - 2023-06-05 09:11:26 --> Invalid file: usuarios/actualizar_password.php
#0 C:\xampp\htdocs\cubicacion\system\View\View.php(198): CodeIgniter\Exceptions\FrameworkException::forInvalidFile('usuarios/actual...')
#1 C:\xampp\htdocs\cubicacion\system\Common.php(1089): CodeIgniter\View\View->render('usuarios/actual...', Array, true)
#2 C:\xampp\htdocs\cubicacion\app\Controllers\Usuarios.php(337): view('usuarios/actual...', Array)
#3 C:\xampp\htdocs\cubicacion\system\CodeIgniter.php(832): App\Controllers\Usuarios->recuperar()
#4 C:\xampp\htdocs\cubicacion\system\CodeIgniter.php(419): CodeIgniter\CodeIgniter->runController(Object(App\Controllers\Usuarios))
#5 C:\xampp\htdocs\cubicacion\system\CodeIgniter.php(326): CodeIgniter\CodeIgniter->handleRequest(NULL, Object(Config\Cache), false)
#6 C:\xampp\htdocs\cubicacion\public\index.php(37): CodeIgniter\CodeIgniter->run()
#7 {main}
CRITICAL - 2023-06-05 09:11:33 --> Invalid file: usuarios/actualizar_password.php
#0 C:\xampp\htdocs\cubicacion\system\View\View.php(198): CodeIgniter\Exceptions\FrameworkException::forInvalidFile('usuarios/actual...')
#1 C:\xampp\htdocs\cubicacion\system\Common.php(1089): CodeIgniter\View\View->render('usuarios/actual...', Array, true)
#2 C:\xampp\htdocs\cubicacion\app\Controllers\Usuarios.php(337): view('usuarios/actual...', Array)
#3 C:\xampp\htdocs\cubicacion\system\CodeIgniter.php(832): App\Controllers\Usuarios->recuperar()
#4 C:\xampp\htdocs\cubicacion\system\CodeIgniter.php(419): CodeIgniter\CodeIgniter->runController(Object(App\Controllers\Usuarios))
#5 C:\xampp\htdocs\cubicacion\system\CodeIgniter.php(326): CodeIgniter\CodeIgniter->handleRequest(NULL, Object(Config\Cache), false)
#6 C:\xampp\htdocs\cubicacion\public\index.php(37): CodeIgniter\CodeIgniter->run()
#7 {main}
CRITICAL - 2023-06-05 09:11:46 --> Invalid file: usuarios/actualizar_password.php
#0 C:\xampp\htdocs\cubicacion\system\View\View.php(198): CodeIgniter\Exceptions\FrameworkException::forInvalidFile('usuarios/actual...')
#1 C:\xampp\htdocs\cubicacion\system\Common.php(1089): CodeIgniter\View\View->render('usuarios/actual...', Array, true)
#2 C:\xampp\htdocs\cubicacion\app\Controllers\Usuarios.php(337): view('usuarios/actual...', Array)
#3 C:\xampp\htdocs\cubicacion\system\CodeIgniter.php(832): App\Controllers\Usuarios->recuperar()
#4 C:\xampp\htdocs\cubicacion\system\CodeIgniter.php(419): CodeIgniter\CodeIgniter->runController(Object(App\Controllers\Usuarios))
#5 C:\xampp\htdocs\cubicacion\system\CodeIgniter.php(326): CodeIgniter\CodeIgniter->handleRequest(NULL, Object(Config\Cache), false)
#6 C:\xampp\htdocs\cubicacion\public\index.php(37): CodeIgniter\CodeIgniter->run()
#7 {main}
CRITICAL - 2023-06-05 09:13:02 --> Invalid file: usuarios/actualizar_password.php
#0 C:\xampp\htdocs\cubicacion\system\View\View.php(198): CodeIgniter\Exceptions\FrameworkException::forInvalidFile('usuarios/actual...')
#1 C:\xampp\htdocs\cubicacion\system\Common.php(1089): CodeIgniter\View\View->render('usuarios/actual...', Array, true)
#2 C:\xampp\htdocs\cubicacion\app\Controllers\Usuarios.php(337): view('usuarios/actual...', Array)
#3 C:\xampp\htdocs\cubicacion\system\CodeIgniter.php(832): App\Controllers\Usuarios->recuperar()
#4 C:\xampp\htdocs\cubicacion\system\CodeIgniter.php(419): CodeIgniter\CodeIgniter->runController(Object(App\Controllers\Usuarios))
#5 C:\xampp\htdocs\cubicacion\system\CodeIgniter.php(326): CodeIgniter\CodeIgniter->handleRequest(NULL, Object(Config\Cache), false)
#6 C:\xampp\htdocs\cubicacion\public\index.php(37): CodeIgniter\CodeIgniter->run()
#7 {main}
CRITICAL - 2023-06-05 10:23:14 --> Creation of dynamic property App\Controllers\Usuarios::$reglasRecupera is deprecated
#0 C:\xampp\htdocs\cubicacion\app\Controllers\Usuarios.php(94): CodeIgniter\Debug\Exceptions->errorHandler(8192, 'Creation of dyn...', 'C:\\xampp\\htdocs...', 94)
#1 C:\xampp\htdocs\cubicacion\system\CodeIgniter.php(809): App\Controllers\Usuarios->__construct()
#2 C:\xampp\htdocs\cubicacion\system\CodeIgniter.php(410): CodeIgniter\CodeIgniter->createController()
#3 C:\xampp\htdocs\cubicacion\system\CodeIgniter.php(326): CodeIgniter\CodeIgniter->handleRequest(NULL, Object(Config\Cache), false)
#4 C:\xampp\htdocs\cubicacion\public\index.php(37): CodeIgniter\CodeIgniter->run()
#5 {main}
CRITICAL - 2023-06-05 13:03:57 --> Call to undefined function App\Controllers\email_verify()
#0 C:\xampp\htdocs\cubicacion\system\CodeIgniter.php(832): App\Controllers\Usuarios->recovery()
#1 C:\xampp\htdocs\cubicacion\system\CodeIgniter.php(419): CodeIgniter\CodeIgniter->runController(Object(App\Controllers\Usuarios))
#2 C:\xampp\htdocs\cubicacion\system\CodeIgniter.php(326): CodeIgniter\CodeIgniter->handleRequest(NULL, Object(Config\Cache), false)
#3 C:\xampp\htdocs\cubicacion\public\index.php(37): CodeIgniter\CodeIgniter->run()
#4 {main}
CRITICAL - 2023-06-05 13:18:17 --> Invalid file: recuperar.php
#0 C:\xampp\htdocs\cubicacion\system\View\View.php(198): CodeIgniter\Exceptions\FrameworkException::forInvalidFile('recuperar.php')
#1 C:\xampp\htdocs\cubicacion\system\Common.php(1089): CodeIgniter\View\View->render('recuperar', Array, true)
#2 C:\xampp\htdocs\cubicacion\app\Controllers\Usuarios.php(230): view('recuperar', Array)
#3 C:\xampp\htdocs\cubicacion\system\CodeIgniter.php(832): App\Controllers\Usuarios->recovery()
#4 C:\xampp\htdocs\cubicacion\system\CodeIgniter.php(419): CodeIgniter\CodeIgniter->runController(Object(App\Controllers\Usuarios))
#5 C:\xampp\htdocs\cubicacion\system\CodeIgniter.php(326): CodeIgniter\CodeIgniter->handleRequest(NULL, Object(Config\Cache), false)
#6 C:\xampp\htdocs\cubicacion\public\index.php(37): CodeIgniter\CodeIgniter->run()
#7 {main}
CRITICAL - 2023-06-05 13:22:17 --> Undefined variable $usuario
#0 C:\xampp\htdocs\cubicacion\app\Controllers\Usuarios.php(230): CodeIgniter\Debug\Exceptions->errorHandler(2, 'Undefined varia...', 'C:\\xampp\\htdocs...', 230)
#1 C:\xampp\htdocs\cubicacion\system\CodeIgniter.php(832): App\Controllers\Usuarios->recovery()
#2 C:\xampp\htdocs\cubicacion\system\CodeIgniter.php(419): CodeIgniter\CodeIgniter->runController(Object(App\Controllers\Usuarios))
#3 C:\xampp\htdocs\cubicacion\system\CodeIgniter.php(326): CodeIgniter\CodeIgniter->handleRequest(NULL, Object(Config\Cache), false)
#4 C:\xampp\htdocs\cubicacion\public\index.php(37): CodeIgniter\CodeIgniter->run()
#5 {main}
CRITICAL - 2023-06-05 13:23:03 --> Undefined variable $usuario
#0 C:\xampp\htdocs\cubicacion\app\Controllers\Usuarios.php(230): CodeIgniter\Debug\Exceptions->errorHandler(2, 'Undefined varia...', 'C:\\xampp\\htdocs...', 230)
#1 C:\xampp\htdocs\cubicacion\system\CodeIgniter.php(832): App\Controllers\Usuarios->recovery()
#2 C:\xampp\htdocs\cubicacion\system\CodeIgniter.php(419): CodeIgniter\CodeIgniter->runController(Object(App\Controllers\Usuarios))
#3 C:\xampp\htdocs\cubicacion\system\CodeIgniter.php(326): CodeIgniter\CodeIgniter->handleRequest(NULL, Object(Config\Cache), false)
#4 C:\xampp\htdocs\cubicacion\public\index.php(37): CodeIgniter\CodeIgniter->run()
#5 {main}
CRITICAL - 2023-06-05 13:23:19 --> Undefined variable $usuario
#0 C:\xampp\htdocs\cubicacion\app\Controllers\Usuarios.php(230): CodeIgniter\Debug\Exceptions->errorHandler(2, 'Undefined varia...', 'C:\\xampp\\htdocs...', 230)
#1 C:\xampp\htdocs\cubicacion\system\CodeIgniter.php(832): App\Controllers\Usuarios->recovery()
#2 C:\xampp\htdocs\cubicacion\system\CodeIgniter.php(419): CodeIgniter\CodeIgniter->runController(Object(App\Controllers\Usuarios))
#3 C:\xampp\htdocs\cubicacion\system\CodeIgniter.php(326): CodeIgniter\CodeIgniter->handleRequest(NULL, Object(Config\Cache), false)
#4 C:\xampp\htdocs\cubicacion\public\index.php(37): CodeIgniter\CodeIgniter->run()
#5 {main}
CRITICAL - 2023-06-05 13:23:23 --> Undefined variable $usuario
#0 C:\xampp\htdocs\cubicacion\app\Controllers\Usuarios.php(230): CodeIgniter\Debug\Exceptions->errorHandler(2, 'Undefined varia...', 'C:\\xampp\\htdocs...', 230)
#1 C:\xampp\htdocs\cubicacion\system\CodeIgniter.php(832): App\Controllers\Usuarios->recovery()
#2 C:\xampp\htdocs\cubicacion\system\CodeIgniter.php(419): CodeIgniter\CodeIgniter->runController(Object(App\Controllers\Usuarios))
#3 C:\xampp\htdocs\cubicacion\system\CodeIgniter.php(326): CodeIgniter\CodeIgniter->handleRequest(NULL, Object(Config\Cache), false)
#4 C:\xampp\htdocs\cubicacion\public\index.php(37): CodeIgniter\CodeIgniter->run()
#5 {main}
CRITICAL - 2023-06-05 13:24:30 --> mail(): Passing null to parameter #1 ($to) of type string is deprecated
#0 [internal function]: CodeIgniter\Debug\Exceptions->errorHandler(8192, 'mail(): Passing...', 'C:\\xampp\\htdocs...', 235)
#1 C:\xampp\htdocs\cubicacion\app\Controllers\Usuarios.php(235): mail(NULL, 'Recuperar contr...', 'Para recuperar ...', 'From: cristobap...')
#2 C:\xampp\htdocs\cubicacion\system\CodeIgniter.php(832): App\Controllers\Usuarios->recovery()
#3 C:\xampp\htdocs\cubicacion\system\CodeIgniter.php(419): CodeIgniter\CodeIgniter->runController(Object(App\Controllers\Usuarios))
#4 C:\xampp\htdocs\cubicacion\system\CodeIgniter.php(326): CodeIgniter\CodeIgniter->handleRequest(NULL, Object(Config\Cache), false)
#5 C:\xampp\htdocs\cubicacion\public\index.php(37): CodeIgniter\CodeIgniter->run()
#6 {main}
CRITICAL - 2023-06-05 13:28:32 --> Undefined constant "App\Controllers\paracorrreo"
#0 C:\xampp\htdocs\cubicacion\system\CodeIgniter.php(832): App\Controllers\Usuarios->recovery()
#1 C:\xampp\htdocs\cubicacion\system\CodeIgniter.php(419): CodeIgniter\CodeIgniter->runController(Object(App\Controllers\Usuarios))
#2 C:\xampp\htdocs\cubicacion\system\CodeIgniter.php(326): CodeIgniter\CodeIgniter->handleRequest(NULL, Object(Config\Cache), false)
#3 C:\xampp\htdocs\cubicacion\public\index.php(37): CodeIgniter\CodeIgniter->run()
#4 {main}
CRITICAL - 2023-06-05 13:29:43 --> Call to undefined function App\Controllers\email_verify()
#0 C:\xampp\htdocs\cubicacion\system\CodeIgniter.php(832): App\Controllers\Usuarios->recovery()
#1 C:\xampp\htdocs\cubicacion\system\CodeIgniter.php(419): CodeIgniter\CodeIgniter->runController(Object(App\Controllers\Usuarios))
#2 C:\xampp\htdocs\cubicacion\system\CodeIgniter.php(326): CodeIgniter\CodeIgniter->handleRequest(NULL, Object(Config\Cache), false)
#3 C:\xampp\htdocs\cubicacion\public\index.php(37): CodeIgniter\CodeIgniter->run()
#4 {main}
CRITICAL - 2023-06-05 13:35:27 --> Call to undefined function App\Controllers\email_verify()
#0 C:\xampp\htdocs\cubicacion\system\CodeIgniter.php(832): App\Controllers\Usuarios->recovery()
#1 C:\xampp\htdocs\cubicacion\system\CodeIgniter.php(419): CodeIgniter\CodeIgniter->runController(Object(App\Controllers\Usuarios))
#2 C:\xampp\htdocs\cubicacion\system\CodeIgniter.php(326): CodeIgniter\CodeIgniter->handleRequest(NULL, Object(Config\Cache), false)
#3 C:\xampp\htdocs\cubicacion\public\index.php(37): CodeIgniter\CodeIgniter->run()
#4 {main}
CRITICAL - 2023-06-05 13:35:43 --> Invalid file: recuperar.php
#0 C:\xampp\htdocs\cubicacion\system\View\View.php(198): CodeIgniter\Exceptions\FrameworkException::forInvalidFile('recuperar.php')
#1 C:\xampp\htdocs\cubicacion\system\Common.php(1089): CodeIgniter\View\View->render('recuperar', Array, true)
#2 C:\xampp\htdocs\cubicacion\app\Controllers\Usuarios.php(231): view('recuperar', Array)
#3 C:\xampp\htdocs\cubicacion\system\CodeIgniter.php(832): App\Controllers\Usuarios->recovery()
#4 C:\xampp\htdocs\cubicacion\system\CodeIgniter.php(419): CodeIgniter\CodeIgniter->runController(Object(App\Controllers\Usuarios))
#5 C:\xampp\htdocs\cubicacion\system\CodeIgniter.php(326): CodeIgniter\CodeIgniter->handleRequest(NULL, Object(Config\Cache), false)
#6 C:\xampp\htdocs\cubicacion\public\index.php(37): CodeIgniter\CodeIgniter->run()
#7 {main}
CRITICAL - 2023-06-05 13:43:21 --> Invalid file: recuperar.php
#0 C:\xampp\htdocs\cubicacion\system\View\View.php(198): CodeIgniter\Exceptions\FrameworkException::forInvalidFile('recuperar.php')
#1 C:\xampp\htdocs\cubicacion\system\Common.php(1089): CodeIgniter\View\View->render('recuperar', Array, true)
#2 C:\xampp\htdocs\cubicacion\app\Controllers\Usuarios.php(230): view('recuperar', Array)
#3 C:\xampp\htdocs\cubicacion\system\CodeIgniter.php(832): App\Controllers\Usuarios->recovery()
#4 C:\xampp\htdocs\cubicacion\system\CodeIgniter.php(419): CodeIgniter\CodeIgniter->runController(Object(App\Controllers\Usuarios))
#5 C:\xampp\htdocs\cubicacion\system\CodeIgniter.php(326): CodeIgniter\CodeIgniter->handleRequest(NULL, Object(Config\Cache), false)
#6 C:\xampp\htdocs\cubicacion\public\index.php(37): CodeIgniter\CodeIgniter->run()
#7 {main}
CRITICAL - 2023-06-05 13:44:06 --> Invalid file: recuperar.php
#0 C:\xampp\htdocs\cubicacion\system\View\View.php(198): CodeIgniter\Exceptions\FrameworkException::forInvalidFile('recuperar.php')
#1 C:\xampp\htdocs\cubicacion\system\Common.php(1089): CodeIgniter\View\View->render('recuperar', Array, true)
#2 C:\xampp\htdocs\cubicacion\app\Controllers\Usuarios.php(230): view('recuperar', Array)
#3 C:\xampp\htdocs\cubicacion\system\CodeIgniter.php(832): App\Controllers\Usuarios->recovery()
#4 C:\xampp\htdocs\cubicacion\system\CodeIgniter.php(419): CodeIgniter\CodeIgniter->runController(Object(App\Controllers\Usuarios))
#5 C:\xampp\htdocs\cubicacion\system\CodeIgniter.php(326): CodeIgniter\CodeIgniter->handleRequest(NULL, Object(Config\Cache), false)
#6 C:\xampp\htdocs\cubicacion\public\index.php(37): CodeIgniter\CodeIgniter->run()
#7 {main}
CRITICAL - 2023-06-05 13:44:11 --> Invalid file: recuperar.php
#0 C:\xampp\htdocs\cubicacion\system\View\View.php(198): CodeIgniter\Exceptions\FrameworkException::forInvalidFile('recuperar.php')
#1 C:\xampp\htdocs\cubicacion\system\Common.php(1089): CodeIgniter\View\View->render('recuperar', Array, true)
#2 C:\xampp\htdocs\cubicacion\app\Controllers\Usuarios.php(230): view('recuperar', Array)
#3 C:\xampp\htdocs\cubicacion\system\CodeIgniter.php(832): App\Controllers\Usuarios->recovery()
#4 C:\xampp\htdocs\cubicacion\system\CodeIgniter.php(419): CodeIgniter\CodeIgniter->runController(Object(App\Controllers\Usuarios))
#5 C:\xampp\htdocs\cubicacion\system\CodeIgniter.php(326): CodeIgniter\CodeIgniter->handleRequest(NULL, Object(Config\Cache), false)
#6 C:\xampp\htdocs\cubicacion\public\index.php(37): CodeIgniter\CodeIgniter->run()
#7 {main}
CRITICAL - 2023-06-05 13:44:30 --> Invalid file: recuperar.php
#0 C:\xampp\htdocs\cubicacion\system\View\View.php(198): CodeIgniter\Exceptions\FrameworkException::forInvalidFile('recuperar.php')
#1 C:\xampp\htdocs\cubicacion\system\Common.php(1089): CodeIgniter\View\View->render('recuperar', Array, true)
#2 C:\xampp\htdocs\cubicacion\app\Controllers\Usuarios.php(230): view('recuperar', Array)
#3 C:\xampp\htdocs\cubicacion\system\CodeIgniter.php(832): App\Controllers\Usuarios->recovery()
#4 C:\xampp\htdocs\cubicacion\system\CodeIgniter.php(419): CodeIgniter\CodeIgniter->runController(Object(App\Controllers\Usuarios))
#5 C:\xampp\htdocs\cubicacion\system\CodeIgniter.php(326): CodeIgniter\CodeIgniter->handleRequest(NULL, Object(Config\Cache), false)
#6 C:\xampp\htdocs\cubicacion\public\index.php(37): CodeIgniter\CodeIgniter->run()
#7 {main}
CRITICAL - 2023-06-05 13:44:32 --> Invalid file: recuperar.php
#0 C:\xampp\htdocs\cubicacion\system\View\View.php(198): CodeIgniter\Exceptions\FrameworkException::forInvalidFile('recuperar.php')
#1 C:\xampp\htdocs\cubicacion\system\Common.php(1089): CodeIgniter\View\View->render('recuperar', Array, true)
#2 C:\xampp\htdocs\cubicacion\app\Controllers\Usuarios.php(230): view('recuperar', Array)
#3 C:\xampp\htdocs\cubicacion\system\CodeIgniter.php(832): App\Controllers\Usuarios->recovery()
#4 C:\xampp\htdocs\cubicacion\system\CodeIgniter.php(419): CodeIgniter\CodeIgniter->runController(Object(App\Controllers\Usuarios))
#5 C:\xampp\htdocs\cubicacion\system\CodeIgniter.php(326): CodeIgniter\CodeIgniter->handleRequest(NULL, Object(Config\Cache), false)
#6 C:\xampp\htdocs\cubicacion\public\index.php(37): CodeIgniter\CodeIgniter->run()
#7 {main}
CRITICAL - 2023-06-05 13:44:35 --> Invalid file: recuperar.php
#0 C:\xampp\htdocs\cubicacion\system\View\View.php(198): CodeIgniter\Exceptions\FrameworkException::forInvalidFile('recuperar.php')
#1 C:\xampp\htdocs\cubicacion\system\Common.php(1089): CodeIgniter\View\View->render('recuperar', Array, true)
#2 C:\xampp\htdocs\cubicacion\app\Controllers\Usuarios.php(230): view('recuperar', Array)
#3 C:\xampp\htdocs\cubicacion\system\CodeIgniter.php(832): App\Controllers\Usuarios->recovery()
#4 C:\xampp\htdocs\cubicacion\system\CodeIgniter.php(419): CodeIgniter\CodeIgniter->runController(Object(App\Controllers\Usuarios))
#5 C:\xampp\htdocs\cubicacion\system\CodeIgniter.php(326): CodeIgniter\CodeIgniter->handleRequest(NULL, Object(Config\Cache), false)
#6 C:\xampp\htdocs\cubicacion\public\index.php(37): CodeIgniter\CodeIgniter->run()
#7 {main}
CRITICAL - 2023-06-05 13:45:21 --> Invalid file: recuperar.php
#0 C:\xampp\htdocs\cubicacion\system\View\View.php(198): CodeIgniter\Exceptions\FrameworkException::forInvalidFile('recuperar.php')
#1 C:\xampp\htdocs\cubicacion\system\Common.php(1089): CodeIgniter\View\View->render('recuperar', Array, true)
#2 C:\xampp\htdocs\cubicacion\app\Controllers\Usuarios.php(230): view('recuperar', Array)
#3 C:\xampp\htdocs\cubicacion\system\CodeIgniter.php(832): App\Controllers\Usuarios->recovery()
#4 C:\xampp\htdocs\cubicacion\system\CodeIgniter.php(419): CodeIgniter\CodeIgniter->runController(Object(App\Controllers\Usuarios))
#5 C:\xampp\htdocs\cubicacion\system\CodeIgniter.php(326): CodeIgniter\CodeIgniter->handleRequest(NULL, Object(Config\Cache), false)
#6 C:\xampp\htdocs\cubicacion\public\index.php(37): CodeIgniter\CodeIgniter->run()
#7 {main}
CRITICAL - 2023-06-05 13:45:22 --> Invalid file: recuperar.php
#0 C:\xampp\htdocs\cubicacion\system\View\View.php(198): CodeIgniter\Exceptions\FrameworkException::forInvalidFile('recuperar.php')
#1 C:\xampp\htdocs\cubicacion\system\Common.php(1089): CodeIgniter\View\View->render('recuperar', Array, true)
#2 C:\xampp\htdocs\cubicacion\app\Controllers\Usuarios.php(230): view('recuperar', Array)
#3 C:\xampp\htdocs\cubicacion\system\CodeIgniter.php(832): App\Controllers\Usuarios->recovery()
#4 C:\xampp\htdocs\cubicacion\system\CodeIgniter.php(419): CodeIgniter\CodeIgniter->runController(Object(App\Controllers\Usuarios))
#5 C:\xampp\htdocs\cubicacion\system\CodeIgniter.php(326): CodeIgniter\CodeIgniter->handleRequest(NULL, Object(Config\Cache), false)
#6 C:\xampp\htdocs\cubicacion\public\index.php(37): CodeIgniter\CodeIgniter->run()
#7 {main}
CRITICAL - 2023-06-05 13:45:23 --> Invalid file: recuperar.php
#0 C:\xampp\htdocs\cubicacion\system\View\View.php(198): CodeIgniter\Exceptions\FrameworkException::forInvalidFile('recuperar.php')
#1 C:\xampp\htdocs\cubicacion\system\Common.php(1089): CodeIgniter\View\View->render('recuperar', Array, true)
#2 C:\xampp\htdocs\cubicacion\app\Controllers\Usuarios.php(230): view('recuperar', Array)
#3 C:\xampp\htdocs\cubicacion\system\CodeIgniter.php(832): App\Controllers\Usuarios->recovery()
#4 C:\xampp\htdocs\cubicacion\system\CodeIgniter.php(419): CodeIgniter\CodeIgniter->runController(Object(App\Controllers\Usuarios))
#5 C:\xampp\htdocs\cubicacion\system\CodeIgniter.php(326): CodeIgniter\CodeIgniter->handleRequest(NULL, Object(Config\Cache), false)
#6 C:\xampp\htdocs\cubicacion\public\index.php(37): CodeIgniter\CodeIgniter->run()
#7 {main}
CRITICAL - 2023-06-05 13:45:25 --> Invalid file: recuperar.php
#0 C:\xampp\htdocs\cubicacion\system\View\View.php(198): CodeIgniter\Exceptions\FrameworkException::forInvalidFile('recuperar.php')
#1 C:\xampp\htdocs\cubicacion\system\Common.php(1089): CodeIgniter\View\View->render('recuperar', Array, true)
#2 C:\xampp\htdocs\cubicacion\app\Controllers\Usuarios.php(230): view('recuperar', Array)
#3 C:\xampp\htdocs\cubicacion\system\CodeIgniter.php(832): App\Controllers\Usuarios->recovery()
#4 C:\xampp\htdocs\cubicacion\system\CodeIgniter.php(419): CodeIgniter\CodeIgniter->runController(Object(App\Controllers\Usuarios))
#5 C:\xampp\htdocs\cubicacion\system\CodeIgniter.php(326): CodeIgniter\CodeIgniter->handleRequest(NULL, Object(Config\Cache), false)
#6 C:\xampp\htdocs\cubicacion\public\index.php(37): CodeIgniter\CodeIgniter->run()
#7 {main}
CRITICAL - 2023-06-05 13:45:53 --> Invalid file: recuperar.php
#0 C:\xampp\htdocs\cubicacion\system\View\View.php(198): CodeIgniter\Exceptions\FrameworkException::forInvalidFile('recuperar.php')
#1 C:\xampp\htdocs\cubicacion\system\Common.php(1089): CodeIgniter\View\View->render('recuperar', Array, true)
#2 C:\xampp\htdocs\cubicacion\app\Controllers\Usuarios.php(230): view('recuperar', Array)
#3 C:\xampp\htdocs\cubicacion\system\CodeIgniter.php(832): App\Controllers\Usuarios->recovery()
#4 C:\xampp\htdocs\cubicacion\system\CodeIgniter.php(419): CodeIgniter\CodeIgniter->runController(Object(App\Controllers\Usuarios))
#5 C:\xampp\htdocs\cubicacion\system\CodeIgniter.php(326): CodeIgniter\CodeIgniter->handleRequest(NULL, Object(Config\Cache), false)
#6 C:\xampp\htdocs\cubicacion\public\index.php(37): CodeIgniter\CodeIgniter->run()
#7 {main}
CRITICAL - 2023-06-05 13:49:03 --> Invalid file: recuperar.php
#0 C:\xampp\htdocs\cubicacion\system\View\View.php(198): CodeIgniter\Exceptions\FrameworkException::forInvalidFile('recuperar.php')
#1 C:\xampp\htdocs\cubicacion\system\Common.php(1089): CodeIgniter\View\View->render('recuperar', Array, true)
#2 C:\xampp\htdocs\cubicacion\app\Controllers\Usuarios.php(230): view('recuperar', Array)
#3 C:\xampp\htdocs\cubicacion\system\CodeIgniter.php(832): App\Controllers\Usuarios->recovery()
#4 C:\xampp\htdocs\cubicacion\system\CodeIgniter.php(419): CodeIgniter\CodeIgniter->runController(Object(App\Controllers\Usuarios))
#5 C:\xampp\htdocs\cubicacion\system\CodeIgniter.php(326): CodeIgniter\CodeIgniter->handleRequest(NULL, Object(Config\Cache), false)
#6 C:\xampp\htdocs\cubicacion\public\index.php(37): CodeIgniter\CodeIgniter->run()
#7 {main}
CRITICAL - 2023-06-05 13:49:49 --> Invalid file: recuperar.php
#0 C:\xampp\htdocs\cubicacion\system\View\View.php(198): CodeIgniter\Exceptions\FrameworkException::forInvalidFile('recuperar.php')
#1 C:\xampp\htdocs\cubicacion\system\Common.php(1089): CodeIgniter\View\View->render('recuperar', Array, true)
#2 C:\xampp\htdocs\cubicacion\app\Controllers\Usuarios.php(230): view('recuperar', Array)
#3 C:\xampp\htdocs\cubicacion\system\CodeIgniter.php(832): App\Controllers\Usuarios->recovery()
#4 C:\xampp\htdocs\cubicacion\system\CodeIgniter.php(419): CodeIgniter\CodeIgniter->runController(Object(App\Controllers\Usuarios))
#5 C:\xampp\htdocs\cubicacion\system\CodeIgniter.php(326): CodeIgniter\CodeIgniter->handleRequest(NULL, Object(Config\Cache), false)
#6 C:\xampp\htdocs\cubicacion\public\index.php(37): CodeIgniter\CodeIgniter->run()
#7 {main}
CRITICAL - 2023-06-05 13:49:51 --> Invalid file: recuperar.php
#0 C:\xampp\htdocs\cubicacion\system\View\View.php(198): CodeIgniter\Exceptions\FrameworkException::forInvalidFile('recuperar.php')
#1 C:\xampp\htdocs\cubicacion\system\Common.php(1089): CodeIgniter\View\View->render('recuperar', Array, true)
#2 C:\xampp\htdocs\cubicacion\app\Controllers\Usuarios.php(230): view('recuperar', Array)
#3 C:\xampp\htdocs\cubicacion\system\CodeIgniter.php(832): App\Controllers\Usuarios->recovery()
#4 C:\xampp\htdocs\cubicacion\system\CodeIgniter.php(419): CodeIgniter\CodeIgniter->runController(Object(App\Controllers\Usuarios))
#5 C:\xampp\htdocs\cubicacion\system\CodeIgniter.php(326): CodeIgniter\CodeIgniter->handleRequest(NULL, Object(Config\Cache), false)
#6 C:\xampp\htdocs\cubicacion\public\index.php(37): CodeIgniter\CodeIgniter->run()
#7 {main}
CRITICAL - 2023-06-05 13:49:56 --> Invalid file: recuperar.php
#0 C:\xampp\htdocs\cubicacion\system\View\View.php(198): CodeIgniter\Exceptions\FrameworkException::forInvalidFile('recuperar.php')
#1 C:\xampp\htdocs\cubicacion\system\Common.php(1089): CodeIgniter\View\View->render('recuperar', Array, true)
#2 C:\xampp\htdocs\cubicacion\app\Controllers\Usuarios.php(230): view('recuperar', Array)
#3 C:\xampp\htdocs\cubicacion\system\CodeIgniter.php(832): App\Controllers\Usuarios->recovery()
#4 C:\xampp\htdocs\cubicacion\system\CodeIgniter.php(419): CodeIgniter\CodeIgniter->runController(Object(App\Controllers\Usuarios))
#5 C:\xampp\htdocs\cubicacion\system\CodeIgniter.php(326): CodeIgniter\CodeIgniter->handleRequest(NULL, Object(Config\Cache), false)
#6 C:\xampp\htdocs\cubicacion\public\index.php(37): CodeIgniter\CodeIgniter->run()
#7 {main}
CRITICAL - 2023-06-05 13:51:35 --> Call to undefined function App\Controllers\email_verify()
#0 C:\xampp\htdocs\cubicacion\system\CodeIgniter.php(832): App\Controllers\Usuarios->recovery()
#1 C:\xampp\htdocs\cubicacion\system\CodeIgniter.php(419): CodeIgniter\CodeIgniter->runController(Object(App\Controllers\Usuarios))
#2 C:\xampp\htdocs\cubicacion\system\CodeIgniter.php(326): CodeIgniter\CodeIgniter->handleRequest(NULL, Object(Config\Cache), false)
#3 C:\xampp\htdocs\cubicacion\public\index.php(37): CodeIgniter\CodeIgniter->run()
#4 {main}
CRITICAL - 2023-06-05 13:59:33 --> password_verify(): Passing null to parameter #1 ($password) of type string is deprecated
#0 [internal function]: CodeIgniter\Debug\Exceptions->errorHandler(8192, 'password_verify...', 'C:\\xampp\\htdocs...', 211)
#1 C:\xampp\htdocs\cubicacion\app\Controllers\Usuarios.php(211): password_verify(Object(SensitiveParameterValue), '$2y$10$nUS/HIlB...')
#2 C:\xampp\htdocs\cubicacion\system\CodeIgniter.php(832): App\Controllers\Usuarios->recovery()
#3 C:\xampp\htdocs\cubicacion\system\CodeIgniter.php(419): CodeIgniter\CodeIgniter->runController(Object(App\Controllers\Usuarios))
#4 C:\xampp\htdocs\cubicacion\system\CodeIgniter.php(326): CodeIgniter\CodeIgniter->handleRequest(NULL, Object(Config\Cache), false)
#5 C:\xampp\htdocs\cubicacion\public\index.php(37): CodeIgniter\CodeIgniter->run()
#6 {main}
CRITICAL - 2023-06-05 14:00:15 --> password_verify(): Passing null to parameter #1 ($password) of type string is deprecated
#0 [internal function]: CodeIgniter\Debug\Exceptions->errorHandler(8192, 'password_verify...', 'C:\\xampp\\htdocs...', 211)
#1 C:\xampp\htdocs\cubicacion\app\Controllers\Usuarios.php(211): password_verify(Object(SensitiveParameterValue), '$2y$10$nUS/HIlB...')
#2 C:\xampp\htdocs\cubicacion\system\CodeIgniter.php(832): App\Controllers\Usuarios->recovery()
#3 C:\xampp\htdocs\cubicacion\system\CodeIgniter.php(419): CodeIgniter\CodeIgniter->runController(Object(App\Controllers\Usuarios))
#4 C:\xampp\htdocs\cubicacion\system\CodeIgniter.php(326): CodeIgniter\CodeIgniter->handleRequest(NULL, Object(Config\Cache), false)
#5 C:\xampp\htdocs\cubicacion\public\index.php(37): CodeIgniter\CodeIgniter->run()
#6 {main}
CRITICAL - 2023-06-05 14:00:59 --> Call to undefined function gilmar019@hotmail.com()
#0 C:\xampp\htdocs\cubicacion\system\CodeIgniter.php(832): App\Controllers\Usuarios->recovery()
#1 C:\xampp\htdocs\cubicacion\system\CodeIgniter.php(419): CodeIgniter\CodeIgniter->runController(Object(App\Controllers\Usuarios))
#2 C:\xampp\htdocs\cubicacion\system\CodeIgniter.php(326): CodeIgniter\CodeIgniter->handleRequest(NULL, Object(Config\Cache), false)
#3 C:\xampp\htdocs\cubicacion\public\index.php(37): CodeIgniter\CodeIgniter->run()
#4 {main}
CRITICAL - 2023-06-05 14:04:22 --> Undefined variable $datosSesion
#0 C:\xampp\htdocs\cubicacion\app\Controllers\Usuarios.php(225): CodeIgniter\Debug\Exceptions->errorHandler(2, 'Undefined varia...', 'C:\\xampp\\htdocs...', 225)
#1 C:\xampp\htdocs\cubicacion\system\CodeIgniter.php(832): App\Controllers\Usuarios->recovery()
#2 C:\xampp\htdocs\cubicacion\system\CodeIgniter.php(419): CodeIgniter\CodeIgniter->runController(Object(App\Controllers\Usuarios))
#3 C:\xampp\htdocs\cubicacion\system\CodeIgniter.php(326): CodeIgniter\CodeIgniter->handleRequest(NULL, Object(Config\Cache), false)
#4 C:\xampp\htdocs\cubicacion\public\index.php(37): CodeIgniter\CodeIgniter->run()
#5 {main}
CRITICAL - 2023-06-05 14:08:12 --> mail(): Argument #1 ($to) must be of type string, array given
#0 C:\xampp\htdocs\cubicacion\app\Controllers\Usuarios.php(219): mail(Array, 'Recuperar contr...', 'Para recuperar ...', 'From: cristobap...')
#1 C:\xampp\htdocs\cubicacion\system\CodeIgniter.php(832): App\Controllers\Usuarios->recovery()
#2 C:\xampp\htdocs\cubicacion\system\CodeIgniter.php(419): CodeIgniter\CodeIgniter->runController(Object(App\Controllers\Usuarios))
#3 C:\xampp\htdocs\cubicacion\system\CodeIgniter.php(326): CodeIgniter\CodeIgniter->handleRequest(NULL, Object(Config\Cache), false)
#4 C:\xampp\htdocs\cubicacion\public\index.php(37): CodeIgniter\CodeIgniter->run()
#5 {main}
CRITICAL - 2023-06-05 14:20:22 --> Call to a member function listErrors() on string
#0 C:\xampp\htdocs\cubicacion\system\View\View.php(210): include()
#1 C:\xampp\htdocs\cubicacion\system\View\View.php(213): CodeIgniter\View\View->CodeIgniter\View\{closure}()
#2 C:\xampp\htdocs\cubicacion\system\Common.php(1089): CodeIgniter\View\View->render('recovery', Array, true)
#3 C:\xampp\htdocs\cubicacion\app\Controllers\Usuarios.php(237): view('recovery', Array)
#4 C:\xampp\htdocs\cubicacion\system\CodeIgniter.php(832): App\Controllers\Usuarios->recovery()
#5 C:\xampp\htdocs\cubicacion\system\CodeIgniter.php(419): CodeIgniter\CodeIgniter->runController(Object(App\Controllers\Usuarios))
#6 C:\xampp\htdocs\cubicacion\system\CodeIgniter.php(326): CodeIgniter\CodeIgniter->handleRequest(NULL, Object(Config\Cache), false)
#7 C:\xampp\htdocs\cubicacion\public\index.php(37): CodeIgniter\CodeIgniter->run()
#8 {main}
CRITICAL - 2023-06-05 14:24:55 --> Invalid file: Correcto.php
#0 C:\xampp\htdocs\cubicacion\system\View\View.php(198): CodeIgniter\Exceptions\FrameworkException::forInvalidFile('Correcto.php')
#1 C:\xampp\htdocs\cubicacion\system\Common.php(1089): CodeIgniter\View\View->render('Correcto', Array, true)
#2 C:\xampp\htdocs\cubicacion\app\Controllers\Usuarios.php(237): view('Correcto', Array)
#3 C:\xampp\htdocs\cubicacion\system\CodeIgniter.php(832): App\Controllers\Usuarios->recovery()
#4 C:\xampp\htdocs\cubicacion\system\CodeIgniter.php(419): CodeIgniter\CodeIgniter->runController(Object(App\Controllers\Usuarios))
#5 C:\xampp\htdocs\cubicacion\system\CodeIgniter.php(326): CodeIgniter\CodeIgniter->handleRequest(NULL, Object(Config\Cache), false)
#6 C:\xampp\htdocs\cubicacion\public\index.php(37): CodeIgniter\CodeIgniter->run()
#7 {main}
CRITICAL - 2023-06-05 14:24:57 --> Invalid file: Correcto.php
#0 C:\xampp\htdocs\cubicacion\system\View\View.php(198): CodeIgniter\Exceptions\FrameworkException::forInvalidFile('Correcto.php')
#1 C:\xampp\htdocs\cubicacion\system\Common.php(1089): CodeIgniter\View\View->render('Correcto', Array, true)
#2 C:\xampp\htdocs\cubicacion\app\Controllers\Usuarios.php(237): view('Correcto', Array)
#3 C:\xampp\htdocs\cubicacion\system\CodeIgniter.php(832): App\Controllers\Usuarios->recovery()
#4 C:\xampp\htdocs\cubicacion\system\CodeIgniter.php(419): CodeIgniter\CodeIgniter->runController(Object(App\Controllers\Usuarios))
#5 C:\xampp\htdocs\cubicacion\system\CodeIgniter.php(326): CodeIgniter\CodeIgniter->handleRequest(NULL, Object(Config\Cache), false)
#6 C:\xampp\htdocs\cubicacion\public\index.php(37): CodeIgniter\CodeIgniter->run()
#7 {main}
CRITICAL - 2023-06-05 14:25:06 --> Invalid file: Correcto.php
#0 C:\xampp\htdocs\cubicacion\system\View\View.php(198): CodeIgniter\Exceptions\FrameworkException::forInvalidFile('Correcto.php')
#1 C:\xampp\htdocs\cubicacion\system\Common.php(1089): CodeIgniter\View\View->render('Correcto', Array, true)
#2 C:\xampp\htdocs\cubicacion\app\Controllers\Usuarios.php(237): view('Correcto', Array)
#3 C:\xampp\htdocs\cubicacion\system\CodeIgniter.php(832): App\Controllers\Usuarios->recovery()
#4 C:\xampp\htdocs\cubicacion\system\CodeIgniter.php(419): CodeIgniter\CodeIgniter->runController(Object(App\Controllers\Usuarios))
#5 C:\xampp\htdocs\cubicacion\system\CodeIgniter.php(326): CodeIgniter\CodeIgniter->handleRequest(NULL, Object(Config\Cache), false)
#6 C:\xampp\htdocs\cubicacion\public\index.php(37): CodeIgniter\CodeIgniter->run()
#7 {main}
CRITICAL - 2023-06-05 14:28:59 --> Invalid file: cambiar_password.php
#0 C:\xampp\htdocs\cubicacion\system\View\View.php(198): CodeIgniter\Exceptions\FrameworkException::forInvalidFile('cambiar_passwor...')
#1 C:\xampp\htdocs\cubicacion\system\Common.php(1089): CodeIgniter\View\View->render('cambiar_passwor...', Array, true)
#2 C:\xampp\htdocs\cubicacion\app\Controllers\Usuarios.php(237): view('cambiar_passwor...', Array)
#3 C:\xampp\htdocs\cubicacion\system\CodeIgniter.php(832): App\Controllers\Usuarios->recovery()
#4 C:\xampp\htdocs\cubicacion\system\CodeIgniter.php(419): CodeIgniter\CodeIgniter->runController(Object(App\Controllers\Usuarios))
#5 C:\xampp\htdocs\cubicacion\system\CodeIgniter.php(326): CodeIgniter\CodeIgniter->handleRequest(NULL, Object(Config\Cache), false)
#6 C:\xampp\htdocs\cubicacion\public\index.php(37): CodeIgniter\CodeIgniter->run()
#7 {main}
CRITICAL - 2023-06-05 14:29:46 --> Undefined array key "tokenUser"
#0 C:\xampp\htdocs\cubicacion\app\Views\nuevaClave.php(4): CodeIgniter\Debug\Exceptions->errorHandler(2, 'Undefined array...', 'C:\\xampp\\htdocs...', 4)
#1 C:\xampp\htdocs\cubicacion\system\View\View.php(210): include('C:\\xampp\\htdocs...')
#2 C:\xampp\htdocs\cubicacion\system\View\View.php(213): CodeIgniter\View\View->CodeIgniter\View\{closure}()
#3 C:\xampp\htdocs\cubicacion\system\Common.php(1089): CodeIgniter\View\View->render('nuevaClave', Array, true)
#4 C:\xampp\htdocs\cubicacion\app\Controllers\Usuarios.php(237): view('nuevaClave', Array)
#5 C:\xampp\htdocs\cubicacion\system\CodeIgniter.php(832): App\Controllers\Usuarios->recovery()
#6 C:\xampp\htdocs\cubicacion\system\CodeIgniter.php(419): CodeIgniter\CodeIgniter->runController(Object(App\Controllers\Usuarios))
#7 C:\xampp\htdocs\cubicacion\system\CodeIgniter.php(326): CodeIgniter\CodeIgniter->handleRequest(NULL, Object(Config\Cache), false)
#8 C:\xampp\htdocs\cubicacion\public\index.php(37): CodeIgniter\CodeIgniter->run()
#9 {main}
CRITICAL - 2023-06-05 14:31:41 --> Undefined variable $titulo
#0 C:\xampp\htdocs\cubicacion\app\Views\nuevaClave.php(4): CodeIgniter\Debug\Exceptions->errorHandler(2, 'Undefined varia...', 'C:\\xampp\\htdocs...', 4)
#1 C:\xampp\htdocs\cubicacion\system\View\View.php(210): include('C:\\xampp\\htdocs...')
#2 C:\xampp\htdocs\cubicacion\system\View\View.php(213): CodeIgniter\View\View->CodeIgniter\View\{closure}()
#3 C:\xampp\htdocs\cubicacion\system\Common.php(1089): CodeIgniter\View\View->render('nuevaClave', Array, true)
#4 C:\xampp\htdocs\cubicacion\app\Controllers\Usuarios.php(237): view('nuevaClave', Array)
#5 C:\xampp\htdocs\cubicacion\system\CodeIgniter.php(832): App\Controllers\Usuarios->recovery()
#6 C:\xampp\htdocs\cubicacion\system\CodeIgniter.php(419): CodeIgniter\CodeIgniter->runController(Object(App\Controllers\Usuarios))
#7 C:\xampp\htdocs\cubicacion\system\CodeIgniter.php(326): CodeIgniter\CodeIgniter->handleRequest(NULL, Object(Config\Cache), false)
#8 C:\xampp\htdocs\cubicacion\public\index.php(37): CodeIgniter\CodeIgniter->run()
#9 {main}
CRITICAL - 2023-06-05 14:54:24 --> Class "App\Models\nuevaClaveModel" not found
#0 C:\xampp\htdocs\cubicacion\system\CodeIgniter.php(809): App\Controllers\nuevaClave->__construct()
#1 C:\xampp\htdocs\cubicacion\system\CodeIgniter.php(410): CodeIgniter\CodeIgniter->createController()
#2 C:\xampp\htdocs\cubicacion\system\CodeIgniter.php(326): CodeIgniter\CodeIgniter->handleRequest(NULL, Object(Config\Cache), false)
#3 C:\xampp\htdocs\cubicacion\public\index.php(37): CodeIgniter\CodeIgniter->run()
#4 {main}
CRITICAL - 2023-06-05 14:55:46 --> Undefined variable $datos
#0 C:\xampp\htdocs\cubicacion\app\Controllers\nuevaClave.php(21): CodeIgniter\Debug\Exceptions->errorHandler(2, 'Undefined varia...', 'C:\\xampp\\htdocs...', 21)
#1 C:\xampp\htdocs\cubicacion\system\CodeIgniter.php(832): App\Controllers\nuevaClave->index()
#2 C:\xampp\htdocs\cubicacion\system\CodeIgniter.php(419): CodeIgniter\CodeIgniter->runController(Object(App\Controllers\nuevaClave))
#3 C:\xampp\htdocs\cubicacion\system\CodeIgniter.php(326): CodeIgniter\CodeIgniter->handleRequest(NULL, Object(Config\Cache), false)
#4 C:\xampp\htdocs\cubicacion\public\index.php(37): CodeIgniter\CodeIgniter->run()
#5 {main}
CRITICAL - 2023-06-05 14:55:49 --> Undefined variable $datos
#0 C:\xampp\htdocs\cubicacion\app\Controllers\nuevaClave.php(21): CodeIgniter\Debug\Exceptions->errorHandler(2, 'Undefined varia...', 'C:\\xampp\\htdocs...', 21)
#1 C:\xampp\htdocs\cubicacion\system\CodeIgniter.php(832): App\Controllers\nuevaClave->index()
#2 C:\xampp\htdocs\cubicacion\system\CodeIgniter.php(419): CodeIgniter\CodeIgniter->runController(Object(App\Controllers\nuevaClave))
#3 C:\xampp\htdocs\cubicacion\system\CodeIgniter.php(326): CodeIgniter\CodeIgniter->handleRequest(NULL, Object(Config\Cache), false)
#4 C:\xampp\htdocs\cubicacion\public\index.php(37): CodeIgniter\CodeIgniter->run()
#5 {main}
CRITICAL - 2023-06-05 15:02:40 --> Invalid file: nuevaClaves/nuevaClaves.php
#0 C:\xampp\htdocs\cubicacion\system\View\View.php(198): CodeIgniter\Exceptions\FrameworkException::forInvalidFile('nuevaClaves/nue...')
#1 C:\xampp\htdocs\cubicacion\system\Common.php(1089): CodeIgniter\View\View->render('nuevaClaves/nue...', Array, true)
#2 C:\xampp\htdocs\cubicacion\app\Controllers\nuevaClave.php(112): view('nuevaClaves/nue...', Array)
#3 C:\xampp\htdocs\cubicacion\system\CodeIgniter.php(832): App\Controllers\nuevaClave->index()
#4 C:\xampp\htdocs\cubicacion\system\CodeIgniter.php(419): CodeIgniter\CodeIgniter->runController(Object(App\Controllers\nuevaClave))
#5 C:\xampp\htdocs\cubicacion\system\CodeIgniter.php(326): CodeIgniter\CodeIgniter->handleRequest(NULL, Object(Config\Cache), false)
#6 C:\xampp\htdocs\cubicacion\public\index.php(37): CodeIgniter\CodeIgniter->run()
#7 {main}
CRITICAL - 2023-06-05 15:02:42 --> Invalid file: nuevaClaves/nuevaClaves.php
#0 C:\xampp\htdocs\cubicacion\system\View\View.php(198): CodeIgniter\Exceptions\FrameworkException::forInvalidFile('nuevaClaves/nue...')
#1 C:\xampp\htdocs\cubicacion\system\Common.php(1089): CodeIgniter\View\View->render('nuevaClaves/nue...', Array, true)
#2 C:\xampp\htdocs\cubicacion\app\Controllers\nuevaClave.php(112): view('nuevaClaves/nue...', Array)
#3 C:\xampp\htdocs\cubicacion\system\CodeIgniter.php(832): App\Controllers\nuevaClave->index()
#4 C:\xampp\htdocs\cubicacion\system\CodeIgniter.php(419): CodeIgniter\CodeIgniter->runController(Object(App\Controllers\nuevaClave))
#5 C:\xampp\htdocs\cubicacion\system\CodeIgniter.php(326): CodeIgniter\CodeIgniter->handleRequest(NULL, Object(Config\Cache), false)
#6 C:\xampp\htdocs\cubicacion\public\index.php(37): CodeIgniter\CodeIgniter->run()
#7 {main}
CRITICAL - 2023-06-05 15:13:14 --> Invalid file: nuevaClaves/nuevaClaves.php
#0 C:\xampp\htdocs\cubicacion\system\View\View.php(198): CodeIgniter\Exceptions\FrameworkException::forInvalidFile('nuevaClaves/nue...')
#1 C:\xampp\htdocs\cubicacion\system\Common.php(1089): CodeIgniter\View\View->render('nuevaClaves/nue...', Array, true)
#2 C:\xampp\htdocs\cubicacion\app\Controllers\nuevaClave.php(112): view('nuevaClaves/nue...', Array)
#3 C:\xampp\htdocs\cubicacion\system\CodeIgniter.php(832): App\Controllers\nuevaClave->index()
#4 C:\xampp\htdocs\cubicacion\system\CodeIgniter.php(419): CodeIgniter\CodeIgniter->runController(Object(App\Controllers\nuevaClave))
#5 C:\xampp\htdocs\cubicacion\system\CodeIgniter.php(326): CodeIgniter\CodeIgniter->handleRequest(NULL, Object(Config\Cache), false)
#6 C:\xampp\htdocs\cubicacion\public\index.php(37): CodeIgniter\CodeIgniter->run()
#7 {main}
CRITICAL - 2023-06-05 16:32:58 --> Undefined variable $usuario
#0 C:\xampp\htdocs\cubicacion\app\Views\nuevaClave.php(49): CodeIgniter\Debug\Exceptions->errorHandler(2, 'Undefined varia...', 'C:\\xampp\\htdocs...', 49)
#1 C:\xampp\htdocs\cubicacion\system\View\View.php(210): include('C:\\xampp\\htdocs...')
#2 C:\xampp\htdocs\cubicacion\system\View\View.php(213): CodeIgniter\View\View->CodeIgniter\View\{closure}()
#3 C:\xampp\htdocs\cubicacion\system\Common.php(1089): CodeIgniter\View\View->render('nuevaClave', Array, true)
#4 C:\xampp\htdocs\cubicacion\app\Controllers\Actualizar_password.php(113): view('nuevaClave')
#5 C:\xampp\htdocs\cubicacion\system\CodeIgniter.php(832): App\Controllers\actualizar_password->index()
#6 C:\xampp\htdocs\cubicacion\system\CodeIgniter.php(419): CodeIgniter\CodeIgniter->runController(Object(App\Controllers\actualizar_password))
#7 C:\xampp\htdocs\cubicacion\system\CodeIgniter.php(326): CodeIgniter\CodeIgniter->handleRequest(NULL, Object(Config\Cache), false)
#8 C:\xampp\htdocs\cubicacion\public\index.php(37): CodeIgniter\CodeIgniter->run()
#9 {main}
CRITICAL - 2023-06-05 16:35:08 --> Undefined variable $usuario
#0 C:\xampp\htdocs\cubicacion\app\Views\nuevaClave.php(49): CodeIgniter\Debug\Exceptions->errorHandler(2, 'Undefined varia...', 'C:\\xampp\\htdocs...', 49)
#1 C:\xampp\htdocs\cubicacion\system\View\View.php(210): include('C:\\xampp\\htdocs...')
#2 C:\xampp\htdocs\cubicacion\system\View\View.php(213): CodeIgniter\View\View->CodeIgniter\View\{closure}()
#3 C:\xampp\htdocs\cubicacion\system\Common.php(1089): CodeIgniter\View\View->render('nuevaClave', Array, true)
#4 C:\xampp\htdocs\cubicacion\app\Controllers\Actualizar_password.php(113): view('nuevaClave')
#5 C:\xampp\htdocs\cubicacion\system\CodeIgniter.php(832): App\Controllers\actualizar_password->index()
#6 C:\xampp\htdocs\cubicacion\system\CodeIgniter.php(419): CodeIgniter\CodeIgniter->runController(Object(App\Controllers\actualizar_password))
#7 C:\xampp\htdocs\cubicacion\system\CodeIgniter.php(326): CodeIgniter\CodeIgniter->handleRequest(NULL, Object(Config\Cache), false)
#8 C:\xampp\htdocs\cubicacion\public\index.php(37): CodeIgniter\CodeIgniter->run()
#9 {main}
CRITICAL - 2023-06-05 16:35:34 --> Undefined variable $usuario
#0 C:\xampp\htdocs\cubicacion\app\Views\nuevaClave.php(49): CodeIgniter\Debug\Exceptions->errorHandler(2, 'Undefined varia...', 'C:\\xampp\\htdocs...', 49)
#1 C:\xampp\htdocs\cubicacion\system\View\View.php(210): include('C:\\xampp\\htdocs...')
#2 C:\xampp\htdocs\cubicacion\system\View\View.php(213): CodeIgniter\View\View->CodeIgniter\View\{closure}()
#3 C:\xampp\htdocs\cubicacion\system\Common.php(1089): CodeIgniter\View\View->render('nuevaClave', Array, true)
#4 C:\xampp\htdocs\cubicacion\app\Controllers\Actualizar_password.php(113): view('nuevaClave')
#5 C:\xampp\htdocs\cubicacion\system\CodeIgniter.php(832): App\Controllers\actualizar_password->index()
#6 C:\xampp\htdocs\cubicacion\system\CodeIgniter.php(419): CodeIgniter\CodeIgniter->runController(Object(App\Controllers\actualizar_password))
#7 C:\xampp\htdocs\cubicacion\system\CodeIgniter.php(326): CodeIgniter\CodeIgniter->handleRequest(NULL, Object(Config\Cache), false)
#8 C:\xampp\htdocs\cubicacion\public\index.php(37): CodeIgniter\CodeIgniter->run()
#9 {main}
CRITICAL - 2023-06-05 16:35:35 --> Undefined variable $usuario
#0 C:\xampp\htdocs\cubicacion\app\Views\nuevaClave.php(49): CodeIgniter\Debug\Exceptions->errorHandler(2, 'Undefined varia...', 'C:\\xampp\\htdocs...', 49)
#1 C:\xampp\htdocs\cubicacion\system\View\View.php(210): include('C:\\xampp\\htdocs...')
#2 C:\xampp\htdocs\cubicacion\system\View\View.php(213): CodeIgniter\View\View->CodeIgniter\View\{closure}()
#3 C:\xampp\htdocs\cubicacion\system\Common.php(1089): CodeIgniter\View\View->render('nuevaClave', Array, true)
#4 C:\xampp\htdocs\cubicacion\app\Controllers\Actualizar_password.php(113): view('nuevaClave')
#5 C:\xampp\htdocs\cubicacion\system\CodeIgniter.php(832): App\Controllers\actualizar_password->index()
#6 C:\xampp\htdocs\cubicacion\system\CodeIgniter.php(419): CodeIgniter\CodeIgniter->runController(Object(App\Controllers\actualizar_password))
#7 C:\xampp\htdocs\cubicacion\system\CodeIgniter.php(326): CodeIgniter\CodeIgniter->handleRequest(NULL, Object(Config\Cache), false)
#8 C:\xampp\htdocs\cubicacion\public\index.php(37): CodeIgniter\CodeIgniter->run()
#9 {main}
CRITICAL - 2023-06-05 16:54:00 --> Object of class CodeIgniter\Validation\Validation could not be converted to string
#0 C:\xampp\htdocs\cubicacion\system\View\View.php(210): include()
#1 C:\xampp\htdocs\cubicacion\system\View\View.php(213): CodeIgniter\View\View->CodeIgniter\View\{closure}()
#2 C:\xampp\htdocs\cubicacion\system\Common.php(1089): CodeIgniter\View\View->render('recovery', Array, true)
#3 C:\xampp\htdocs\cubicacion\app\Controllers\Usuarios.php(342): view('recovery', Array)
#4 C:\xampp\htdocs\cubicacion\system\CodeIgniter.php(832): App\Controllers\Usuarios->claveNueva()
#5 C:\xampp\htdocs\cubicacion\system\CodeIgniter.php(419): CodeIgniter\CodeIgniter->runController(Object(App\Controllers\Usuarios))
#6 C:\xampp\htdocs\cubicacion\system\CodeIgniter.php(326): CodeIgniter\CodeIgniter->handleRequest(NULL, Object(Config\Cache), false)
#7 C:\xampp\htdocs\cubicacion\public\index.php(37): CodeIgniter\CodeIgniter->run()
#8 {main}
CRITICAL - 2023-06-05 17:14:43 --> Object of class CodeIgniter\Validation\Validation could not be converted to string
#0 C:\xampp\htdocs\cubicacion\system\View\View.php(210): include()
#1 C:\xampp\htdocs\cubicacion\system\View\View.php(213): CodeIgniter\View\View->CodeIgniter\View\{closure}()
#2 C:\xampp\htdocs\cubicacion\system\Common.php(1089): CodeIgniter\View\View->render('recovery', Array, true)
#3 C:\xampp\htdocs\cubicacion\app\Controllers\Usuarios.php(340): view('recovery', Array)
#4 C:\xampp\htdocs\cubicacion\system\CodeIgniter.php(832): App\Controllers\Usuarios->claveNueva()
#5 C:\xampp\htdocs\cubicacion\system\CodeIgniter.php(419): CodeIgniter\CodeIgniter->runController(Object(App\Controllers\Usuarios))
#6 C:\xampp\htdocs\cubicacion\system\CodeIgniter.php(326): CodeIgniter\CodeIgniter->handleRequest(NULL, Object(Config\Cache), false)
#7 C:\xampp\htdocs\cubicacion\public\index.php(37): CodeIgniter\CodeIgniter->run()
#8 {main}
CRITICAL - 2023-06-05 17:19:16 --> Call to a member function listErrors() on string
#0 C:\xampp\htdocs\cubicacion\system\View\View.php(210): include()
#1 C:\xampp\htdocs\cubicacion\system\View\View.php(213): CodeIgniter\View\View->CodeIgniter\View\{closure}()
#2 C:\xampp\htdocs\cubicacion\system\Common.php(1089): CodeIgniter\View\View->render('nuevaClave', Array, true)
#3 C:\xampp\htdocs\cubicacion\app\Controllers\Usuarios.php(339): view('nuevaClave', Array)
#4 C:\xampp\htdocs\cubicacion\system\CodeIgniter.php(832): App\Controllers\Usuarios->claveNueva()
#5 C:\xampp\htdocs\cubicacion\system\CodeIgniter.php(419): CodeIgniter\CodeIgniter->runController(Object(App\Controllers\Usuarios))
#6 C:\xampp\htdocs\cubicacion\system\CodeIgniter.php(326): CodeIgniter\CodeIgniter->handleRequest(NULL, Object(Config\Cache), false)
#7 C:\xampp\htdocs\cubicacion\public\index.php(37): CodeIgniter\CodeIgniter->run()
#8 {main}
CRITICAL - 2023-06-05 17:40:43 --> session_start(): Failed to decode session object. Session has been destroyed
#0 [internal function]: CodeIgniter\Debug\Exceptions->errorHandler(2, 'session_start()...', 'C:\\xampp\\htdocs...', 894)
#1 C:\xampp\htdocs\cubicacion\system\Session\Session.php(894): session_start()
#2 C:\xampp\htdocs\cubicacion\system\Session\Session.php(238): CodeIgniter\Session\Session->startSession()
#3 C:\xampp\htdocs\cubicacion\system\Config\Services.php(577): CodeIgniter\Session\Session->start()
#4 C:\xampp\htdocs\cubicacion\system\Config\BaseService.php(248): CodeIgniter\Config\Services::session(Object(Config\App), false)
#5 C:\xampp\htdocs\cubicacion\system\Config\BaseService.php(189): CodeIgniter\Config\BaseService::__callStatic('session', Array)
#6 C:\xampp\htdocs\cubicacion\system\Config\Services.php(563): CodeIgniter\Config\BaseService::getSharedInstance('session', NULL)
#7 C:\xampp\htdocs\cubicacion\system\Config\BaseService.php(248): CodeIgniter\Config\Services::session()
#8 C:\xampp\htdocs\cubicacion\system\Common.php(901): CodeIgniter\Config\BaseService::__callStatic('session', Array)
#9 C:\xampp\htdocs\cubicacion\app\Views\header.php(2): session()
#10 C:\xampp\htdocs\cubicacion\system\View\View.php(210): include('C:\\xampp\\htdocs...')
#11 C:\xampp\htdocs\cubicacion\system\View\View.php(213): CodeIgniter\View\View->CodeIgniter\View\{closure}()
#12 C:\xampp\htdocs\cubicacion\system\Common.php(1089): CodeIgniter\View\View->render('header', Array, true)
#13 C:\xampp\htdocs\cubicacion\app\Controllers\Usuarios.php(130): view('header')
#14 C:\xampp\htdocs\cubicacion\system\CodeIgniter.php(832): App\Controllers\Usuarios->nuevo()
#15 C:\xampp\htdocs\cubicacion\system\CodeIgniter.php(419): CodeIgniter\CodeIgniter->runController(Object(App\Controllers\Usuarios))
#16 C:\xampp\htdocs\cubicacion\system\CodeIgniter.php(326): CodeIgniter\CodeIgniter->handleRequest(NULL, Object(Config\Cache), false)
#17 C:\xampp\htdocs\cubicacion\public\index.php(37): CodeIgniter\CodeIgniter->run()
#18 {main}
CRITICAL - 2023-06-05 19:52:19 --> Undefined variable $usuario
#0 C:\xampp\htdocs\cubicacion\app\Controllers\Usuarios.php(397): CodeIgniter\Debug\Exceptions->errorHandler(2, 'Undefined varia...', 'C:\\xampp\\htdocs...', 397)
#1 C:\xampp\htdocs\cubicacion\system\CodeIgniter.php(832): App\Controllers\Usuarios->valida()
#2 C:\xampp\htdocs\cubicacion\system\CodeIgniter.php(419): CodeIgniter\CodeIgniter->runController(Object(App\Controllers\Usuarios))
#3 C:\xampp\htdocs\cubicacion\system\CodeIgniter.php(326): CodeIgniter\CodeIgniter->handleRequest(NULL, Object(Config\Cache), false)
#4 C:\xampp\htdocs\cubicacion\public\index.php(37): CodeIgniter\CodeIgniter->run()
#5 {main}
CRITICAL - 2023-06-05 20:08:08 --> Invalid file: cajas.php
#0 C:\xampp\htdocs\cubicacion\system\View\View.php(198): CodeIgniter\Exceptions\FrameworkException::forInvalidFile('cajas.php')
#1 C:\xampp\htdocs\cubicacion\system\Common.php(1089): CodeIgniter\View\View->render('cajas', Array, true)
#2 C:\xampp\htdocs\cubicacion\app\Controllers\Cajas.php(154): view('cajas', Array)
#3 C:\xampp\htdocs\cubicacion\system\CodeIgniter.php(832): App\Controllers\Cajas->insertar()
#4 C:\xampp\htdocs\cubicacion\system\CodeIgniter.php(419): CodeIgniter\CodeIgniter->runController(Object(App\Controllers\Cajas))
#5 C:\xampp\htdocs\cubicacion\system\CodeIgniter.php(326): CodeIgniter\CodeIgniter->handleRequest(NULL, Object(Config\Cache), false)
#6 C:\xampp\htdocs\cubicacion\public\index.php(37): CodeIgniter\CodeIgniter->run()
#7 {main}
CRITICAL - 2023-06-05 20:09:23 --> Undefined variable $titulo
#0 C:\xampp\htdocs\cubicacion\app\Views\cajas\cajas.php(9): CodeIgniter\Debug\Exceptions->errorHandler(2, 'Undefined varia...', 'C:\\xampp\\htdocs...', 9)
#1 C:\xampp\htdocs\cubicacion\system\View\View.php(210): include('C:\\xampp\\htdocs...')
#2 C:\xampp\htdocs\cubicacion\system\View\View.php(213): CodeIgniter\View\View->CodeIgniter\View\{closure}()
#3 C:\xampp\htdocs\cubicacion\system\Common.php(1089): CodeIgniter\View\View->render('cajas/cajas', Array, true)
#4 C:\xampp\htdocs\cubicacion\app\Controllers\Cajas.php(154): view('cajas/cajas', Array)
#5 C:\xampp\htdocs\cubicacion\system\CodeIgniter.php(832): App\Controllers\Cajas->insertar()
#6 C:\xampp\htdocs\cubicacion\system\CodeIgniter.php(419): CodeIgniter\CodeIgniter->runController(Object(App\Controllers\Cajas))
#7 C:\xampp\htdocs\cubicacion\system\CodeIgniter.php(326): CodeIgniter\CodeIgniter->handleRequest(NULL, Object(Config\Cache), false)
#8 C:\xampp\htdocs\cubicacion\public\index.php(37): CodeIgniter\CodeIgniter->run()
#9 {main}
CRITICAL - 2023-06-05 20:11:05 --> Undefined variable $titulo
#0 C:\xampp\htdocs\cubicacion\app\Views\cajas\cajas.php(9): CodeIgniter\Debug\Exceptions->errorHandler(2, 'Undefined varia...', 'C:\\xampp\\htdocs...', 9)
#1 C:\xampp\htdocs\cubicacion\system\View\View.php(210): include('C:\\xampp\\htdocs...')
#2 C:\xampp\htdocs\cubicacion\system\View\View.php(213): CodeIgniter\View\View->CodeIgniter\View\{closure}()
#3 C:\xampp\htdocs\cubicacion\system\Common.php(1089): CodeIgniter\View\View->render('cajas/cajas', Array, true)
#4 C:\xampp\htdocs\cubicacion\app\Controllers\Cajas.php(154): view('cajas/cajas', Array)
#5 C:\xampp\htdocs\cubicacion\system\CodeIgniter.php(832): App\Controllers\Cajas->insertar()
#6 C:\xampp\htdocs\cubicacion\system\CodeIgniter.php(419): CodeIgniter\CodeIgniter->runController(Object(App\Controllers\Cajas))
#7 C:\xampp\htdocs\cubicacion\system\CodeIgniter.php(326): CodeIgniter\CodeIgniter->handleRequest(NULL, Object(Config\Cache), false)
#8 C:\xampp\htdocs\cubicacion\public\index.php(37): CodeIgniter\CodeIgniter->run()
#9 {main}
CRITICAL - 2023-06-05 20:11:53 --> Undefined variable $titulo
#0 C:\xampp\htdocs\cubicacion\app\Views\cajas\cajas.php(9): CodeIgniter\Debug\Exceptions->errorHandler(2, 'Undefined varia...', 'C:\\xampp\\htdocs...', 9)
#1 C:\xampp\htdocs\cubicacion\system\View\View.php(210): include('C:\\xampp\\htdocs...')
#2 C:\xampp\htdocs\cubicacion\system\View\View.php(213): CodeIgniter\View\View->CodeIgniter\View\{closure}()
#3 C:\xampp\htdocs\cubicacion\system\Common.php(1089): CodeIgniter\View\View->render('cajas/cajas', Array, true)
#4 C:\xampp\htdocs\cubicacion\app\Controllers\Cajas.php(154): view('cajas/cajas', Array)
#5 C:\xampp\htdocs\cubicacion\system\CodeIgniter.php(832): App\Controllers\Cajas->insertar()
#6 C:\xampp\htdocs\cubicacion\system\CodeIgniter.php(419): CodeIgniter\CodeIgniter->runController(Object(App\Controllers\Cajas))
#7 C:\xampp\htdocs\cubicacion\system\CodeIgniter.php(326): CodeIgniter\CodeIgniter->handleRequest(NULL, Object(Config\Cache), false)
#8 C:\xampp\htdocs\cubicacion\public\index.php(37): CodeIgniter\CodeIgniter->run()
#9 {main}
CRITICAL - 2023-06-05 20:18:18 --> Undefined variable $titulo
#0 C:\xampp\htdocs\cubicacion\app\Views\cajas\cajas.php(12): CodeIgniter\Debug\Exceptions->errorHandler(2, 'Undefined varia...', 'C:\\xampp\\htdocs...', 12)
#1 C:\xampp\htdocs\cubicacion\system\View\View.php(210): include('C:\\xampp\\htdocs...')
#2 C:\xampp\htdocs\cubicacion\system\View\View.php(213): CodeIgniter\View\View->CodeIgniter\View\{closure}()
#3 C:\xampp\htdocs\cubicacion\system\Common.php(1089): CodeIgniter\View\View->render('cajas/cajas', Array, true)
#4 C:\xampp\htdocs\cubicacion\app\Controllers\Cajas.php(154): view('cajas/cajas', Array)
#5 C:\xampp\htdocs\cubicacion\system\CodeIgniter.php(832): App\Controllers\Cajas->insertar()
#6 C:\xampp\htdocs\cubicacion\system\CodeIgniter.php(419): CodeIgniter\CodeIgniter->runController(Object(App\Controllers\Cajas))
#7 C:\xampp\htdocs\cubicacion\system\CodeIgniter.php(326): CodeIgniter\CodeIgniter->handleRequest(NULL, Object(Config\Cache), false)
#8 C:\xampp\htdocs\cubicacion\public\index.php(37): CodeIgniter\CodeIgniter->run()
#9 {main}
CRITICAL - 2023-06-05 20:19:35 --> Undefined variable $titulo
#0 C:\xampp\htdocs\cubicacion\app\Views\cajas\cajas.php(9): CodeIgniter\Debug\Exceptions->errorHandler(2, 'Undefined varia...', 'C:\\xampp\\htdocs...', 9)
#1 C:\xampp\htdocs\cubicacion\system\View\View.php(210): include('C:\\xampp\\htdocs...')
#2 C:\xampp\htdocs\cubicacion\system\View\View.php(213): CodeIgniter\View\View->CodeIgniter\View\{closure}()
#3 C:\xampp\htdocs\cubicacion\system\Common.php(1089): CodeIgniter\View\View->render('cajas/cajas', Array, true)
#4 C:\xampp\htdocs\cubicacion\app\Controllers\Cajas.php(154): view('cajas/cajas', Array)
#5 C:\xampp\htdocs\cubicacion\system\CodeIgniter.php(832): App\Controllers\Cajas->insertar()
#6 C:\xampp\htdocs\cubicacion\system\CodeIgniter.php(419): CodeIgniter\CodeIgniter->runController(Object(App\Controllers\Cajas))
#7 C:\xampp\htdocs\cubicacion\system\CodeIgniter.php(326): CodeIgniter\CodeIgniter->handleRequest(NULL, Object(Config\Cache), false)
#8 C:\xampp\htdocs\cubicacion\public\index.php(37): CodeIgniter\CodeIgniter->run()
#9 {main}
CRITICAL - 2023-06-05 20:20:28 --> Undefined variable $datos
#0 C:\xampp\htdocs\cubicacion\app\Views\cajas\cajas.php(41): CodeIgniter\Debug\Exceptions->errorHandler(2, 'Undefined varia...', 'C:\\xampp\\htdocs...', 41)
#1 C:\xampp\htdocs\cubicacion\system\View\View.php(210): include('C:\\xampp\\htdocs...')
#2 C:\xampp\htdocs\cubicacion\system\View\View.php(213): CodeIgniter\View\View->CodeIgniter\View\{closure}()
#3 C:\xampp\htdocs\cubicacion\system\Common.php(1089): CodeIgniter\View\View->render('cajas/cajas', Array, true)
#4 C:\xampp\htdocs\cubicacion\app\Controllers\Cajas.php(154): view('cajas/cajas', Array)
#5 C:\xampp\htdocs\cubicacion\system\CodeIgniter.php(832): App\Controllers\Cajas->insertar()
#6 C:\xampp\htdocs\cubicacion\system\CodeIgniter.php(419): CodeIgniter\CodeIgniter->runController(Object(App\Controllers\Cajas))
#7 C:\xampp\htdocs\cubicacion\system\CodeIgniter.php(326): CodeIgniter\CodeIgniter->handleRequest(NULL, Object(Config\Cache), false)
#8 C:\xampp\htdocs\cubicacion\public\index.php(37): CodeIgniter\CodeIgniter->run()
#9 {main}
CRITICAL - 2023-06-05 20:21:48 --> Undefined variable $titulo
#0 C:\xampp\htdocs\cubicacion\app\Views\cajas\cajas.php(9): CodeIgniter\Debug\Exceptions->errorHandler(2, 'Undefined varia...', 'C:\\xampp\\htdocs...', 9)
#1 C:\xampp\htdocs\cubicacion\system\View\View.php(210): include('C:\\xampp\\htdocs...')
#2 C:\xampp\htdocs\cubicacion\system\View\View.php(213): CodeIgniter\View\View->CodeIgniter\View\{closure}()
#3 C:\xampp\htdocs\cubicacion\system\Common.php(1089): CodeIgniter\View\View->render('cajas/cajas', Array, true)
#4 C:\xampp\htdocs\cubicacion\app\Controllers\Cajas.php(154): view('cajas/cajas', Array)
#5 C:\xampp\htdocs\cubicacion\system\CodeIgniter.php(832): App\Controllers\Cajas->insertar()
#6 C:\xampp\htdocs\cubicacion\system\CodeIgniter.php(419): CodeIgniter\CodeIgniter->runController(Object(App\Controllers\Cajas))
#7 C:\xampp\htdocs\cubicacion\system\CodeIgniter.php(326): CodeIgniter\CodeIgniter->handleRequest(NULL, Object(Config\Cache), false)
#8 C:\xampp\htdocs\cubicacion\public\index.php(37): CodeIgniter\CodeIgniter->run()
#9 {main}
