CRITICAL - 2023-02-12 08:01:30 --> require(PHPMailer/src/Exception.php): Failed to open stream: No such file or directory
#0 C:\xampp\htdocs\cubicacion\app\Views\login.php(5): CodeIgniter\Debug\Exceptions->errorHandler(2, 'require(PHPMail...', 'C:\\xampp\\htdocs...', 5)
#1 C:\xampp\htdocs\cubicacion\app\Views\login.php(5): require()
#2 C:\xampp\htdocs\cubicacion\system\View\View.php(210): include('C:\\xampp\\htdocs...')
#3 C:\xampp\htdocs\cubicacion\system\View\View.php(213): CodeIgniter\View\View->CodeIgniter\View\{closure}()
#4 C:\xampp\htdocs\cubicacion\system\Common.php(1089): CodeIgniter\View\View->render('login', Array, true)
#5 C:\xampp\htdocs\cubicacion\app\Controllers\Usuarios.php(190): view('login')
#6 C:\xampp\htdocs\cubicacion\system\CodeIgniter.php(832): App\Controllers\Usuarios->login()
#7 C:\xampp\htdocs\cubicacion\system\CodeIgniter.php(419): CodeIgniter\CodeIgniter->runController(Object(App\Controllers\Usuarios))
#8 C:\xampp\htdocs\cubicacion\system\CodeIgniter.php(326): CodeIgniter\CodeIgniter->handleRequest(NULL, Object(Config\Cache), false)
#9 C:\xampp\htdocs\cubicacion\index.php(37): CodeIgniter\CodeIgniter->run()
#10 {main}
CRITICAL - 2023-02-12 08:02:05 --> require(/src/Exception.php): Failed to open stream: No such file or directory
#0 C:\xampp\htdocs\cubicacion\app\Views\login.php(5): CodeIgniter\Debug\Exceptions->errorHandler(2, 'require(/src/Ex...', 'C:\\xampp\\htdocs...', 5)
#1 C:\xampp\htdocs\cubicacion\app\Views\login.php(5): require()
#2 C:\xampp\htdocs\cubicacion\system\View\View.php(210): include('C:\\xampp\\htdocs...')
#3 C:\xampp\htdocs\cubicacion\system\View\View.php(213): CodeIgniter\View\View->CodeIgniter\View\{closure}()
#4 C:\xampp\htdocs\cubicacion\system\Common.php(1089): CodeIgniter\View\View->render('login', Array, true)
#5 C:\xampp\htdocs\cubicacion\app\Controllers\Usuarios.php(190): view('login')
#6 C:\xampp\htdocs\cubicacion\system\CodeIgniter.php(832): App\Controllers\Usuarios->login()
#7 C:\xampp\htdocs\cubicacion\system\CodeIgniter.php(419): CodeIgniter\CodeIgniter->runController(Object(App\Controllers\Usuarios))
#8 C:\xampp\htdocs\cubicacion\system\CodeIgniter.php(326): CodeIgniter\CodeIgniter->handleRequest(NULL, Object(Config\Cache), false)
#9 C:\xampp\htdocs\cubicacion\index.php(37): CodeIgniter\CodeIgniter->run()
#10 {main}
CRITICAL - 2023-02-12 08:03:10 --> require(PHPMailer/src/Exception.php): Failed to open stream: No such file or directory
#0 C:\xampp\htdocs\cubicacion\app\Views\login.php(5): CodeIgniter\Debug\Exceptions->errorHandler(2, 'require(PHPMail...', 'C:\\xampp\\htdocs...', 5)
#1 C:\xampp\htdocs\cubicacion\app\Views\login.php(5): require()
#2 C:\xampp\htdocs\cubicacion\system\View\View.php(210): include('C:\\xampp\\htdocs...')
#3 C:\xampp\htdocs\cubicacion\system\View\View.php(213): CodeIgniter\View\View->CodeIgniter\View\{closure}()
#4 C:\xampp\htdocs\cubicacion\system\Common.php(1089): CodeIgniter\View\View->render('login', Array, true)
#5 C:\xampp\htdocs\cubicacion\app\Controllers\Usuarios.php(190): view('login')
#6 C:\xampp\htdocs\cubicacion\system\CodeIgniter.php(832): App\Controllers\Usuarios->login()
#7 C:\xampp\htdocs\cubicacion\system\CodeIgniter.php(419): CodeIgniter\CodeIgniter->runController(Object(App\Controllers\Usuarios))
#8 C:\xampp\htdocs\cubicacion\system\CodeIgniter.php(326): CodeIgniter\CodeIgniter->handleRequest(NULL, Object(Config\Cache), false)
#9 C:\xampp\htdocs\cubicacion\index.php(37): CodeIgniter\CodeIgniter->run()
#10 {main}
CRITICAL - 2023-02-12 08:05:43 --> require(PHPMailer/src/Exception.php): Failed to open stream: No such file or directory
#0 C:\xampp\htdocs\cubicacion\app\Views\login.php(5): CodeIgniter\Debug\Exceptions->errorHandler(2, 'require(PHPMail...', 'C:\\xampp\\htdocs...', 5)
#1 C:\xampp\htdocs\cubicacion\app\Views\login.php(5): require()
#2 C:\xampp\htdocs\cubicacion\system\View\View.php(210): include('C:\\xampp\\htdocs...')
#3 C:\xampp\htdocs\cubicacion\system\View\View.php(213): CodeIgniter\View\View->CodeIgniter\View\{closure}()
#4 C:\xampp\htdocs\cubicacion\system\Common.php(1089): CodeIgniter\View\View->render('login', Array, true)
#5 C:\xampp\htdocs\cubicacion\app\Controllers\Usuarios.php(190): view('login')
#6 C:\xampp\htdocs\cubicacion\system\CodeIgniter.php(832): App\Controllers\Usuarios->login()
#7 C:\xampp\htdocs\cubicacion\system\CodeIgniter.php(419): CodeIgniter\CodeIgniter->runController(Object(App\Controllers\Usuarios))
#8 C:\xampp\htdocs\cubicacion\system\CodeIgniter.php(326): CodeIgniter\CodeIgniter->handleRequest(NULL, Object(Config\Cache), false)
#9 C:\xampp\htdocs\cubicacion\index.php(37): CodeIgniter\CodeIgniter->run()
#10 {main}
CRITICAL - 2023-02-12 08:05:52 --> require(PHPMailer/src/Exception.php): Failed to open stream: No such file or directory
#0 C:\xampp\htdocs\cubicacion\app\Views\login.php(5): CodeIgniter\Debug\Exceptions->errorHandler(2, 'require(PHPMail...', 'C:\\xampp\\htdocs...', 5)
#1 C:\xampp\htdocs\cubicacion\app\Views\login.php(5): require()
#2 C:\xampp\htdocs\cubicacion\system\View\View.php(210): include('C:\\xampp\\htdocs...')
#3 C:\xampp\htdocs\cubicacion\system\View\View.php(213): CodeIgniter\View\View->CodeIgniter\View\{closure}()
#4 C:\xampp\htdocs\cubicacion\system\Common.php(1089): CodeIgniter\View\View->render('login', Array, true)
#5 C:\xampp\htdocs\cubicacion\app\Controllers\Usuarios.php(190): view('login')
#6 C:\xampp\htdocs\cubicacion\system\CodeIgniter.php(832): App\Controllers\Usuarios->login()
#7 C:\xampp\htdocs\cubicacion\system\CodeIgniter.php(419): CodeIgniter\CodeIgniter->runController(Object(App\Controllers\Usuarios))
#8 C:\xampp\htdocs\cubicacion\system\CodeIgniter.php(326): CodeIgniter\CodeIgniter->handleRequest(NULL, Object(Config\Cache), false)
#9 C:\xampp\htdocs\cubicacion\index.php(37): CodeIgniter\CodeIgniter->run()
#10 {main}
CRITICAL - 2023-02-12 08:09:03 --> require(&lt;?php echo base_url(); ?&gt;/PHPMailer/src/Exception.php): Failed to open stream: No such file or directory
#0 C:\xampp\htdocs\cubicacion\app\Views\login.php(5): CodeIgniter\Debug\Exceptions->errorHandler(2, 'require(&lt;?ph...', 'C:\\xampp\\htdocs...', 5)
#1 C:\xampp\htdocs\cubicacion\app\Views\login.php(5): require()
#2 C:\xampp\htdocs\cubicacion\system\View\View.php(210): include('C:\\xampp\\htdocs...')
#3 C:\xampp\htdocs\cubicacion\system\View\View.php(213): CodeIgniter\View\View->CodeIgniter\View\{closure}()
#4 C:\xampp\htdocs\cubicacion\system\Common.php(1089): CodeIgniter\View\View->render('login', Array, true)
#5 C:\xampp\htdocs\cubicacion\app\Controllers\Usuarios.php(190): view('login')
#6 C:\xampp\htdocs\cubicacion\system\CodeIgniter.php(832): App\Controllers\Usuarios->login()
#7 C:\xampp\htdocs\cubicacion\system\CodeIgniter.php(419): CodeIgniter\CodeIgniter->runController(Object(App\Controllers\Usuarios))
#8 C:\xampp\htdocs\cubicacion\system\CodeIgniter.php(326): CodeIgniter\CodeIgniter->handleRequest(NULL, Object(Config\Cache), false)
#9 C:\xampp\htdocs\cubicacion\index.php(37): CodeIgniter\CodeIgniter->run()
#10 {main}
CRITICAL - 2023-02-12 08:09:25 --> require(&lt;?php echo base_url(); ?&gt;/PHPMailer/src/Exception.php): Failed to open stream: No such file or directory
#0 C:\xampp\htdocs\cubicacion\app\Views\login.php(5): CodeIgniter\Debug\Exceptions->errorHandler(2, 'require(&lt;?ph...', 'C:\\xampp\\htdocs...', 5)
#1 C:\xampp\htdocs\cubicacion\app\Views\login.php(5): require()
#2 C:\xampp\htdocs\cubicacion\system\View\View.php(210): include('C:\\xampp\\htdocs...')
#3 C:\xampp\htdocs\cubicacion\system\View\View.php(213): CodeIgniter\View\View->CodeIgniter\View\{closure}()
#4 C:\xampp\htdocs\cubicacion\system\Common.php(1089): CodeIgniter\View\View->render('login', Array, true)
#5 C:\xampp\htdocs\cubicacion\app\Controllers\Usuarios.php(190): view('login')
#6 C:\xampp\htdocs\cubicacion\system\CodeIgniter.php(832): App\Controllers\Usuarios->login()
#7 C:\xampp\htdocs\cubicacion\system\CodeIgniter.php(419): CodeIgniter\CodeIgniter->runController(Object(App\Controllers\Usuarios))
#8 C:\xampp\htdocs\cubicacion\system\CodeIgniter.php(326): CodeIgniter\CodeIgniter->handleRequest(NULL, Object(Config\Cache), false)
#9 C:\xampp\htdocs\cubicacion\index.php(37): CodeIgniter\CodeIgniter->run()
#10 {main}
CRITICAL - 2023-02-12 08:09:26 --> require(&lt;?php echo base_url(); ?&gt;/PHPMailer/src/Exception.php): Failed to open stream: No such file or directory
#0 C:\xampp\htdocs\cubicacion\app\Views\login.php(5): CodeIgniter\Debug\Exceptions->errorHandler(2, 'require(&lt;?ph...', 'C:\\xampp\\htdocs...', 5)
#1 C:\xampp\htdocs\cubicacion\app\Views\login.php(5): require()
#2 C:\xampp\htdocs\cubicacion\system\View\View.php(210): include('C:\\xampp\\htdocs...')
#3 C:\xampp\htdocs\cubicacion\system\View\View.php(213): CodeIgniter\View\View->CodeIgniter\View\{closure}()
#4 C:\xampp\htdocs\cubicacion\system\Common.php(1089): CodeIgniter\View\View->render('login', Array, true)
#5 C:\xampp\htdocs\cubicacion\app\Controllers\Usuarios.php(190): view('login')
#6 C:\xampp\htdocs\cubicacion\system\CodeIgniter.php(832): App\Controllers\Usuarios->login()
#7 C:\xampp\htdocs\cubicacion\system\CodeIgniter.php(419): CodeIgniter\CodeIgniter->runController(Object(App\Controllers\Usuarios))
#8 C:\xampp\htdocs\cubicacion\system\CodeIgniter.php(326): CodeIgniter\CodeIgniter->handleRequest(NULL, Object(Config\Cache), false)
#9 C:\xampp\htdocs\cubicacion\index.php(37): CodeIgniter\CodeIgniter->run()
#10 {main}
CRITICAL - 2023-02-12 08:09:27 --> require(&lt;?php echo base_url(); ?&gt;/PHPMailer/src/Exception.php): Failed to open stream: No such file or directory
#0 C:\xampp\htdocs\cubicacion\app\Views\login.php(5): CodeIgniter\Debug\Exceptions->errorHandler(2, 'require(&lt;?ph...', 'C:\\xampp\\htdocs...', 5)
#1 C:\xampp\htdocs\cubicacion\app\Views\login.php(5): require()
#2 C:\xampp\htdocs\cubicacion\system\View\View.php(210): include('C:\\xampp\\htdocs...')
#3 C:\xampp\htdocs\cubicacion\system\View\View.php(213): CodeIgniter\View\View->CodeIgniter\View\{closure}()
#4 C:\xampp\htdocs\cubicacion\system\Common.php(1089): CodeIgniter\View\View->render('login', Array, true)
#5 C:\xampp\htdocs\cubicacion\app\Controllers\Usuarios.php(190): view('login')
#6 C:\xampp\htdocs\cubicacion\system\CodeIgniter.php(832): App\Controllers\Usuarios->login()
#7 C:\xampp\htdocs\cubicacion\system\CodeIgniter.php(419): CodeIgniter\CodeIgniter->runController(Object(App\Controllers\Usuarios))
#8 C:\xampp\htdocs\cubicacion\system\CodeIgniter.php(326): CodeIgniter\CodeIgniter->handleRequest(NULL, Object(Config\Cache), false)
#9 C:\xampp\htdocs\cubicacion\index.php(37): CodeIgniter\CodeIgniter->run()
#10 {main}
CRITICAL - 2023-02-12 08:37:13 --> require(&lt;?php echo base_url(); ?&gt;/PHPMailer/src/Exception.php): Failed to open stream: No such file or directory
#0 C:\xampp\htdocs\cubicacion\app\Views\login.php(5): CodeIgniter\Debug\Exceptions->errorHandler(2, 'require(&lt;?ph...', 'C:\\xampp\\htdocs...', 5)
#1 C:\xampp\htdocs\cubicacion\app\Views\login.php(5): require()
#2 C:\xampp\htdocs\cubicacion\system\View\View.php(210): include('C:\\xampp\\htdocs...')
#3 C:\xampp\htdocs\cubicacion\system\View\View.php(213): CodeIgniter\View\View->CodeIgniter\View\{closure}()
#4 C:\xampp\htdocs\cubicacion\system\Common.php(1089): CodeIgniter\View\View->render('login', Array, true)
#5 C:\xampp\htdocs\cubicacion\app\Controllers\Usuarios.php(190): view('login')
#6 C:\xampp\htdocs\cubicacion\system\CodeIgniter.php(832): App\Controllers\Usuarios->login()
#7 C:\xampp\htdocs\cubicacion\system\CodeIgniter.php(419): CodeIgniter\CodeIgniter->runController(Object(App\Controllers\Usuarios))
#8 C:\xampp\htdocs\cubicacion\system\CodeIgniter.php(326): CodeIgniter\CodeIgniter->handleRequest(NULL, Object(Config\Cache), false)
#9 C:\xampp\htdocs\cubicacion\public\index.php(37): CodeIgniter\CodeIgniter->run()
#10 {main}
CRITICAL - 2023-02-12 08:48:52 --> Undefined variable $user_session
#0 C:\xampp\htdocs\cubicacion\app\Views\login.php(98): CodeIgniter\Debug\Exceptions->errorHandler(2, 'Undefined varia...', 'C:\\xampp\\htdocs...', 98)
#1 C:\xampp\htdocs\cubicacion\system\View\View.php(210): include('C:\\xampp\\htdocs...')
#2 C:\xampp\htdocs\cubicacion\system\View\View.php(213): CodeIgniter\View\View->CodeIgniter\View\{closure}()
#3 C:\xampp\htdocs\cubicacion\system\Common.php(1089): CodeIgniter\View\View->render('login', Array, true)
#4 C:\xampp\htdocs\cubicacion\app\Controllers\Usuarios.php(190): view('login')
#5 C:\xampp\htdocs\cubicacion\system\CodeIgniter.php(832): App\Controllers\Usuarios->login()
#6 C:\xampp\htdocs\cubicacion\system\CodeIgniter.php(419): CodeIgniter\CodeIgniter->runController(Object(App\Controllers\Usuarios))
#7 C:\xampp\htdocs\cubicacion\system\CodeIgniter.php(326): CodeIgniter\CodeIgniter->handleRequest(NULL, Object(Config\Cache), false)
#8 C:\xampp\htdocs\cubicacion\public\index.php(37): CodeIgniter\CodeIgniter->run()
#9 {main}
CRITICAL - 2023-02-12 10:26:06 --> Undefined variable $recaptchaResponse
#0 C:\xampp\htdocs\cubicacion\app\Views\login.php(18): CodeIgniter\Debug\Exceptions->errorHandler(2, 'Undefined varia...', 'C:\\xampp\\htdocs...', 18)
#1 C:\xampp\htdocs\cubicacion\system\View\View.php(210): include('C:\\xampp\\htdocs...')
#2 C:\xampp\htdocs\cubicacion\system\View\View.php(213): CodeIgniter\View\View->CodeIgniter\View\{closure}()
#3 C:\xampp\htdocs\cubicacion\system\Common.php(1089): CodeIgniter\View\View->render('login', Array, true)
#4 C:\xampp\htdocs\cubicacion\app\Controllers\Usuarios.php(227): view('login', Array)
#5 C:\xampp\htdocs\cubicacion\system\CodeIgniter.php(832): App\Controllers\Usuarios->valida()
#6 C:\xampp\htdocs\cubicacion\system\CodeIgniter.php(419): CodeIgniter\CodeIgniter->runController(Object(App\Controllers\Usuarios))
#7 C:\xampp\htdocs\cubicacion\system\CodeIgniter.php(326): CodeIgniter\CodeIgniter->handleRequest(NULL, Object(Config\Cache), false)
#8 C:\xampp\htdocs\cubicacion\public\index.php(37): CodeIgniter\CodeIgniter->run()
#9 {main}
CRITICAL - 2023-02-12 10:28:44 --> Undefined variable $secretkey
#0 C:\xampp\htdocs\cubicacion\app\Views\login.php(19): CodeIgniter\Debug\Exceptions->errorHandler(2, 'Undefined varia...', 'C:\\xampp\\htdocs...', 19)
#1 C:\xampp\htdocs\cubicacion\system\View\View.php(210): include('C:\\xampp\\htdocs...')
#2 C:\xampp\htdocs\cubicacion\system\View\View.php(213): CodeIgniter\View\View->CodeIgniter\View\{closure}()
#3 C:\xampp\htdocs\cubicacion\system\Common.php(1089): CodeIgniter\View\View->render('login', Array, true)
#4 C:\xampp\htdocs\cubicacion\app\Controllers\Usuarios.php(227): view('login', Array)
#5 C:\xampp\htdocs\cubicacion\system\CodeIgniter.php(832): App\Controllers\Usuarios->valida()
#6 C:\xampp\htdocs\cubicacion\system\CodeIgniter.php(419): CodeIgniter\CodeIgniter->runController(Object(App\Controllers\Usuarios))
#7 C:\xampp\htdocs\cubicacion\system\CodeIgniter.php(326): CodeIgniter\CodeIgniter->handleRequest(NULL, Object(Config\Cache), false)
#8 C:\xampp\htdocs\cubicacion\public\index.php(37): CodeIgniter\CodeIgniter->run()
#9 {main}
CRITICAL - 2023-02-12 10:40:44 --> Undefined array key "usuario"
#0 C:\xampp\htdocs\cubicacion\app\Views\login.php(7): CodeIgniter\Debug\Exceptions->errorHandler(2, 'Undefined array...', 'C:\\xampp\\htdocs...', 7)
#1 C:\xampp\htdocs\cubicacion\system\View\View.php(210): include('C:\\xampp\\htdocs...')
#2 C:\xampp\htdocs\cubicacion\system\View\View.php(213): CodeIgniter\View\View->CodeIgniter\View\{closure}()
#3 C:\xampp\htdocs\cubicacion\system\Common.php(1089): CodeIgniter\View\View->render('login', Array, true)
#4 C:\xampp\htdocs\cubicacion\app\Controllers\Usuarios.php(227): view('login', Array)
#5 C:\xampp\htdocs\cubicacion\system\CodeIgniter.php(832): App\Controllers\Usuarios->valida()
#6 C:\xampp\htdocs\cubicacion\system\CodeIgniter.php(419): CodeIgniter\CodeIgniter->runController(Object(App\Controllers\Usuarios))
#7 C:\xampp\htdocs\cubicacion\system\CodeIgniter.php(326): CodeIgniter\CodeIgniter->handleRequest(NULL, Object(Config\Cache), false)
#8 C:\xampp\htdocs\cubicacion\public\index.php(37): CodeIgniter\CodeIgniter->run()
#9 {main}
CRITICAL - 2023-02-12 10:40:59 --> Undefined variable $secretkey
#0 C:\xampp\htdocs\cubicacion\app\Views\login.php(17): CodeIgniter\Debug\Exceptions->errorHandler(2, 'Undefined varia...', 'C:\\xampp\\htdocs...', 17)
#1 C:\xampp\htdocs\cubicacion\system\View\View.php(210): include('C:\\xampp\\htdocs...')
#2 C:\xampp\htdocs\cubicacion\system\View\View.php(213): CodeIgniter\View\View->CodeIgniter\View\{closure}()
#3 C:\xampp\htdocs\cubicacion\system\Common.php(1089): CodeIgniter\View\View->render('login', Array, true)
#4 C:\xampp\htdocs\cubicacion\app\Controllers\Usuarios.php(218): view('login', Array)
#5 C:\xampp\htdocs\cubicacion\system\CodeIgniter.php(832): App\Controllers\Usuarios->valida()
#6 C:\xampp\htdocs\cubicacion\system\CodeIgniter.php(419): CodeIgniter\CodeIgniter->runController(Object(App\Controllers\Usuarios))
#7 C:\xampp\htdocs\cubicacion\system\CodeIgniter.php(326): CodeIgniter\CodeIgniter->handleRequest(NULL, Object(Config\Cache), false)
#8 C:\xampp\htdocs\cubicacion\public\index.php(37): CodeIgniter\CodeIgniter->run()
#9 {main}
CRITICAL - 2023-02-12 10:42:09 --> Undefined variable $secretkey
#0 C:\xampp\htdocs\cubicacion\app\Views\login.php(17): CodeIgniter\Debug\Exceptions->errorHandler(2, 'Undefined varia...', 'C:\\xampp\\htdocs...', 17)
#1 C:\xampp\htdocs\cubicacion\system\View\View.php(210): include('C:\\xampp\\htdocs...')
#2 C:\xampp\htdocs\cubicacion\system\View\View.php(213): CodeIgniter\View\View->CodeIgniter\View\{closure}()
#3 C:\xampp\htdocs\cubicacion\system\Common.php(1089): CodeIgniter\View\View->render('login', Array, true)
#4 C:\xampp\htdocs\cubicacion\app\Controllers\Usuarios.php(218): view('login', Array)
#5 C:\xampp\htdocs\cubicacion\system\CodeIgniter.php(832): App\Controllers\Usuarios->valida()
#6 C:\xampp\htdocs\cubicacion\system\CodeIgniter.php(419): CodeIgniter\CodeIgniter->runController(Object(App\Controllers\Usuarios))
#7 C:\xampp\htdocs\cubicacion\system\CodeIgniter.php(326): CodeIgniter\CodeIgniter->handleRequest(NULL, Object(Config\Cache), false)
#8 C:\xampp\htdocs\cubicacion\public\index.php(37): CodeIgniter\CodeIgniter->run()
#9 {main}
CRITICAL - 2023-02-12 10:42:46 --> Undefined variable $recaptchaResponse
#0 C:\xampp\htdocs\cubicacion\app\Views\login.php(16): CodeIgniter\Debug\Exceptions->errorHandler(2, 'Undefined varia...', 'C:\\xampp\\htdocs...', 16)
#1 C:\xampp\htdocs\cubicacion\system\View\View.php(210): include('C:\\xampp\\htdocs...')
#2 C:\xampp\htdocs\cubicacion\system\View\View.php(213): CodeIgniter\View\View->CodeIgniter\View\{closure}()
#3 C:\xampp\htdocs\cubicacion\system\Common.php(1089): CodeIgniter\View\View->render('login', Array, true)
#4 C:\xampp\htdocs\cubicacion\app\Controllers\Usuarios.php(218): view('login', Array)
#5 C:\xampp\htdocs\cubicacion\system\CodeIgniter.php(832): App\Controllers\Usuarios->valida()
#6 C:\xampp\htdocs\cubicacion\system\CodeIgniter.php(419): CodeIgniter\CodeIgniter->runController(Object(App\Controllers\Usuarios))
#7 C:\xampp\htdocs\cubicacion\system\CodeIgniter.php(326): CodeIgniter\CodeIgniter->handleRequest(NULL, Object(Config\Cache), false)
#8 C:\xampp\htdocs\cubicacion\public\index.php(37): CodeIgniter\CodeIgniter->run()
#9 {main}
CRITICAL - 2023-02-12 10:47:31 --> Undefined variable $recaptchaResponse
#0 C:\xampp\htdocs\cubicacion\app\Views\login.php(16): CodeIgniter\Debug\Exceptions->errorHandler(2, 'Undefined varia...', 'C:\\xampp\\htdocs...', 16)
#1 C:\xampp\htdocs\cubicacion\system\View\View.php(210): include('C:\\xampp\\htdocs...')
#2 C:\xampp\htdocs\cubicacion\system\View\View.php(213): CodeIgniter\View\View->CodeIgniter\View\{closure}()
#3 C:\xampp\htdocs\cubicacion\system\Common.php(1089): CodeIgniter\View\View->render('login', Array, true)
#4 C:\xampp\htdocs\cubicacion\app\Controllers\Usuarios.php(218): view('login', Array)
#5 C:\xampp\htdocs\cubicacion\system\CodeIgniter.php(832): App\Controllers\Usuarios->valida()
#6 C:\xampp\htdocs\cubicacion\system\CodeIgniter.php(419): CodeIgniter\CodeIgniter->runController(Object(App\Controllers\Usuarios))
#7 C:\xampp\htdocs\cubicacion\system\CodeIgniter.php(326): CodeIgniter\CodeIgniter->handleRequest(NULL, Object(Config\Cache), false)
#8 C:\xampp\htdocs\cubicacion\public\index.php(37): CodeIgniter\CodeIgniter->run()
#9 {main}
CRITICAL - 2023-02-12 12:17:06 --> Undefined variable $data
#0 C:\xampp\htdocs\cubicacion\app\Controllers\Usuarios.php(296): CodeIgniter\Debug\Exceptions->errorHandler(2, 'Undefined varia...', 'C:\\xampp\\htdocs...', 296)
#1 C:\xampp\htdocs\cubicacion\system\CodeIgniter.php(832): App\Controllers\Usuarios->valida()
#2 C:\xampp\htdocs\cubicacion\system\CodeIgniter.php(419): CodeIgniter\CodeIgniter->runController(Object(App\Controllers\Usuarios))
#3 C:\xampp\htdocs\cubicacion\system\CodeIgniter.php(326): CodeIgniter\CodeIgniter->handleRequest(NULL, Object(Config\Cache), false)
#4 C:\xampp\htdocs\cubicacion\public\index.php(37): CodeIgniter\CodeIgniter->run()
#5 {main}
