CRITICAL - 2022-12-13 08:32:15 --> Undefined variable $dato
#0 C:\xampp\htdocs\cubicacion\app\Views\sugerencias\sugerencias.php(41): CodeIgniter\Debug\Exceptions->errorHandler(2, 'Undefined varia...', 'C:\\xampp\\htdocs...', 41)
#1 C:\xampp\htdocs\cubicacion\system\View\View.php(210): include('C:\\xampp\\htdocs...')
#2 C:\xampp\htdocs\cubicacion\system\View\View.php(213): CodeIgniter\View\View->CodeIgniter\View\{closure}()
#3 C:\xampp\htdocs\cubicacion\system\Common.php(1089): CodeIgniter\View\View->render('sugerencias/sug...', Array, true)
#4 C:\xampp\htdocs\cubicacion\app\Controllers\Sugerencias.php(24): view('sugerencias/sug...', Array)
#5 C:\xampp\htdocs\cubicacion\system\CodeIgniter.php(832): App\Controllers\Sugerencias->index()
#6 C:\xampp\htdocs\cubicacion\system\CodeIgniter.php(419): CodeIgniter\CodeIgniter->runController(Object(App\Controllers\Sugerencias))
#7 C:\xampp\htdocs\cubicacion\system\CodeIgniter.php(326): CodeIgniter\CodeIgniter->handleRequest(NULL, Object(Config\Cache), false)
#8 C:\xampp\htdocs\cubicacion\public\index.php(37): CodeIgniter\CodeIgniter->run()
#9 {main}
CRITICAL - 2022-12-13 08:32:34 --> Undefined variable $dato
#0 C:\xampp\htdocs\cubicacion\app\Views\sugerencias\sugerencias.php(41): CodeIgniter\Debug\Exceptions->errorHandler(2, 'Undefined varia...', 'C:\\xampp\\htdocs...', 41)
#1 C:\xampp\htdocs\cubicacion\system\View\View.php(210): include('C:\\xampp\\htdocs...')
#2 C:\xampp\htdocs\cubicacion\system\View\View.php(213): CodeIgniter\View\View->CodeIgniter\View\{closure}()
#3 C:\xampp\htdocs\cubicacion\system\Common.php(1089): CodeIgniter\View\View->render('sugerencias/sug...', Array, true)
#4 C:\xampp\htdocs\cubicacion\app\Controllers\Sugerencias.php(24): view('sugerencias/sug...', Array)
#5 C:\xampp\htdocs\cubicacion\system\CodeIgniter.php(832): App\Controllers\Sugerencias->index()
#6 C:\xampp\htdocs\cubicacion\system\CodeIgniter.php(419): CodeIgniter\CodeIgniter->runController(Object(App\Controllers\Sugerencias))
#7 C:\xampp\htdocs\cubicacion\system\CodeIgniter.php(326): CodeIgniter\CodeIgniter->handleRequest(NULL, Object(Config\Cache), false)
#8 C:\xampp\htdocs\cubicacion\public\index.php(37): CodeIgniter\CodeIgniter->run()
#9 {main}
CRITICAL - 2022-12-13 08:37:47 --> Undefined variable $dato
#0 C:\xampp\htdocs\cubicacion\app\Views\sugerencias\sugerencias.php(41): CodeIgniter\Debug\Exceptions->errorHandler(2, 'Undefined varia...', 'C:\\xampp\\htdocs...', 41)
#1 C:\xampp\htdocs\cubicacion\system\View\View.php(210): include('C:\\xampp\\htdocs...')
#2 C:\xampp\htdocs\cubicacion\system\View\View.php(213): CodeIgniter\View\View->CodeIgniter\View\{closure}()
#3 C:\xampp\htdocs\cubicacion\system\Common.php(1089): CodeIgniter\View\View->render('sugerencias/sug...', Array, true)
#4 C:\xampp\htdocs\cubicacion\app\Controllers\Sugerencias.php(24): view('sugerencias/sug...', Array)
#5 C:\xampp\htdocs\cubicacion\system\CodeIgniter.php(832): App\Controllers\Sugerencias->index()
#6 C:\xampp\htdocs\cubicacion\system\CodeIgniter.php(419): CodeIgniter\CodeIgniter->runController(Object(App\Controllers\Sugerencias))
#7 C:\xampp\htdocs\cubicacion\system\CodeIgniter.php(326): CodeIgniter\CodeIgniter->handleRequest(NULL, Object(Config\Cache), false)
#8 C:\xampp\htdocs\cubicacion\public\index.php(37): CodeIgniter\CodeIgniter->run()
#9 {main}
CRITICAL - 2022-12-13 08:37:48 --> Undefined variable $dato
#0 C:\xampp\htdocs\cubicacion\app\Views\sugerencias\sugerencias.php(41): CodeIgniter\Debug\Exceptions->errorHandler(2, 'Undefined varia...', 'C:\\xampp\\htdocs...', 41)
#1 C:\xampp\htdocs\cubicacion\system\View\View.php(210): include('C:\\xampp\\htdocs...')
#2 C:\xampp\htdocs\cubicacion\system\View\View.php(213): CodeIgniter\View\View->CodeIgniter\View\{closure}()
#3 C:\xampp\htdocs\cubicacion\system\Common.php(1089): CodeIgniter\View\View->render('sugerencias/sug...', Array, true)
#4 C:\xampp\htdocs\cubicacion\app\Controllers\Sugerencias.php(24): view('sugerencias/sug...', Array)
#5 C:\xampp\htdocs\cubicacion\system\CodeIgniter.php(832): App\Controllers\Sugerencias->index()
#6 C:\xampp\htdocs\cubicacion\system\CodeIgniter.php(419): CodeIgniter\CodeIgniter->runController(Object(App\Controllers\Sugerencias))
#7 C:\xampp\htdocs\cubicacion\system\CodeIgniter.php(326): CodeIgniter\CodeIgniter->handleRequest(NULL, Object(Config\Cache), false)
#8 C:\xampp\htdocs\cubicacion\public\index.php(37): CodeIgniter\CodeIgniter->run()
#9 {main}
CRITICAL - 2022-12-13 08:37:49 --> Undefined variable $dato
#0 C:\xampp\htdocs\cubicacion\app\Views\sugerencias\sugerencias.php(41): CodeIgniter\Debug\Exceptions->errorHandler(2, 'Undefined varia...', 'C:\\xampp\\htdocs...', 41)
#1 C:\xampp\htdocs\cubicacion\system\View\View.php(210): include('C:\\xampp\\htdocs...')
#2 C:\xampp\htdocs\cubicacion\system\View\View.php(213): CodeIgniter\View\View->CodeIgniter\View\{closure}()
#3 C:\xampp\htdocs\cubicacion\system\Common.php(1089): CodeIgniter\View\View->render('sugerencias/sug...', Array, true)
#4 C:\xampp\htdocs\cubicacion\app\Controllers\Sugerencias.php(24): view('sugerencias/sug...', Array)
#5 C:\xampp\htdocs\cubicacion\system\CodeIgniter.php(832): App\Controllers\Sugerencias->index()
#6 C:\xampp\htdocs\cubicacion\system\CodeIgniter.php(419): CodeIgniter\CodeIgniter->runController(Object(App\Controllers\Sugerencias))
#7 C:\xampp\htdocs\cubicacion\system\CodeIgniter.php(326): CodeIgniter\CodeIgniter->handleRequest(NULL, Object(Config\Cache), false)
#8 C:\xampp\htdocs\cubicacion\public\index.php(37): CodeIgniter\CodeIgniter->run()
#9 {main}
CRITICAL - 2022-12-13 08:51:08 --> syntax error, unexpected variable "$id", expecting "," or ";"
#0 C:\xampp\htdocs\cubicacion\system\View\View.php(213): CodeIgniter\View\View->CodeIgniter\View\{closure}()
#1 C:\xampp\htdocs\cubicacion\system\Common.php(1089): CodeIgniter\View\View->render('sugerencias/nue...', Array, true)
#2 C:\xampp\htdocs\cubicacion\app\Controllers\Sugerencias.php(39): view('sugerencias/nue...')
#3 C:\xampp\htdocs\cubicacion\system\CodeIgniter.php(832): App\Controllers\Sugerencias->nuevo()
#4 C:\xampp\htdocs\cubicacion\system\CodeIgniter.php(419): CodeIgniter\CodeIgniter->runController(Object(App\Controllers\Sugerencias))
#5 C:\xampp\htdocs\cubicacion\system\CodeIgniter.php(326): CodeIgniter\CodeIgniter->handleRequest(NULL, Object(Config\Cache), false)
#6 C:\xampp\htdocs\cubicacion\public\index.php(37): CodeIgniter\CodeIgniter->run()
#7 {main}
CRITICAL - 2022-12-13 08:51:29 --> Undefined variable $id
#0 C:\xampp\htdocs\cubicacion\app\Views\sugerencias\nuevo.php(40): CodeIgniter\Debug\Exceptions->errorHandler(2, 'Undefined varia...', 'C:\\xampp\\htdocs...', 40)
#1 C:\xampp\htdocs\cubicacion\system\View\View.php(210): include('C:\\xampp\\htdocs...')
#2 C:\xampp\htdocs\cubicacion\system\View\View.php(213): CodeIgniter\View\View->CodeIgniter\View\{closure}()
#3 C:\xampp\htdocs\cubicacion\system\Common.php(1089): CodeIgniter\View\View->render('sugerencias/nue...', Array, true)
#4 C:\xampp\htdocs\cubicacion\app\Controllers\Sugerencias.php(39): view('sugerencias/nue...')
#5 C:\xampp\htdocs\cubicacion\system\CodeIgniter.php(832): App\Controllers\Sugerencias->nuevo()
#6 C:\xampp\htdocs\cubicacion\system\CodeIgniter.php(419): CodeIgniter\CodeIgniter->runController(Object(App\Controllers\Sugerencias))
#7 C:\xampp\htdocs\cubicacion\system\CodeIgniter.php(326): CodeIgniter\CodeIgniter->handleRequest(NULL, Object(Config\Cache), false)
#8 C:\xampp\htdocs\cubicacion\public\index.php(37): CodeIgniter\CodeIgniter->run()
#9 {main}
CRITICAL - 2022-12-13 08:51:31 --> Undefined variable $id
#0 C:\xampp\htdocs\cubicacion\app\Views\sugerencias\nuevo.php(40): CodeIgniter\Debug\Exceptions->errorHandler(2, 'Undefined varia...', 'C:\\xampp\\htdocs...', 40)
#1 C:\xampp\htdocs\cubicacion\system\View\View.php(210): include('C:\\xampp\\htdocs...')
#2 C:\xampp\htdocs\cubicacion\system\View\View.php(213): CodeIgniter\View\View->CodeIgniter\View\{closure}()
#3 C:\xampp\htdocs\cubicacion\system\Common.php(1089): CodeIgniter\View\View->render('sugerencias/nue...', Array, true)
#4 C:\xampp\htdocs\cubicacion\app\Controllers\Sugerencias.php(39): view('sugerencias/nue...')
#5 C:\xampp\htdocs\cubicacion\system\CodeIgniter.php(832): App\Controllers\Sugerencias->nuevo()
#6 C:\xampp\htdocs\cubicacion\system\CodeIgniter.php(419): CodeIgniter\CodeIgniter->runController(Object(App\Controllers\Sugerencias))
#7 C:\xampp\htdocs\cubicacion\system\CodeIgniter.php(326): CodeIgniter\CodeIgniter->handleRequest(NULL, Object(Config\Cache), false)
#8 C:\xampp\htdocs\cubicacion\public\index.php(37): CodeIgniter\CodeIgniter->run()
#9 {main}
CRITICAL - 2022-12-13 08:51:43 --> Undefined variable $id
#0 C:\xampp\htdocs\cubicacion\app\Views\sugerencias\nuevo.php(40): CodeIgniter\Debug\Exceptions->errorHandler(2, 'Undefined varia...', 'C:\\xampp\\htdocs...', 40)
#1 C:\xampp\htdocs\cubicacion\system\View\View.php(210): include('C:\\xampp\\htdocs...')
#2 C:\xampp\htdocs\cubicacion\system\View\View.php(213): CodeIgniter\View\View->CodeIgniter\View\{closure}()
#3 C:\xampp\htdocs\cubicacion\system\Common.php(1089): CodeIgniter\View\View->render('sugerencias/nue...', Array, true)
#4 C:\xampp\htdocs\cubicacion\app\Controllers\Sugerencias.php(39): view('sugerencias/nue...')
#5 C:\xampp\htdocs\cubicacion\system\CodeIgniter.php(832): App\Controllers\Sugerencias->nuevo()
#6 C:\xampp\htdocs\cubicacion\system\CodeIgniter.php(419): CodeIgniter\CodeIgniter->runController(Object(App\Controllers\Sugerencias))
#7 C:\xampp\htdocs\cubicacion\system\CodeIgniter.php(326): CodeIgniter\CodeIgniter->handleRequest(NULL, Object(Config\Cache), false)
#8 C:\xampp\htdocs\cubicacion\public\index.php(37): CodeIgniter\CodeIgniter->run()
#9 {main}
CRITICAL - 2022-12-13 09:03:20 --> Undefined variable $id
#0 C:\xampp\htdocs\cubicacion\app\Views\sugerencias\nuevo.php(40): CodeIgniter\Debug\Exceptions->errorHandler(2, 'Undefined varia...', 'C:\\xampp\\htdocs...', 40)
#1 C:\xampp\htdocs\cubicacion\system\View\View.php(210): include('C:\\xampp\\htdocs...')
#2 C:\xampp\htdocs\cubicacion\system\View\View.php(213): CodeIgniter\View\View->CodeIgniter\View\{closure}()
#3 C:\xampp\htdocs\cubicacion\system\Common.php(1089): CodeIgniter\View\View->render('sugerencias/nue...', Array, true)
#4 C:\xampp\htdocs\cubicacion\app\Controllers\Sugerencias.php(39): view('sugerencias/nue...')
#5 C:\xampp\htdocs\cubicacion\system\CodeIgniter.php(832): App\Controllers\Sugerencias->nuevo()
#6 C:\xampp\htdocs\cubicacion\system\CodeIgniter.php(419): CodeIgniter\CodeIgniter->runController(Object(App\Controllers\Sugerencias))
#7 C:\xampp\htdocs\cubicacion\system\CodeIgniter.php(326): CodeIgniter\CodeIgniter->handleRequest(NULL, Object(Config\Cache), false)
#8 C:\xampp\htdocs\cubicacion\public\index.php(37): CodeIgniter\CodeIgniter->run()
#9 {main}
CRITICAL - 2022-12-13 09:03:45 --> Undefined variable $img_producto
#0 C:\xampp\htdocs\cubicacion\app\Views\sugerencias\nuevo.php(40): CodeIgniter\Debug\Exceptions->errorHandler(2, 'Undefined varia...', 'C:\\xampp\\htdocs...', 40)
#1 C:\xampp\htdocs\cubicacion\system\View\View.php(210): include('C:\\xampp\\htdocs...')
#2 C:\xampp\htdocs\cubicacion\system\View\View.php(213): CodeIgniter\View\View->CodeIgniter\View\{closure}()
#3 C:\xampp\htdocs\cubicacion\system\Common.php(1089): CodeIgniter\View\View->render('sugerencias/nue...', Array, true)
#4 C:\xampp\htdocs\cubicacion\app\Controllers\Sugerencias.php(39): view('sugerencias/nue...')
#5 C:\xampp\htdocs\cubicacion\system\CodeIgniter.php(832): App\Controllers\Sugerencias->nuevo()
#6 C:\xampp\htdocs\cubicacion\system\CodeIgniter.php(419): CodeIgniter\CodeIgniter->runController(Object(App\Controllers\Sugerencias))
#7 C:\xampp\htdocs\cubicacion\system\CodeIgniter.php(326): CodeIgniter\CodeIgniter->handleRequest(NULL, Object(Config\Cache), false)
#8 C:\xampp\htdocs\cubicacion\public\index.php(37): CodeIgniter\CodeIgniter->run()
#9 {main}
CRITICAL - 2022-12-13 09:03:58 --> Undefined variable $img_producto
#0 C:\xampp\htdocs\cubicacion\app\Views\sugerencias\nuevo.php(40): CodeIgniter\Debug\Exceptions->errorHandler(2, 'Undefined varia...', 'C:\\xampp\\htdocs...', 40)
#1 C:\xampp\htdocs\cubicacion\system\View\View.php(210): include('C:\\xampp\\htdocs...')
#2 C:\xampp\htdocs\cubicacion\system\View\View.php(213): CodeIgniter\View\View->CodeIgniter\View\{closure}()
#3 C:\xampp\htdocs\cubicacion\system\Common.php(1089): CodeIgniter\View\View->render('sugerencias/nue...', Array, true)
#4 C:\xampp\htdocs\cubicacion\app\Controllers\Sugerencias.php(39): view('sugerencias/nue...')
#5 C:\xampp\htdocs\cubicacion\system\CodeIgniter.php(832): App\Controllers\Sugerencias->nuevo()
#6 C:\xampp\htdocs\cubicacion\system\CodeIgniter.php(419): CodeIgniter\CodeIgniter->runController(Object(App\Controllers\Sugerencias))
#7 C:\xampp\htdocs\cubicacion\system\CodeIgniter.php(326): CodeIgniter\CodeIgniter->handleRequest(NULL, Object(Config\Cache), false)
#8 C:\xampp\htdocs\cubicacion\public\index.php(37): CodeIgniter\CodeIgniter->run()
#9 {main}
CRITICAL - 2022-12-13 09:08:46 --> Undefined variable $id
#0 C:\xampp\htdocs\cubicacion\app\Views\sugerencias\nuevo.php(40): CodeIgniter\Debug\Exceptions->errorHandler(2, 'Undefined varia...', 'C:\\xampp\\htdocs...', 40)
#1 C:\xampp\htdocs\cubicacion\system\View\View.php(210): include('C:\\xampp\\htdocs...')
#2 C:\xampp\htdocs\cubicacion\system\View\View.php(213): CodeIgniter\View\View->CodeIgniter\View\{closure}()
#3 C:\xampp\htdocs\cubicacion\system\Common.php(1089): CodeIgniter\View\View->render('sugerencias/nue...', Array, true)
#4 C:\xampp\htdocs\cubicacion\app\Controllers\Sugerencias.php(39): view('sugerencias/nue...')
#5 C:\xampp\htdocs\cubicacion\system\CodeIgniter.php(832): App\Controllers\Sugerencias->nuevo()
#6 C:\xampp\htdocs\cubicacion\system\CodeIgniter.php(419): CodeIgniter\CodeIgniter->runController(Object(App\Controllers\Sugerencias))
#7 C:\xampp\htdocs\cubicacion\system\CodeIgniter.php(326): CodeIgniter\CodeIgniter->handleRequest(NULL, Object(Config\Cache), false)
#8 C:\xampp\htdocs\cubicacion\public\index.php(37): CodeIgniter\CodeIgniter->run()
#9 {main}
CRITICAL - 2022-12-13 09:09:57 --> Undefined variable $resultado
#0 C:\xampp\htdocs\cubicacion\app\Views\sugerencias\nuevo.php(40): CodeIgniter\Debug\Exceptions->errorHandler(2, 'Undefined varia...', 'C:\\xampp\\htdocs...', 40)
#1 C:\xampp\htdocs\cubicacion\system\View\View.php(210): include('C:\\xampp\\htdocs...')
#2 C:\xampp\htdocs\cubicacion\system\View\View.php(213): CodeIgniter\View\View->CodeIgniter\View\{closure}()
#3 C:\xampp\htdocs\cubicacion\system\Common.php(1089): CodeIgniter\View\View->render('sugerencias/nue...', Array, true)
#4 C:\xampp\htdocs\cubicacion\app\Controllers\Sugerencias.php(39): view('sugerencias/nue...')
#5 C:\xampp\htdocs\cubicacion\system\CodeIgniter.php(832): App\Controllers\Sugerencias->nuevo()
#6 C:\xampp\htdocs\cubicacion\system\CodeIgniter.php(419): CodeIgniter\CodeIgniter->runController(Object(App\Controllers\Sugerencias))
#7 C:\xampp\htdocs\cubicacion\system\CodeIgniter.php(326): CodeIgniter\CodeIgniter->handleRequest(NULL, Object(Config\Cache), false)
#8 C:\xampp\htdocs\cubicacion\public\index.php(37): CodeIgniter\CodeIgniter->run()
#9 {main}
CRITICAL - 2022-12-13 09:10:02 --> Undefined variable $resultado
#0 C:\xampp\htdocs\cubicacion\app\Views\sugerencias\nuevo.php(40): CodeIgniter\Debug\Exceptions->errorHandler(2, 'Undefined varia...', 'C:\\xampp\\htdocs...', 40)
#1 C:\xampp\htdocs\cubicacion\system\View\View.php(210): include('C:\\xampp\\htdocs...')
#2 C:\xampp\htdocs\cubicacion\system\View\View.php(213): CodeIgniter\View\View->CodeIgniter\View\{closure}()
#3 C:\xampp\htdocs\cubicacion\system\Common.php(1089): CodeIgniter\View\View->render('sugerencias/nue...', Array, true)
#4 C:\xampp\htdocs\cubicacion\app\Controllers\Sugerencias.php(39): view('sugerencias/nue...')
#5 C:\xampp\htdocs\cubicacion\system\CodeIgniter.php(832): App\Controllers\Sugerencias->nuevo()
#6 C:\xampp\htdocs\cubicacion\system\CodeIgniter.php(419): CodeIgniter\CodeIgniter->runController(Object(App\Controllers\Sugerencias))
#7 C:\xampp\htdocs\cubicacion\system\CodeIgniter.php(326): CodeIgniter\CodeIgniter->handleRequest(NULL, Object(Config\Cache), false)
#8 C:\xampp\htdocs\cubicacion\public\index.php(37): CodeIgniter\CodeIgniter->run()
#9 {main}
CRITICAL - 2022-12-13 09:10:24 --> Undefined variable $dato
#0 C:\xampp\htdocs\cubicacion\app\Views\sugerencias\nuevo.php(40): CodeIgniter\Debug\Exceptions->errorHandler(2, 'Undefined varia...', 'C:\\xampp\\htdocs...', 40)
#1 C:\xampp\htdocs\cubicacion\system\View\View.php(210): include('C:\\xampp\\htdocs...')
#2 C:\xampp\htdocs\cubicacion\system\View\View.php(213): CodeIgniter\View\View->CodeIgniter\View\{closure}()
#3 C:\xampp\htdocs\cubicacion\system\Common.php(1089): CodeIgniter\View\View->render('sugerencias/nue...', Array, true)
#4 C:\xampp\htdocs\cubicacion\app\Controllers\Sugerencias.php(39): view('sugerencias/nue...')
#5 C:\xampp\htdocs\cubicacion\system\CodeIgniter.php(832): App\Controllers\Sugerencias->nuevo()
#6 C:\xampp\htdocs\cubicacion\system\CodeIgniter.php(419): CodeIgniter\CodeIgniter->runController(Object(App\Controllers\Sugerencias))
#7 C:\xampp\htdocs\cubicacion\system\CodeIgniter.php(326): CodeIgniter\CodeIgniter->handleRequest(NULL, Object(Config\Cache), false)
#8 C:\xampp\htdocs\cubicacion\public\index.php(37): CodeIgniter\CodeIgniter->run()
#9 {main}
CRITICAL - 2022-12-13 09:13:36 --> Undefined variable $dato
#0 C:\xampp\htdocs\cubicacion\app\Views\sugerencias\nuevo.php(40): CodeIgniter\Debug\Exceptions->errorHandler(2, 'Undefined varia...', 'C:\\xampp\\htdocs...', 40)
#1 C:\xampp\htdocs\cubicacion\system\View\View.php(210): include('C:\\xampp\\htdocs...')
#2 C:\xampp\htdocs\cubicacion\system\View\View.php(213): CodeIgniter\View\View->CodeIgniter\View\{closure}()
#3 C:\xampp\htdocs\cubicacion\system\Common.php(1089): CodeIgniter\View\View->render('sugerencias/nue...', Array, true)
#4 C:\xampp\htdocs\cubicacion\app\Controllers\Sugerencias.php(39): view('sugerencias/nue...')
#5 C:\xampp\htdocs\cubicacion\system\CodeIgniter.php(832): App\Controllers\Sugerencias->nuevo()
#6 C:\xampp\htdocs\cubicacion\system\CodeIgniter.php(419): CodeIgniter\CodeIgniter->runController(Object(App\Controllers\Sugerencias))
#7 C:\xampp\htdocs\cubicacion\system\CodeIgniter.php(326): CodeIgniter\CodeIgniter->handleRequest(NULL, Object(Config\Cache), false)
#8 C:\xampp\htdocs\cubicacion\public\index.php(37): CodeIgniter\CodeIgniter->run()
#9 {main}
CRITICAL - 2022-12-13 09:13:43 --> Undefined variable $dato
#0 C:\xampp\htdocs\cubicacion\app\Views\sugerencias\nuevo.php(40): CodeIgniter\Debug\Exceptions->errorHandler(2, 'Undefined varia...', 'C:\\xampp\\htdocs...', 40)
#1 C:\xampp\htdocs\cubicacion\system\View\View.php(210): include('C:\\xampp\\htdocs...')
#2 C:\xampp\htdocs\cubicacion\system\View\View.php(213): CodeIgniter\View\View->CodeIgniter\View\{closure}()
#3 C:\xampp\htdocs\cubicacion\system\Common.php(1089): CodeIgniter\View\View->render('sugerencias/nue...', Array, true)
#4 C:\xampp\htdocs\cubicacion\app\Controllers\Sugerencias.php(39): view('sugerencias/nue...')
#5 C:\xampp\htdocs\cubicacion\system\CodeIgniter.php(832): App\Controllers\Sugerencias->nuevo()
#6 C:\xampp\htdocs\cubicacion\system\CodeIgniter.php(419): CodeIgniter\CodeIgniter->runController(Object(App\Controllers\Sugerencias))
#7 C:\xampp\htdocs\cubicacion\system\CodeIgniter.php(326): CodeIgniter\CodeIgniter->handleRequest(NULL, Object(Config\Cache), false)
#8 C:\xampp\htdocs\cubicacion\public\index.php(37): CodeIgniter\CodeIgniter->run()
#9 {main}
CRITICAL - 2022-12-13 09:15:03 --> syntax error, unexpected single-quoted string "; ?>" width="100" />", expecting "," or ";"
#0 C:\xampp\htdocs\cubicacion\system\View\View.php(213): CodeIgniter\View\View->CodeIgniter\View\{closure}()
#1 C:\xampp\htdocs\cubicacion\system\Common.php(1089): CodeIgniter\View\View->render('sugerencias/nue...', Array, true)
#2 C:\xampp\htdocs\cubicacion\app\Controllers\Sugerencias.php(39): view('sugerencias/nue...')
#3 C:\xampp\htdocs\cubicacion\system\CodeIgniter.php(832): App\Controllers\Sugerencias->nuevo()
#4 C:\xampp\htdocs\cubicacion\system\CodeIgniter.php(419): CodeIgniter\CodeIgniter->runController(Object(App\Controllers\Sugerencias))
#5 C:\xampp\htdocs\cubicacion\system\CodeIgniter.php(326): CodeIgniter\CodeIgniter->handleRequest(NULL, Object(Config\Cache), false)
#6 C:\xampp\htdocs\cubicacion\public\index.php(37): CodeIgniter\CodeIgniter->run()
#7 {main}
CRITICAL - 2022-12-13 09:16:18 --> syntax error, unexpected single-quoted string "; ?>" width="100" />", expecting "," or ";"
#0 C:\xampp\htdocs\cubicacion\system\View\View.php(213): CodeIgniter\View\View->CodeIgniter\View\{closure}()
#1 C:\xampp\htdocs\cubicacion\system\Common.php(1089): CodeIgniter\View\View->render('sugerencias/nue...', Array, true)
#2 C:\xampp\htdocs\cubicacion\app\Controllers\Sugerencias.php(39): view('sugerencias/nue...')
#3 C:\xampp\htdocs\cubicacion\system\CodeIgniter.php(832): App\Controllers\Sugerencias->nuevo()
#4 C:\xampp\htdocs\cubicacion\system\CodeIgniter.php(419): CodeIgniter\CodeIgniter->runController(Object(App\Controllers\Sugerencias))
#5 C:\xampp\htdocs\cubicacion\system\CodeIgniter.php(326): CodeIgniter\CodeIgniter->handleRequest(NULL, Object(Config\Cache), false)
#6 C:\xampp\htdocs\cubicacion\public\index.php(37): CodeIgniter\CodeIgniter->run()
#7 {main}
CRITICAL - 2022-12-13 09:16:51 --> syntax error, unexpected single-quoted string "; ?>" width="100" />", expecting "," or ";"
#0 C:\xampp\htdocs\cubicacion\system\View\View.php(213): CodeIgniter\View\View->CodeIgniter\View\{closure}()
#1 C:\xampp\htdocs\cubicacion\system\Common.php(1089): CodeIgniter\View\View->render('sugerencias/nue...', Array, true)
#2 C:\xampp\htdocs\cubicacion\app\Controllers\Sugerencias.php(39): view('sugerencias/nue...')
#3 C:\xampp\htdocs\cubicacion\system\CodeIgniter.php(832): App\Controllers\Sugerencias->nuevo()
#4 C:\xampp\htdocs\cubicacion\system\CodeIgniter.php(419): CodeIgniter\CodeIgniter->runController(Object(App\Controllers\Sugerencias))
#5 C:\xampp\htdocs\cubicacion\system\CodeIgniter.php(326): CodeIgniter\CodeIgniter->handleRequest(NULL, Object(Config\Cache), false)
#6 C:\xampp\htdocs\cubicacion\public\index.php(37): CodeIgniter\CodeIgniter->run()
#7 {main}
CRITICAL - 2022-12-13 09:18:02 --> syntax error, unexpected single-quoted string "; ?>" width="100" />", expecting "," or ";"
#0 C:\xampp\htdocs\cubicacion\system\View\View.php(213): CodeIgniter\View\View->CodeIgniter\View\{closure}()
#1 C:\xampp\htdocs\cubicacion\system\Common.php(1089): CodeIgniter\View\View->render('sugerencias/nue...', Array, true)
#2 C:\xampp\htdocs\cubicacion\app\Controllers\Sugerencias.php(39): view('sugerencias/nue...')
#3 C:\xampp\htdocs\cubicacion\system\CodeIgniter.php(832): App\Controllers\Sugerencias->nuevo()
#4 C:\xampp\htdocs\cubicacion\system\CodeIgniter.php(419): CodeIgniter\CodeIgniter->runController(Object(App\Controllers\Sugerencias))
#5 C:\xampp\htdocs\cubicacion\system\CodeIgniter.php(326): CodeIgniter\CodeIgniter->handleRequest(NULL, Object(Config\Cache), false)
#6 C:\xampp\htdocs\cubicacion\public\index.php(37): CodeIgniter\CodeIgniter->run()
#7 {main}
CRITICAL - 2022-12-13 09:19:52 --> syntax error, unexpected single-quoted string "; ?>" width="100" />", expecting "," or ";"
#0 C:\xampp\htdocs\cubicacion\system\View\View.php(213): CodeIgniter\View\View->CodeIgniter\View\{closure}()
#1 C:\xampp\htdocs\cubicacion\system\Common.php(1089): CodeIgniter\View\View->render('sugerencias/nue...', Array, true)
#2 C:\xampp\htdocs\cubicacion\app\Controllers\Sugerencias.php(39): view('sugerencias/nue...')
#3 C:\xampp\htdocs\cubicacion\system\CodeIgniter.php(832): App\Controllers\Sugerencias->nuevo()
#4 C:\xampp\htdocs\cubicacion\system\CodeIgniter.php(419): CodeIgniter\CodeIgniter->runController(Object(App\Controllers\Sugerencias))
#5 C:\xampp\htdocs\cubicacion\system\CodeIgniter.php(326): CodeIgniter\CodeIgniter->handleRequest(NULL, Object(Config\Cache), false)
#6 C:\xampp\htdocs\cubicacion\public\index.php(37): CodeIgniter\CodeIgniter->run()
#7 {main}
CRITICAL - 2022-12-13 09:19:54 --> syntax error, unexpected single-quoted string "; ?>" width="100" />", expecting "," or ";"
#0 C:\xampp\htdocs\cubicacion\system\View\View.php(213): CodeIgniter\View\View->CodeIgniter\View\{closure}()
#1 C:\xampp\htdocs\cubicacion\system\Common.php(1089): CodeIgniter\View\View->render('sugerencias/nue...', Array, true)
#2 C:\xampp\htdocs\cubicacion\app\Controllers\Sugerencias.php(39): view('sugerencias/nue...')
#3 C:\xampp\htdocs\cubicacion\system\CodeIgniter.php(832): App\Controllers\Sugerencias->nuevo()
#4 C:\xampp\htdocs\cubicacion\system\CodeIgniter.php(419): CodeIgniter\CodeIgniter->runController(Object(App\Controllers\Sugerencias))
#5 C:\xampp\htdocs\cubicacion\system\CodeIgniter.php(326): CodeIgniter\CodeIgniter->handleRequest(NULL, Object(Config\Cache), false)
#6 C:\xampp\htdocs\cubicacion\public\index.php(37): CodeIgniter\CodeIgniter->run()
#7 {main}
CRITICAL - 2022-12-13 09:21:03 --> syntax error, unexpected single-quoted string "; ?>" width="100" />", expecting "," or ";"
#0 C:\xampp\htdocs\cubicacion\system\View\View.php(213): CodeIgniter\View\View->CodeIgniter\View\{closure}()
#1 C:\xampp\htdocs\cubicacion\system\Common.php(1089): CodeIgniter\View\View->render('sugerencias/nue...', Array, true)
#2 C:\xampp\htdocs\cubicacion\app\Controllers\Sugerencias.php(39): view('sugerencias/nue...')
#3 C:\xampp\htdocs\cubicacion\system\CodeIgniter.php(832): App\Controllers\Sugerencias->nuevo()
#4 C:\xampp\htdocs\cubicacion\system\CodeIgniter.php(419): CodeIgniter\CodeIgniter->runController(Object(App\Controllers\Sugerencias))
#5 C:\xampp\htdocs\cubicacion\system\CodeIgniter.php(326): CodeIgniter\CodeIgniter->handleRequest(NULL, Object(Config\Cache), false)
#6 C:\xampp\htdocs\cubicacion\public\index.php(37): CodeIgniter\CodeIgniter->run()
#7 {main}
CRITICAL - 2022-12-13 09:21:05 --> syntax error, unexpected single-quoted string "; ?>" width="100" />", expecting "," or ";"
#0 C:\xampp\htdocs\cubicacion\system\View\View.php(213): CodeIgniter\View\View->CodeIgniter\View\{closure}()
#1 C:\xampp\htdocs\cubicacion\system\Common.php(1089): CodeIgniter\View\View->render('sugerencias/nue...', Array, true)
#2 C:\xampp\htdocs\cubicacion\app\Controllers\Sugerencias.php(39): view('sugerencias/nue...')
#3 C:\xampp\htdocs\cubicacion\system\CodeIgniter.php(832): App\Controllers\Sugerencias->nuevo()
#4 C:\xampp\htdocs\cubicacion\system\CodeIgniter.php(419): CodeIgniter\CodeIgniter->runController(Object(App\Controllers\Sugerencias))
#5 C:\xampp\htdocs\cubicacion\system\CodeIgniter.php(326): CodeIgniter\CodeIgniter->handleRequest(NULL, Object(Config\Cache), false)
#6 C:\xampp\htdocs\cubicacion\public\index.php(37): CodeIgniter\CodeIgniter->run()
#7 {main}
CRITICAL - 2022-12-13 09:21:20 --> syntax error, unexpected single-quoted string "; ?>" width="100" />", expecting "," or ";"
#0 C:\xampp\htdocs\cubicacion\system\View\View.php(213): CodeIgniter\View\View->CodeIgniter\View\{closure}()
#1 C:\xampp\htdocs\cubicacion\system\Common.php(1089): CodeIgniter\View\View->render('sugerencias/nue...', Array, true)
#2 C:\xampp\htdocs\cubicacion\app\Controllers\Sugerencias.php(39): view('sugerencias/nue...')
#3 C:\xampp\htdocs\cubicacion\system\CodeIgniter.php(832): App\Controllers\Sugerencias->nuevo()
#4 C:\xampp\htdocs\cubicacion\system\CodeIgniter.php(419): CodeIgniter\CodeIgniter->runController(Object(App\Controllers\Sugerencias))
#5 C:\xampp\htdocs\cubicacion\system\CodeIgniter.php(326): CodeIgniter\CodeIgniter->handleRequest(NULL, Object(Config\Cache), false)
#6 C:\xampp\htdocs\cubicacion\public\index.php(37): CodeIgniter\CodeIgniter->run()
#7 {main}
CRITICAL - 2022-12-13 09:21:46 --> syntax error, unexpected single-quoted string "; ?>" width="100" />", expecting "," or ";"
#0 C:\xampp\htdocs\cubicacion\system\View\View.php(213): CodeIgniter\View\View->CodeIgniter\View\{closure}()
#1 C:\xampp\htdocs\cubicacion\system\Common.php(1089): CodeIgniter\View\View->render('sugerencias/nue...', Array, true)
#2 C:\xampp\htdocs\cubicacion\app\Controllers\Sugerencias.php(39): view('sugerencias/nue...')
#3 C:\xampp\htdocs\cubicacion\system\CodeIgniter.php(832): App\Controllers\Sugerencias->nuevo()
#4 C:\xampp\htdocs\cubicacion\system\CodeIgniter.php(419): CodeIgniter\CodeIgniter->runController(Object(App\Controllers\Sugerencias))
#5 C:\xampp\htdocs\cubicacion\system\CodeIgniter.php(326): CodeIgniter\CodeIgniter->handleRequest(NULL, Object(Config\Cache), false)
#6 C:\xampp\htdocs\cubicacion\public\index.php(37): CodeIgniter\CodeIgniter->run()
#7 {main}
CRITICAL - 2022-12-13 09:23:55 --> Undefined variable $id
#0 C:\xampp\htdocs\cubicacion\app\Views\sugerencias\nuevo.php(40): CodeIgniter\Debug\Exceptions->errorHandler(2, 'Undefined varia...', 'C:\\xampp\\htdocs...', 40)
#1 C:\xampp\htdocs\cubicacion\system\View\View.php(210): include('C:\\xampp\\htdocs...')
#2 C:\xampp\htdocs\cubicacion\system\View\View.php(213): CodeIgniter\View\View->CodeIgniter\View\{closure}()
#3 C:\xampp\htdocs\cubicacion\system\Common.php(1089): CodeIgniter\View\View->render('sugerencias/nue...', Array, true)
#4 C:\xampp\htdocs\cubicacion\app\Controllers\Sugerencias.php(39): view('sugerencias/nue...')
#5 C:\xampp\htdocs\cubicacion\system\CodeIgniter.php(832): App\Controllers\Sugerencias->nuevo()
#6 C:\xampp\htdocs\cubicacion\system\CodeIgniter.php(419): CodeIgniter\CodeIgniter->runController(Object(App\Controllers\Sugerencias))
#7 C:\xampp\htdocs\cubicacion\system\CodeIgniter.php(326): CodeIgniter\CodeIgniter->handleRequest(NULL, Object(Config\Cache), false)
#8 C:\xampp\htdocs\cubicacion\public\index.php(37): CodeIgniter\CodeIgniter->run()
#9 {main}
CRITICAL - 2022-12-13 09:29:03 --> Undefined variable $id
#0 C:\xampp\htdocs\cubicacion\app\Views\sugerencias\nuevo.php(40): CodeIgniter\Debug\Exceptions->errorHandler(2, 'Undefined varia...', 'C:\\xampp\\htdocs...', 40)
#1 C:\xampp\htdocs\cubicacion\system\View\View.php(210): include('C:\\xampp\\htdocs...')
#2 C:\xampp\htdocs\cubicacion\system\View\View.php(213): CodeIgniter\View\View->CodeIgniter\View\{closure}()
#3 C:\xampp\htdocs\cubicacion\system\Common.php(1089): CodeIgniter\View\View->render('sugerencias/nue...', Array, true)
#4 C:\xampp\htdocs\cubicacion\app\Controllers\Sugerencias.php(39): view('sugerencias/nue...')
#5 C:\xampp\htdocs\cubicacion\system\CodeIgniter.php(832): App\Controllers\Sugerencias->nuevo()
#6 C:\xampp\htdocs\cubicacion\system\CodeIgniter.php(419): CodeIgniter\CodeIgniter->runController(Object(App\Controllers\Sugerencias))
#7 C:\xampp\htdocs\cubicacion\system\CodeIgniter.php(326): CodeIgniter\CodeIgniter->handleRequest(NULL, Object(Config\Cache), false)
#8 C:\xampp\htdocs\cubicacion\public\index.php(37): CodeIgniter\CodeIgniter->run()
#9 {main}
CRITICAL - 2022-12-13 09:34:40 --> Undefined variable $id
#0 C:\xampp\htdocs\cubicacion\app\Views\sugerencias\nuevo.php(103): CodeIgniter\Debug\Exceptions->errorHandler(2, 'Undefined varia...', 'C:\\xampp\\htdocs...', 103)
#1 C:\xampp\htdocs\cubicacion\system\View\View.php(210): include('C:\\xampp\\htdocs...')
#2 C:\xampp\htdocs\cubicacion\system\View\View.php(213): CodeIgniter\View\View->CodeIgniter\View\{closure}()
#3 C:\xampp\htdocs\cubicacion\system\Common.php(1089): CodeIgniter\View\View->render('sugerencias/nue...', Array, true)
#4 C:\xampp\htdocs\cubicacion\app\Controllers\Sugerencias.php(39): view('sugerencias/nue...')
#5 C:\xampp\htdocs\cubicacion\system\CodeIgniter.php(832): App\Controllers\Sugerencias->nuevo()
#6 C:\xampp\htdocs\cubicacion\system\CodeIgniter.php(419): CodeIgniter\CodeIgniter->runController(Object(App\Controllers\Sugerencias))
#7 C:\xampp\htdocs\cubicacion\system\CodeIgniter.php(326): CodeIgniter\CodeIgniter->handleRequest(NULL, Object(Config\Cache), false)
#8 C:\xampp\htdocs\cubicacion\public\index.php(37): CodeIgniter\CodeIgniter->run()
#9 {main}
CRITICAL - 2022-12-13 09:35:10 --> Undefined variable $id
#0 C:\xampp\htdocs\cubicacion\app\Views\sugerencias\nuevo.php(103): CodeIgniter\Debug\Exceptions->errorHandler(2, 'Undefined varia...', 'C:\\xampp\\htdocs...', 103)
#1 C:\xampp\htdocs\cubicacion\system\View\View.php(210): include('C:\\xampp\\htdocs...')
#2 C:\xampp\htdocs\cubicacion\system\View\View.php(213): CodeIgniter\View\View->CodeIgniter\View\{closure}()
#3 C:\xampp\htdocs\cubicacion\system\Common.php(1089): CodeIgniter\View\View->render('sugerencias/nue...', Array, true)
#4 C:\xampp\htdocs\cubicacion\app\Controllers\Sugerencias.php(39): view('sugerencias/nue...')
#5 C:\xampp\htdocs\cubicacion\system\CodeIgniter.php(832): App\Controllers\Sugerencias->nuevo()
#6 C:\xampp\htdocs\cubicacion\system\CodeIgniter.php(419): CodeIgniter\CodeIgniter->runController(Object(App\Controllers\Sugerencias))
#7 C:\xampp\htdocs\cubicacion\system\CodeIgniter.php(326): CodeIgniter\CodeIgniter->handleRequest(NULL, Object(Config\Cache), false)
#8 C:\xampp\htdocs\cubicacion\public\index.php(37): CodeIgniter\CodeIgniter->run()
#9 {main}
CRITICAL - 2022-12-13 09:37:02 --> Undefined variable $id
#0 C:\xampp\htdocs\cubicacion\app\Views\sugerencias\nuevo.php(103): CodeIgniter\Debug\Exceptions->errorHandler(2, 'Undefined varia...', 'C:\\xampp\\htdocs...', 103)
#1 C:\xampp\htdocs\cubicacion\system\View\View.php(210): include('C:\\xampp\\htdocs...')
#2 C:\xampp\htdocs\cubicacion\system\View\View.php(213): CodeIgniter\View\View->CodeIgniter\View\{closure}()
#3 C:\xampp\htdocs\cubicacion\system\Common.php(1089): CodeIgniter\View\View->render('sugerencias/nue...', Array, true)
#4 C:\xampp\htdocs\cubicacion\app\Controllers\Sugerencias.php(39): view('sugerencias/nue...')
#5 C:\xampp\htdocs\cubicacion\system\CodeIgniter.php(832): App\Controllers\Sugerencias->nuevo()
#6 C:\xampp\htdocs\cubicacion\system\CodeIgniter.php(419): CodeIgniter\CodeIgniter->runController(Object(App\Controllers\Sugerencias))
#7 C:\xampp\htdocs\cubicacion\system\CodeIgniter.php(326): CodeIgniter\CodeIgniter->handleRequest(NULL, Object(Config\Cache), false)
#8 C:\xampp\htdocs\cubicacion\public\index.php(37): CodeIgniter\CodeIgniter->run()
#9 {main}
CRITICAL - 2022-12-13 09:39:11 --> Undefined variable $id
#0 C:\xampp\htdocs\cubicacion\app\Views\sugerencias\nuevo.php(102): CodeIgniter\Debug\Exceptions->errorHandler(2, 'Undefined varia...', 'C:\\xampp\\htdocs...', 102)
#1 C:\xampp\htdocs\cubicacion\system\View\View.php(210): include('C:\\xampp\\htdocs...')
#2 C:\xampp\htdocs\cubicacion\system\View\View.php(213): CodeIgniter\View\View->CodeIgniter\View\{closure}()
#3 C:\xampp\htdocs\cubicacion\system\Common.php(1089): CodeIgniter\View\View->render('sugerencias/nue...', Array, true)
#4 C:\xampp\htdocs\cubicacion\app\Controllers\Sugerencias.php(39): view('sugerencias/nue...')
#5 C:\xampp\htdocs\cubicacion\system\CodeIgniter.php(832): App\Controllers\Sugerencias->nuevo()
#6 C:\xampp\htdocs\cubicacion\system\CodeIgniter.php(419): CodeIgniter\CodeIgniter->runController(Object(App\Controllers\Sugerencias))
#7 C:\xampp\htdocs\cubicacion\system\CodeIgniter.php(326): CodeIgniter\CodeIgniter->handleRequest(NULL, Object(Config\Cache), false)
#8 C:\xampp\htdocs\cubicacion\public\index.php(37): CodeIgniter\CodeIgniter->run()
#9 {main}
CRITICAL - 2022-12-13 09:39:43 --> Undefined variable $id
#0 C:\xampp\htdocs\cubicacion\app\Views\sugerencias\nuevo.php(102): CodeIgniter\Debug\Exceptions->errorHandler(2, 'Undefined varia...', 'C:\\xampp\\htdocs...', 102)
#1 C:\xampp\htdocs\cubicacion\system\View\View.php(210): include('C:\\xampp\\htdocs...')
#2 C:\xampp\htdocs\cubicacion\system\View\View.php(213): CodeIgniter\View\View->CodeIgniter\View\{closure}()
#3 C:\xampp\htdocs\cubicacion\system\Common.php(1089): CodeIgniter\View\View->render('sugerencias/nue...', Array, true)
#4 C:\xampp\htdocs\cubicacion\app\Controllers\Sugerencias.php(39): view('sugerencias/nue...')
#5 C:\xampp\htdocs\cubicacion\system\CodeIgniter.php(832): App\Controllers\Sugerencias->nuevo()
#6 C:\xampp\htdocs\cubicacion\system\CodeIgniter.php(419): CodeIgniter\CodeIgniter->runController(Object(App\Controllers\Sugerencias))
#7 C:\xampp\htdocs\cubicacion\system\CodeIgniter.php(326): CodeIgniter\CodeIgniter->handleRequest(NULL, Object(Config\Cache), false)
#8 C:\xampp\htdocs\cubicacion\public\index.php(37): CodeIgniter\CodeIgniter->run()
#9 {main}
CRITICAL - 2022-12-13 09:40:36 --> Undefined variable $id
#0 C:\xampp\htdocs\cubicacion\app\Views\sugerencias\nuevo.php(102): CodeIgniter\Debug\Exceptions->errorHandler(2, 'Undefined varia...', 'C:\\xampp\\htdocs...', 102)
#1 C:\xampp\htdocs\cubicacion\system\View\View.php(210): include('C:\\xampp\\htdocs...')
#2 C:\xampp\htdocs\cubicacion\system\View\View.php(213): CodeIgniter\View\View->CodeIgniter\View\{closure}()
#3 C:\xampp\htdocs\cubicacion\system\Common.php(1089): CodeIgniter\View\View->render('sugerencias/nue...', Array, true)
#4 C:\xampp\htdocs\cubicacion\app\Controllers\Sugerencias.php(39): view('sugerencias/nue...')
#5 C:\xampp\htdocs\cubicacion\system\CodeIgniter.php(832): App\Controllers\Sugerencias->nuevo()
#6 C:\xampp\htdocs\cubicacion\system\CodeIgniter.php(419): CodeIgniter\CodeIgniter->runController(Object(App\Controllers\Sugerencias))
#7 C:\xampp\htdocs\cubicacion\system\CodeIgniter.php(326): CodeIgniter\CodeIgniter->handleRequest(NULL, Object(Config\Cache), false)
#8 C:\xampp\htdocs\cubicacion\public\index.php(37): CodeIgniter\CodeIgniter->run()
#9 {main}
CRITICAL - 2022-12-13 09:40:38 --> Undefined variable $id
#0 C:\xampp\htdocs\cubicacion\app\Views\sugerencias\nuevo.php(102): CodeIgniter\Debug\Exceptions->errorHandler(2, 'Undefined varia...', 'C:\\xampp\\htdocs...', 102)
#1 C:\xampp\htdocs\cubicacion\system\View\View.php(210): include('C:\\xampp\\htdocs...')
#2 C:\xampp\htdocs\cubicacion\system\View\View.php(213): CodeIgniter\View\View->CodeIgniter\View\{closure}()
#3 C:\xampp\htdocs\cubicacion\system\Common.php(1089): CodeIgniter\View\View->render('sugerencias/nue...', Array, true)
#4 C:\xampp\htdocs\cubicacion\app\Controllers\Sugerencias.php(39): view('sugerencias/nue...')
#5 C:\xampp\htdocs\cubicacion\system\CodeIgniter.php(832): App\Controllers\Sugerencias->nuevo()
#6 C:\xampp\htdocs\cubicacion\system\CodeIgniter.php(419): CodeIgniter\CodeIgniter->runController(Object(App\Controllers\Sugerencias))
#7 C:\xampp\htdocs\cubicacion\system\CodeIgniter.php(326): CodeIgniter\CodeIgniter->handleRequest(NULL, Object(Config\Cache), false)
#8 C:\xampp\htdocs\cubicacion\public\index.php(37): CodeIgniter\CodeIgniter->run()
#9 {main}
