CRITICAL - 2022-10-23 07:44:11 --> There is no data to update.
#0 C:\xampp\htdocs\cubicacion\system\BaseModel.php(846): CodeIgniter\Database\Exceptions\DataException::forEmptyDataset('update')
#1 C:\xampp\htdocs\cubicacion\system\Model.php(651): CodeIgniter\BaseModel->update(Array, Array)
#2 C:\xampp\htdocs\cubicacion\app\Controllers\Cajas.php(144): CodeIgniter\Model->update('5', Array)
#3 C:\xampp\htdocs\cubicacion\system\CodeIgniter.php(832): App\Controllers\Cajas->eliminar('5')
#4 C:\xampp\htdocs\cubicacion\system\CodeIgniter.php(419): CodeIgniter\CodeIgniter->runController(Object(App\Controllers\Cajas))
#5 C:\xampp\htdocs\cubicacion\system\CodeIgniter.php(326): CodeIgniter\CodeIgniter->handleRequest(NULL, Object(Config\Cache), false)
#6 C:\xampp\htdocs\cubicacion\public\index.php(37): CodeIgniter\CodeIgniter->run()
#7 {main}
CRITICAL - 2022-10-23 08:06:30 --> There is no data to update.
#0 C:\xampp\htdocs\cubicacion\system\BaseModel.php(846): CodeIgniter\Database\Exceptions\DataException::forEmptyDataset('update')
#1 C:\xampp\htdocs\cubicacion\system\Model.php(651): CodeIgniter\BaseModel->update(Array, Array)
#2 C:\xampp\htdocs\cubicacion\app\Controllers\Cajas.php(144): CodeIgniter\Model->update('5', Array)
#3 C:\xampp\htdocs\cubicacion\system\CodeIgniter.php(832): App\Controllers\Cajas->eliminar('5')
#4 C:\xampp\htdocs\cubicacion\system\CodeIgniter.php(419): CodeIgniter\CodeIgniter->runController(Object(App\Controllers\Cajas))
#5 C:\xampp\htdocs\cubicacion\system\CodeIgniter.php(326): CodeIgniter\CodeIgniter->handleRequest(NULL, Object(Config\Cache), false)
#6 C:\xampp\htdocs\cubicacion\public\index.php(37): CodeIgniter\CodeIgniter->run()
#7 {main}
CRITICAL - 2022-10-23 08:06:52 --> There is no data to update.
#0 C:\xampp\htdocs\cubicacion\system\BaseModel.php(846): CodeIgniter\Database\Exceptions\DataException::forEmptyDataset('update')
#1 C:\xampp\htdocs\cubicacion\system\Model.php(651): CodeIgniter\BaseModel->update(Array, Array)
#2 C:\xampp\htdocs\cubicacion\app\Controllers\Vehiculos.php(67): CodeIgniter\Model->update('2', Array)
#3 C:\xampp\htdocs\cubicacion\system\CodeIgniter.php(832): App\Controllers\Vehiculos->eliminar('2')
#4 C:\xampp\htdocs\cubicacion\system\CodeIgniter.php(419): CodeIgniter\CodeIgniter->runController(Object(App\Controllers\Vehiculos))
#5 C:\xampp\htdocs\cubicacion\system\CodeIgniter.php(326): CodeIgniter\CodeIgniter->handleRequest(NULL, Object(Config\Cache), false)
#6 C:\xampp\htdocs\cubicacion\public\index.php(37): CodeIgniter\CodeIgniter->run()
#7 {main}
CRITICAL - 2022-10-23 08:46:00 --> Invalid file: usuarios/usuarios.php
#0 C:\xampp\htdocs\cubicacion\system\View\View.php(198): CodeIgniter\Exceptions\FrameworkException::forInvalidFile('usuarios/usuari...')
#1 C:\xampp\htdocs\cubicacion\system\Common.php(1089): CodeIgniter\View\View->render('usuarios/usuari...', Array, true)
#2 C:\xampp\htdocs\cubicacion\app\Controllers\Usuarios.php(66): view('usuarios/usuari...', Array)
#3 C:\xampp\htdocs\cubicacion\system\CodeIgniter.php(832): App\Controllers\Usuarios->index()
#4 C:\xampp\htdocs\cubicacion\system\CodeIgniter.php(419): CodeIgniter\CodeIgniter->runController(Object(App\Controllers\Usuarios))
#5 C:\xampp\htdocs\cubicacion\system\CodeIgniter.php(326): CodeIgniter\CodeIgniter->handleRequest(NULL, Object(Config\Cache), false)
#6 C:\xampp\htdocs\cubicacion\public\index.php(37): CodeIgniter\CodeIgniter->run()
#7 {main}
CRITICAL - 2022-10-23 08:47:13 --> Invalid file: usuarios/usuarios.php
#0 C:\xampp\htdocs\cubicacion\system\View\View.php(198): CodeIgniter\Exceptions\FrameworkException::forInvalidFile('usuarios/usuari...')
#1 C:\xampp\htdocs\cubicacion\system\Common.php(1089): CodeIgniter\View\View->render('usuarios/usuari...', Array, true)
#2 C:\xampp\htdocs\cubicacion\app\Controllers\Usuarios.php(66): view('usuarios/usuari...', Array)
#3 C:\xampp\htdocs\cubicacion\system\CodeIgniter.php(832): App\Controllers\Usuarios->index()
#4 C:\xampp\htdocs\cubicacion\system\CodeIgniter.php(419): CodeIgniter\CodeIgniter->runController(Object(App\Controllers\Usuarios))
#5 C:\xampp\htdocs\cubicacion\system\CodeIgniter.php(326): CodeIgniter\CodeIgniter->handleRequest(NULL, Object(Config\Cache), false)
#6 C:\xampp\htdocs\cubicacion\public\index.php(37): CodeIgniter\CodeIgniter->run()
#7 {main}
CRITICAL - 2022-10-23 09:01:44 --> Undefined variable $cajas
#0 C:\xampp\htdocs\cubicacion\app\Controllers\Usuarios.php(80): CodeIgniter\Debug\Exceptions->errorHandler(2, 'Undefined varia...', 'C:\\xampp\\htdocs...', 80)
#1 C:\xampp\htdocs\cubicacion\system\CodeIgniter.php(832): App\Controllers\Usuarios->nuevo()
#2 C:\xampp\htdocs\cubicacion\system\CodeIgniter.php(419): CodeIgniter\CodeIgniter->runController(Object(App\Controllers\Usuarios))
#3 C:\xampp\htdocs\cubicacion\system\CodeIgniter.php(326): CodeIgniter\CodeIgniter->handleRequest(NULL, Object(Config\Cache), false)
#4 C:\xampp\htdocs\cubicacion\public\index.php(37): CodeIgniter\CodeIgniter->run()
#5 {main}
CRITICAL - 2022-10-23 09:02:54 --> Undefined variable $cajas
#0 C:\xampp\htdocs\cubicacion\app\Views\usuarios\nuevo.php(36): CodeIgniter\Debug\Exceptions->errorHandler(2, 'Undefined varia...', 'C:\\xampp\\htdocs...', 36)
#1 C:\xampp\htdocs\cubicacion\system\View\View.php(210): include('C:\\xampp\\htdocs...')
#2 C:\xampp\htdocs\cubicacion\system\View\View.php(213): CodeIgniter\View\View->CodeIgniter\View\{closure}()
#3 C:\xampp\htdocs\cubicacion\system\Common.php(1089): CodeIgniter\View\View->render('usuarios/nuevo', Array, true)
#4 C:\xampp\htdocs\cubicacion\app\Controllers\Usuarios.php(83): view('usuarios/nuevo', Array)
#5 C:\xampp\htdocs\cubicacion\system\CodeIgniter.php(832): App\Controllers\Usuarios->nuevo()
#6 C:\xampp\htdocs\cubicacion\system\CodeIgniter.php(419): CodeIgniter\CodeIgniter->runController(Object(App\Controllers\Usuarios))
#7 C:\xampp\htdocs\cubicacion\system\CodeIgniter.php(326): CodeIgniter\CodeIgniter->handleRequest(NULL, Object(Config\Cache), false)
#8 C:\xampp\htdocs\cubicacion\public\index.php(37): CodeIgniter\CodeIgniter->run()
#9 {main}
CRITICAL - 2022-10-23 09:03:44 --> Undefined variable $cajas
#0 C:\xampp\htdocs\cubicacion\app\Views\usuarios\nuevo.php(36): CodeIgniter\Debug\Exceptions->errorHandler(2, 'Undefined varia...', 'C:\\xampp\\htdocs...', 36)
#1 C:\xampp\htdocs\cubicacion\system\View\View.php(210): include('C:\\xampp\\htdocs...')
#2 C:\xampp\htdocs\cubicacion\system\View\View.php(213): CodeIgniter\View\View->CodeIgniter\View\{closure}()
#3 C:\xampp\htdocs\cubicacion\system\Common.php(1089): CodeIgniter\View\View->render('usuarios/nuevo', Array, true)
#4 C:\xampp\htdocs\cubicacion\app\Controllers\Usuarios.php(83): view('usuarios/nuevo', Array)
#5 C:\xampp\htdocs\cubicacion\system\CodeIgniter.php(832): App\Controllers\Usuarios->nuevo()
#6 C:\xampp\htdocs\cubicacion\system\CodeIgniter.php(419): CodeIgniter\CodeIgniter->runController(Object(App\Controllers\Usuarios))
#7 C:\xampp\htdocs\cubicacion\system\CodeIgniter.php(326): CodeIgniter\CodeIgniter->handleRequest(NULL, Object(Config\Cache), false)
#8 C:\xampp\htdocs\cubicacion\public\index.php(37): CodeIgniter\CodeIgniter->run()
#9 {main}
CRITICAL - 2022-10-23 09:22:00 --> Undefined variable $cajs
#0 C:\xampp\htdocs\cubicacion\app\Views\usuarios\nuevo.php(52): CodeIgniter\Debug\Exceptions->errorHandler(2, 'Undefined varia...', 'C:\\xampp\\htdocs...', 52)
#1 C:\xampp\htdocs\cubicacion\system\View\View.php(210): include('C:\\xampp\\htdocs...')
#2 C:\xampp\htdocs\cubicacion\system\View\View.php(213): CodeIgniter\View\View->CodeIgniter\View\{closure}()
#3 C:\xampp\htdocs\cubicacion\system\Common.php(1089): CodeIgniter\View\View->render('usuarios/nuevo', Array, true)
#4 C:\xampp\htdocs\cubicacion\app\Controllers\Usuarios.php(89): view('usuarios/nuevo', Array)
#5 C:\xampp\htdocs\cubicacion\system\CodeIgniter.php(832): App\Controllers\Usuarios->nuevo()
#6 C:\xampp\htdocs\cubicacion\system\CodeIgniter.php(419): CodeIgniter\CodeIgniter->runController(Object(App\Controllers\Usuarios))
#7 C:\xampp\htdocs\cubicacion\system\CodeIgniter.php(326): CodeIgniter\CodeIgniter->handleRequest(NULL, Object(Config\Cache), false)
#8 C:\xampp\htdocs\cubicacion\public\index.php(37): CodeIgniter\CodeIgniter->run()
#9 {main}
CRITICAL - 2022-10-23 09:22:24 --> Undefined variable $cajas
#0 C:\xampp\htdocs\cubicacion\app\Views\usuarios\nuevo.php(52): CodeIgniter\Debug\Exceptions->errorHandler(2, 'Undefined varia...', 'C:\\xampp\\htdocs...', 52)
#1 C:\xampp\htdocs\cubicacion\system\View\View.php(210): include('C:\\xampp\\htdocs...')
#2 C:\xampp\htdocs\cubicacion\system\View\View.php(213): CodeIgniter\View\View->CodeIgniter\View\{closure}()
#3 C:\xampp\htdocs\cubicacion\system\Common.php(1089): CodeIgniter\View\View->render('usuarios/nuevo', Array, true)
#4 C:\xampp\htdocs\cubicacion\app\Controllers\Usuarios.php(89): view('usuarios/nuevo', Array)
#5 C:\xampp\htdocs\cubicacion\system\CodeIgniter.php(832): App\Controllers\Usuarios->nuevo()
#6 C:\xampp\htdocs\cubicacion\system\CodeIgniter.php(419): CodeIgniter\CodeIgniter->runController(Object(App\Controllers\Usuarios))
#7 C:\xampp\htdocs\cubicacion\system\CodeIgniter.php(326): CodeIgniter\CodeIgniter->handleRequest(NULL, Object(Config\Cache), false)
#8 C:\xampp\htdocs\cubicacion\public\index.php(37): CodeIgniter\CodeIgniter->run()
#9 {main}
CRITICAL - 2022-10-23 09:30:28 --> Undefined variable $cajs
#0 C:\xampp\htdocs\cubicacion\app\Views\usuarios\nuevo.php(52): CodeIgniter\Debug\Exceptions->errorHandler(2, 'Undefined varia...', 'C:\\xampp\\htdocs...', 52)
#1 C:\xampp\htdocs\cubicacion\system\View\View.php(210): include('C:\\xampp\\htdocs...')
#2 C:\xampp\htdocs\cubicacion\system\View\View.php(213): CodeIgniter\View\View->CodeIgniter\View\{closure}()
#3 C:\xampp\htdocs\cubicacion\system\Common.php(1089): CodeIgniter\View\View->render('usuarios/nuevo', Array, true)
#4 C:\xampp\htdocs\cubicacion\app\Controllers\Usuarios.php(89): view('usuarios/nuevo', Array)
#5 C:\xampp\htdocs\cubicacion\system\CodeIgniter.php(832): App\Controllers\Usuarios->nuevo()
#6 C:\xampp\htdocs\cubicacion\system\CodeIgniter.php(419): CodeIgniter\CodeIgniter->runController(Object(App\Controllers\Usuarios))
#7 C:\xampp\htdocs\cubicacion\system\CodeIgniter.php(326): CodeIgniter\CodeIgniter->handleRequest(NULL, Object(Config\Cache), false)
#8 C:\xampp\htdocs\cubicacion\public\index.php(37): CodeIgniter\CodeIgniter->run()
#9 {main}
CRITICAL - 2022-10-23 09:58:40 --> Undefined property: App\Controllers\Usuarios::$vehiculos
#0 C:\xampp\htdocs\cubicacion\app\Controllers\Usuarios.php(109): CodeIgniter\Debug\Exceptions->errorHandler(2, 'Undefined prope...', 'C:\\xampp\\htdocs...', 109)
#1 C:\xampp\htdocs\cubicacion\system\CodeIgniter.php(832): App\Controllers\Usuarios->insertar()
#2 C:\xampp\htdocs\cubicacion\system\CodeIgniter.php(419): CodeIgniter\CodeIgniter->runController(Object(App\Controllers\Usuarios))
#3 C:\xampp\htdocs\cubicacion\system\CodeIgniter.php(326): CodeIgniter\CodeIgniter->handleRequest(NULL, Object(Config\Cache), false)
#4 C:\xampp\htdocs\cubicacion\public\index.php(37): CodeIgniter\CodeIgniter->run()
#5 {main}
CRITICAL - 2022-10-23 10:06:06 --> Undefined variable $caj
#0 C:\xampp\htdocs\cubicacion\app\Controllers\Usuarios.php(110): CodeIgniter\Debug\Exceptions->errorHandler(2, 'Undefined varia...', 'C:\\xampp\\htdocs...', 110)
#1 C:\xampp\htdocs\cubicacion\system\CodeIgniter.php(832): App\Controllers\Usuarios->insertar()
#2 C:\xampp\htdocs\cubicacion\system\CodeIgniter.php(419): CodeIgniter\CodeIgniter->runController(Object(App\Controllers\Usuarios))
#3 C:\xampp\htdocs\cubicacion\system\CodeIgniter.php(326): CodeIgniter\CodeIgniter->handleRequest(NULL, Object(Config\Cache), false)
#4 C:\xampp\htdocs\cubicacion\public\index.php(37): CodeIgniter\CodeIgniter->run()
#5 {main}
CRITICAL - 2022-10-23 10:06:49 --> Undefined variable $caj
#0 C:\xampp\htdocs\cubicacion\app\Controllers\Usuarios.php(110): CodeIgniter\Debug\Exceptions->errorHandler(2, 'Undefined varia...', 'C:\\xampp\\htdocs...', 110)
#1 C:\xampp\htdocs\cubicacion\system\CodeIgniter.php(832): App\Controllers\Usuarios->insertar()
#2 C:\xampp\htdocs\cubicacion\system\CodeIgniter.php(419): CodeIgniter\CodeIgniter->runController(Object(App\Controllers\Usuarios))
#3 C:\xampp\htdocs\cubicacion\system\CodeIgniter.php(326): CodeIgniter\CodeIgniter->handleRequest(NULL, Object(Config\Cache), false)
#4 C:\xampp\htdocs\cubicacion\public\index.php(37): CodeIgniter\CodeIgniter->run()
#5 {main}
CRITICAL - 2022-10-23 10:07:31 --> Undefined variable $caj
#0 C:\xampp\htdocs\cubicacion\app\Controllers\Usuarios.php(110): CodeIgniter\Debug\Exceptions->errorHandler(2, 'Undefined varia...', 'C:\\xampp\\htdocs...', 110)
#1 C:\xampp\htdocs\cubicacion\system\CodeIgniter.php(832): App\Controllers\Usuarios->insertar()
#2 C:\xampp\htdocs\cubicacion\system\CodeIgniter.php(419): CodeIgniter\CodeIgniter->runController(Object(App\Controllers\Usuarios))
#3 C:\xampp\htdocs\cubicacion\system\CodeIgniter.php(326): CodeIgniter\CodeIgniter->handleRequest(NULL, Object(Config\Cache), false)
#4 C:\xampp\htdocs\cubicacion\public\index.php(37): CodeIgniter\CodeIgniter->run()
#5 {main}
CRITICAL - 2022-10-23 10:07:44 --> Undefined variable $caj
#0 C:\xampp\htdocs\cubicacion\app\Controllers\Usuarios.php(110): CodeIgniter\Debug\Exceptions->errorHandler(2, 'Undefined varia...', 'C:\\xampp\\htdocs...', 110)
#1 C:\xampp\htdocs\cubicacion\system\CodeIgniter.php(832): App\Controllers\Usuarios->insertar()
#2 C:\xampp\htdocs\cubicacion\system\CodeIgniter.php(419): CodeIgniter\CodeIgniter->runController(Object(App\Controllers\Usuarios))
#3 C:\xampp\htdocs\cubicacion\system\CodeIgniter.php(326): CodeIgniter\CodeIgniter->handleRequest(NULL, Object(Config\Cache), false)
#4 C:\xampp\htdocs\cubicacion\public\index.php(37): CodeIgniter\CodeIgniter->run()
#5 {main}
CRITICAL - 2022-10-23 10:07:49 --> Undefined variable $cajs
#0 C:\xampp\htdocs\cubicacion\app\Controllers\Usuarios.php(86): CodeIgniter\Debug\Exceptions->errorHandler(2, 'Undefined varia...', 'C:\\xampp\\htdocs...', 86)
#1 C:\xampp\htdocs\cubicacion\system\CodeIgniter.php(832): App\Controllers\Usuarios->nuevo()
#2 C:\xampp\htdocs\cubicacion\system\CodeIgniter.php(419): CodeIgniter\CodeIgniter->runController(Object(App\Controllers\Usuarios))
#3 C:\xampp\htdocs\cubicacion\system\CodeIgniter.php(326): CodeIgniter\CodeIgniter->handleRequest(NULL, Object(Config\Cache), false)
#4 C:\xampp\htdocs\cubicacion\public\index.php(37): CodeIgniter\CodeIgniter->run()
#5 {main}
CRITICAL - 2022-10-23 10:07:53 --> Undefined variable $cajs
#0 C:\xampp\htdocs\cubicacion\app\Controllers\Usuarios.php(86): CodeIgniter\Debug\Exceptions->errorHandler(2, 'Undefined varia...', 'C:\\xampp\\htdocs...', 86)
#1 C:\xampp\htdocs\cubicacion\system\CodeIgniter.php(832): App\Controllers\Usuarios->nuevo()
#2 C:\xampp\htdocs\cubicacion\system\CodeIgniter.php(419): CodeIgniter\CodeIgniter->runController(Object(App\Controllers\Usuarios))
#3 C:\xampp\htdocs\cubicacion\system\CodeIgniter.php(326): CodeIgniter\CodeIgniter->handleRequest(NULL, Object(Config\Cache), false)
#4 C:\xampp\htdocs\cubicacion\public\index.php(37): CodeIgniter\CodeIgniter->run()
#5 {main}
CRITICAL - 2022-10-23 10:09:03 --> Undefined variable $cajs
#0 C:\xampp\htdocs\cubicacion\app\Controllers\Usuarios.php(86): CodeIgniter\Debug\Exceptions->errorHandler(2, 'Undefined varia...', 'C:\\xampp\\htdocs...', 86)
#1 C:\xampp\htdocs\cubicacion\system\CodeIgniter.php(832): App\Controllers\Usuarios->nuevo()
#2 C:\xampp\htdocs\cubicacion\system\CodeIgniter.php(419): CodeIgniter\CodeIgniter->runController(Object(App\Controllers\Usuarios))
#3 C:\xampp\htdocs\cubicacion\system\CodeIgniter.php(326): CodeIgniter\CodeIgniter->handleRequest(NULL, Object(Config\Cache), false)
#4 C:\xampp\htdocs\cubicacion\public\index.php(37): CodeIgniter\CodeIgniter->run()
#5 {main}
CRITICAL - 2022-10-23 10:09:32 --> Undefined variable $caj
#0 C:\xampp\htdocs\cubicacion\app\Views\usuarios\nuevo.php(52): CodeIgniter\Debug\Exceptions->errorHandler(2, 'Undefined varia...', 'C:\\xampp\\htdocs...', 52)
#1 C:\xampp\htdocs\cubicacion\system\View\View.php(210): include('C:\\xampp\\htdocs...')
#2 C:\xampp\htdocs\cubicacion\system\View\View.php(213): CodeIgniter\View\View->CodeIgniter\View\{closure}()
#3 C:\xampp\htdocs\cubicacion\system\Common.php(1089): CodeIgniter\View\View->render('usuarios/nuevo', Array, true)
#4 C:\xampp\htdocs\cubicacion\app\Controllers\Usuarios.php(89): view('usuarios/nuevo', Array)
#5 C:\xampp\htdocs\cubicacion\system\CodeIgniter.php(832): App\Controllers\Usuarios->nuevo()
#6 C:\xampp\htdocs\cubicacion\system\CodeIgniter.php(419): CodeIgniter\CodeIgniter->runController(Object(App\Controllers\Usuarios))
#7 C:\xampp\htdocs\cubicacion\system\CodeIgniter.php(326): CodeIgniter\CodeIgniter->handleRequest(NULL, Object(Config\Cache), false)
#8 C:\xampp\htdocs\cubicacion\public\index.php(37): CodeIgniter\CodeIgniter->run()
#9 {main}
ERROR - 2022-10-23 10:14:01 --> Table 'cubicaje.caj' doesn't exist
CRITICAL - 2022-10-23 10:14:01 --> Table 'cubicaje.caj' doesn't exist
#0 C:\xampp\htdocs\cubicacion\system\Database\MySQLi\Connection.php(292): mysqli->query('SELECT *\nFROM `...', 0)
#1 C:\xampp\htdocs\cubicacion\system\Database\BaseConnection.php(670): CodeIgniter\Database\MySQLi\Connection->execute('SELECT *\nFROM `...')
#2 C:\xampp\htdocs\cubicacion\system\Database\BaseConnection.php(598): CodeIgniter\Database\BaseConnection->simpleQuery('SELECT *\nFROM `...')
#3 C:\xampp\htdocs\cubicacion\system\Database\BaseBuilder.php(1455): CodeIgniter\Database\BaseConnection->query('SELECT *\nFROM `...', Array, false)
#4 C:\xampp\htdocs\cubicacion\system\Model.php(183): CodeIgniter\Database\BaseBuilder->get()
#5 C:\xampp\htdocs\cubicacion\system\BaseModel.php(584): CodeIgniter\Model->doFindAll(0, 0)
#6 C:\xampp\htdocs\cubicacion\app\Controllers\Usuarios.php(84): CodeIgniter\BaseModel->findAll()
#7 C:\xampp\htdocs\cubicacion\system\CodeIgniter.php(832): App\Controllers\Usuarios->nuevo()
#8 C:\xampp\htdocs\cubicacion\system\CodeIgniter.php(419): CodeIgniter\CodeIgniter->runController(Object(App\Controllers\Usuarios))
#9 C:\xampp\htdocs\cubicacion\system\CodeIgniter.php(326): CodeIgniter\CodeIgniter->handleRequest(NULL, Object(Config\Cache), false)
#10 C:\xampp\htdocs\cubicacion\public\index.php(37): CodeIgniter\CodeIgniter->run()
#11 {main}
ERROR - 2022-10-23 10:14:23 --> Table 'cubicaje.caj' doesn't exist
CRITICAL - 2022-10-23 10:14:23 --> Table 'cubicaje.caj' doesn't exist
#0 C:\xampp\htdocs\cubicacion\system\Database\MySQLi\Connection.php(292): mysqli->query('SELECT *\nFROM `...', 0)
#1 C:\xampp\htdocs\cubicacion\system\Database\BaseConnection.php(670): CodeIgniter\Database\MySQLi\Connection->execute('SELECT *\nFROM `...')
#2 C:\xampp\htdocs\cubicacion\system\Database\BaseConnection.php(598): CodeIgniter\Database\BaseConnection->simpleQuery('SELECT *\nFROM `...')
#3 C:\xampp\htdocs\cubicacion\system\Database\BaseBuilder.php(1455): CodeIgniter\Database\BaseConnection->query('SELECT *\nFROM `...', Array, false)
#4 C:\xampp\htdocs\cubicacion\system\Model.php(183): CodeIgniter\Database\BaseBuilder->get()
#5 C:\xampp\htdocs\cubicacion\system\BaseModel.php(584): CodeIgniter\Model->doFindAll(0, 0)
#6 C:\xampp\htdocs\cubicacion\app\Controllers\Usuarios.php(84): CodeIgniter\BaseModel->findAll()
#7 C:\xampp\htdocs\cubicacion\system\CodeIgniter.php(832): App\Controllers\Usuarios->nuevo()
#8 C:\xampp\htdocs\cubicacion\system\CodeIgniter.php(419): CodeIgniter\CodeIgniter->runController(Object(App\Controllers\Usuarios))
#9 C:\xampp\htdocs\cubicacion\system\CodeIgniter.php(326): CodeIgniter\CodeIgniter->handleRequest(NULL, Object(Config\Cache), false)
#10 C:\xampp\htdocs\cubicacion\public\index.php(37): CodeIgniter\CodeIgniter->run()
#11 {main}
ERROR - 2022-10-23 10:15:37 --> Table 'cubicaje.caj' doesn't exist
CRITICAL - 2022-10-23 10:15:37 --> Table 'cubicaje.caj' doesn't exist
#0 C:\xampp\htdocs\cubicacion\system\Database\MySQLi\Connection.php(292): mysqli->query('SELECT *\nFROM `...', 0)
#1 C:\xampp\htdocs\cubicacion\system\Database\BaseConnection.php(670): CodeIgniter\Database\MySQLi\Connection->execute('SELECT *\nFROM `...')
#2 C:\xampp\htdocs\cubicacion\system\Database\BaseConnection.php(598): CodeIgniter\Database\BaseConnection->simpleQuery('SELECT *\nFROM `...')
#3 C:\xampp\htdocs\cubicacion\system\Database\BaseBuilder.php(1455): CodeIgniter\Database\BaseConnection->query('SELECT *\nFROM `...', Array, false)
#4 C:\xampp\htdocs\cubicacion\system\Model.php(183): CodeIgniter\Database\BaseBuilder->get()
#5 C:\xampp\htdocs\cubicacion\system\BaseModel.php(584): CodeIgniter\Model->doFindAll(0, 0)
#6 C:\xampp\htdocs\cubicacion\app\Controllers\Usuarios.php(84): CodeIgniter\BaseModel->findAll()
#7 C:\xampp\htdocs\cubicacion\system\CodeIgniter.php(832): App\Controllers\Usuarios->nuevo()
#8 C:\xampp\htdocs\cubicacion\system\CodeIgniter.php(419): CodeIgniter\CodeIgniter->runController(Object(App\Controllers\Usuarios))
#9 C:\xampp\htdocs\cubicacion\system\CodeIgniter.php(326): CodeIgniter\CodeIgniter->handleRequest(NULL, Object(Config\Cache), false)
#10 C:\xampp\htdocs\cubicacion\public\index.php(37): CodeIgniter\CodeIgniter->run()
#11 {main}
ERROR - 2022-10-23 10:15:40 --> Table 'cubicaje.caj' doesn't exist
CRITICAL - 2022-10-23 10:15:40 --> Table 'cubicaje.caj' doesn't exist
#0 C:\xampp\htdocs\cubicacion\system\Database\MySQLi\Connection.php(292): mysqli->query('SELECT *\nFROM `...', 0)
#1 C:\xampp\htdocs\cubicacion\system\Database\BaseConnection.php(670): CodeIgniter\Database\MySQLi\Connection->execute('SELECT *\nFROM `...')
#2 C:\xampp\htdocs\cubicacion\system\Database\BaseConnection.php(598): CodeIgniter\Database\BaseConnection->simpleQuery('SELECT *\nFROM `...')
#3 C:\xampp\htdocs\cubicacion\system\Database\BaseBuilder.php(1455): CodeIgniter\Database\BaseConnection->query('SELECT *\nFROM `...', Array, false)
#4 C:\xampp\htdocs\cubicacion\system\Model.php(183): CodeIgniter\Database\BaseBuilder->get()
#5 C:\xampp\htdocs\cubicacion\system\BaseModel.php(584): CodeIgniter\Model->doFindAll(0, 0)
#6 C:\xampp\htdocs\cubicacion\app\Controllers\Usuarios.php(84): CodeIgniter\BaseModel->findAll()
#7 C:\xampp\htdocs\cubicacion\system\CodeIgniter.php(832): App\Controllers\Usuarios->nuevo()
#8 C:\xampp\htdocs\cubicacion\system\CodeIgniter.php(419): CodeIgniter\CodeIgniter->runController(Object(App\Controllers\Usuarios))
#9 C:\xampp\htdocs\cubicacion\system\CodeIgniter.php(326): CodeIgniter\CodeIgniter->handleRequest(NULL, Object(Config\Cache), false)
#10 C:\xampp\htdocs\cubicacion\public\index.php(37): CodeIgniter\CodeIgniter->run()
#11 {main}
ERROR - 2022-10-23 10:17:34 --> Table 'cubicaje.caj' doesn't exist
CRITICAL - 2022-10-23 10:17:34 --> Table 'cubicaje.caj' doesn't exist
#0 C:\xampp\htdocs\cubicacion\system\Database\MySQLi\Connection.php(292): mysqli->query('SELECT *\nFROM `...', 0)
#1 C:\xampp\htdocs\cubicacion\system\Database\BaseConnection.php(670): CodeIgniter\Database\MySQLi\Connection->execute('SELECT *\nFROM `...')
#2 C:\xampp\htdocs\cubicacion\system\Database\BaseConnection.php(598): CodeIgniter\Database\BaseConnection->simpleQuery('SELECT *\nFROM `...')
#3 C:\xampp\htdocs\cubicacion\system\Database\BaseBuilder.php(1455): CodeIgniter\Database\BaseConnection->query('SELECT *\nFROM `...', Array, false)
#4 C:\xampp\htdocs\cubicacion\system\Model.php(183): CodeIgniter\Database\BaseBuilder->get()
#5 C:\xampp\htdocs\cubicacion\system\BaseModel.php(584): CodeIgniter\Model->doFindAll(0, 0)
#6 C:\xampp\htdocs\cubicacion\app\Controllers\Usuarios.php(84): CodeIgniter\BaseModel->findAll()
#7 C:\xampp\htdocs\cubicacion\system\CodeIgniter.php(832): App\Controllers\Usuarios->nuevo()
#8 C:\xampp\htdocs\cubicacion\system\CodeIgniter.php(419): CodeIgniter\CodeIgniter->runController(Object(App\Controllers\Usuarios))
#9 C:\xampp\htdocs\cubicacion\system\CodeIgniter.php(326): CodeIgniter\CodeIgniter->handleRequest(NULL, Object(Config\Cache), false)
#10 C:\xampp\htdocs\cubicacion\public\index.php(37): CodeIgniter\CodeIgniter->run()
#11 {main}
ERROR - 2022-10-23 10:19:52 --> Table 'cubicaje.caj' doesn't exist
CRITICAL - 2022-10-23 10:19:52 --> Table 'cubicaje.caj' doesn't exist
#0 C:\xampp\htdocs\cubicacion\system\Database\MySQLi\Connection.php(292): mysqli->query('SELECT *\nFROM `...', 0)
#1 C:\xampp\htdocs\cubicacion\system\Database\BaseConnection.php(670): CodeIgniter\Database\MySQLi\Connection->execute('SELECT *\nFROM `...')
#2 C:\xampp\htdocs\cubicacion\system\Database\BaseConnection.php(598): CodeIgniter\Database\BaseConnection->simpleQuery('SELECT *\nFROM `...')
#3 C:\xampp\htdocs\cubicacion\system\Database\BaseBuilder.php(1455): CodeIgniter\Database\BaseConnection->query('SELECT *\nFROM `...', Array, false)
#4 C:\xampp\htdocs\cubicacion\system\Model.php(183): CodeIgniter\Database\BaseBuilder->get()
#5 C:\xampp\htdocs\cubicacion\system\BaseModel.php(584): CodeIgniter\Model->doFindAll(0, 0)
#6 C:\xampp\htdocs\cubicacion\app\Controllers\Usuarios.php(84): CodeIgniter\BaseModel->findAll()
#7 C:\xampp\htdocs\cubicacion\system\CodeIgniter.php(832): App\Controllers\Usuarios->nuevo()
#8 C:\xampp\htdocs\cubicacion\system\CodeIgniter.php(419): CodeIgniter\CodeIgniter->runController(Object(App\Controllers\Usuarios))
#9 C:\xampp\htdocs\cubicacion\system\CodeIgniter.php(326): CodeIgniter\CodeIgniter->handleRequest(NULL, Object(Config\Cache), false)
#10 C:\xampp\htdocs\cubicacion\public\index.php(37): CodeIgniter\CodeIgniter->run()
#11 {main}
CRITICAL - 2022-10-23 10:29:50 --> Undefined property: App\Controllers\Usuarios::$resquest
#0 C:\xampp\htdocs\cubicacion\app\Controllers\Usuarios.php(96): CodeIgniter\Debug\Exceptions->errorHandler(2, 'Undefined prope...', 'C:\\xampp\\htdocs...', 96)
#1 C:\xampp\htdocs\cubicacion\system\CodeIgniter.php(832): App\Controllers\Usuarios->insertar()
#2 C:\xampp\htdocs\cubicacion\system\CodeIgniter.php(419): CodeIgniter\CodeIgniter->runController(Object(App\Controllers\Usuarios))
#3 C:\xampp\htdocs\cubicacion\system\CodeIgniter.php(326): CodeIgniter\CodeIgniter->handleRequest(NULL, Object(Config\Cache), false)
#4 C:\xampp\htdocs\cubicacion\public\index.php(37): CodeIgniter\CodeIgniter->run()
#5 {main}
CRITICAL - 2022-10-23 10:30:50 --> Undefined property: App\Controllers\Usuarios::$resquest
#0 C:\xampp\htdocs\cubicacion\app\Controllers\Usuarios.php(96): CodeIgniter\Debug\Exceptions->errorHandler(2, 'Undefined prope...', 'C:\\xampp\\htdocs...', 96)
#1 C:\xampp\htdocs\cubicacion\system\CodeIgniter.php(832): App\Controllers\Usuarios->insertar()
#2 C:\xampp\htdocs\cubicacion\system\CodeIgniter.php(419): CodeIgniter\CodeIgniter->runController(Object(App\Controllers\Usuarios))
#3 C:\xampp\htdocs\cubicacion\system\CodeIgniter.php(326): CodeIgniter\CodeIgniter->handleRequest(NULL, Object(Config\Cache), false)
#4 C:\xampp\htdocs\cubicacion\public\index.php(37): CodeIgniter\CodeIgniter->run()
#5 {main}
CRITICAL - 2022-10-23 10:36:05 --> Undefined property: App\Controllers\Usuarios::$resquest
#0 C:\xampp\htdocs\cubicacion\app\Controllers\Usuarios.php(96): CodeIgniter\Debug\Exceptions->errorHandler(2, 'Undefined prope...', 'C:\\xampp\\htdocs...', 96)
#1 C:\xampp\htdocs\cubicacion\system\CodeIgniter.php(832): App\Controllers\Usuarios->insertar()
#2 C:\xampp\htdocs\cubicacion\system\CodeIgniter.php(419): CodeIgniter\CodeIgniter->runController(Object(App\Controllers\Usuarios))
#3 C:\xampp\htdocs\cubicacion\system\CodeIgniter.php(326): CodeIgniter\CodeIgniter->handleRequest(NULL, Object(Config\Cache), false)
#4 C:\xampp\htdocs\cubicacion\public\index.php(37): CodeIgniter\CodeIgniter->run()
#5 {main}
ERROR - 2022-10-23 10:42:16 --> Unknown column 'fecha_modifica' in 'field list'
CRITICAL - 2022-10-23 10:42:16 --> Unknown column 'fecha_modifica' in 'field list'
#0 C:\xampp\htdocs\cubicacion\system\Database\MySQLi\Connection.php(292): mysqli->query('INSERT INTO `us...', 0)
#1 C:\xampp\htdocs\cubicacion\system\Database\BaseConnection.php(670): CodeIgniter\Database\MySQLi\Connection->execute('INSERT INTO `us...')
#2 C:\xampp\htdocs\cubicacion\system\Database\BaseConnection.php(598): CodeIgniter\Database\BaseConnection->simpleQuery('INSERT INTO `us...')
#3 C:\xampp\htdocs\cubicacion\system\Database\BaseBuilder.php(1771): CodeIgniter\Database\BaseConnection->query('INSERT INTO `us...', Array, false)
#4 C:\xampp\htdocs\cubicacion\system\Model.php(239): CodeIgniter\Database\BaseBuilder->insert()
#5 C:\xampp\htdocs\cubicacion\system\BaseModel.php(738): CodeIgniter\Model->doInsert(Array)
#6 C:\xampp\htdocs\cubicacion\system\Model.php(625): CodeIgniter\BaseModel->insert(Array, false)
#7 C:\xampp\htdocs\cubicacion\system\BaseModel.php(658): CodeIgniter\Model->insert(Array, false)
#8 C:\xampp\htdocs\cubicacion\app\Controllers\Usuarios.php(104): CodeIgniter\BaseModel->save(Array)
#9 C:\xampp\htdocs\cubicacion\system\CodeIgniter.php(832): App\Controllers\Usuarios->insertar()
#10 C:\xampp\htdocs\cubicacion\system\CodeIgniter.php(419): CodeIgniter\CodeIgniter->runController(Object(App\Controllers\Usuarios))
#11 C:\xampp\htdocs\cubicacion\system\CodeIgniter.php(326): CodeIgniter\CodeIgniter->handleRequest(NULL, Object(Config\Cache), false)
#12 C:\xampp\htdocs\cubicacion\public\index.php(37): CodeIgniter\CodeIgniter->run()
#13 {main}
ERROR - 2022-10-23 10:42:58 --> Unknown column 'fecha_modifica' in 'field list'
CRITICAL - 2022-10-23 10:42:58 --> Unknown column 'fecha_modifica' in 'field list'
#0 C:\xampp\htdocs\cubicacion\system\Database\MySQLi\Connection.php(292): mysqli->query('INSERT INTO `us...', 0)
#1 C:\xampp\htdocs\cubicacion\system\Database\BaseConnection.php(670): CodeIgniter\Database\MySQLi\Connection->execute('INSERT INTO `us...')
#2 C:\xampp\htdocs\cubicacion\system\Database\BaseConnection.php(598): CodeIgniter\Database\BaseConnection->simpleQuery('INSERT INTO `us...')
#3 C:\xampp\htdocs\cubicacion\system\Database\BaseBuilder.php(1771): CodeIgniter\Database\BaseConnection->query('INSERT INTO `us...', Array, false)
#4 C:\xampp\htdocs\cubicacion\system\Model.php(239): CodeIgniter\Database\BaseBuilder->insert()
#5 C:\xampp\htdocs\cubicacion\system\BaseModel.php(738): CodeIgniter\Model->doInsert(Array)
#6 C:\xampp\htdocs\cubicacion\system\Model.php(625): CodeIgniter\BaseModel->insert(Array, false)
#7 C:\xampp\htdocs\cubicacion\system\BaseModel.php(658): CodeIgniter\Model->insert(Array, false)
#8 C:\xampp\htdocs\cubicacion\app\Controllers\Usuarios.php(104): CodeIgniter\BaseModel->save(Array)
#9 C:\xampp\htdocs\cubicacion\system\CodeIgniter.php(832): App\Controllers\Usuarios->insertar()
#10 C:\xampp\htdocs\cubicacion\system\CodeIgniter.php(419): CodeIgniter\CodeIgniter->runController(Object(App\Controllers\Usuarios))
#11 C:\xampp\htdocs\cubicacion\system\CodeIgniter.php(326): CodeIgniter\CodeIgniter->handleRequest(NULL, Object(Config\Cache), false)
#12 C:\xampp\htdocs\cubicacion\public\index.php(37): CodeIgniter\CodeIgniter->run()
#13 {main}
ERROR - 2022-10-23 10:50:45 --> Unknown column 'fecha_modifica' in 'field list'
CRITICAL - 2022-10-23 10:50:45 --> Unknown column 'fecha_modifica' in 'field list'
#0 C:\xampp\htdocs\cubicacion\system\Database\MySQLi\Connection.php(292): mysqli->query('INSERT INTO `us...', 0)
#1 C:\xampp\htdocs\cubicacion\system\Database\BaseConnection.php(670): CodeIgniter\Database\MySQLi\Connection->execute('INSERT INTO `us...')
#2 C:\xampp\htdocs\cubicacion\system\Database\BaseConnection.php(598): CodeIgniter\Database\BaseConnection->simpleQuery('INSERT INTO `us...')
#3 C:\xampp\htdocs\cubicacion\system\Database\BaseBuilder.php(1771): CodeIgniter\Database\BaseConnection->query('INSERT INTO `us...', Array, false)
#4 C:\xampp\htdocs\cubicacion\system\Model.php(239): CodeIgniter\Database\BaseBuilder->insert()
#5 C:\xampp\htdocs\cubicacion\system\BaseModel.php(738): CodeIgniter\Model->doInsert(Array)
#6 C:\xampp\htdocs\cubicacion\system\Model.php(625): CodeIgniter\BaseModel->insert(Array, false)
#7 C:\xampp\htdocs\cubicacion\system\BaseModel.php(658): CodeIgniter\Model->insert(Array, false)
#8 C:\xampp\htdocs\cubicacion\app\Controllers\Usuarios.php(104): CodeIgniter\BaseModel->save(Array)
#9 C:\xampp\htdocs\cubicacion\system\CodeIgniter.php(832): App\Controllers\Usuarios->insertar()
#10 C:\xampp\htdocs\cubicacion\system\CodeIgniter.php(419): CodeIgniter\CodeIgniter->runController(Object(App\Controllers\Usuarios))
#11 C:\xampp\htdocs\cubicacion\system\CodeIgniter.php(326): CodeIgniter\CodeIgniter->handleRequest(NULL, Object(Config\Cache), false)
#12 C:\xampp\htdocs\cubicacion\public\index.php(37): CodeIgniter\CodeIgniter->run()
#13 {main}
CRITICAL - 2022-10-23 10:59:41 --> Undefined variable $vehiculos
#0 C:\xampp\htdocs\cubicacion\app\Controllers\Usuarios.php(124): CodeIgniter\Debug\Exceptions->errorHandler(2, 'Undefined varia...', 'C:\\xampp\\htdocs...', 124)
#1 C:\xampp\htdocs\cubicacion\system\CodeIgniter.php(832): App\Controllers\Usuarios->editar('1')
#2 C:\xampp\htdocs\cubicacion\system\CodeIgniter.php(419): CodeIgniter\CodeIgniter->runController(Object(App\Controllers\Usuarios))
#3 C:\xampp\htdocs\cubicacion\system\CodeIgniter.php(326): CodeIgniter\CodeIgniter->handleRequest(NULL, Object(Config\Cache), false)
#4 C:\xampp\htdocs\cubicacion\public\index.php(37): CodeIgniter\CodeIgniter->run()
#5 {main}
CRITICAL - 2022-10-23 15:26:53 --> Call to undefined method CodeIgniter\HTTP\IncomingRequest::where()
#0 C:\xampp\htdocs\cubicacion\system\CodeIgniter.php(832): App\Controllers\Usuarios->valida()
#1 C:\xampp\htdocs\cubicacion\system\CodeIgniter.php(419): CodeIgniter\CodeIgniter->runController(Object(App\Controllers\Usuarios))
#2 C:\xampp\htdocs\cubicacion\system\CodeIgniter.php(326): CodeIgniter\CodeIgniter->handleRequest(NULL, Object(Config\Cache), false)
#3 C:\xampp\htdocs\cubicacion\public\index.php(37): CodeIgniter\CodeIgniter->run()
#4 {main}
CRITICAL - 2022-10-23 15:31:57 --> CodeIgniter\HTTP\RedirectResponse::to(): Argument #2 ($code) must be of type ?int, string given, called in C:\xampp\htdocs\cubicacion\app\Controllers\Usuarios.php on line 194
#0 C:\xampp\htdocs\cubicacion\app\Controllers\Usuarios.php(194): CodeIgniter\HTTP\RedirectResponse->to('http://localhos...', '/configuracion')
#1 C:\xampp\htdocs\cubicacion\system\CodeIgniter.php(832): App\Controllers\Usuarios->valida()
#2 C:\xampp\htdocs\cubicacion\system\CodeIgniter.php(419): CodeIgniter\CodeIgniter->runController(Object(App\Controllers\Usuarios))
#3 C:\xampp\htdocs\cubicacion\system\CodeIgniter.php(326): CodeIgniter\CodeIgniter->handleRequest(NULL, Object(Config\Cache), false)
#4 C:\xampp\htdocs\cubicacion\public\index.php(37): CodeIgniter\CodeIgniter->run()
#5 {main}
