CRITICAL - 2024-05-07 00:06:23 --> Too few arguments to function App\Controllers\Productos::buscarPorCodigo(), 0 passed in C:\xampp\htdocs\cubicaje\system\CodeIgniter.php on line 832 and exactly 1 expected
#0 C:\xampp\htdocs\cubicaje\system\CodeIgniter.php(832): App\Controllers\Productos->buscarPorCodigo()
#1 C:\xampp\htdocs\cubicaje\system\CodeIgniter.php(419): CodeIgniter\CodeIgniter->runController(Object(App\Controllers\Productos))
#2 C:\xampp\htdocs\cubicaje\system\CodeIgniter.php(326): CodeIgniter\CodeIgniter->handleRequest(NULL, Object(Config\Cache), false)
#3 C:\xampp\htdocs\cubicaje\public\index.php(37): CodeIgniter\CodeIgniter->run()
#4 {main}
CRITICAL - 2024-05-07 00:06:29 --> Too few arguments to function App\Controllers\Productos::buscarPorCodigo(), 0 passed in C:\xampp\htdocs\cubicaje\system\CodeIgniter.php on line 832 and exactly 1 expected
#0 C:\xampp\htdocs\cubicaje\system\CodeIgniter.php(832): App\Controllers\Productos->buscarPorCodigo()
#1 C:\xampp\htdocs\cubicaje\system\CodeIgniter.php(419): CodeIgniter\CodeIgniter->runController(Object(App\Controllers\Productos))
#2 C:\xampp\htdocs\cubicaje\system\CodeIgniter.php(326): CodeIgniter\CodeIgniter->handleRequest(NULL, Object(Config\Cache), false)
#3 C:\xampp\htdocs\cubicaje\public\index.php(37): CodeIgniter\CodeIgniter->run()
#4 {main}
CRITICAL - 2024-05-07 00:06:39 --> Too few arguments to function App\Controllers\Productos::buscarPorCodigo(), 0 passed in C:\xampp\htdocs\cubicaje\system\CodeIgniter.php on line 832 and exactly 1 expected
#0 C:\xampp\htdocs\cubicaje\system\CodeIgniter.php(832): App\Controllers\Productos->buscarPorCodigo()
#1 C:\xampp\htdocs\cubicaje\system\CodeIgniter.php(419): CodeIgniter\CodeIgniter->runController(Object(App\Controllers\Productos))
#2 C:\xampp\htdocs\cubicaje\system\CodeIgniter.php(326): CodeIgniter\CodeIgniter->handleRequest(NULL, Object(Config\Cache), false)
#3 C:\xampp\htdocs\cubicaje\public\index.php(37): CodeIgniter\CodeIgniter->run()
#4 {main}
CRITICAL - 2024-05-07 00:06:45 --> Too few arguments to function App\Controllers\Productos::buscarPorCodigo(), 0 passed in C:\xampp\htdocs\cubicaje\system\CodeIgniter.php on line 832 and exactly 1 expected
#0 C:\xampp\htdocs\cubicaje\system\CodeIgniter.php(832): App\Controllers\Productos->buscarPorCodigo()
#1 C:\xampp\htdocs\cubicaje\system\CodeIgniter.php(419): CodeIgniter\CodeIgniter->runController(Object(App\Controllers\Productos))
#2 C:\xampp\htdocs\cubicaje\system\CodeIgniter.php(326): CodeIgniter\CodeIgniter->handleRequest(NULL, Object(Config\Cache), false)
#3 C:\xampp\htdocs\cubicaje\public\index.php(37): CodeIgniter\CodeIgniter->run()
#4 {main}
CRITICAL - 2024-05-07 00:06:46 --> Too few arguments to function App\Controllers\Productos::buscarPorCodigo(), 0 passed in C:\xampp\htdocs\cubicaje\system\CodeIgniter.php on line 832 and exactly 1 expected
#0 C:\xampp\htdocs\cubicaje\system\CodeIgniter.php(832): App\Controllers\Productos->buscarPorCodigo()
#1 C:\xampp\htdocs\cubicaje\system\CodeIgniter.php(419): CodeIgniter\CodeIgniter->runController(Object(App\Controllers\Productos))
#2 C:\xampp\htdocs\cubicaje\system\CodeIgniter.php(326): CodeIgniter\CodeIgniter->handleRequest(NULL, Object(Config\Cache), false)
#3 C:\xampp\htdocs\cubicaje\public\index.php(37): CodeIgniter\CodeIgniter->run()
#4 {main}
CRITICAL - 2024-05-07 01:03:56 --> Too few arguments to function App\Controllers\Productos::buscarPorCodigo(), 0 passed in C:\xampp\htdocs\cubicaje\system\CodeIgniter.php on line 832 and exactly 1 expected
#0 C:\xampp\htdocs\cubicaje\system\CodeIgniter.php(832): App\Controllers\Productos->buscarPorCodigo()
#1 C:\xampp\htdocs\cubicaje\system\CodeIgniter.php(419): CodeIgniter\CodeIgniter->runController(Object(App\Controllers\Productos))
#2 C:\xampp\htdocs\cubicaje\system\CodeIgniter.php(326): CodeIgniter\CodeIgniter->handleRequest(NULL, Object(Config\Cache), false)
#3 C:\xampp\htdocs\cubicaje\public\index.php(37): CodeIgniter\CodeIgniter->run()
#4 {main}
CRITICAL - 2024-05-07 01:04:04 --> Too few arguments to function App\Controllers\Productos::buscarPorCodigo(), 0 passed in C:\xampp\htdocs\cubicaje\system\CodeIgniter.php on line 832 and exactly 1 expected
#0 C:\xampp\htdocs\cubicaje\system\CodeIgniter.php(832): App\Controllers\Productos->buscarPorCodigo()
#1 C:\xampp\htdocs\cubicaje\system\CodeIgniter.php(419): CodeIgniter\CodeIgniter->runController(Object(App\Controllers\Productos))
#2 C:\xampp\htdocs\cubicaje\system\CodeIgniter.php(326): CodeIgniter\CodeIgniter->handleRequest(NULL, Object(Config\Cache), false)
#3 C:\xampp\htdocs\cubicaje\public\index.php(37): CodeIgniter\CodeIgniter->run()
#4 {main}
CRITICAL - 2024-05-07 01:11:03 --> Class "App\Controllers\ProductoModel" not found
#0 C:\xampp\htdocs\cubicaje\system\CodeIgniter.php(832): App\Controllers\Productos->buscarPorCodigo()
#1 C:\xampp\htdocs\cubicaje\system\CodeIgniter.php(419): CodeIgniter\CodeIgniter->runController(Object(App\Controllers\Productos))
#2 C:\xampp\htdocs\cubicaje\system\CodeIgniter.php(326): CodeIgniter\CodeIgniter->handleRequest(NULL, Object(Config\Cache), false)
#3 C:\xampp\htdocs\cubicaje\public\index.php(37): CodeIgniter\CodeIgniter->run()
#4 {main}
CRITICAL - 2024-05-07 01:11:59 --> Undefined variable $productosModel
#0 C:\xampp\htdocs\cubicaje\app\Controllers\productos.php(204): CodeIgniter\Debug\Exceptions->errorHandler(2, 'Undefined varia...', 'C:\\xampp\\htdocs...', 204)
#1 C:\xampp\htdocs\cubicaje\system\CodeIgniter.php(832): App\Controllers\Productos->buscarPorCodigo()
#2 C:\xampp\htdocs\cubicaje\system\CodeIgniter.php(419): CodeIgniter\CodeIgniter->runController(Object(App\Controllers\Productos))
#3 C:\xampp\htdocs\cubicaje\system\CodeIgniter.php(326): CodeIgniter\CodeIgniter->handleRequest(NULL, Object(Config\Cache), false)
#4 C:\xampp\htdocs\cubicaje\public\index.php(37): CodeIgniter\CodeIgniter->run()
#5 {main}
CRITICAL - 2024-05-07 01:12:05 --> Undefined variable $productosModel
#0 C:\xampp\htdocs\cubicaje\app\Controllers\productos.php(204): CodeIgniter\Debug\Exceptions->errorHandler(2, 'Undefined varia...', 'C:\\xampp\\htdocs...', 204)
#1 C:\xampp\htdocs\cubicaje\system\CodeIgniter.php(832): App\Controllers\Productos->buscarPorCodigo()
#2 C:\xampp\htdocs\cubicaje\system\CodeIgniter.php(419): CodeIgniter\CodeIgniter->runController(Object(App\Controllers\Productos))
#3 C:\xampp\htdocs\cubicaje\system\CodeIgniter.php(326): CodeIgniter\CodeIgniter->handleRequest(NULL, Object(Config\Cache), false)
#4 C:\xampp\htdocs\cubicaje\public\index.php(37): CodeIgniter\CodeIgniter->run()
#5 {main}
CRITICAL - 2024-05-07 01:12:18 --> Invalid file: productos/busqueda.php
#0 C:\xampp\htdocs\cubicaje\system\View\View.php(198): CodeIgniter\Exceptions\FrameworkException::forInvalidFile('productos/busqu...')
#1 C:\xampp\htdocs\cubicaje\system\Common.php(1089): CodeIgniter\View\View->render('productos/busqu...', Array, true)
#2 C:\xampp\htdocs\cubicaje\app\Controllers\productos.php(207): view('productos/busqu...', Array)
#3 C:\xampp\htdocs\cubicaje\system\CodeIgniter.php(832): App\Controllers\Productos->buscarPorCodigo()
#4 C:\xampp\htdocs\cubicaje\system\CodeIgniter.php(419): CodeIgniter\CodeIgniter->runController(Object(App\Controllers\Productos))
#5 C:\xampp\htdocs\cubicaje\system\CodeIgniter.php(326): CodeIgniter\CodeIgniter->handleRequest(NULL, Object(Config\Cache), false)
#6 C:\xampp\htdocs\cubicaje\public\index.php(37): CodeIgniter\CodeIgniter->run()
#7 {main}
CRITICAL - 2024-05-07 01:15:07 --> Undefined variable $datos
#0 C:\xampp\htdocs\cubicaje\app\Views\productos\productos.php(45): CodeIgniter\Debug\Exceptions->errorHandler(2, 'Undefined varia...', 'C:\\xampp\\htdocs...', 45)
#1 C:\xampp\htdocs\cubicaje\system\View\View.php(210): include('C:\\xampp\\htdocs...')
#2 C:\xampp\htdocs\cubicaje\system\View\View.php(213): CodeIgniter\View\View->CodeIgniter\View\{closure}()
#3 C:\xampp\htdocs\cubicaje\system\Common.php(1089): CodeIgniter\View\View->render('productos/produ...', Array, true)
#4 C:\xampp\htdocs\cubicaje\app\Controllers\productos.php(207): view('productos/produ...', Array)
#5 C:\xampp\htdocs\cubicaje\system\CodeIgniter.php(832): App\Controllers\Productos->buscarPorCodigo()
#6 C:\xampp\htdocs\cubicaje\system\CodeIgniter.php(419): CodeIgniter\CodeIgniter->runController(Object(App\Controllers\Productos))
#7 C:\xampp\htdocs\cubicaje\system\CodeIgniter.php(326): CodeIgniter\CodeIgniter->handleRequest(NULL, Object(Config\Cache), false)
#8 C:\xampp\htdocs\cubicaje\public\index.php(37): CodeIgniter\CodeIgniter->run()
#9 {main}
CRITICAL - 2024-05-07 01:17:41 --> Invalid file: productos.php
#0 C:\xampp\htdocs\cubicaje\system\View\View.php(198): CodeIgniter\Exceptions\FrameworkException::forInvalidFile('productos.php')
#1 C:\xampp\htdocs\cubicaje\system\Common.php(1089): CodeIgniter\View\View->render('productos', Array, true)
#2 C:\xampp\htdocs\cubicaje\app\Controllers\productos.php(207): view('productos', Array)
#3 C:\xampp\htdocs\cubicaje\system\CodeIgniter.php(832): App\Controllers\Productos->buscarPorCodigo()
#4 C:\xampp\htdocs\cubicaje\system\CodeIgniter.php(419): CodeIgniter\CodeIgniter->runController(Object(App\Controllers\Productos))
#5 C:\xampp\htdocs\cubicaje\system\CodeIgniter.php(326): CodeIgniter\CodeIgniter->handleRequest(NULL, Object(Config\Cache), false)
#6 C:\xampp\htdocs\cubicaje\public\index.php(37): CodeIgniter\CodeIgniter->run()
#7 {main}
CRITICAL - 2024-05-07 01:18:50 --> Undefined variable $datos
#0 C:\xampp\htdocs\cubicaje\app\Views\productos\productos.php(45): CodeIgniter\Debug\Exceptions->errorHandler(2, 'Undefined varia...', 'C:\\xampp\\htdocs...', 45)
#1 C:\xampp\htdocs\cubicaje\system\View\View.php(210): include('C:\\xampp\\htdocs...')
#2 C:\xampp\htdocs\cubicaje\system\View\View.php(213): CodeIgniter\View\View->CodeIgniter\View\{closure}()
#3 C:\xampp\htdocs\cubicaje\system\Common.php(1089): CodeIgniter\View\View->render('productos/produ...', Array, true)
#4 C:\xampp\htdocs\cubicaje\app\Controllers\productos.php(207): view('productos/produ...', Array)
#5 C:\xampp\htdocs\cubicaje\system\CodeIgniter.php(832): App\Controllers\Productos->buscarPorCodigo()
#6 C:\xampp\htdocs\cubicaje\system\CodeIgniter.php(419): CodeIgniter\CodeIgniter->runController(Object(App\Controllers\Productos))
#7 C:\xampp\htdocs\cubicaje\system\CodeIgniter.php(326): CodeIgniter\CodeIgniter->handleRequest(NULL, Object(Config\Cache), false)
#8 C:\xampp\htdocs\cubicaje\public\index.php(37): CodeIgniter\CodeIgniter->run()
#9 {main}
CRITICAL - 2024-05-07 01:22:13 --> Undefined variable $datos
#0 C:\xampp\htdocs\cubicaje\app\Views\productos\productos.php(45): CodeIgniter\Debug\Exceptions->errorHandler(2, 'Undefined varia...', 'C:\\xampp\\htdocs...', 45)
#1 C:\xampp\htdocs\cubicaje\system\View\View.php(210): include('C:\\xampp\\htdocs...')
#2 C:\xampp\htdocs\cubicaje\system\View\View.php(213): CodeIgniter\View\View->CodeIgniter\View\{closure}()
#3 C:\xampp\htdocs\cubicaje\system\Common.php(1089): CodeIgniter\View\View->render('productos/produ...', Array, true)
#4 C:\xampp\htdocs\cubicaje\app\Controllers\productos.php(207): view('productos/produ...', Array)
#5 C:\xampp\htdocs\cubicaje\system\CodeIgniter.php(832): App\Controllers\Productos->buscarPorCodigo()
#6 C:\xampp\htdocs\cubicaje\system\CodeIgniter.php(419): CodeIgniter\CodeIgniter->runController(Object(App\Controllers\Productos))
#7 C:\xampp\htdocs\cubicaje\system\CodeIgniter.php(326): CodeIgniter\CodeIgniter->handleRequest(NULL, Object(Config\Cache), false)
#8 C:\xampp\htdocs\cubicaje\public\index.php(37): CodeIgniter\CodeIgniter->run()
#9 {main}
CRITICAL - 2024-05-07 01:22:24 --> Undefined variable $datos
#0 C:\xampp\htdocs\cubicaje\app\Views\productos\productos.php(45): CodeIgniter\Debug\Exceptions->errorHandler(2, 'Undefined varia...', 'C:\\xampp\\htdocs...', 45)
#1 C:\xampp\htdocs\cubicaje\system\View\View.php(210): include('C:\\xampp\\htdocs...')
#2 C:\xampp\htdocs\cubicaje\system\View\View.php(213): CodeIgniter\View\View->CodeIgniter\View\{closure}()
#3 C:\xampp\htdocs\cubicaje\system\Common.php(1089): CodeIgniter\View\View->render('productos/produ...', Array, true)
#4 C:\xampp\htdocs\cubicaje\app\Controllers\productos.php(207): view('productos/produ...', Array)
#5 C:\xampp\htdocs\cubicaje\system\CodeIgniter.php(832): App\Controllers\Productos->buscarPorCodigo()
#6 C:\xampp\htdocs\cubicaje\system\CodeIgniter.php(419): CodeIgniter\CodeIgniter->runController(Object(App\Controllers\Productos))
#7 C:\xampp\htdocs\cubicaje\system\CodeIgniter.php(326): CodeIgniter\CodeIgniter->handleRequest(NULL, Object(Config\Cache), false)
#8 C:\xampp\htdocs\cubicaje\public\index.php(37): CodeIgniter\CodeIgniter->run()
#9 {main}
CRITICAL - 2024-05-07 01:23:54 --> Undefined variable $datos
#0 C:\xampp\htdocs\cubicaje\app\Views\productos\productos.php(45): CodeIgniter\Debug\Exceptions->errorHandler(2, 'Undefined varia...', 'C:\\xampp\\htdocs...', 45)
#1 C:\xampp\htdocs\cubicaje\system\View\View.php(210): include('C:\\xampp\\htdocs...')
#2 C:\xampp\htdocs\cubicaje\system\View\View.php(213): CodeIgniter\View\View->CodeIgniter\View\{closure}()
#3 C:\xampp\htdocs\cubicaje\system\Common.php(1089): CodeIgniter\View\View->render('productos/produ...', Array, true)
#4 C:\xampp\htdocs\cubicaje\app\Controllers\productos.php(207): view('productos/produ...', Array)
#5 C:\xampp\htdocs\cubicaje\system\CodeIgniter.php(832): App\Controllers\Productos->buscarPorCodigo()
#6 C:\xampp\htdocs\cubicaje\system\CodeIgniter.php(419): CodeIgniter\CodeIgniter->runController(Object(App\Controllers\Productos))
#7 C:\xampp\htdocs\cubicaje\system\CodeIgniter.php(326): CodeIgniter\CodeIgniter->handleRequest(NULL, Object(Config\Cache), false)
#8 C:\xampp\htdocs\cubicaje\public\index.php(37): CodeIgniter\CodeIgniter->run()
#9 {main}
CRITICAL - 2024-05-07 01:23:55 --> Undefined variable $datos
#0 C:\xampp\htdocs\cubicaje\app\Views\productos\productos.php(45): CodeIgniter\Debug\Exceptions->errorHandler(2, 'Undefined varia...', 'C:\\xampp\\htdocs...', 45)
#1 C:\xampp\htdocs\cubicaje\system\View\View.php(210): include('C:\\xampp\\htdocs...')
#2 C:\xampp\htdocs\cubicaje\system\View\View.php(213): CodeIgniter\View\View->CodeIgniter\View\{closure}()
#3 C:\xampp\htdocs\cubicaje\system\Common.php(1089): CodeIgniter\View\View->render('productos/produ...', Array, true)
#4 C:\xampp\htdocs\cubicaje\app\Controllers\productos.php(207): view('productos/produ...', Array)
#5 C:\xampp\htdocs\cubicaje\system\CodeIgniter.php(832): App\Controllers\Productos->buscarPorCodigo()
#6 C:\xampp\htdocs\cubicaje\system\CodeIgniter.php(419): CodeIgniter\CodeIgniter->runController(Object(App\Controllers\Productos))
#7 C:\xampp\htdocs\cubicaje\system\CodeIgniter.php(326): CodeIgniter\CodeIgniter->handleRequest(NULL, Object(Config\Cache), false)
#8 C:\xampp\htdocs\cubicaje\public\index.php(37): CodeIgniter\CodeIgniter->run()
#9 {main}
CRITICAL - 2024-05-07 01:25:22 --> Undefined variable $datos
#0 C:\xampp\htdocs\cubicaje\app\Views\productos\productosSearch.php(45): CodeIgniter\Debug\Exceptions->errorHandler(2, 'Undefined varia...', 'C:\\xampp\\htdocs...', 45)
#1 C:\xampp\htdocs\cubicaje\system\View\View.php(210): include('C:\\xampp\\htdocs...')
#2 C:\xampp\htdocs\cubicaje\system\View\View.php(213): CodeIgniter\View\View->CodeIgniter\View\{closure}()
#3 C:\xampp\htdocs\cubicaje\system\Common.php(1089): CodeIgniter\View\View->render('productos/produ...', Array, true)
#4 C:\xampp\htdocs\cubicaje\app\Controllers\productos.php(207): view('productos/produ...', Array)
#5 C:\xampp\htdocs\cubicaje\system\CodeIgniter.php(832): App\Controllers\Productos->buscarPorCodigo()
#6 C:\xampp\htdocs\cubicaje\system\CodeIgniter.php(419): CodeIgniter\CodeIgniter->runController(Object(App\Controllers\Productos))
#7 C:\xampp\htdocs\cubicaje\system\CodeIgniter.php(326): CodeIgniter\CodeIgniter->handleRequest(NULL, Object(Config\Cache), false)
#8 C:\xampp\htdocs\cubicaje\public\index.php(37): CodeIgniter\CodeIgniter->run()
#9 {main}
CRITICAL - 2024-05-07 01:42:41 --> Undefined variable $productos
#0 C:\xampp\htdocs\cubicaje\app\Views\productos\productosSearch.php(45): CodeIgniter\Debug\Exceptions->errorHandler(2, 'Undefined varia...', 'C:\\xampp\\htdocs...', 45)
#1 C:\xampp\htdocs\cubicaje\system\View\View.php(210): include('C:\\xampp\\htdocs...')
#2 C:\xampp\htdocs\cubicaje\system\View\View.php(213): CodeIgniter\View\View->CodeIgniter\View\{closure}()
#3 C:\xampp\htdocs\cubicaje\system\Common.php(1089): CodeIgniter\View\View->render('productos/produ...', Array, true)
#4 C:\xampp\htdocs\cubicaje\app\Controllers\productos.php(208): view('productos/produ...', Array)
#5 C:\xampp\htdocs\cubicaje\system\CodeIgniter.php(832): App\Controllers\Productos->buscarPorCodigo()
#6 C:\xampp\htdocs\cubicaje\system\CodeIgniter.php(419): CodeIgniter\CodeIgniter->runController(Object(App\Controllers\Productos))
#7 C:\xampp\htdocs\cubicaje\system\CodeIgniter.php(326): CodeIgniter\CodeIgniter->handleRequest(NULL, Object(Config\Cache), false)
#8 C:\xampp\htdocs\cubicaje\public\index.php(37): CodeIgniter\CodeIgniter->run()
#9 {main}
CRITICAL - 2024-05-07 01:42:49 --> Undefined variable $productos
#0 C:\xampp\htdocs\cubicaje\app\Views\productos\productosSearch.php(45): CodeIgniter\Debug\Exceptions->errorHandler(2, 'Undefined varia...', 'C:\\xampp\\htdocs...', 45)
#1 C:\xampp\htdocs\cubicaje\system\View\View.php(210): include('C:\\xampp\\htdocs...')
#2 C:\xampp\htdocs\cubicaje\system\View\View.php(213): CodeIgniter\View\View->CodeIgniter\View\{closure}()
#3 C:\xampp\htdocs\cubicaje\system\Common.php(1089): CodeIgniter\View\View->render('productos/produ...', Array, true)
#4 C:\xampp\htdocs\cubicaje\app\Controllers\productos.php(208): view('productos/produ...', Array)
#5 C:\xampp\htdocs\cubicaje\system\CodeIgniter.php(832): App\Controllers\Productos->buscarPorCodigo()
#6 C:\xampp\htdocs\cubicaje\system\CodeIgniter.php(419): CodeIgniter\CodeIgniter->runController(Object(App\Controllers\Productos))
#7 C:\xampp\htdocs\cubicaje\system\CodeIgniter.php(326): CodeIgniter\CodeIgniter->handleRequest(NULL, Object(Config\Cache), false)
#8 C:\xampp\htdocs\cubicaje\public\index.php(37): CodeIgniter\CodeIgniter->run()
#9 {main}
CRITICAL - 2024-05-07 01:44:31 --> Undefined variable $productos
#0 C:\xampp\htdocs\cubicaje\app\Views\productos\productosSearch.php(45): CodeIgniter\Debug\Exceptions->errorHandler(2, 'Undefined varia...', 'C:\\xampp\\htdocs...', 45)
#1 C:\xampp\htdocs\cubicaje\system\View\View.php(210): include('C:\\xampp\\htdocs...')
#2 C:\xampp\htdocs\cubicaje\system\View\View.php(213): CodeIgniter\View\View->CodeIgniter\View\{closure}()
#3 C:\xampp\htdocs\cubicaje\system\Common.php(1089): CodeIgniter\View\View->render('productos/produ...', Array, true)
#4 C:\xampp\htdocs\cubicaje\app\Controllers\productos.php(208): view('productos/produ...', Array)
#5 C:\xampp\htdocs\cubicaje\system\CodeIgniter.php(832): App\Controllers\Productos->buscarPorCodigo()
#6 C:\xampp\htdocs\cubicaje\system\CodeIgniter.php(419): CodeIgniter\CodeIgniter->runController(Object(App\Controllers\Productos))
#7 C:\xampp\htdocs\cubicaje\system\CodeIgniter.php(326): CodeIgniter\CodeIgniter->handleRequest(NULL, Object(Config\Cache), false)
#8 C:\xampp\htdocs\cubicaje\public\index.php(37): CodeIgniter\CodeIgniter->run()
#9 {main}
CRITICAL - 2024-05-07 01:49:00 --> Undefined variable $datos
#0 C:\xampp\htdocs\cubicaje\app\Views\productos\productos.php(43): CodeIgniter\Debug\Exceptions->errorHandler(2, 'Undefined varia...', 'C:\\xampp\\htdocs...', 43)
#1 C:\xampp\htdocs\cubicaje\system\View\View.php(210): include('C:\\xampp\\htdocs...')
#2 C:\xampp\htdocs\cubicaje\system\View\View.php(213): CodeIgniter\View\View->CodeIgniter\View\{closure}()
#3 C:\xampp\htdocs\cubicaje\system\Common.php(1089): CodeIgniter\View\View->render('productos/produ...', Array, true)
#4 C:\xampp\htdocs\cubicaje\app\Controllers\productos.php(208): view('productos/produ...', Array)
#5 C:\xampp\htdocs\cubicaje\system\CodeIgniter.php(832): App\Controllers\Productos->buscarPorCodigo()
#6 C:\xampp\htdocs\cubicaje\system\CodeIgniter.php(419): CodeIgniter\CodeIgniter->runController(Object(App\Controllers\Productos))
#7 C:\xampp\htdocs\cubicaje\system\CodeIgniter.php(326): CodeIgniter\CodeIgniter->handleRequest(NULL, Object(Config\Cache), false)
#8 C:\xampp\htdocs\cubicaje\public\index.php(37): CodeIgniter\CodeIgniter->run()
#9 {main}
CRITICAL - 2024-05-07 01:50:10 --> CodeIgniter\Database\BaseBuilder::like(): Argument #2 ($match) must be of type string, null given, called in C:\xampp\htdocs\cubicaje\system\Model.php on line 728
#0 C:\xampp\htdocs\cubicaje\system\Model.php(728): CodeIgniter\Database\BaseBuilder->like('codigo', NULL)
#1 C:\xampp\htdocs\cubicaje\app\Controllers\productos.php(89): CodeIgniter\Model->__call('like', Array)
#2 C:\xampp\htdocs\cubicaje\system\CodeIgniter.php(832): App\Controllers\Productos->index()
#3 C:\xampp\htdocs\cubicaje\system\CodeIgniter.php(419): CodeIgniter\CodeIgniter->runController(Object(App\Controllers\Productos))
#4 C:\xampp\htdocs\cubicaje\system\CodeIgniter.php(326): CodeIgniter\CodeIgniter->handleRequest(NULL, Object(Config\Cache), false)
#5 C:\xampp\htdocs\cubicaje\public\index.php(37): CodeIgniter\CodeIgniter->run()
#6 {main}
CRITICAL - 2024-05-07 01:50:35 --> CodeIgniter\Database\BaseBuilder::like(): Argument #2 ($match) must be of type string, null given, called in C:\xampp\htdocs\cubicaje\system\Model.php on line 728
#0 C:\xampp\htdocs\cubicaje\system\Model.php(728): CodeIgniter\Database\BaseBuilder->like('codigo', NULL)
#1 C:\xampp\htdocs\cubicaje\app\Controllers\productos.php(89): CodeIgniter\Model->__call('like', Array)
#2 C:\xampp\htdocs\cubicaje\system\CodeIgniter.php(832): App\Controllers\Productos->index()
#3 C:\xampp\htdocs\cubicaje\system\CodeIgniter.php(419): CodeIgniter\CodeIgniter->runController(Object(App\Controllers\Productos))
#4 C:\xampp\htdocs\cubicaje\system\CodeIgniter.php(326): CodeIgniter\CodeIgniter->handleRequest(NULL, Object(Config\Cache), false)
#5 C:\xampp\htdocs\cubicaje\public\index.php(37): CodeIgniter\CodeIgniter->run()
#6 {main}
CRITICAL - 2024-05-07 01:51:23 --> CodeIgniter\Database\BaseBuilder::like(): Argument #2 ($match) must be of type string, null given, called in C:\xampp\htdocs\cubicaje\system\Model.php on line 728
#0 C:\xampp\htdocs\cubicaje\system\Model.php(728): CodeIgniter\Database\BaseBuilder->like('codigo', NULL)
#1 C:\xampp\htdocs\cubicaje\app\Controllers\productos.php(89): CodeIgniter\Model->__call('like', Array)
#2 C:\xampp\htdocs\cubicaje\system\CodeIgniter.php(832): App\Controllers\Productos->index()
#3 C:\xampp\htdocs\cubicaje\system\CodeIgniter.php(419): CodeIgniter\CodeIgniter->runController(Object(App\Controllers\Productos))
#4 C:\xampp\htdocs\cubicaje\system\CodeIgniter.php(326): CodeIgniter\CodeIgniter->handleRequest(NULL, Object(Config\Cache), false)
#5 C:\xampp\htdocs\cubicaje\public\index.php(37): CodeIgniter\CodeIgniter->run()
#6 {main}
CRITICAL - 2024-05-07 01:52:49 --> Undefined variable $datos
#0 C:\xampp\htdocs\cubicaje\app\Views\productos\productos.php(43): CodeIgniter\Debug\Exceptions->errorHandler(2, 'Undefined varia...', 'C:\\xampp\\htdocs...', 43)
#1 C:\xampp\htdocs\cubicaje\system\View\View.php(210): include('C:\\xampp\\htdocs...')
#2 C:\xampp\htdocs\cubicaje\system\View\View.php(213): CodeIgniter\View\View->CodeIgniter\View\{closure}()
#3 C:\xampp\htdocs\cubicaje\system\Common.php(1089): CodeIgniter\View\View->render('productos/produ...', Array, true)
#4 C:\xampp\htdocs\cubicaje\app\Controllers\productos.php(213): view('productos/produ...', Array)
#5 C:\xampp\htdocs\cubicaje\system\CodeIgniter.php(832): App\Controllers\Productos->buscarPorCodigo()
#6 C:\xampp\htdocs\cubicaje\system\CodeIgniter.php(419): CodeIgniter\CodeIgniter->runController(Object(App\Controllers\Productos))
#7 C:\xampp\htdocs\cubicaje\system\CodeIgniter.php(326): CodeIgniter\CodeIgniter->handleRequest(NULL, Object(Config\Cache), false)
#8 C:\xampp\htdocs\cubicaje\public\index.php(37): CodeIgniter\CodeIgniter->run()
#9 {main}
CRITICAL - 2024-05-07 01:53:19 --> Invalid file: productos/productosPorCodigo.php
#0 C:\xampp\htdocs\cubicaje\system\View\View.php(198): CodeIgniter\Exceptions\FrameworkException::forInvalidFile('productos/produ...')
#1 C:\xampp\htdocs\cubicaje\system\Common.php(1089): CodeIgniter\View\View->render('productos/produ...', Array, true)
#2 C:\xampp\htdocs\cubicaje\app\Controllers\productos.php(213): view('productos/produ...', Array)
#3 C:\xampp\htdocs\cubicaje\system\CodeIgniter.php(832): App\Controllers\Productos->buscarPorCodigo()
#4 C:\xampp\htdocs\cubicaje\system\CodeIgniter.php(419): CodeIgniter\CodeIgniter->runController(Object(App\Controllers\Productos))
#5 C:\xampp\htdocs\cubicaje\system\CodeIgniter.php(326): CodeIgniter\CodeIgniter->handleRequest(NULL, Object(Config\Cache), false)
#6 C:\xampp\htdocs\cubicaje\public\index.php(37): CodeIgniter\CodeIgniter->run()
#7 {main}
CRITICAL - 2024-05-07 01:53:38 --> Invalid file: productos/productosPorCodigo.php
#0 C:\xampp\htdocs\cubicaje\system\View\View.php(198): CodeIgniter\Exceptions\FrameworkException::forInvalidFile('productos/produ...')
#1 C:\xampp\htdocs\cubicaje\system\Common.php(1089): CodeIgniter\View\View->render('productos/produ...', Array, true)
#2 C:\xampp\htdocs\cubicaje\app\Controllers\productos.php(213): view('productos/produ...', Array)
#3 C:\xampp\htdocs\cubicaje\system\CodeIgniter.php(832): App\Controllers\Productos->buscarPorCodigo()
#4 C:\xampp\htdocs\cubicaje\system\CodeIgniter.php(419): CodeIgniter\CodeIgniter->runController(Object(App\Controllers\Productos))
#5 C:\xampp\htdocs\cubicaje\system\CodeIgniter.php(326): CodeIgniter\CodeIgniter->handleRequest(NULL, Object(Config\Cache), false)
#6 C:\xampp\htdocs\cubicaje\public\index.php(37): CodeIgniter\CodeIgniter->run()
#7 {main}
CRITICAL - 2024-05-07 01:53:56 --> Invalid file: productos/productosPorCodigo.php
#0 C:\xampp\htdocs\cubicaje\system\View\View.php(198): CodeIgniter\Exceptions\FrameworkException::forInvalidFile('productos/produ...')
#1 C:\xampp\htdocs\cubicaje\system\Common.php(1089): CodeIgniter\View\View->render('productos/produ...', Array, true)
#2 C:\xampp\htdocs\cubicaje\app\Controllers\productos.php(208): view('productos/produ...', Array)
#3 C:\xampp\htdocs\cubicaje\system\CodeIgniter.php(832): App\Controllers\Productos->buscarPorCodigo()
#4 C:\xampp\htdocs\cubicaje\system\CodeIgniter.php(419): CodeIgniter\CodeIgniter->runController(Object(App\Controllers\Productos))
#5 C:\xampp\htdocs\cubicaje\system\CodeIgniter.php(326): CodeIgniter\CodeIgniter->handleRequest(NULL, Object(Config\Cache), false)
#6 C:\xampp\htdocs\cubicaje\public\index.php(37): CodeIgniter\CodeIgniter->run()
#7 {main}
CRITICAL - 2024-05-07 12:10:36 --> syntax error, unexpected token "public"
#0 C:\xampp\htdocs\cubicaje\system\Router\Router.php(175): CodeIgniter\Router\Router->autoRoute('cajas')
#1 C:\xampp\htdocs\cubicaje\system\CodeIgniter.php(726): CodeIgniter\Router\Router->handle('cajas')
#2 C:\xampp\htdocs\cubicaje\system\CodeIgniter.php(368): CodeIgniter\CodeIgniter->tryToRouteIt(Object(CodeIgniter\Router\RouteCollection))
#3 C:\xampp\htdocs\cubicaje\system\CodeIgniter.php(326): CodeIgniter\CodeIgniter->handleRequest(NULL, Object(Config\Cache), false)
#4 C:\xampp\htdocs\cubicaje\public\index.php(37): CodeIgniter\CodeIgniter->run()
#5 {main}
CRITICAL - 2024-05-07 12:10:46 --> syntax error, unexpected token "public"
#0 C:\xampp\htdocs\cubicaje\system\Router\Router.php(175): CodeIgniter\Router\Router->autoRoute('cajas')
#1 C:\xampp\htdocs\cubicaje\system\CodeIgniter.php(726): CodeIgniter\Router\Router->handle('cajas')
#2 C:\xampp\htdocs\cubicaje\system\CodeIgniter.php(368): CodeIgniter\CodeIgniter->tryToRouteIt(Object(CodeIgniter\Router\RouteCollection))
#3 C:\xampp\htdocs\cubicaje\system\CodeIgniter.php(326): CodeIgniter\CodeIgniter->handleRequest(NULL, Object(Config\Cache), false)
#4 C:\xampp\htdocs\cubicaje\public\index.php(37): CodeIgniter\CodeIgniter->run()
#5 {main}
CRITICAL - 2024-05-07 12:21:21 --> Undefined variable $productos
#0 C:\xampp\htdocs\cubicaje\app\Views\cajas\cajasSearch.php(47): CodeIgniter\Debug\Exceptions->errorHandler(2, 'Undefined varia...', 'C:\\xampp\\htdocs...', 47)
#1 C:\xampp\htdocs\cubicaje\system\View\View.php(210): include('C:\\xampp\\htdocs...')
#2 C:\xampp\htdocs\cubicaje\system\View\View.php(213): CodeIgniter\View\View->CodeIgniter\View\{closure}()
#3 C:\xampp\htdocs\cubicaje\system\Common.php(1089): CodeIgniter\View\View->render('cajas/cajasSear...', Array, true)
#4 C:\xampp\htdocs\cubicaje\app\Controllers\Cajas.php(303): view('cajas/cajasSear...', Array)
#5 C:\xampp\htdocs\cubicaje\system\CodeIgniter.php(832): App\Controllers\Cajas->buscar()
#6 C:\xampp\htdocs\cubicaje\system\CodeIgniter.php(419): CodeIgniter\CodeIgniter->runController(Object(App\Controllers\Cajas))
#7 C:\xampp\htdocs\cubicaje\system\CodeIgniter.php(326): CodeIgniter\CodeIgniter->handleRequest(NULL, Object(Config\Cache), false)
#8 C:\xampp\htdocs\cubicaje\public\index.php(37): CodeIgniter\CodeIgniter->run()
#9 {main}
CRITICAL - 2024-05-07 12:22:21 --> Undefined array key "codigo"
#0 C:\xampp\htdocs\cubicaje\app\Views\cajas\cajasSearch.php(50): CodeIgniter\Debug\Exceptions->errorHandler(2, 'Undefined array...', 'C:\\xampp\\htdocs...', 50)
#1 C:\xampp\htdocs\cubicaje\system\View\View.php(210): include('C:\\xampp\\htdocs...')
#2 C:\xampp\htdocs\cubicaje\system\View\View.php(213): CodeIgniter\View\View->CodeIgniter\View\{closure}()
#3 C:\xampp\htdocs\cubicaje\system\Common.php(1089): CodeIgniter\View\View->render('cajas/cajasSear...', Array, true)
#4 C:\xampp\htdocs\cubicaje\app\Controllers\Cajas.php(303): view('cajas/cajasSear...', Array)
#5 C:\xampp\htdocs\cubicaje\system\CodeIgniter.php(832): App\Controllers\Cajas->buscar()
#6 C:\xampp\htdocs\cubicaje\system\CodeIgniter.php(419): CodeIgniter\CodeIgniter->runController(Object(App\Controllers\Cajas))
#7 C:\xampp\htdocs\cubicaje\system\CodeIgniter.php(326): CodeIgniter\CodeIgniter->handleRequest(NULL, Object(Config\Cache), false)
#8 C:\xampp\htdocs\cubicaje\public\index.php(37): CodeIgniter\CodeIgniter->run()
#9 {main}
CRITICAL - 2024-05-07 12:22:46 --> Undefined array key "codigo_caja"
#0 C:\xampp\htdocs\cubicaje\app\Views\cajas\cajasSearch.php(50): CodeIgniter\Debug\Exceptions->errorHandler(2, 'Undefined array...', 'C:\\xampp\\htdocs...', 50)
#1 C:\xampp\htdocs\cubicaje\system\View\View.php(210): include('C:\\xampp\\htdocs...')
#2 C:\xampp\htdocs\cubicaje\system\View\View.php(213): CodeIgniter\View\View->CodeIgniter\View\{closure}()
#3 C:\xampp\htdocs\cubicaje\system\Common.php(1089): CodeIgniter\View\View->render('cajas/cajasSear...', Array, true)
#4 C:\xampp\htdocs\cubicaje\app\Controllers\Cajas.php(303): view('cajas/cajasSear...', Array)
#5 C:\xampp\htdocs\cubicaje\system\CodeIgniter.php(832): App\Controllers\Cajas->buscar()
#6 C:\xampp\htdocs\cubicaje\system\CodeIgniter.php(419): CodeIgniter\CodeIgniter->runController(Object(App\Controllers\Cajas))
#7 C:\xampp\htdocs\cubicaje\system\CodeIgniter.php(326): CodeIgniter\CodeIgniter->handleRequest(NULL, Object(Config\Cache), false)
#8 C:\xampp\htdocs\cubicaje\public\index.php(37): CodeIgniter\CodeIgniter->run()
#9 {main}
CRITICAL - 2024-05-07 12:23:04 --> Undefined array key "nombre"
#0 C:\xampp\htdocs\cubicaje\app\Views\cajas\cajasSearch.php(51): CodeIgniter\Debug\Exceptions->errorHandler(2, 'Undefined array...', 'C:\\xampp\\htdocs...', 51)
#1 C:\xampp\htdocs\cubicaje\system\View\View.php(210): include('C:\\xampp\\htdocs...')
#2 C:\xampp\htdocs\cubicaje\system\View\View.php(213): CodeIgniter\View\View->CodeIgniter\View\{closure}()
#3 C:\xampp\htdocs\cubicaje\system\Common.php(1089): CodeIgniter\View\View->render('cajas/cajasSear...', Array, true)
#4 C:\xampp\htdocs\cubicaje\app\Controllers\Cajas.php(303): view('cajas/cajasSear...', Array)
#5 C:\xampp\htdocs\cubicaje\system\CodeIgniter.php(832): App\Controllers\Cajas->buscar()
#6 C:\xampp\htdocs\cubicaje\system\CodeIgniter.php(419): CodeIgniter\CodeIgniter->runController(Object(App\Controllers\Cajas))
#7 C:\xampp\htdocs\cubicaje\system\CodeIgniter.php(326): CodeIgniter\CodeIgniter->handleRequest(NULL, Object(Config\Cache), false)
#8 C:\xampp\htdocs\cubicaje\public\index.php(37): CodeIgniter\CodeIgniter->run()
#9 {main}
CRITICAL - 2024-05-07 12:24:53 --> Unclosed '{' on line 47
#0 C:\xampp\htdocs\cubicaje\system\View\View.php(213): CodeIgniter\View\View->CodeIgniter\View\{closure}()
#1 C:\xampp\htdocs\cubicaje\system\Common.php(1089): CodeIgniter\View\View->render('cajas/cajasSear...', Array, true)
#2 C:\xampp\htdocs\cubicaje\app\Controllers\Cajas.php(303): view('cajas/cajasSear...', Array)
#3 C:\xampp\htdocs\cubicaje\system\CodeIgniter.php(832): App\Controllers\Cajas->buscar()
#4 C:\xampp\htdocs\cubicaje\system\CodeIgniter.php(419): CodeIgniter\CodeIgniter->runController(Object(App\Controllers\Cajas))
#5 C:\xampp\htdocs\cubicaje\system\CodeIgniter.php(326): CodeIgniter\CodeIgniter->handleRequest(NULL, Object(Config\Cache), false)
#6 C:\xampp\htdocs\cubicaje\public\index.php(37): CodeIgniter\CodeIgniter->run()
#7 {main}
CRITICAL - 2024-05-07 12:25:31 --> Undefined array key "nombre"
#0 C:\xampp\htdocs\cubicaje\app\Views\cajas\cajasSearch.php(51): CodeIgniter\Debug\Exceptions->errorHandler(2, 'Undefined array...', 'C:\\xampp\\htdocs...', 51)
#1 C:\xampp\htdocs\cubicaje\system\View\View.php(210): include('C:\\xampp\\htdocs...')
#2 C:\xampp\htdocs\cubicaje\system\View\View.php(213): CodeIgniter\View\View->CodeIgniter\View\{closure}()
#3 C:\xampp\htdocs\cubicaje\system\Common.php(1089): CodeIgniter\View\View->render('cajas/cajasSear...', Array, true)
#4 C:\xampp\htdocs\cubicaje\app\Controllers\Cajas.php(303): view('cajas/cajasSear...', Array)
#5 C:\xampp\htdocs\cubicaje\system\CodeIgniter.php(832): App\Controllers\Cajas->buscar()
#6 C:\xampp\htdocs\cubicaje\system\CodeIgniter.php(419): CodeIgniter\CodeIgniter->runController(Object(App\Controllers\Cajas))
#7 C:\xampp\htdocs\cubicaje\system\CodeIgniter.php(326): CodeIgniter\CodeIgniter->handleRequest(NULL, Object(Config\Cache), false)
#8 C:\xampp\htdocs\cubicaje\public\index.php(37): CodeIgniter\CodeIgniter->run()
#9 {main}
CRITICAL - 2024-05-07 12:25:50 --> Undefined array key "vol_m"
#0 C:\xampp\htdocs\cubicaje\app\Views\cajas\cajasSearch.php(52): CodeIgniter\Debug\Exceptions->errorHandler(2, 'Undefined array...', 'C:\\xampp\\htdocs...', 52)
#1 C:\xampp\htdocs\cubicaje\system\View\View.php(210): include('C:\\xampp\\htdocs...')
#2 C:\xampp\htdocs\cubicaje\system\View\View.php(213): CodeIgniter\View\View->CodeIgniter\View\{closure}()
#3 C:\xampp\htdocs\cubicaje\system\Common.php(1089): CodeIgniter\View\View->render('cajas/cajasSear...', Array, true)
#4 C:\xampp\htdocs\cubicaje\app\Controllers\Cajas.php(303): view('cajas/cajasSear...', Array)
#5 C:\xampp\htdocs\cubicaje\system\CodeIgniter.php(832): App\Controllers\Cajas->buscar()
#6 C:\xampp\htdocs\cubicaje\system\CodeIgniter.php(419): CodeIgniter\CodeIgniter->runController(Object(App\Controllers\Cajas))
#7 C:\xampp\htdocs\cubicaje\system\CodeIgniter.php(326): CodeIgniter\CodeIgniter->handleRequest(NULL, Object(Config\Cache), false)
#8 C:\xampp\htdocs\cubicaje\public\index.php(37): CodeIgniter\CodeIgniter->run()
#9 {main}
CRITICAL - 2024-05-07 12:26:42 --> Undefined array key "cantidad_elementos"
#0 C:\xampp\htdocs\cubicaje\app\Views\cajas\cajasSearch.php(60): CodeIgniter\Debug\Exceptions->errorHandler(2, 'Undefined array...', 'C:\\xampp\\htdocs...', 60)
#1 C:\xampp\htdocs\cubicaje\system\View\View.php(210): include('C:\\xampp\\htdocs...')
#2 C:\xampp\htdocs\cubicaje\system\View\View.php(213): CodeIgniter\View\View->CodeIgniter\View\{closure}()
#3 C:\xampp\htdocs\cubicaje\system\Common.php(1089): CodeIgniter\View\View->render('cajas/cajasSear...', Array, true)
#4 C:\xampp\htdocs\cubicaje\app\Controllers\Cajas.php(303): view('cajas/cajasSear...', Array)
#5 C:\xampp\htdocs\cubicaje\system\CodeIgniter.php(832): App\Controllers\Cajas->buscar()
#6 C:\xampp\htdocs\cubicaje\system\CodeIgniter.php(419): CodeIgniter\CodeIgniter->runController(Object(App\Controllers\Cajas))
#7 C:\xampp\htdocs\cubicaje\system\CodeIgniter.php(326): CodeIgniter\CodeIgniter->handleRequest(NULL, Object(Config\Cache), false)
#8 C:\xampp\htdocs\cubicaje\public\index.php(37): CodeIgniter\CodeIgniter->run()
#9 {main}
CRITICAL - 2024-05-07 12:27:02 --> Undefined array key "peso_piezas"
#0 C:\xampp\htdocs\cubicaje\app\Views\cajas\cajasSearch.php(61): CodeIgniter\Debug\Exceptions->errorHandler(2, 'Undefined array...', 'C:\\xampp\\htdocs...', 61)
#1 C:\xampp\htdocs\cubicaje\system\View\View.php(210): include('C:\\xampp\\htdocs...')
#2 C:\xampp\htdocs\cubicaje\system\View\View.php(213): CodeIgniter\View\View->CodeIgniter\View\{closure}()
#3 C:\xampp\htdocs\cubicaje\system\Common.php(1089): CodeIgniter\View\View->render('cajas/cajasSear...', Array, true)
#4 C:\xampp\htdocs\cubicaje\app\Controllers\Cajas.php(303): view('cajas/cajasSear...', Array)
#5 C:\xampp\htdocs\cubicaje\system\CodeIgniter.php(832): App\Controllers\Cajas->buscar()
#6 C:\xampp\htdocs\cubicaje\system\CodeIgniter.php(419): CodeIgniter\CodeIgniter->runController(Object(App\Controllers\Cajas))
#7 C:\xampp\htdocs\cubicaje\system\CodeIgniter.php(326): CodeIgniter\CodeIgniter->handleRequest(NULL, Object(Config\Cache), false)
#8 C:\xampp\htdocs\cubicaje\public\index.php(37): CodeIgniter\CodeIgniter->run()
#9 {main}
CRITICAL - 2024-05-07 12:27:08 --> Undefined array key "peso_piezas"
#0 C:\xampp\htdocs\cubicaje\app\Views\cajas\cajasSearch.php(61): CodeIgniter\Debug\Exceptions->errorHandler(2, 'Undefined array...', 'C:\\xampp\\htdocs...', 61)
#1 C:\xampp\htdocs\cubicaje\system\View\View.php(210): include('C:\\xampp\\htdocs...')
#2 C:\xampp\htdocs\cubicaje\system\View\View.php(213): CodeIgniter\View\View->CodeIgniter\View\{closure}()
#3 C:\xampp\htdocs\cubicaje\system\Common.php(1089): CodeIgniter\View\View->render('cajas/cajasSear...', Array, true)
#4 C:\xampp\htdocs\cubicaje\app\Controllers\Cajas.php(303): view('cajas/cajasSear...', Array)
#5 C:\xampp\htdocs\cubicaje\system\CodeIgniter.php(832): App\Controllers\Cajas->buscar()
#6 C:\xampp\htdocs\cubicaje\system\CodeIgniter.php(419): CodeIgniter\CodeIgniter->runController(Object(App\Controllers\Cajas))
#7 C:\xampp\htdocs\cubicaje\system\CodeIgniter.php(326): CodeIgniter\CodeIgniter->handleRequest(NULL, Object(Config\Cache), false)
#8 C:\xampp\htdocs\cubicaje\public\index.php(37): CodeIgniter\CodeIgniter->run()
#9 {main}
CRITICAL - 2024-05-07 12:45:03 --> Undefined array key "vehiculo"
#0 C:\xampp\htdocs\cubicaje\app\Views\vehiculos\vehiculosSearch.php(54): CodeIgniter\Debug\Exceptions->errorHandler(2, 'Undefined array...', 'C:\\xampp\\htdocs...', 54)
#1 C:\xampp\htdocs\cubicaje\system\View\View.php(210): include('C:\\xampp\\htdocs...')
#2 C:\xampp\htdocs\cubicaje\system\View\View.php(213): CodeIgniter\View\View->CodeIgniter\View\{closure}()
#3 C:\xampp\htdocs\cubicaje\system\Common.php(1089): CodeIgniter\View\View->render('vehiculos/vehic...', Array, true)
#4 C:\xampp\htdocs\cubicaje\app\Controllers\Vehiculos.php(156): view('vehiculos/vehic...', Array)
#5 C:\xampp\htdocs\cubicaje\system\CodeIgniter.php(832): App\Controllers\Vehiculos->buscar()
#6 C:\xampp\htdocs\cubicaje\system\CodeIgniter.php(419): CodeIgniter\CodeIgniter->runController(Object(App\Controllers\Vehiculos))
#7 C:\xampp\htdocs\cubicaje\system\CodeIgniter.php(326): CodeIgniter\CodeIgniter->handleRequest(NULL, Object(Config\Cache), false)
#8 C:\xampp\htdocs\cubicaje\public\index.php(37): CodeIgniter\CodeIgniter->run()
#9 {main}
CRITICAL - 2024-05-07 12:46:52 --> Undefined array key "tip_vehiculos"
#0 C:\xampp\htdocs\cubicaje\app\Views\vehiculos\vehiculosSearch.php(56): CodeIgniter\Debug\Exceptions->errorHandler(2, 'Undefined array...', 'C:\\xampp\\htdocs...', 56)
#1 C:\xampp\htdocs\cubicaje\system\View\View.php(210): include('C:\\xampp\\htdocs...')
#2 C:\xampp\htdocs\cubicaje\system\View\View.php(213): CodeIgniter\View\View->CodeIgniter\View\{closure}()
#3 C:\xampp\htdocs\cubicaje\system\Common.php(1089): CodeIgniter\View\View->render('vehiculos/vehic...', Array, true)
#4 C:\xampp\htdocs\cubicaje\app\Controllers\Vehiculos.php(156): view('vehiculos/vehic...', Array)
#5 C:\xampp\htdocs\cubicaje\system\CodeIgniter.php(832): App\Controllers\Vehiculos->buscar()
#6 C:\xampp\htdocs\cubicaje\system\CodeIgniter.php(419): CodeIgniter\CodeIgniter->runController(Object(App\Controllers\Vehiculos))
#7 C:\xampp\htdocs\cubicaje\system\CodeIgniter.php(326): CodeIgniter\CodeIgniter->handleRequest(NULL, Object(Config\Cache), false)
#8 C:\xampp\htdocs\cubicaje\public\index.php(37): CodeIgniter\CodeIgniter->run()
#9 {main}
