CRITICAL - 2023-04-11 21:17:40 --> Undefined array key "num1"
#0 C:\xampp\htdocs\cubicacion\app\Views\inicio.php(152): CodeIgniter\Debug\Exceptions->errorHandler(2, 'Undefined array...', 'C:\\xampp\\htdocs...', 152)
#1 C:\xampp\htdocs\cubicacion\system\View\View.php(210): include('C:\\xampp\\htdocs...')
#2 C:\xampp\htdocs\cubicacion\system\View\View.php(213): CodeIgniter\View\View->CodeIgniter\View\{closure}()
#3 C:\xampp\htdocs\cubicacion\system\Common.php(1089): CodeIgniter\View\View->render('inicio', Array, true)
#4 C:\xampp\htdocs\cubicacion\app\Controllers\Inicio.php(28): view('inicio', Array)
#5 C:\xampp\htdocs\cubicacion\system\CodeIgniter.php(832): App\Controllers\Inicio->index()
#6 C:\xampp\htdocs\cubicacion\system\CodeIgniter.php(419): CodeIgniter\CodeIgniter->runController(Object(App\Controllers\Inicio))
#7 C:\xampp\htdocs\cubicacion\system\CodeIgniter.php(326): CodeIgniter\CodeIgniter->handleRequest(NULL, Object(Config\Cache), false)
#8 C:\xampp\htdocs\cubicacion\public\index.php(37): CodeIgniter\CodeIgniter->run()
#9 {main}
CRITICAL - 2023-04-11 21:19:26 --> Undefined array key "num1"
#0 C:\xampp\htdocs\cubicacion\app\Views\inicio.php(142): CodeIgniter\Debug\Exceptions->errorHandler(2, 'Undefined array...', 'C:\\xampp\\htdocs...', 142)
#1 C:\xampp\htdocs\cubicacion\system\View\View.php(210): include('C:\\xampp\\htdocs...')
#2 C:\xampp\htdocs\cubicacion\system\View\View.php(213): CodeIgniter\View\View->CodeIgniter\View\{closure}()
#3 C:\xampp\htdocs\cubicacion\system\Common.php(1089): CodeIgniter\View\View->render('inicio', Array, true)
#4 C:\xampp\htdocs\cubicacion\app\Controllers\Inicio.php(28): view('inicio', Array)
#5 C:\xampp\htdocs\cubicacion\system\CodeIgniter.php(832): App\Controllers\Inicio->index()
#6 C:\xampp\htdocs\cubicacion\system\CodeIgniter.php(419): CodeIgniter\CodeIgniter->runController(Object(App\Controllers\Inicio))
#7 C:\xampp\htdocs\cubicacion\system\CodeIgniter.php(326): CodeIgniter\CodeIgniter->handleRequest(NULL, Object(Config\Cache), false)
#8 C:\xampp\htdocs\cubicacion\public\index.php(37): CodeIgniter\CodeIgniter->run()
#9 {main}
CRITICAL - 2023-04-11 21:19:47 --> Undefined array key "num1"
#0 C:\xampp\htdocs\cubicacion\app\Views\inicio.php(142): CodeIgniter\Debug\Exceptions->errorHandler(2, 'Undefined array...', 'C:\\xampp\\htdocs...', 142)
#1 C:\xampp\htdocs\cubicacion\system\View\View.php(210): include('C:\\xampp\\htdocs...')
#2 C:\xampp\htdocs\cubicacion\system\View\View.php(213): CodeIgniter\View\View->CodeIgniter\View\{closure}()
#3 C:\xampp\htdocs\cubicacion\system\Common.php(1089): CodeIgniter\View\View->render('inicio', Array, true)
#4 C:\xampp\htdocs\cubicacion\app\Controllers\Inicio.php(28): view('inicio', Array)
#5 C:\xampp\htdocs\cubicacion\system\CodeIgniter.php(832): App\Controllers\Inicio->index()
#6 C:\xampp\htdocs\cubicacion\system\CodeIgniter.php(419): CodeIgniter\CodeIgniter->runController(Object(App\Controllers\Inicio))
#7 C:\xampp\htdocs\cubicacion\system\CodeIgniter.php(326): CodeIgniter\CodeIgniter->handleRequest(NULL, Object(Config\Cache), false)
#8 C:\xampp\htdocs\cubicacion\public\index.php(37): CodeIgniter\CodeIgniter->run()
#9 {main}
CRITICAL - 2023-04-11 21:20:57 --> Undefined array key "num1"
#0 C:\xampp\htdocs\cubicacion\app\Views\inicio.php(145): CodeIgniter\Debug\Exceptions->errorHandler(2, 'Undefined array...', 'C:\\xampp\\htdocs...', 145)
#1 C:\xampp\htdocs\cubicacion\system\View\View.php(210): include('C:\\xampp\\htdocs...')
#2 C:\xampp\htdocs\cubicacion\system\View\View.php(213): CodeIgniter\View\View->CodeIgniter\View\{closure}()
#3 C:\xampp\htdocs\cubicacion\system\Common.php(1089): CodeIgniter\View\View->render('inicio', Array, true)
#4 C:\xampp\htdocs\cubicacion\app\Controllers\Inicio.php(28): view('inicio', Array)
#5 C:\xampp\htdocs\cubicacion\system\CodeIgniter.php(832): App\Controllers\Inicio->index()
#6 C:\xampp\htdocs\cubicacion\system\CodeIgniter.php(419): CodeIgniter\CodeIgniter->runController(Object(App\Controllers\Inicio))
#7 C:\xampp\htdocs\cubicacion\system\CodeIgniter.php(326): CodeIgniter\CodeIgniter->handleRequest(NULL, Object(Config\Cache), false)
#8 C:\xampp\htdocs\cubicacion\public\index.php(37): CodeIgniter\CodeIgniter->run()
#9 {main}
CRITICAL - 2023-04-11 21:22:34 --> Undefined array key "alto"
#0 C:\xampp\htdocs\cubicacion\app\Views\inicio.php(145): CodeIgniter\Debug\Exceptions->errorHandler(2, 'Undefined array...', 'C:\\xampp\\htdocs...', 145)
#1 C:\xampp\htdocs\cubicacion\system\View\View.php(210): include('C:\\xampp\\htdocs...')
#2 C:\xampp\htdocs\cubicacion\system\View\View.php(213): CodeIgniter\View\View->CodeIgniter\View\{closure}()
#3 C:\xampp\htdocs\cubicacion\system\Common.php(1089): CodeIgniter\View\View->render('inicio', Array, true)
#4 C:\xampp\htdocs\cubicacion\app\Controllers\Inicio.php(28): view('inicio', Array)
#5 C:\xampp\htdocs\cubicacion\system\CodeIgniter.php(832): App\Controllers\Inicio->index()
#6 C:\xampp\htdocs\cubicacion\system\CodeIgniter.php(419): CodeIgniter\CodeIgniter->runController(Object(App\Controllers\Inicio))
#7 C:\xampp\htdocs\cubicacion\system\CodeIgniter.php(326): CodeIgniter\CodeIgniter->handleRequest(NULL, Object(Config\Cache), false)
#8 C:\xampp\htdocs\cubicacion\public\index.php(37): CodeIgniter\CodeIgniter->run()
#9 {main}
