CRITICAL - 2024-05-08 00:05:42 --> Undefined variable $datos
#0 C:\xampp\htdocs\cubicaje\app\Views\productos\productosSearch.php(55): CodeIgniter\Debug\Exceptions->errorHandler(2, 'Undefined varia...', 'C:\\xampp\\htdocs...', 55)
#1 C:\xampp\htdocs\cubicaje\system\View\View.php(210): include('C:\\xampp\\htdocs...')
#2 C:\xampp\htdocs\cubicaje\system\View\View.php(213): CodeIgniter\View\View->CodeIgniter\View\{closure}()
#3 C:\xampp\htdocs\cubicaje\system\Common.php(1089): CodeIgniter\View\View->render('productos/produ...', Array, true)
#4 C:\xampp\htdocs\cubicaje\app\Controllers\productos.php(255): view('productos/produ...', Array)
#5 C:\xampp\htdocs\cubicaje\system\CodeIgniter.php(832): App\Controllers\Productos->buscarInput()
#6 C:\xampp\htdocs\cubicaje\system\CodeIgniter.php(419): CodeIgniter\CodeIgniter->runController(Object(App\Controllers\Productos))
#7 C:\xampp\htdocs\cubicaje\system\CodeIgniter.php(326): CodeIgniter\CodeIgniter->handleRequest(NULL, Object(Config\Cache), false)
#8 C:\xampp\htdocs\cubicaje\public\index.php(37): CodeIgniter\CodeIgniter->run()
#9 {main}
CRITICAL - 2024-05-08 00:05:55 --> Undefined variable $datos
#0 C:\xampp\htdocs\cubicaje\app\Views\productos\productosSearch.php(55): CodeIgniter\Debug\Exceptions->errorHandler(2, 'Undefined varia...', 'C:\\xampp\\htdocs...', 55)
#1 C:\xampp\htdocs\cubicaje\system\View\View.php(210): include('C:\\xampp\\htdocs...')
#2 C:\xampp\htdocs\cubicaje\system\View\View.php(213): CodeIgniter\View\View->CodeIgniter\View\{closure}()
#3 C:\xampp\htdocs\cubicaje\system\Common.php(1089): CodeIgniter\View\View->render('productos/produ...', Array, true)
#4 C:\xampp\htdocs\cubicaje\app\Controllers\productos.php(255): view('productos/produ...', Array)
#5 C:\xampp\htdocs\cubicaje\system\CodeIgniter.php(832): App\Controllers\Productos->buscarInput()
#6 C:\xampp\htdocs\cubicaje\system\CodeIgniter.php(419): CodeIgniter\CodeIgniter->runController(Object(App\Controllers\Productos))
#7 C:\xampp\htdocs\cubicaje\system\CodeIgniter.php(326): CodeIgniter\CodeIgniter->handleRequest(NULL, Object(Config\Cache), false)
#8 C:\xampp\htdocs\cubicaje\public\index.php(37): CodeIgniter\CodeIgniter->run()
#9 {main}
