ERROR - 2022-09-28 21:16:17 --> Error connecting to the database: Unknown database 'pos'
CRITICAL - 2022-09-28 21:16:17 --> Unable to connect to the database.
Main connection [MySQLi]: Unknown database 'pos'
#0 C:\xampp\htdocs\gileos_del_pasifico2\system\Database\BaseConnection.php(577): CodeIgniter\Database\BaseConnection->initialize()
#1 C:\xampp\htdocs\gileos_del_pasifico2\system\Database\BaseBuilder.php(1455): CodeIgniter\Database\BaseConnection->query('SELECT *\nFROM `...', Array, false)
#2 C:\xampp\htdocs\gileos_del_pasifico2\system\Model.php(183): CodeIgniter\Database\BaseBuilder->get()
#3 C:\xampp\htdocs\gileos_del_pasifico2\system\BaseModel.php(584): CodeIgniter\Model->doFindAll(0, 0)
#4 C:\xampp\htdocs\gileos_del_pasifico2\app\Controllers\productos.php(22): CodeIgniter\BaseModel->findAll()
#5 C:\xampp\htdocs\gileos_del_pasifico2\system\CodeIgniter.php(832): App\Controllers\Productos->index()
#6 C:\xampp\htdocs\gileos_del_pasifico2\system\CodeIgniter.php(419): CodeIgniter\CodeIgniter->runController(Object(App\Controllers\Productos))
#7 C:\xampp\htdocs\gileos_del_pasifico2\system\CodeIgniter.php(326): CodeIgniter\CodeIgniter->handleRequest(NULL, Object(Config\Cache), false)
#8 C:\xampp\htdocs\gileos_del_pasifico2\public\index.php(37): CodeIgniter\CodeIgniter->run()
#9 {main}
ERROR - 2022-09-28 21:17:12 --> Error connecting to the database: Unknown database 'pos'
CRITICAL - 2022-09-28 21:17:12 --> Unable to connect to the database.
Main connection [MySQLi]: Unknown database 'pos'
#0 C:\xampp\htdocs\gileos_del_pasifico2\system\Database\BaseConnection.php(577): CodeIgniter\Database\BaseConnection->initialize()
#1 C:\xampp\htdocs\gileos_del_pasifico2\system\Database\BaseBuilder.php(1455): CodeIgniter\Database\BaseConnection->query('SELECT *\nFROM `...', Array, false)
#2 C:\xampp\htdocs\gileos_del_pasifico2\system\Model.php(183): CodeIgniter\Database\BaseBuilder->get()
#3 C:\xampp\htdocs\gileos_del_pasifico2\system\BaseModel.php(584): CodeIgniter\Model->doFindAll(0, 0)
#4 C:\xampp\htdocs\gileos_del_pasifico2\app\Controllers\Categorias.php(18): CodeIgniter\BaseModel->findAll()
#5 C:\xampp\htdocs\gileos_del_pasifico2\system\CodeIgniter.php(832): App\Controllers\Categorias->index()
#6 C:\xampp\htdocs\gileos_del_pasifico2\system\CodeIgniter.php(419): CodeIgniter\CodeIgniter->runController(Object(App\Controllers\Categorias))
#7 C:\xampp\htdocs\gileos_del_pasifico2\system\CodeIgniter.php(326): CodeIgniter\CodeIgniter->handleRequest(NULL, Object(Config\Cache), false)
#8 C:\xampp\htdocs\gileos_del_pasifico2\public\index.php(37): CodeIgniter\CodeIgniter->run()
#9 {main}
ERROR - 2022-09-28 22:41:31 --> Table 'pos.productos' doesn't exist
CRITICAL - 2022-09-28 22:41:31 --> Table 'pos.productos' doesn't exist
#0 C:\xampp\htdocs\gileos_del_pasifico2\system\Database\MySQLi\Connection.php(292): mysqli->query('SELECT *\nFROM `...', 0)
#1 C:\xampp\htdocs\gileos_del_pasifico2\system\Database\BaseConnection.php(670): CodeIgniter\Database\MySQLi\Connection->execute('SELECT *\nFROM `...')
#2 C:\xampp\htdocs\gileos_del_pasifico2\system\Database\BaseConnection.php(598): CodeIgniter\Database\BaseConnection->simpleQuery('SELECT *\nFROM `...')
#3 C:\xampp\htdocs\gileos_del_pasifico2\system\Database\BaseBuilder.php(1455): CodeIgniter\Database\BaseConnection->query('SELECT *\nFROM `...', Array, false)
#4 C:\xampp\htdocs\gileos_del_pasifico2\system\Model.php(183): CodeIgniter\Database\BaseBuilder->get()
#5 C:\xampp\htdocs\gileos_del_pasifico2\system\BaseModel.php(584): CodeIgniter\Model->doFindAll(0, 0)
#6 C:\xampp\htdocs\gileos_del_pasifico2\app\Controllers\productos.php(22): CodeIgniter\BaseModel->findAll()
#7 C:\xampp\htdocs\gileos_del_pasifico2\system\CodeIgniter.php(832): App\Controllers\Productos->index()
#8 C:\xampp\htdocs\gileos_del_pasifico2\system\CodeIgniter.php(419): CodeIgniter\CodeIgniter->runController(Object(App\Controllers\Productos))
#9 C:\xampp\htdocs\gileos_del_pasifico2\system\CodeIgniter.php(326): CodeIgniter\CodeIgniter->handleRequest(NULL, Object(Config\Cache), false)
#10 C:\xampp\htdocs\gileos_del_pasifico2\public\index.php(37): CodeIgniter\CodeIgniter->run()
#11 {main}
ERROR - 2022-09-28 22:41:36 --> Table 'pos.categorias' doesn't exist
CRITICAL - 2022-09-28 22:41:36 --> Table 'pos.categorias' doesn't exist
#0 C:\xampp\htdocs\gileos_del_pasifico2\system\Database\MySQLi\Connection.php(292): mysqli->query('SELECT *\nFROM `...', 0)
#1 C:\xampp\htdocs\gileos_del_pasifico2\system\Database\BaseConnection.php(670): CodeIgniter\Database\MySQLi\Connection->execute('SELECT *\nFROM `...')
#2 C:\xampp\htdocs\gileos_del_pasifico2\system\Database\BaseConnection.php(598): CodeIgniter\Database\BaseConnection->simpleQuery('SELECT *\nFROM `...')
#3 C:\xampp\htdocs\gileos_del_pasifico2\system\Database\BaseBuilder.php(1455): CodeIgniter\Database\BaseConnection->query('SELECT *\nFROM `...', Array, false)
#4 C:\xampp\htdocs\gileos_del_pasifico2\system\Model.php(183): CodeIgniter\Database\BaseBuilder->get()
#5 C:\xampp\htdocs\gileos_del_pasifico2\system\BaseModel.php(584): CodeIgniter\Model->doFindAll(0, 0)
#6 C:\xampp\htdocs\gileos_del_pasifico2\app\Controllers\Categorias.php(18): CodeIgniter\BaseModel->findAll()
#7 C:\xampp\htdocs\gileos_del_pasifico2\system\CodeIgniter.php(832): App\Controllers\Categorias->index()
#8 C:\xampp\htdocs\gileos_del_pasifico2\system\CodeIgniter.php(419): CodeIgniter\CodeIgniter->runController(Object(App\Controllers\Categorias))
#9 C:\xampp\htdocs\gileos_del_pasifico2\system\CodeIgniter.php(326): CodeIgniter\CodeIgniter->handleRequest(NULL, Object(Config\Cache), false)
#10 C:\xampp\htdocs\gileos_del_pasifico2\public\index.php(37): CodeIgniter\CodeIgniter->run()
#11 {main}
