CRITICAL - 2022-04-12 00:00:58 --> Undefined variable $unidades
#0 C:\xampp\htdocs\gileos_del_pasifico2\app\Controllers\Unidades.php(19): CodeIgniter\Debug\Exceptions->errorHandler(2, 'Undefined varia...', 'C:\\xampp\\htdocs...', 19)
#1 C:\xampp\htdocs\gileos_del_pasifico2\system\CodeIgniter.php(832): App\Controllers\Unidades->index()
#2 C:\xampp\htdocs\gileos_del_pasifico2\system\CodeIgniter.php(419): CodeIgniter\CodeIgniter->runController(Object(App\Controllers\Unidades))
#3 C:\xampp\htdocs\gileos_del_pasifico2\system\CodeIgniter.php(326): CodeIgniter\CodeIgniter->handleRequest(NULL, Object(Config\Cache), false)
#4 C:\xampp\htdocs\gileos_del_pasifico2\public\index.php(37): CodeIgniter\CodeIgniter->run()
#5 {main}
CRITICAL - 2022-04-12 00:00:59 --> Undefined variable $unidades
#0 C:\xampp\htdocs\gileos_del_pasifico2\app\Controllers\Unidades.php(19): CodeIgniter\Debug\Exceptions->errorHandler(2, 'Undefined varia...', 'C:\\xampp\\htdocs...', 19)
#1 C:\xampp\htdocs\gileos_del_pasifico2\system\CodeIgniter.php(832): App\Controllers\Unidades->index()
#2 C:\xampp\htdocs\gileos_del_pasifico2\system\CodeIgniter.php(419): CodeIgniter\CodeIgniter->runController(Object(App\Controllers\Unidades))
#3 C:\xampp\htdocs\gileos_del_pasifico2\system\CodeIgniter.php(326): CodeIgniter\CodeIgniter->handleRequest(NULL, Object(Config\Cache), false)
#4 C:\xampp\htdocs\gileos_del_pasifico2\public\index.php(37): CodeIgniter\CodeIgniter->run()
#5 {main}
CRITICAL - 2022-04-12 00:02:47 --> Call to a member function where() on null
#0 C:\xampp\htdocs\gileos_del_pasifico2\system\CodeIgniter.php(832): App\Controllers\Unidades->index()
#1 C:\xampp\htdocs\gileos_del_pasifico2\system\CodeIgniter.php(419): CodeIgniter\CodeIgniter->runController(Object(App\Controllers\Unidades))
#2 C:\xampp\htdocs\gileos_del_pasifico2\system\CodeIgniter.php(326): CodeIgniter\CodeIgniter->handleRequest(NULL, Object(Config\Cache), false)
#3 C:\xampp\htdocs\gileos_del_pasifico2\public\index.php(37): CodeIgniter\CodeIgniter->run()
#4 {main}
CRITICAL - 2022-04-12 00:02:49 --> Call to a member function where() on null
#0 C:\xampp\htdocs\gileos_del_pasifico2\system\CodeIgniter.php(832): App\Controllers\Unidades->index()
#1 C:\xampp\htdocs\gileos_del_pasifico2\system\CodeIgniter.php(419): CodeIgniter\CodeIgniter->runController(Object(App\Controllers\Unidades))
#2 C:\xampp\htdocs\gileos_del_pasifico2\system\CodeIgniter.php(326): CodeIgniter\CodeIgniter->handleRequest(NULL, Object(Config\Cache), false)
#3 C:\xampp\htdocs\gileos_del_pasifico2\public\index.php(37): CodeIgniter\CodeIgniter->run()
#4 {main}
CRITICAL - 2022-04-12 00:02:54 --> Call to a member function where() on null
#0 C:\xampp\htdocs\gileos_del_pasifico2\system\CodeIgniter.php(832): App\Controllers\Unidades->index()
#1 C:\xampp\htdocs\gileos_del_pasifico2\system\CodeIgniter.php(419): CodeIgniter\CodeIgniter->runController(Object(App\Controllers\Unidades))
#2 C:\xampp\htdocs\gileos_del_pasifico2\system\CodeIgniter.php(326): CodeIgniter\CodeIgniter->handleRequest(NULL, Object(Config\Cache), false)
#3 C:\xampp\htdocs\gileos_del_pasifico2\public\index.php(37): CodeIgniter\CodeIgniter->run()
#4 {main}
CRITICAL - 2022-04-12 00:02:56 --> Call to a member function where() on null
#0 C:\xampp\htdocs\gileos_del_pasifico2\system\CodeIgniter.php(832): App\Controllers\Unidades->index()
#1 C:\xampp\htdocs\gileos_del_pasifico2\system\CodeIgniter.php(419): CodeIgniter\CodeIgniter->runController(Object(App\Controllers\Unidades))
#2 C:\xampp\htdocs\gileos_del_pasifico2\system\CodeIgniter.php(326): CodeIgniter\CodeIgniter->handleRequest(NULL, Object(Config\Cache), false)
#3 C:\xampp\htdocs\gileos_del_pasifico2\public\index.php(37): CodeIgniter\CodeIgniter->run()
#4 {main}
CRITICAL - 2022-04-12 00:07:10 --> Call to a member function where() on null
#0 C:\xampp\htdocs\gileos_del_pasifico2\system\CodeIgniter.php(832): App\Controllers\Unidades->index()
#1 C:\xampp\htdocs\gileos_del_pasifico2\system\CodeIgniter.php(419): CodeIgniter\CodeIgniter->runController(Object(App\Controllers\Unidades))
#2 C:\xampp\htdocs\gileos_del_pasifico2\system\CodeIgniter.php(326): CodeIgniter\CodeIgniter->handleRequest(NULL, Object(Config\Cache), false)
#3 C:\xampp\htdocs\gileos_del_pasifico2\public\index.php(37): CodeIgniter\CodeIgniter->run()
#4 {main}
CRITICAL - 2022-04-12 00:19:19 --> Call to a member function where() on null
#0 C:\xampp\htdocs\gileos_del_pasifico2\system\CodeIgniter.php(832): App\Controllers\Unidades->index()
#1 C:\xampp\htdocs\gileos_del_pasifico2\system\CodeIgniter.php(419): CodeIgniter\CodeIgniter->runController(Object(App\Controllers\Unidades))
#2 C:\xampp\htdocs\gileos_del_pasifico2\system\CodeIgniter.php(326): CodeIgniter\CodeIgniter->handleRequest(NULL, Object(Config\Cache), false)
#3 C:\xampp\htdocs\gileos_del_pasifico2\public\index.php(37): CodeIgniter\CodeIgniter->run()
#4 {main}
CRITICAL - 2022-04-12 00:21:19 --> Call to a member function where() on null
#0 C:\xampp\htdocs\gileos_del_pasifico2\system\CodeIgniter.php(832): App\Controllers\Unidades->index()
#1 C:\xampp\htdocs\gileos_del_pasifico2\system\CodeIgniter.php(419): CodeIgniter\CodeIgniter->runController(Object(App\Controllers\Unidades))
#2 C:\xampp\htdocs\gileos_del_pasifico2\system\CodeIgniter.php(326): CodeIgniter\CodeIgniter->handleRequest(NULL, Object(Config\Cache), false)
#3 C:\xampp\htdocs\gileos_del_pasifico2\public\index.php(37): CodeIgniter\CodeIgniter->run()
#4 {main}
CRITICAL - 2022-04-12 00:21:20 --> Call to a member function where() on null
#0 C:\xampp\htdocs\gileos_del_pasifico2\system\CodeIgniter.php(832): App\Controllers\Unidades->index()
#1 C:\xampp\htdocs\gileos_del_pasifico2\system\CodeIgniter.php(419): CodeIgniter\CodeIgniter->runController(Object(App\Controllers\Unidades))
#2 C:\xampp\htdocs\gileos_del_pasifico2\system\CodeIgniter.php(326): CodeIgniter\CodeIgniter->handleRequest(NULL, Object(Config\Cache), false)
#3 C:\xampp\htdocs\gileos_del_pasifico2\public\index.php(37): CodeIgniter\CodeIgniter->run()
#4 {main}
CRITICAL - 2022-04-12 00:21:20 --> Call to a member function where() on null
#0 C:\xampp\htdocs\gileos_del_pasifico2\system\CodeIgniter.php(832): App\Controllers\Unidades->index()
#1 C:\xampp\htdocs\gileos_del_pasifico2\system\CodeIgniter.php(419): CodeIgniter\CodeIgniter->runController(Object(App\Controllers\Unidades))
#2 C:\xampp\htdocs\gileos_del_pasifico2\system\CodeIgniter.php(326): CodeIgniter\CodeIgniter->handleRequest(NULL, Object(Config\Cache), false)
#3 C:\xampp\htdocs\gileos_del_pasifico2\public\index.php(37): CodeIgniter\CodeIgniter->run()
#4 {main}
CRITICAL - 2022-04-12 00:24:05 --> Call to a member function where() on null
#0 C:\xampp\htdocs\gileos_del_pasifico2\system\CodeIgniter.php(832): App\Controllers\Unidades->index()
#1 C:\xampp\htdocs\gileos_del_pasifico2\system\CodeIgniter.php(419): CodeIgniter\CodeIgniter->runController(Object(App\Controllers\Unidades))
#2 C:\xampp\htdocs\gileos_del_pasifico2\system\CodeIgniter.php(326): CodeIgniter\CodeIgniter->handleRequest(NULL, Object(Config\Cache), false)
#3 C:\xampp\htdocs\gileos_del_pasifico2\public\index.php(37): CodeIgniter\CodeIgniter->run()
#4 {main}
CRITICAL - 2022-04-12 00:27:33 --> Call to a member function where() on null
#0 C:\xampp\htdocs\gileos_del_pasifico2\system\CodeIgniter.php(832): App\Controllers\Unidades->index()
#1 C:\xampp\htdocs\gileos_del_pasifico2\system\CodeIgniter.php(419): CodeIgniter\CodeIgniter->runController(Object(App\Controllers\Unidades))
#2 C:\xampp\htdocs\gileos_del_pasifico2\system\CodeIgniter.php(326): CodeIgniter\CodeIgniter->handleRequest(NULL, Object(Config\Cache), false)
#3 C:\xampp\htdocs\gileos_del_pasifico2\public\index.php(37): CodeIgniter\CodeIgniter->run()
#4 {main}
CRITICAL - 2022-04-12 00:30:44 --> Class "App\Controllers\UnidadesModel" not found
#0 C:\xampp\htdocs\gileos_del_pasifico2\system\CodeIgniter.php(809): App\Controllers\Unidades->__construct()
#1 C:\xampp\htdocs\gileos_del_pasifico2\system\CodeIgniter.php(410): CodeIgniter\CodeIgniter->createController()
#2 C:\xampp\htdocs\gileos_del_pasifico2\system\CodeIgniter.php(326): CodeIgniter\CodeIgniter->handleRequest(NULL, Object(Config\Cache), false)
#3 C:\xampp\htdocs\gileos_del_pasifico2\public\index.php(37): CodeIgniter\CodeIgniter->run()
#4 {main}
CRITICAL - 2022-04-12 00:30:46 --> Class "App\Controllers\UnidadesModel" not found
#0 C:\xampp\htdocs\gileos_del_pasifico2\system\CodeIgniter.php(809): App\Controllers\Unidades->__construct()
#1 C:\xampp\htdocs\gileos_del_pasifico2\system\CodeIgniter.php(410): CodeIgniter\CodeIgniter->createController()
#2 C:\xampp\htdocs\gileos_del_pasifico2\system\CodeIgniter.php(326): CodeIgniter\CodeIgniter->handleRequest(NULL, Object(Config\Cache), false)
#3 C:\xampp\htdocs\gileos_del_pasifico2\public\index.php(37): CodeIgniter\CodeIgniter->run()
#4 {main}
CRITICAL - 2022-04-12 00:30:46 --> Class "App\Controllers\UnidadesModel" not found
#0 C:\xampp\htdocs\gileos_del_pasifico2\system\CodeIgniter.php(809): App\Controllers\Unidades->__construct()
#1 C:\xampp\htdocs\gileos_del_pasifico2\system\CodeIgniter.php(410): CodeIgniter\CodeIgniter->createController()
#2 C:\xampp\htdocs\gileos_del_pasifico2\system\CodeIgniter.php(326): CodeIgniter\CodeIgniter->handleRequest(NULL, Object(Config\Cache), false)
#3 C:\xampp\htdocs\gileos_del_pasifico2\public\index.php(37): CodeIgniter\CodeIgniter->run()
#4 {main}
CRITICAL - 2022-04-12 00:30:55 --> Class "App\Controllers\UnidadesModel" not found
#0 C:\xampp\htdocs\gileos_del_pasifico2\system\CodeIgniter.php(809): App\Controllers\Unidades->__construct()
#1 C:\xampp\htdocs\gileos_del_pasifico2\system\CodeIgniter.php(410): CodeIgniter\CodeIgniter->createController()
#2 C:\xampp\htdocs\gileos_del_pasifico2\system\CodeIgniter.php(326): CodeIgniter\CodeIgniter->handleRequest(NULL, Object(Config\Cache), false)
#3 C:\xampp\htdocs\gileos_del_pasifico2\public\index.php(37): CodeIgniter\CodeIgniter->run()
#4 {main}
CRITICAL - 2022-04-12 00:33:07 --> Class "App\Controllers\UnidadesModel" not found
#0 C:\xampp\htdocs\gileos_del_pasifico2\system\CodeIgniter.php(809): App\Controllers\Unidades->__construct()
#1 C:\xampp\htdocs\gileos_del_pasifico2\system\CodeIgniter.php(410): CodeIgniter\CodeIgniter->createController()
#2 C:\xampp\htdocs\gileos_del_pasifico2\system\CodeIgniter.php(326): CodeIgniter\CodeIgniter->handleRequest(NULL, Object(Config\Cache), false)
#3 C:\xampp\htdocs\gileos_del_pasifico2\public\index.php(37): CodeIgniter\CodeIgniter->run()
#4 {main}
CRITICAL - 2022-04-12 00:37:57 --> Class "App\Controllers\UnidadesModel" not found
#0 C:\xampp\htdocs\gileos_del_pasifico2\system\CodeIgniter.php(809): App\Controllers\Unidades->__construct()
#1 C:\xampp\htdocs\gileos_del_pasifico2\system\CodeIgniter.php(410): CodeIgniter\CodeIgniter->createController()
#2 C:\xampp\htdocs\gileos_del_pasifico2\system\CodeIgniter.php(326): CodeIgniter\CodeIgniter->handleRequest(NULL, Object(Config\Cache), false)
#3 C:\xampp\htdocs\gileos_del_pasifico2\public\index.php(37): CodeIgniter\CodeIgniter->run()
#4 {main}
CRITICAL - 2022-04-12 00:43:44 --> Class "App\Controllers\UnidadesModel" not found
#0 C:\xampp\htdocs\gileos_del_pasifico2\system\CodeIgniter.php(809): App\Controllers\Unidades->__construct()
#1 C:\xampp\htdocs\gileos_del_pasifico2\system\CodeIgniter.php(410): CodeIgniter\CodeIgniter->createController()
#2 C:\xampp\htdocs\gileos_del_pasifico2\system\CodeIgniter.php(326): CodeIgniter\CodeIgniter->handleRequest(NULL, Object(Config\Cache), false)
#3 C:\xampp\htdocs\gileos_del_pasifico2\public\index.php(37): CodeIgniter\CodeIgniter->run()
#4 {main}
CRITICAL - 2022-04-12 00:49:21 --> Class "App\Controllers\UnidadesModel" not found
#0 C:\xampp\htdocs\gileos_del_pasifico2\system\CodeIgniter.php(809): App\Controllers\Unidades->__construct()
#1 C:\xampp\htdocs\gileos_del_pasifico2\system\CodeIgniter.php(410): CodeIgniter\CodeIgniter->createController()
#2 C:\xampp\htdocs\gileos_del_pasifico2\system\CodeIgniter.php(326): CodeIgniter\CodeIgniter->handleRequest(NULL, Object(Config\Cache), false)
#3 C:\xampp\htdocs\gileos_del_pasifico2\public\index.php(37): CodeIgniter\CodeIgniter->run()
#4 {main}
CRITICAL - 2022-04-12 00:49:25 --> Class "App\Controllers\UnidadesModel" not found
#0 C:\xampp\htdocs\gileos_del_pasifico2\system\CodeIgniter.php(809): App\Controllers\Unidades->__construct()
#1 C:\xampp\htdocs\gileos_del_pasifico2\system\CodeIgniter.php(410): CodeIgniter\CodeIgniter->createController()
#2 C:\xampp\htdocs\gileos_del_pasifico2\system\CodeIgniter.php(326): CodeIgniter\CodeIgniter->handleRequest(NULL, Object(Config\Cache), false)
#3 C:\xampp\htdocs\gileos_del_pasifico2\public\index.php(37): CodeIgniter\CodeIgniter->run()
#4 {main}
CRITICAL - 2022-04-12 01:01:37 --> Class "App\Controllers\UnidadesModel" not found
#0 C:\xampp\htdocs\gileos_del_pasifico2\system\CodeIgniter.php(809): App\Controllers\Unidades->__construct()
#1 C:\xampp\htdocs\gileos_del_pasifico2\system\CodeIgniter.php(410): CodeIgniter\CodeIgniter->createController()
#2 C:\xampp\htdocs\gileos_del_pasifico2\system\CodeIgniter.php(326): CodeIgniter\CodeIgniter->handleRequest(NULL, Object(Config\Cache), false)
#3 C:\xampp\htdocs\gileos_del_pasifico2\public\index.php(37): CodeIgniter\CodeIgniter->run()
#4 {main}
CRITICAL - 2022-04-12 01:05:57 --> Class "App\Controllers\UnidadesModel" not found
#0 C:\xampp\htdocs\gileos_del_pasifico2\system\CodeIgniter.php(809): App\Controllers\Unidades->__construct()
#1 C:\xampp\htdocs\gileos_del_pasifico2\system\CodeIgniter.php(410): CodeIgniter\CodeIgniter->createController()
#2 C:\xampp\htdocs\gileos_del_pasifico2\system\CodeIgniter.php(326): CodeIgniter\CodeIgniter->handleRequest(NULL, Object(Config\Cache), false)
#3 C:\xampp\htdocs\gileos_del_pasifico2\public\index.php(37): CodeIgniter\CodeIgniter->run()
#4 {main}
CRITICAL - 2022-04-12 01:06:00 --> Class "App\Controllers\UnidadesModel" not found
#0 C:\xampp\htdocs\gileos_del_pasifico2\system\CodeIgniter.php(809): App\Controllers\Unidades->__construct()
#1 C:\xampp\htdocs\gileos_del_pasifico2\system\CodeIgniter.php(410): CodeIgniter\CodeIgniter->createController()
#2 C:\xampp\htdocs\gileos_del_pasifico2\system\CodeIgniter.php(326): CodeIgniter\CodeIgniter->handleRequest(NULL, Object(Config\Cache), false)
#3 C:\xampp\htdocs\gileos_del_pasifico2\public\index.php(37): CodeIgniter\CodeIgniter->run()
#4 {main}
CRITICAL - 2022-04-12 09:18:45 --> Class "App\Controllers\UnidadesModel" not found
#0 C:\xampp\htdocs\gileos_del_pasifico2\system\CodeIgniter.php(809): App\Controllers\Unidades->__construct()
#1 C:\xampp\htdocs\gileos_del_pasifico2\system\CodeIgniter.php(410): CodeIgniter\CodeIgniter->createController()
#2 C:\xampp\htdocs\gileos_del_pasifico2\system\CodeIgniter.php(326): CodeIgniter\CodeIgniter->handleRequest(NULL, Object(Config\Cache), false)
#3 C:\xampp\htdocs\gileos_del_pasifico2\public\index.php(37): CodeIgniter\CodeIgniter->run()
#4 {main}
CRITICAL - 2022-04-12 09:48:42 --> Class "App\Controllers\UnidadesModel" not found
#0 C:\xampp\htdocs\gileos_del_pasifico2\system\CodeIgniter.php(809): App\Controllers\Unidades->__construct()
#1 C:\xampp\htdocs\gileos_del_pasifico2\system\CodeIgniter.php(410): CodeIgniter\CodeIgniter->createController()
#2 C:\xampp\htdocs\gileos_del_pasifico2\system\CodeIgniter.php(326): CodeIgniter\CodeIgniter->handleRequest(NULL, Object(Config\Cache), false)
#3 C:\xampp\htdocs\gileos_del_pasifico2\public\index.php(37): CodeIgniter\CodeIgniter->run()
#4 {main}
CRITICAL - 2022-04-12 09:54:11 --> Undefined constant "App\Controllers\main"
#0 C:\xampp\htdocs\gileos_del_pasifico2\system\CodeIgniter.php(809): App\Controllers\Unidades->__construct()
#1 C:\xampp\htdocs\gileos_del_pasifico2\system\CodeIgniter.php(410): CodeIgniter\CodeIgniter->createController()
#2 C:\xampp\htdocs\gileos_del_pasifico2\system\CodeIgniter.php(326): CodeIgniter\CodeIgniter->handleRequest(NULL, Object(Config\Cache), false)
#3 C:\xampp\htdocs\gileos_del_pasifico2\public\index.php(37): CodeIgniter\CodeIgniter->run()
#4 {main}
CRITICAL - 2022-04-12 09:54:13 --> Undefined constant "App\Controllers\main"
#0 C:\xampp\htdocs\gileos_del_pasifico2\system\CodeIgniter.php(809): App\Controllers\Unidades->__construct()
#1 C:\xampp\htdocs\gileos_del_pasifico2\system\CodeIgniter.php(410): CodeIgniter\CodeIgniter->createController()
#2 C:\xampp\htdocs\gileos_del_pasifico2\system\CodeIgniter.php(326): CodeIgniter\CodeIgniter->handleRequest(NULL, Object(Config\Cache), false)
#3 C:\xampp\htdocs\gileos_del_pasifico2\public\index.php(37): CodeIgniter\CodeIgniter->run()
#4 {main}
CRITICAL - 2022-04-12 09:55:05 --> Class "App\Controllers\UnidadesModel" not found
#0 C:\xampp\htdocs\gileos_del_pasifico2\system\CodeIgniter.php(809): App\Controllers\Unidades->__construct()
#1 C:\xampp\htdocs\gileos_del_pasifico2\system\CodeIgniter.php(410): CodeIgniter\CodeIgniter->createController()
#2 C:\xampp\htdocs\gileos_del_pasifico2\system\CodeIgniter.php(326): CodeIgniter\CodeIgniter->handleRequest(NULL, Object(Config\Cache), false)
#3 C:\xampp\htdocs\gileos_del_pasifico2\public\index.php(37): CodeIgniter\CodeIgniter->run()
#4 {main}
CRITICAL - 2022-04-12 10:11:40 --> Class "App\Controllers\UnidadesModel" not found
#0 C:\xampp\htdocs\gileos_del_pasifico2\system\CodeIgniter.php(809): App\Controllers\Unidades->__construct()
#1 C:\xampp\htdocs\gileos_del_pasifico2\system\CodeIgniter.php(410): CodeIgniter\CodeIgniter->createController()
#2 C:\xampp\htdocs\gileos_del_pasifico2\system\CodeIgniter.php(326): CodeIgniter\CodeIgniter->handleRequest(NULL, Object(Config\Cache), false)
#3 C:\xampp\htdocs\gileos_del_pasifico2\public\index.php(37): CodeIgniter\CodeIgniter->run()
#4 {main}
CRITICAL - 2022-04-12 10:11:47 --> Class "App\Controllers\UnidadesModel" not found
#0 C:\xampp\htdocs\gileos_del_pasifico2\system\CodeIgniter.php(809): App\Controllers\Unidades->__construct()
#1 C:\xampp\htdocs\gileos_del_pasifico2\system\CodeIgniter.php(410): CodeIgniter\CodeIgniter->createController()
#2 C:\xampp\htdocs\gileos_del_pasifico2\system\CodeIgniter.php(326): CodeIgniter\CodeIgniter->handleRequest(NULL, Object(Config\Cache), false)
#3 C:\xampp\htdocs\gileos_del_pasifico2\public\index.php(37): CodeIgniter\CodeIgniter->run()
#4 {main}
CRITICAL - 2022-04-12 10:12:29 --> Class "App\Controllers\UnidadesModel" not found
#0 C:\xampp\htdocs\gileos_del_pasifico2\system\CodeIgniter.php(809): App\Controllers\Unidades->__construct()
#1 C:\xampp\htdocs\gileos_del_pasifico2\system\CodeIgniter.php(410): CodeIgniter\CodeIgniter->createController()
#2 C:\xampp\htdocs\gileos_del_pasifico2\system\CodeIgniter.php(326): CodeIgniter\CodeIgniter->handleRequest(NULL, Object(Config\Cache), false)
#3 C:\xampp\htdocs\gileos_del_pasifico2\public\index.php(37): CodeIgniter\CodeIgniter->run()
#4 {main}
CRITICAL - 2022-04-12 10:12:32 --> Class "App\Controllers\UnidadesModel" not found
#0 C:\xampp\htdocs\gileos_del_pasifico2\system\CodeIgniter.php(809): App\Controllers\Unidades->__construct()
#1 C:\xampp\htdocs\gileos_del_pasifico2\system\CodeIgniter.php(410): CodeIgniter\CodeIgniter->createController()
#2 C:\xampp\htdocs\gileos_del_pasifico2\system\CodeIgniter.php(326): CodeIgniter\CodeIgniter->handleRequest(NULL, Object(Config\Cache), false)
#3 C:\xampp\htdocs\gileos_del_pasifico2\public\index.php(37): CodeIgniter\CodeIgniter->run()
#4 {main}
CRITICAL - 2022-04-12 10:13:52 --> Class "App\Controllers\UnidadesModel" not found
#0 C:\xampp\htdocs\gileos_del_pasifico2\system\CodeIgniter.php(809): App\Controllers\Unidades->__construct()
#1 C:\xampp\htdocs\gileos_del_pasifico2\system\CodeIgniter.php(410): CodeIgniter\CodeIgniter->createController()
#2 C:\xampp\htdocs\gileos_del_pasifico2\system\CodeIgniter.php(326): CodeIgniter\CodeIgniter->handleRequest(NULL, Object(Config\Cache), false)
#3 C:\xampp\htdocs\gileos_del_pasifico2\public\index.php(37): CodeIgniter\CodeIgniter->run()
#4 {main}
CRITICAL - 2022-04-12 10:15:14 --> Class "App\Models\BaseController" not found
#0 C:\xampp\htdocs\gileos_del_pasifico2\system\Router\Router.php(518): include_once()
#1 C:\xampp\htdocs\gileos_del_pasifico2\system\Router\Router.php(175): CodeIgniter\Router\Router->autoRoute('unidades')
#2 C:\xampp\htdocs\gileos_del_pasifico2\system\CodeIgniter.php(726): CodeIgniter\Router\Router->handle('unidades')
#3 C:\xampp\htdocs\gileos_del_pasifico2\system\CodeIgniter.php(368): CodeIgniter\CodeIgniter->tryToRouteIt(Object(CodeIgniter\Router\RouteCollection))
#4 C:\xampp\htdocs\gileos_del_pasifico2\system\CodeIgniter.php(326): CodeIgniter\CodeIgniter->handleRequest(NULL, Object(Config\Cache), false)
#5 C:\xampp\htdocs\gileos_del_pasifico2\public\index.php(37): CodeIgniter\CodeIgniter->run()
#6 {main}
CRITICAL - 2022-04-12 10:15:21 --> Class "App\Models\BaseController" not found
#0 C:\xampp\htdocs\gileos_del_pasifico2\system\Router\Router.php(518): include_once()
#1 C:\xampp\htdocs\gileos_del_pasifico2\system\Router\Router.php(175): CodeIgniter\Router\Router->autoRoute('unidades')
#2 C:\xampp\htdocs\gileos_del_pasifico2\system\CodeIgniter.php(726): CodeIgniter\Router\Router->handle('unidades')
#3 C:\xampp\htdocs\gileos_del_pasifico2\system\CodeIgniter.php(368): CodeIgniter\CodeIgniter->tryToRouteIt(Object(CodeIgniter\Router\RouteCollection))
#4 C:\xampp\htdocs\gileos_del_pasifico2\system\CodeIgniter.php(326): CodeIgniter\CodeIgniter->handleRequest(NULL, Object(Config\Cache), false)
#5 C:\xampp\htdocs\gileos_del_pasifico2\public\index.php(37): CodeIgniter\CodeIgniter->run()
#6 {main}
CRITICAL - 2022-04-12 10:16:12 --> Class "App\Controllers\UnidadesModel" not found
#0 C:\xampp\htdocs\gileos_del_pasifico2\system\CodeIgniter.php(809): App\Controllers\Unidades->__construct()
#1 C:\xampp\htdocs\gileos_del_pasifico2\system\CodeIgniter.php(410): CodeIgniter\CodeIgniter->createController()
#2 C:\xampp\htdocs\gileos_del_pasifico2\system\CodeIgniter.php(326): CodeIgniter\CodeIgniter->handleRequest(NULL, Object(Config\Cache), false)
#3 C:\xampp\htdocs\gileos_del_pasifico2\public\index.php(37): CodeIgniter\CodeIgniter->run()
#4 {main}
CRITICAL - 2022-04-12 10:16:14 --> Class "App\Controllers\UnidadesModel" not found
#0 C:\xampp\htdocs\gileos_del_pasifico2\system\CodeIgniter.php(809): App\Controllers\Unidades->__construct()
#1 C:\xampp\htdocs\gileos_del_pasifico2\system\CodeIgniter.php(410): CodeIgniter\CodeIgniter->createController()
#2 C:\xampp\htdocs\gileos_del_pasifico2\system\CodeIgniter.php(326): CodeIgniter\CodeIgniter->handleRequest(NULL, Object(Config\Cache), false)
#3 C:\xampp\htdocs\gileos_del_pasifico2\public\index.php(37): CodeIgniter\CodeIgniter->run()
#4 {main}
CRITICAL - 2022-04-12 10:17:26 --> Class "App\Controllers\UnidadesModel" not found
#0 C:\xampp\htdocs\gileos_del_pasifico2\system\CodeIgniter.php(809): App\Controllers\Unidades->__construct()
#1 C:\xampp\htdocs\gileos_del_pasifico2\system\CodeIgniter.php(410): CodeIgniter\CodeIgniter->createController()
#2 C:\xampp\htdocs\gileos_del_pasifico2\system\CodeIgniter.php(326): CodeIgniter\CodeIgniter->handleRequest(NULL, Object(Config\Cache), false)
#3 C:\xampp\htdocs\gileos_del_pasifico2\public\index.php(37): CodeIgniter\CodeIgniter->run()
#4 {main}
CRITICAL - 2022-04-12 10:17:27 --> Class "App\Controllers\UnidadesModel" not found
#0 C:\xampp\htdocs\gileos_del_pasifico2\system\CodeIgniter.php(809): App\Controllers\Unidades->__construct()
#1 C:\xampp\htdocs\gileos_del_pasifico2\system\CodeIgniter.php(410): CodeIgniter\CodeIgniter->createController()
#2 C:\xampp\htdocs\gileos_del_pasifico2\system\CodeIgniter.php(326): CodeIgniter\CodeIgniter->handleRequest(NULL, Object(Config\Cache), false)
#3 C:\xampp\htdocs\gileos_del_pasifico2\public\index.php(37): CodeIgniter\CodeIgniter->run()
#4 {main}
CRITICAL - 2022-04-12 10:17:28 --> Class "App\Controllers\UnidadesModel" not found
#0 C:\xampp\htdocs\gileos_del_pasifico2\system\CodeIgniter.php(809): App\Controllers\Unidades->__construct()
#1 C:\xampp\htdocs\gileos_del_pasifico2\system\CodeIgniter.php(410): CodeIgniter\CodeIgniter->createController()
#2 C:\xampp\htdocs\gileos_del_pasifico2\system\CodeIgniter.php(326): CodeIgniter\CodeIgniter->handleRequest(NULL, Object(Config\Cache), false)
#3 C:\xampp\htdocs\gileos_del_pasifico2\public\index.php(37): CodeIgniter\CodeIgniter->run()
#4 {main}
CRITICAL - 2022-04-12 10:17:29 --> Class "App\Controllers\UnidadesModel" not found
#0 C:\xampp\htdocs\gileos_del_pasifico2\system\CodeIgniter.php(809): App\Controllers\Unidades->__construct()
#1 C:\xampp\htdocs\gileos_del_pasifico2\system\CodeIgniter.php(410): CodeIgniter\CodeIgniter->createController()
#2 C:\xampp\htdocs\gileos_del_pasifico2\system\CodeIgniter.php(326): CodeIgniter\CodeIgniter->handleRequest(NULL, Object(Config\Cache), false)
#3 C:\xampp\htdocs\gileos_del_pasifico2\public\index.php(37): CodeIgniter\CodeIgniter->run()
#4 {main}
CRITICAL - 2022-04-12 10:21:05 --> Class "App\Controllers\UnidadesModel" not found
#0 C:\xampp\htdocs\gileos_del_pasifico2\system\CodeIgniter.php(809): App\Controllers\Unidades->__construct()
#1 C:\xampp\htdocs\gileos_del_pasifico2\system\CodeIgniter.php(410): CodeIgniter\CodeIgniter->createController()
#2 C:\xampp\htdocs\gileos_del_pasifico2\system\CodeIgniter.php(326): CodeIgniter\CodeIgniter->handleRequest(NULL, Object(Config\Cache), false)
#3 C:\xampp\htdocs\gileos_del_pasifico2\public\index.php(37): CodeIgniter\CodeIgniter->run()
#4 {main}
CRITICAL - 2022-04-12 10:21:06 --> Class "App\Controllers\UnidadesModel" not found
#0 C:\xampp\htdocs\gileos_del_pasifico2\system\CodeIgniter.php(809): App\Controllers\Unidades->__construct()
#1 C:\xampp\htdocs\gileos_del_pasifico2\system\CodeIgniter.php(410): CodeIgniter\CodeIgniter->createController()
#2 C:\xampp\htdocs\gileos_del_pasifico2\system\CodeIgniter.php(326): CodeIgniter\CodeIgniter->handleRequest(NULL, Object(Config\Cache), false)
#3 C:\xampp\htdocs\gileos_del_pasifico2\public\index.php(37): CodeIgniter\CodeIgniter->run()
#4 {main}
CRITICAL - 2022-04-12 10:32:44 --> Class "App\Controllers\UnidadesModel" not found
#0 C:\xampp\htdocs\gileos_del_pasifico2\system\CodeIgniter.php(809): App\Controllers\Unidades->__construct()
#1 C:\xampp\htdocs\gileos_del_pasifico2\system\CodeIgniter.php(410): CodeIgniter\CodeIgniter->createController()
#2 C:\xampp\htdocs\gileos_del_pasifico2\system\CodeIgniter.php(326): CodeIgniter\CodeIgniter->handleRequest(NULL, Object(Config\Cache), false)
#3 C:\xampp\htdocs\gileos_del_pasifico2\public\index.php(37): CodeIgniter\CodeIgniter->run()
#4 {main}
CRITICAL - 2022-04-12 10:32:48 --> Class "App\Controllers\UnidadesModel" not found
#0 C:\xampp\htdocs\gileos_del_pasifico2\system\CodeIgniter.php(809): App\Controllers\Unidades->__construct()
#1 C:\xampp\htdocs\gileos_del_pasifico2\system\CodeIgniter.php(410): CodeIgniter\CodeIgniter->createController()
#2 C:\xampp\htdocs\gileos_del_pasifico2\system\CodeIgniter.php(326): CodeIgniter\CodeIgniter->handleRequest(NULL, Object(Config\Cache), false)
#3 C:\xampp\htdocs\gileos_del_pasifico2\public\index.php(37): CodeIgniter\CodeIgniter->run()
#4 {main}
CRITICAL - 2022-04-12 10:32:50 --> Class "App\Controllers\UnidadesModel" not found
#0 C:\xampp\htdocs\gileos_del_pasifico2\system\CodeIgniter.php(809): App\Controllers\Unidades->__construct()
#1 C:\xampp\htdocs\gileos_del_pasifico2\system\CodeIgniter.php(410): CodeIgniter\CodeIgniter->createController()
#2 C:\xampp\htdocs\gileos_del_pasifico2\system\CodeIgniter.php(326): CodeIgniter\CodeIgniter->handleRequest(NULL, Object(Config\Cache), false)
#3 C:\xampp\htdocs\gileos_del_pasifico2\public\index.php(37): CodeIgniter\CodeIgniter->run()
#4 {main}
CRITICAL - 2022-04-12 10:35:19 --> Class "App\Controllers\UnidadesModel" not found
#0 C:\xampp\htdocs\gileos_del_pasifico2\system\CodeIgniter.php(809): App\Controllers\Unidades->__construct()
#1 C:\xampp\htdocs\gileos_del_pasifico2\system\CodeIgniter.php(410): CodeIgniter\CodeIgniter->createController()
#2 C:\xampp\htdocs\gileos_del_pasifico2\system\CodeIgniter.php(326): CodeIgniter\CodeIgniter->handleRequest(NULL, Object(Config\Cache), false)
#3 C:\xampp\htdocs\gileos_del_pasifico2\public\index.php(37): CodeIgniter\CodeIgniter->run()
#4 {main}
CRITICAL - 2022-04-12 10:35:20 --> Class "App\Controllers\UnidadesModel" not found
#0 C:\xampp\htdocs\gileos_del_pasifico2\system\CodeIgniter.php(809): App\Controllers\Unidades->__construct()
#1 C:\xampp\htdocs\gileos_del_pasifico2\system\CodeIgniter.php(410): CodeIgniter\CodeIgniter->createController()
#2 C:\xampp\htdocs\gileos_del_pasifico2\system\CodeIgniter.php(326): CodeIgniter\CodeIgniter->handleRequest(NULL, Object(Config\Cache), false)
#3 C:\xampp\htdocs\gileos_del_pasifico2\public\index.php(37): CodeIgniter\CodeIgniter->run()
#4 {main}
CRITICAL - 2022-04-12 10:35:23 --> Class "App\Controllers\UnidadesModel" not found
#0 C:\xampp\htdocs\gileos_del_pasifico2\system\CodeIgniter.php(809): App\Controllers\Unidades->__construct()
#1 C:\xampp\htdocs\gileos_del_pasifico2\system\CodeIgniter.php(410): CodeIgniter\CodeIgniter->createController()
#2 C:\xampp\htdocs\gileos_del_pasifico2\system\CodeIgniter.php(326): CodeIgniter\CodeIgniter->handleRequest(NULL, Object(Config\Cache), false)
#3 C:\xampp\htdocs\gileos_del_pasifico2\public\index.php(37): CodeIgniter\CodeIgniter->run()
#4 {main}
CRITICAL - 2022-04-12 10:35:54 --> Class "App\Controllers\UnidadesModel" not found
#0 C:\xampp\htdocs\gileos_del_pasifico2\system\CodeIgniter.php(809): App\Controllers\Unidades->__construct()
#1 C:\xampp\htdocs\gileos_del_pasifico2\system\CodeIgniter.php(410): CodeIgniter\CodeIgniter->createController()
#2 C:\xampp\htdocs\gileos_del_pasifico2\system\CodeIgniter.php(326): CodeIgniter\CodeIgniter->handleRequest(NULL, Object(Config\Cache), false)
#3 C:\xampp\htdocs\gileos_del_pasifico2\public\index.php(37): CodeIgniter\CodeIgniter->run()
#4 {main}
CRITICAL - 2022-04-12 10:39:48 --> Class "App\Controllers\UnidadesModel" not found
#0 C:\xampp\htdocs\gileos_del_pasifico2\system\CodeIgniter.php(809): App\Controllers\Unidades->__construct()
#1 C:\xampp\htdocs\gileos_del_pasifico2\system\CodeIgniter.php(410): CodeIgniter\CodeIgniter->createController()
#2 C:\xampp\htdocs\gileos_del_pasifico2\system\CodeIgniter.php(326): CodeIgniter\CodeIgniter->handleRequest(NULL, Object(Config\Cache), false)
#3 C:\xampp\htdocs\gileos_del_pasifico2\public\index.php(37): CodeIgniter\CodeIgniter->run()
#4 {main}
CRITICAL - 2022-04-12 10:39:49 --> Class "App\Controllers\UnidadesModel" not found
#0 C:\xampp\htdocs\gileos_del_pasifico2\system\CodeIgniter.php(809): App\Controllers\Unidades->__construct()
#1 C:\xampp\htdocs\gileos_del_pasifico2\system\CodeIgniter.php(410): CodeIgniter\CodeIgniter->createController()
#2 C:\xampp\htdocs\gileos_del_pasifico2\system\CodeIgniter.php(326): CodeIgniter\CodeIgniter->handleRequest(NULL, Object(Config\Cache), false)
#3 C:\xampp\htdocs\gileos_del_pasifico2\public\index.php(37): CodeIgniter\CodeIgniter->run()
#4 {main}
CRITICAL - 2022-04-12 10:49:44 --> Allowed memory size of 536870912 bytes exhausted (tried to allocate 4096 bytes)
#0 [internal function]: CodeIgniter\Debug\Exceptions->shutdownHandler()
#1 {main}
CRITICAL - 2022-04-12 10:51:59 --> Class "App\Controllers\UnidadesModel" not found
#0 C:\xampp\htdocs\gileos_del_pasifico2\system\CodeIgniter.php(809): App\Controllers\Unidades->__construct()
#1 C:\xampp\htdocs\gileos_del_pasifico2\system\CodeIgniter.php(410): CodeIgniter\CodeIgniter->createController()
#2 C:\xampp\htdocs\gileos_del_pasifico2\system\CodeIgniter.php(326): CodeIgniter\CodeIgniter->handleRequest(NULL, Object(Config\Cache), false)
#3 C:\xampp\htdocs\gileos_del_pasifico2\public\index.php(37): CodeIgniter\CodeIgniter->run()
#4 {main}
CRITICAL - 2022-04-12 11:08:00 --> Class "App\Controllers\UnidadesModel" not found
#0 C:\xampp\htdocs\gileos_del_pasifico2\system\CodeIgniter.php(809): App\Controllers\Unidades->__construct()
#1 C:\xampp\htdocs\gileos_del_pasifico2\system\CodeIgniter.php(410): CodeIgniter\CodeIgniter->createController()
#2 C:\xampp\htdocs\gileos_del_pasifico2\system\CodeIgniter.php(326): CodeIgniter\CodeIgniter->handleRequest(NULL, Object(Config\Cache), false)
#3 C:\xampp\htdocs\gileos_del_pasifico2\public\index.php(37): CodeIgniter\CodeIgniter->run()
#4 {main}
CRITICAL - 2022-04-12 11:11:58 --> Class "App\Models\UnidadesModel" not found
#0 C:\xampp\htdocs\gileos_del_pasifico2\system\CodeIgniter.php(809): App\Controllers\Unidades->__construct()
#1 C:\xampp\htdocs\gileos_del_pasifico2\system\CodeIgniter.php(410): CodeIgniter\CodeIgniter->createController()
#2 C:\xampp\htdocs\gileos_del_pasifico2\system\CodeIgniter.php(326): CodeIgniter\CodeIgniter->handleRequest(NULL, Object(Config\Cache), false)
#3 C:\xampp\htdocs\gileos_del_pasifico2\public\index.php(37): CodeIgniter\CodeIgniter->run()
#4 {main}
CRITICAL - 2022-04-12 11:11:59 --> Class "App\Models\UnidadesModel" not found
#0 C:\xampp\htdocs\gileos_del_pasifico2\system\CodeIgniter.php(809): App\Controllers\Unidades->__construct()
#1 C:\xampp\htdocs\gileos_del_pasifico2\system\CodeIgniter.php(410): CodeIgniter\CodeIgniter->createController()
#2 C:\xampp\htdocs\gileos_del_pasifico2\system\CodeIgniter.php(326): CodeIgniter\CodeIgniter->handleRequest(NULL, Object(Config\Cache), false)
#3 C:\xampp\htdocs\gileos_del_pasifico2\public\index.php(37): CodeIgniter\CodeIgniter->run()
#4 {main}
CRITICAL - 2022-04-12 11:12:13 --> Class "App\Models\UnidadesModel" not found
#0 C:\xampp\htdocs\gileos_del_pasifico2\system\CodeIgniter.php(809): App\Controllers\Unidades->__construct()
#1 C:\xampp\htdocs\gileos_del_pasifico2\system\CodeIgniter.php(410): CodeIgniter\CodeIgniter->createController()
#2 C:\xampp\htdocs\gileos_del_pasifico2\system\CodeIgniter.php(326): CodeIgniter\CodeIgniter->handleRequest(NULL, Object(Config\Cache), false)
#3 C:\xampp\htdocs\gileos_del_pasifico2\public\index.php(37): CodeIgniter\CodeIgniter->run()
#4 {main}
CRITICAL - 2022-04-12 11:12:14 --> Class "App\Models\UnidadesModel" not found
#0 C:\xampp\htdocs\gileos_del_pasifico2\system\CodeIgniter.php(809): App\Controllers\Unidades->__construct()
#1 C:\xampp\htdocs\gileos_del_pasifico2\system\CodeIgniter.php(410): CodeIgniter\CodeIgniter->createController()
#2 C:\xampp\htdocs\gileos_del_pasifico2\system\CodeIgniter.php(326): CodeIgniter\CodeIgniter->handleRequest(NULL, Object(Config\Cache), false)
#3 C:\xampp\htdocs\gileos_del_pasifico2\public\index.php(37): CodeIgniter\CodeIgniter->run()
#4 {main}
CRITICAL - 2022-04-12 11:14:42 --> Class "App\Controllers\UnidadesModel" not found
#0 C:\xampp\htdocs\gileos_del_pasifico2\system\CodeIgniter.php(809): App\Controllers\Unidades->__construct()
#1 C:\xampp\htdocs\gileos_del_pasifico2\system\CodeIgniter.php(410): CodeIgniter\CodeIgniter->createController()
#2 C:\xampp\htdocs\gileos_del_pasifico2\system\CodeIgniter.php(326): CodeIgniter\CodeIgniter->handleRequest(NULL, Object(Config\Cache), false)
#3 C:\xampp\htdocs\gileos_del_pasifico2\public\index.php(37): CodeIgniter\CodeIgniter->run()
#4 {main}
CRITICAL - 2022-04-12 11:14:42 --> Class "App\Controllers\UnidadesModel" not found
#0 C:\xampp\htdocs\gileos_del_pasifico2\system\CodeIgniter.php(809): App\Controllers\Unidades->__construct()
#1 C:\xampp\htdocs\gileos_del_pasifico2\system\CodeIgniter.php(410): CodeIgniter\CodeIgniter->createController()
#2 C:\xampp\htdocs\gileos_del_pasifico2\system\CodeIgniter.php(326): CodeIgniter\CodeIgniter->handleRequest(NULL, Object(Config\Cache), false)
#3 C:\xampp\htdocs\gileos_del_pasifico2\public\index.php(37): CodeIgniter\CodeIgniter->run()
#4 {main}
CRITICAL - 2022-04-12 11:17:33 --> Class "App\Models\UnidadesModel" not found
#0 C:\xampp\htdocs\gileos_del_pasifico2\system\CodeIgniter.php(809): App\Controllers\Unidades->__construct()
#1 C:\xampp\htdocs\gileos_del_pasifico2\system\CodeIgniter.php(410): CodeIgniter\CodeIgniter->createController()
#2 C:\xampp\htdocs\gileos_del_pasifico2\system\CodeIgniter.php(326): CodeIgniter\CodeIgniter->handleRequest(NULL, Object(Config\Cache), false)
#3 C:\xampp\htdocs\gileos_del_pasifico2\public\index.php(37): CodeIgniter\CodeIgniter->run()
#4 {main}
CRITICAL - 2022-04-12 11:17:35 --> Class "App\Models\UnidadesModel" not found
#0 C:\xampp\htdocs\gileos_del_pasifico2\system\CodeIgniter.php(809): App\Controllers\Unidades->__construct()
#1 C:\xampp\htdocs\gileos_del_pasifico2\system\CodeIgniter.php(410): CodeIgniter\CodeIgniter->createController()
#2 C:\xampp\htdocs\gileos_del_pasifico2\system\CodeIgniter.php(326): CodeIgniter\CodeIgniter->handleRequest(NULL, Object(Config\Cache), false)
#3 C:\xampp\htdocs\gileos_del_pasifico2\public\index.php(37): CodeIgniter\CodeIgniter->run()
#4 {main}
CRITICAL - 2022-04-12 11:22:03 --> Class "App\Models\UnidadesModel" not found
#0 C:\xampp\htdocs\gileos_del_pasifico2\system\CodeIgniter.php(809): App\Controllers\Unidades->__construct()
#1 C:\xampp\htdocs\gileos_del_pasifico2\system\CodeIgniter.php(410): CodeIgniter\CodeIgniter->createController()
#2 C:\xampp\htdocs\gileos_del_pasifico2\system\CodeIgniter.php(326): CodeIgniter\CodeIgniter->handleRequest(NULL, Object(Config\Cache), false)
#3 C:\xampp\htdocs\gileos_del_pasifico2\public\index.php(37): CodeIgniter\CodeIgniter->run()
#4 {main}
CRITICAL - 2022-04-12 11:22:23 --> Class "App\Models\UnidadesModel" not found
#0 C:\xampp\htdocs\gileos_del_pasifico2\system\CodeIgniter.php(809): App\Controllers\Unidades->__construct()
#1 C:\xampp\htdocs\gileos_del_pasifico2\system\CodeIgniter.php(410): CodeIgniter\CodeIgniter->createController()
#2 C:\xampp\htdocs\gileos_del_pasifico2\system\CodeIgniter.php(326): CodeIgniter\CodeIgniter->handleRequest(NULL, Object(Config\Cache), false)
#3 C:\xampp\htdocs\gileos_del_pasifico2\public\index.php(37): CodeIgniter\CodeIgniter->run()
#4 {main}
CRITICAL - 2022-04-12 11:22:26 --> Class "App\Models\UnidadesModel" not found
#0 C:\xampp\htdocs\gileos_del_pasifico2\system\CodeIgniter.php(809): App\Controllers\Unidades->__construct()
#1 C:\xampp\htdocs\gileos_del_pasifico2\system\CodeIgniter.php(410): CodeIgniter\CodeIgniter->createController()
#2 C:\xampp\htdocs\gileos_del_pasifico2\system\CodeIgniter.php(326): CodeIgniter\CodeIgniter->handleRequest(NULL, Object(Config\Cache), false)
#3 C:\xampp\htdocs\gileos_del_pasifico2\public\index.php(37): CodeIgniter\CodeIgniter->run()
#4 {main}
CRITICAL - 2022-04-12 11:22:46 --> Class "App\Models\UnidadesModel" not found
#0 C:\xampp\htdocs\gileos_del_pasifico2\system\CodeIgniter.php(809): App\Controllers\Unidades->__construct()
#1 C:\xampp\htdocs\gileos_del_pasifico2\system\CodeIgniter.php(410): CodeIgniter\CodeIgniter->createController()
#2 C:\xampp\htdocs\gileos_del_pasifico2\system\CodeIgniter.php(326): CodeIgniter\CodeIgniter->handleRequest(NULL, Object(Config\Cache), false)
#3 C:\xampp\htdocs\gileos_del_pasifico2\public\index.php(37): CodeIgniter\CodeIgniter->run()
#4 {main}
CRITICAL - 2022-04-12 11:22:47 --> Class "App\Models\UnidadesModel" not found
#0 C:\xampp\htdocs\gileos_del_pasifico2\system\CodeIgniter.php(809): App\Controllers\Unidades->__construct()
#1 C:\xampp\htdocs\gileos_del_pasifico2\system\CodeIgniter.php(410): CodeIgniter\CodeIgniter->createController()
#2 C:\xampp\htdocs\gileos_del_pasifico2\system\CodeIgniter.php(326): CodeIgniter\CodeIgniter->handleRequest(NULL, Object(Config\Cache), false)
#3 C:\xampp\htdocs\gileos_del_pasifico2\public\index.php(37): CodeIgniter\CodeIgniter->run()
#4 {main}
CRITICAL - 2022-04-12 11:29:14 --> Class "App\Models\UnidadesModel" not found
#0 C:\xampp\htdocs\gileos_del_pasifico2\system\CodeIgniter.php(809): App\Controllers\Unidades->__construct()
#1 C:\xampp\htdocs\gileos_del_pasifico2\system\CodeIgniter.php(410): CodeIgniter\CodeIgniter->createController()
#2 C:\xampp\htdocs\gileos_del_pasifico2\system\CodeIgniter.php(326): CodeIgniter\CodeIgniter->handleRequest(NULL, Object(Config\Cache), false)
#3 C:\xampp\htdocs\gileos_del_pasifico2\public\index.php(37): CodeIgniter\CodeIgniter->run()
#4 {main}
CRITICAL - 2022-04-12 11:29:24 --> Class "App\Models\UnidadesModel" not found
#0 C:\xampp\htdocs\gileos_del_pasifico2\system\CodeIgniter.php(809): App\Controllers\Unidades->__construct()
#1 C:\xampp\htdocs\gileos_del_pasifico2\system\CodeIgniter.php(410): CodeIgniter\CodeIgniter->createController()
#2 C:\xampp\htdocs\gileos_del_pasifico2\system\CodeIgniter.php(326): CodeIgniter\CodeIgniter->handleRequest(NULL, Object(Config\Cache), false)
#3 C:\xampp\htdocs\gileos_del_pasifico2\public\index.php(37): CodeIgniter\CodeIgniter->run()
#4 {main}
CRITICAL - 2022-04-12 11:29:25 --> Class "App\Models\UnidadesModel" not found
#0 C:\xampp\htdocs\gileos_del_pasifico2\system\CodeIgniter.php(809): App\Controllers\Unidades->__construct()
#1 C:\xampp\htdocs\gileos_del_pasifico2\system\CodeIgniter.php(410): CodeIgniter\CodeIgniter->createController()
#2 C:\xampp\htdocs\gileos_del_pasifico2\system\CodeIgniter.php(326): CodeIgniter\CodeIgniter->handleRequest(NULL, Object(Config\Cache), false)
#3 C:\xampp\htdocs\gileos_del_pasifico2\public\index.php(37): CodeIgniter\CodeIgniter->run()
#4 {main}
CRITICAL - 2022-04-12 11:30:48 --> Class "App\Models\UnidadesModel" not found
#0 C:\xampp\htdocs\gileos_del_pasifico2\system\CodeIgniter.php(809): App\Controllers\Unidades->__construct()
#1 C:\xampp\htdocs\gileos_del_pasifico2\system\CodeIgniter.php(410): CodeIgniter\CodeIgniter->createController()
#2 C:\xampp\htdocs\gileos_del_pasifico2\system\CodeIgniter.php(326): CodeIgniter\CodeIgniter->handleRequest(NULL, Object(Config\Cache), false)
#3 C:\xampp\htdocs\gileos_del_pasifico2\public\index.php(37): CodeIgniter\CodeIgniter->run()
#4 {main}
CRITICAL - 2022-04-12 11:34:21 --> Class "App\Models\UnidadesModel" not found
#0 C:\xampp\htdocs\gileos_del_pasifico2\system\CodeIgniter.php(809): App\Controllers\Unidades->__construct()
#1 C:\xampp\htdocs\gileos_del_pasifico2\system\CodeIgniter.php(410): CodeIgniter\CodeIgniter->createController()
#2 C:\xampp\htdocs\gileos_del_pasifico2\system\CodeIgniter.php(326): CodeIgniter\CodeIgniter->handleRequest(NULL, Object(Config\Cache), false)
#3 C:\xampp\htdocs\gileos_del_pasifico2\public\index.php(37): CodeIgniter\CodeIgniter->run()
#4 {main}
CRITICAL - 2022-04-12 11:34:22 --> Class "App\Models\UnidadesModel" not found
#0 C:\xampp\htdocs\gileos_del_pasifico2\system\CodeIgniter.php(809): App\Controllers\Unidades->__construct()
#1 C:\xampp\htdocs\gileos_del_pasifico2\system\CodeIgniter.php(410): CodeIgniter\CodeIgniter->createController()
#2 C:\xampp\htdocs\gileos_del_pasifico2\system\CodeIgniter.php(326): CodeIgniter\CodeIgniter->handleRequest(NULL, Object(Config\Cache), false)
#3 C:\xampp\htdocs\gileos_del_pasifico2\public\index.php(37): CodeIgniter\CodeIgniter->run()
#4 {main}
CRITICAL - 2022-04-12 11:34:24 --> Class "App\Models\UnidadesModel" not found
#0 C:\xampp\htdocs\gileos_del_pasifico2\system\CodeIgniter.php(809): App\Controllers\Unidades->__construct()
#1 C:\xampp\htdocs\gileos_del_pasifico2\system\CodeIgniter.php(410): CodeIgniter\CodeIgniter->createController()
#2 C:\xampp\htdocs\gileos_del_pasifico2\system\CodeIgniter.php(326): CodeIgniter\CodeIgniter->handleRequest(NULL, Object(Config\Cache), false)
#3 C:\xampp\htdocs\gileos_del_pasifico2\public\index.php(37): CodeIgniter\CodeIgniter->run()
#4 {main}
CRITICAL - 2022-04-12 11:36:52 --> Class "App\Models\UnidadesModel" not found
#0 C:\xampp\htdocs\gileos_del_pasifico2\system\CodeIgniter.php(809): App\Controllers\Unidades->__construct()
#1 C:\xampp\htdocs\gileos_del_pasifico2\system\CodeIgniter.php(410): CodeIgniter\CodeIgniter->createController()
#2 C:\xampp\htdocs\gileos_del_pasifico2\system\CodeIgniter.php(326): CodeIgniter\CodeIgniter->handleRequest(NULL, Object(Config\Cache), false)
#3 C:\xampp\htdocs\gileos_del_pasifico2\public\index.php(37): CodeIgniter\CodeIgniter->run()
#4 {main}
CRITICAL - 2022-04-12 11:37:06 --> Class "App\Models\UnidadesModel" not found
#0 C:\xampp\htdocs\gileos_del_pasifico2\system\CodeIgniter.php(809): App\Controllers\Unidades->__construct()
#1 C:\xampp\htdocs\gileos_del_pasifico2\system\CodeIgniter.php(410): CodeIgniter\CodeIgniter->createController()
#2 C:\xampp\htdocs\gileos_del_pasifico2\system\CodeIgniter.php(326): CodeIgniter\CodeIgniter->handleRequest(NULL, Object(Config\Cache), false)
#3 C:\xampp\htdocs\gileos_del_pasifico2\public\index.php(37): CodeIgniter\CodeIgniter->run()
#4 {main}
CRITICAL - 2022-04-12 11:38:47 --> Class "App\Models\UnidadesModel" not found
#0 C:\xampp\htdocs\gileos_del_pasifico2\system\CodeIgniter.php(809): App\Controllers\Unidades->__construct()
#1 C:\xampp\htdocs\gileos_del_pasifico2\system\CodeIgniter.php(410): CodeIgniter\CodeIgniter->createController()
#2 C:\xampp\htdocs\gileos_del_pasifico2\system\CodeIgniter.php(326): CodeIgniter\CodeIgniter->handleRequest(NULL, Object(Config\Cache), false)
#3 C:\xampp\htdocs\gileos_del_pasifico2\public\index.php(37): CodeIgniter\CodeIgniter->run()
#4 {main}
CRITICAL - 2022-04-12 11:38:48 --> Class "App\Models\UnidadesModel" not found
#0 C:\xampp\htdocs\gileos_del_pasifico2\system\CodeIgniter.php(809): App\Controllers\Unidades->__construct()
#1 C:\xampp\htdocs\gileos_del_pasifico2\system\CodeIgniter.php(410): CodeIgniter\CodeIgniter->createController()
#2 C:\xampp\htdocs\gileos_del_pasifico2\system\CodeIgniter.php(326): CodeIgniter\CodeIgniter->handleRequest(NULL, Object(Config\Cache), false)
#3 C:\xampp\htdocs\gileos_del_pasifico2\public\index.php(37): CodeIgniter\CodeIgniter->run()
#4 {main}
CRITICAL - 2022-04-12 11:43:36 --> Class "App\Models\UnidadesModel" not found
#0 C:\xampp\htdocs\gileos_del_pasifico2\system\CodeIgniter.php(809): App\Controllers\Unidades->__construct()
#1 C:\xampp\htdocs\gileos_del_pasifico2\system\CodeIgniter.php(410): CodeIgniter\CodeIgniter->createController()
#2 C:\xampp\htdocs\gileos_del_pasifico2\system\CodeIgniter.php(326): CodeIgniter\CodeIgniter->handleRequest(NULL, Object(Config\Cache), false)
#3 C:\xampp\htdocs\gileos_del_pasifico2\public\index.php(37): CodeIgniter\CodeIgniter->run()
#4 {main}
CRITICAL - 2022-04-12 11:46:55 --> Class "App\Models\UnidadesModel" not found
#0 C:\xampp\htdocs\gileos_del_pasifico2\system\CodeIgniter.php(809): App\Controllers\Unidades->__construct()
#1 C:\xampp\htdocs\gileos_del_pasifico2\system\CodeIgniter.php(410): CodeIgniter\CodeIgniter->createController()
#2 C:\xampp\htdocs\gileos_del_pasifico2\system\CodeIgniter.php(326): CodeIgniter\CodeIgniter->handleRequest(NULL, Object(Config\Cache), false)
#3 C:\xampp\htdocs\gileos_del_pasifico2\public\index.php(37): CodeIgniter\CodeIgniter->run()
#4 {main}
CRITICAL - 2022-04-12 11:46:56 --> Class "App\Models\UnidadesModel" not found
#0 C:\xampp\htdocs\gileos_del_pasifico2\system\CodeIgniter.php(809): App\Controllers\Unidades->__construct()
#1 C:\xampp\htdocs\gileos_del_pasifico2\system\CodeIgniter.php(410): CodeIgniter\CodeIgniter->createController()
#2 C:\xampp\htdocs\gileos_del_pasifico2\system\CodeIgniter.php(326): CodeIgniter\CodeIgniter->handleRequest(NULL, Object(Config\Cache), false)
#3 C:\xampp\htdocs\gileos_del_pasifico2\public\index.php(37): CodeIgniter\CodeIgniter->run()
#4 {main}
CRITICAL - 2022-04-12 11:46:57 --> Class "App\Models\UnidadesModel" not found
#0 C:\xampp\htdocs\gileos_del_pasifico2\system\CodeIgniter.php(809): App\Controllers\Unidades->__construct()
#1 C:\xampp\htdocs\gileos_del_pasifico2\system\CodeIgniter.php(410): CodeIgniter\CodeIgniter->createController()
#2 C:\xampp\htdocs\gileos_del_pasifico2\system\CodeIgniter.php(326): CodeIgniter\CodeIgniter->handleRequest(NULL, Object(Config\Cache), false)
#3 C:\xampp\htdocs\gileos_del_pasifico2\public\index.php(37): CodeIgniter\CodeIgniter->run()
#4 {main}
CRITICAL - 2022-04-12 11:50:41 --> Class "App\Models\UnidadesModel" not found
#0 C:\xampp\htdocs\gileos_del_pasifico2\system\CodeIgniter.php(809): App\Controllers\Unidades->__construct()
#1 C:\xampp\htdocs\gileos_del_pasifico2\system\CodeIgniter.php(410): CodeIgniter\CodeIgniter->createController()
#2 C:\xampp\htdocs\gileos_del_pasifico2\system\CodeIgniter.php(326): CodeIgniter\CodeIgniter->handleRequest(NULL, Object(Config\Cache), false)
#3 C:\xampp\htdocs\gileos_del_pasifico2\public\index.php(37): CodeIgniter\CodeIgniter->run()
#4 {main}
