CRITICAL - 2022-04-11 17:17:44 --> Cannot redeclare App\Controllers\Home::index()
#0 [internal function]: CodeIgniter\Debug\Exceptions->shutdownHandler()
#1 {main}
CRITICAL - 2022-04-11 22:13:55 --> Call to a member function where() on null
#0 C:\xampp\htdocs\gileos_del_pasifico2\system\CodeIgniter.php(832): App\Controllers\Unidades->index()
#1 C:\xampp\htdocs\gileos_del_pasifico2\system\CodeIgniter.php(419): CodeIgniter\CodeIgniter->runController(Object(App\Controllers\Unidades))
#2 C:\xampp\htdocs\gileos_del_pasifico2\system\CodeIgniter.php(326): CodeIgniter\CodeIgniter->handleRequest(NULL, Object(Config\Cache), false)
#3 C:\xampp\htdocs\gileos_del_pasifico2\public\index.php(37): CodeIgniter\CodeIgniter->run()
#4 {main}
CRITICAL - 2022-04-11 22:14:03 --> Call to a member function where() on null
#0 C:\xampp\htdocs\gileos_del_pasifico2\system\CodeIgniter.php(832): App\Controllers\Unidades->index()
#1 C:\xampp\htdocs\gileos_del_pasifico2\system\CodeIgniter.php(419): CodeIgniter\CodeIgniter->runController(Object(App\Controllers\Unidades))
#2 C:\xampp\htdocs\gileos_del_pasifico2\system\CodeIgniter.php(326): CodeIgniter\CodeIgniter->handleRequest(NULL, Object(Config\Cache), false)
#3 C:\xampp\htdocs\gileos_del_pasifico2\public\index.php(37): CodeIgniter\CodeIgniter->run()
#4 {main}
CRITICAL - 2022-04-11 22:16:16 --> Call to a member function where() on null
#0 C:\xampp\htdocs\gileos_del_pasifico2\system\CodeIgniter.php(832): App\Controllers\Unidades->index()
#1 C:\xampp\htdocs\gileos_del_pasifico2\system\CodeIgniter.php(419): CodeIgniter\CodeIgniter->runController(Object(App\Controllers\Unidades))
#2 C:\xampp\htdocs\gileos_del_pasifico2\system\CodeIgniter.php(326): CodeIgniter\CodeIgniter->handleRequest(NULL, Object(Config\Cache), false)
#3 C:\xampp\htdocs\gileos_del_pasifico2\public\index.php(37): CodeIgniter\CodeIgniter->run()
#4 {main}
CRITICAL - 2022-04-11 22:21:05 --> Call to a member function where() on null
#0 C:\xampp\htdocs\gileos_del_pasifico2\system\CodeIgniter.php(832): App\Controllers\Unidades->index()
#1 C:\xampp\htdocs\gileos_del_pasifico2\system\CodeIgniter.php(419): CodeIgniter\CodeIgniter->runController(Object(App\Controllers\Unidades))
#2 C:\xampp\htdocs\gileos_del_pasifico2\system\CodeIgniter.php(326): CodeIgniter\CodeIgniter->handleRequest(NULL, Object(Config\Cache), false)
#3 C:\xampp\htdocs\gileos_del_pasifico2\public\index.php(37): CodeIgniter\CodeIgniter->run()
#4 {main}
CRITICAL - 2022-04-11 22:29:07 --> Call to a member function where() on null
#0 C:\xampp\htdocs\gileos_del_pasifico2\system\CodeIgniter.php(832): App\Controllers\Unidades->index()
#1 C:\xampp\htdocs\gileos_del_pasifico2\system\CodeIgniter.php(419): CodeIgniter\CodeIgniter->runController(Object(App\Controllers\Unidades))
#2 C:\xampp\htdocs\gileos_del_pasifico2\system\CodeIgniter.php(326): CodeIgniter\CodeIgniter->handleRequest(NULL, Object(Config\Cache), false)
#3 C:\xampp\htdocs\gileos_del_pasifico2\public\index.php(37): CodeIgniter\CodeIgniter->run()
#4 {main}
CRITICAL - 2022-04-11 23:47:10 --> Call to a member function where() on null
#0 C:\xampp\htdocs\gileos_del_pasifico2\system\CodeIgniter.php(832): App\Controllers\Unidades->index()
#1 C:\xampp\htdocs\gileos_del_pasifico2\system\CodeIgniter.php(419): CodeIgniter\CodeIgniter->runController(Object(App\Controllers\Unidades))
#2 C:\xampp\htdocs\gileos_del_pasifico2\system\CodeIgniter.php(326): CodeIgniter\CodeIgniter->handleRequest(NULL, Object(Config\Cache), false)
#3 C:\xampp\htdocs\gileos_del_pasifico2\public\index.php(37): CodeIgniter\CodeIgniter->run()
#4 {main}
CRITICAL - 2022-04-11 23:47:12 --> Call to a member function where() on null
#0 C:\xampp\htdocs\gileos_del_pasifico2\system\CodeIgniter.php(832): App\Controllers\Unidades->index()
#1 C:\xampp\htdocs\gileos_del_pasifico2\system\CodeIgniter.php(419): CodeIgniter\CodeIgniter->runController(Object(App\Controllers\Unidades))
#2 C:\xampp\htdocs\gileos_del_pasifico2\system\CodeIgniter.php(326): CodeIgniter\CodeIgniter->handleRequest(NULL, Object(Config\Cache), false)
#3 C:\xampp\htdocs\gileos_del_pasifico2\public\index.php(37): CodeIgniter\CodeIgniter->run()
#4 {main}
CRITICAL - 2022-04-11 23:47:13 --> Call to a member function where() on null
#0 C:\xampp\htdocs\gileos_del_pasifico2\system\CodeIgniter.php(832): App\Controllers\Unidades->index()
#1 C:\xampp\htdocs\gileos_del_pasifico2\system\CodeIgniter.php(419): CodeIgniter\CodeIgniter->runController(Object(App\Controllers\Unidades))
#2 C:\xampp\htdocs\gileos_del_pasifico2\system\CodeIgniter.php(326): CodeIgniter\CodeIgniter->handleRequest(NULL, Object(Config\Cache), false)
#3 C:\xampp\htdocs\gileos_del_pasifico2\public\index.php(37): CodeIgniter\CodeIgniter->run()
#4 {main}
CRITICAL - 2022-04-11 23:48:29 --> Call to a member function where() on null
#0 C:\xampp\htdocs\gileos_del_pasifico2\system\CodeIgniter.php(832): App\Controllers\Unidades->index()
#1 C:\xampp\htdocs\gileos_del_pasifico2\system\CodeIgniter.php(419): CodeIgniter\CodeIgniter->runController(Object(App\Controllers\Unidades))
#2 C:\xampp\htdocs\gileos_del_pasifico2\system\CodeIgniter.php(326): CodeIgniter\CodeIgniter->handleRequest(NULL, Object(Config\Cache), false)
#3 C:\xampp\htdocs\gileos_del_pasifico2\public\index.php(37): CodeIgniter\CodeIgniter->run()
#4 {main}
CRITICAL - 2022-04-11 23:48:33 --> Call to a member function where() on null
#0 C:\xampp\htdocs\gileos_del_pasifico2\system\CodeIgniter.php(832): App\Controllers\Unidades->index()
#1 C:\xampp\htdocs\gileos_del_pasifico2\system\CodeIgniter.php(419): CodeIgniter\CodeIgniter->runController(Object(App\Controllers\Unidades))
#2 C:\xampp\htdocs\gileos_del_pasifico2\system\CodeIgniter.php(326): CodeIgniter\CodeIgniter->handleRequest(NULL, Object(Config\Cache), false)
#3 C:\xampp\htdocs\gileos_del_pasifico2\public\index.php(37): CodeIgniter\CodeIgniter->run()
#4 {main}
CRITICAL - 2022-04-11 23:48:34 --> Call to a member function where() on null
#0 C:\xampp\htdocs\gileos_del_pasifico2\system\CodeIgniter.php(832): App\Controllers\Unidades->index()
#1 C:\xampp\htdocs\gileos_del_pasifico2\system\CodeIgniter.php(419): CodeIgniter\CodeIgniter->runController(Object(App\Controllers\Unidades))
#2 C:\xampp\htdocs\gileos_del_pasifico2\system\CodeIgniter.php(326): CodeIgniter\CodeIgniter->handleRequest(NULL, Object(Config\Cache), false)
#3 C:\xampp\htdocs\gileos_del_pasifico2\public\index.php(37): CodeIgniter\CodeIgniter->run()
#4 {main}
CRITICAL - 2022-04-11 23:48:35 --> Call to a member function where() on null
#0 C:\xampp\htdocs\gileos_del_pasifico2\system\CodeIgniter.php(832): App\Controllers\Unidades->index()
#1 C:\xampp\htdocs\gileos_del_pasifico2\system\CodeIgniter.php(419): CodeIgniter\CodeIgniter->runController(Object(App\Controllers\Unidades))
#2 C:\xampp\htdocs\gileos_del_pasifico2\system\CodeIgniter.php(326): CodeIgniter\CodeIgniter->handleRequest(NULL, Object(Config\Cache), false)
#3 C:\xampp\htdocs\gileos_del_pasifico2\public\index.php(37): CodeIgniter\CodeIgniter->run()
#4 {main}
CRITICAL - 2022-04-11 23:51:05 --> Call to a member function where() on null
#0 C:\xampp\htdocs\gileos_del_pasifico2\system\CodeIgniter.php(832): App\Controllers\Unidades->index()
#1 C:\xampp\htdocs\gileos_del_pasifico2\system\CodeIgniter.php(419): CodeIgniter\CodeIgniter->runController(Object(App\Controllers\Unidades))
#2 C:\xampp\htdocs\gileos_del_pasifico2\system\CodeIgniter.php(326): CodeIgniter\CodeIgniter->handleRequest(NULL, Object(Config\Cache), false)
#3 C:\xampp\htdocs\gileos_del_pasifico2\public\index.php(37): CodeIgniter\CodeIgniter->run()
#4 {main}
CRITICAL - 2022-04-11 23:52:13 --> Call to a member function where() on null
#0 C:\xampp\htdocs\gileos_del_pasifico2\system\CodeIgniter.php(832): App\Controllers\Unidades->index()
#1 C:\xampp\htdocs\gileos_del_pasifico2\system\CodeIgniter.php(419): CodeIgniter\CodeIgniter->runController(Object(App\Controllers\Unidades))
#2 C:\xampp\htdocs\gileos_del_pasifico2\system\CodeIgniter.php(326): CodeIgniter\CodeIgniter->handleRequest(NULL, Object(Config\Cache), false)
#3 C:\xampp\htdocs\gileos_del_pasifico2\public\index.php(37): CodeIgniter\CodeIgniter->run()
#4 {main}
CRITICAL - 2022-04-11 23:52:14 --> Call to a member function where() on null
#0 C:\xampp\htdocs\gileos_del_pasifico2\system\CodeIgniter.php(832): App\Controllers\Unidades->index()
#1 C:\xampp\htdocs\gileos_del_pasifico2\system\CodeIgniter.php(419): CodeIgniter\CodeIgniter->runController(Object(App\Controllers\Unidades))
#2 C:\xampp\htdocs\gileos_del_pasifico2\system\CodeIgniter.php(326): CodeIgniter\CodeIgniter->handleRequest(NULL, Object(Config\Cache), false)
#3 C:\xampp\htdocs\gileos_del_pasifico2\public\index.php(37): CodeIgniter\CodeIgniter->run()
#4 {main}
CRITICAL - 2022-04-11 23:55:09 --> Call to a member function where() on null
#0 C:\xampp\htdocs\gileos_del_pasifico2\system\CodeIgniter.php(832): App\Controllers\Unidades->index()
#1 C:\xampp\htdocs\gileos_del_pasifico2\system\CodeIgniter.php(419): CodeIgniter\CodeIgniter->runController(Object(App\Controllers\Unidades))
#2 C:\xampp\htdocs\gileos_del_pasifico2\system\CodeIgniter.php(326): CodeIgniter\CodeIgniter->handleRequest(NULL, Object(Config\Cache), false)
#3 C:\xampp\htdocs\gileos_del_pasifico2\public\index.php(37): CodeIgniter\CodeIgniter->run()
#4 {main}
CRITICAL - 2022-04-11 23:58:55 --> Call to a member function where() on null
#0 C:\xampp\htdocs\gileos_del_pasifico2\system\CodeIgniter.php(832): App\Controllers\Unidades->index()
#1 C:\xampp\htdocs\gileos_del_pasifico2\system\CodeIgniter.php(419): CodeIgniter\CodeIgniter->runController(Object(App\Controllers\Unidades))
#2 C:\xampp\htdocs\gileos_del_pasifico2\system\CodeIgniter.php(326): CodeIgniter\CodeIgniter->handleRequest(NULL, Object(Config\Cache), false)
#3 C:\xampp\htdocs\gileos_del_pasifico2\public\index.php(37): CodeIgniter\CodeIgniter->run()
#4 {main}
CRITICAL - 2022-04-11 23:58:58 --> Call to a member function where() on null
#0 C:\xampp\htdocs\gileos_del_pasifico2\system\CodeIgniter.php(832): App\Controllers\Unidades->index()
#1 C:\xampp\htdocs\gileos_del_pasifico2\system\CodeIgniter.php(419): CodeIgniter\CodeIgniter->runController(Object(App\Controllers\Unidades))
#2 C:\xampp\htdocs\gileos_del_pasifico2\system\CodeIgniter.php(326): CodeIgniter\CodeIgniter->handleRequest(NULL, Object(Config\Cache), false)
#3 C:\xampp\htdocs\gileos_del_pasifico2\public\index.php(37): CodeIgniter\CodeIgniter->run()
#4 {main}
CRITICAL - 2022-04-11 23:59:00 --> Call to a member function where() on null
#0 C:\xampp\htdocs\gileos_del_pasifico2\system\CodeIgniter.php(832): App\Controllers\Unidades->index()
#1 C:\xampp\htdocs\gileos_del_pasifico2\system\CodeIgniter.php(419): CodeIgniter\CodeIgniter->runController(Object(App\Controllers\Unidades))
#2 C:\xampp\htdocs\gileos_del_pasifico2\system\CodeIgniter.php(326): CodeIgniter\CodeIgniter->handleRequest(NULL, Object(Config\Cache), false)
#3 C:\xampp\htdocs\gileos_del_pasifico2\public\index.php(37): CodeIgniter\CodeIgniter->run()
#4 {main}
CRITICAL - 2022-04-11 23:59:06 --> Call to a member function where() on null
#0 C:\xampp\htdocs\gileos_del_pasifico2\system\CodeIgniter.php(832): App\Controllers\Unidades->index()
#1 C:\xampp\htdocs\gileos_del_pasifico2\system\CodeIgniter.php(419): CodeIgniter\CodeIgniter->runController(Object(App\Controllers\Unidades))
#2 C:\xampp\htdocs\gileos_del_pasifico2\system\CodeIgniter.php(326): CodeIgniter\CodeIgniter->handleRequest(NULL, Object(Config\Cache), false)
#3 C:\xampp\htdocs\gileos_del_pasifico2\public\index.php(37): CodeIgniter\CodeIgniter->run()
#4 {main}
