CRITICAL - 2024-05-28 15:00:05 --> Undefined array key "nombre"
#0 C:\xampp\htdocs\cubicaje\app\Views\cajas\cajas.php(146): CodeIgniter\Debug\Exceptions->errorHandler(2, 'Undefined array...', 'C:\\xampp\\htdocs...', 146)
#1 C:\xampp\htdocs\cubicaje\system\View\View.php(210): include('C:\\xampp\\htdocs...')
#2 C:\xampp\htdocs\cubicaje\system\View\View.php(213): CodeIgniter\View\View->CodeIgniter\View\{closure}()
#3 C:\xampp\htdocs\cubicaje\system\Common.php(1089): CodeIgniter\View\View->render('cajas/cajas', Array, true)
#4 C:\xampp\htdocs\cubicaje\app\Controllers\Cajas.php(97): view('cajas/cajas', Array)
#5 C:\xampp\htdocs\cubicaje\system\CodeIgniter.php(832): App\Controllers\Cajas->index()
#6 C:\xampp\htdocs\cubicaje\system\CodeIgniter.php(419): CodeIgniter\CodeIgniter->runController(Object(App\Controllers\Cajas))
#7 C:\xampp\htdocs\cubicaje\system\CodeIgniter.php(326): CodeIgniter\CodeIgniter->handleRequest(NULL, Object(Config\Cache), false)
#8 C:\xampp\htdocs\cubicaje\public\index.php(37): CodeIgniter\CodeIgniter->run()
#9 {main}
CRITICAL - 2024-05-28 15:26:14 --> Undefined array key "nombre"
#0 C:\xampp\htdocs\cubicaje\app\Views\cajas\cajas.php(146): CodeIgniter\Debug\Exceptions->errorHandler(2, 'Undefined array...', 'C:\\xampp\\htdocs...', 146)
#1 C:\xampp\htdocs\cubicaje\system\View\View.php(210): include('C:\\xampp\\htdocs...')
#2 C:\xampp\htdocs\cubicaje\system\View\View.php(213): CodeIgniter\View\View->CodeIgniter\View\{closure}()
#3 C:\xampp\htdocs\cubicaje\system\Common.php(1089): CodeIgniter\View\View->render('cajas/cajas', Array, true)
#4 C:\xampp\htdocs\cubicaje\app\Controllers\Cajas.php(97): view('cajas/cajas', Array)
#5 C:\xampp\htdocs\cubicaje\system\CodeIgniter.php(832): App\Controllers\Cajas->index()
#6 C:\xampp\htdocs\cubicaje\system\CodeIgniter.php(419): CodeIgniter\CodeIgniter->runController(Object(App\Controllers\Cajas))
#7 C:\xampp\htdocs\cubicaje\system\CodeIgniter.php(326): CodeIgniter\CodeIgniter->handleRequest(NULL, Object(Config\Cache), false)
#8 C:\xampp\htdocs\cubicaje\public\index.php(37): CodeIgniter\CodeIgniter->run()
#9 {main}
CRITICAL - 2024-05-28 17:17:01 --> Undefined array key "nombre"
#0 C:\xampp\htdocs\cubicaje\app\Views\cajas\cajas.php(157): CodeIgniter\Debug\Exceptions->errorHandler(2, 'Undefined array...', 'C:\\xampp\\htdocs...', 157)
#1 C:\xampp\htdocs\cubicaje\system\View\View.php(210): include('C:\\xampp\\htdocs...')
#2 C:\xampp\htdocs\cubicaje\system\View\View.php(213): CodeIgniter\View\View->CodeIgniter\View\{closure}()
#3 C:\xampp\htdocs\cubicaje\system\Common.php(1089): CodeIgniter\View\View->render('cajas/cajas', Array, true)
#4 C:\xampp\htdocs\cubicaje\app\Controllers\Cajas.php(97): view('cajas/cajas', Array)
#5 C:\xampp\htdocs\cubicaje\system\CodeIgniter.php(832): App\Controllers\Cajas->index()
#6 C:\xampp\htdocs\cubicaje\system\CodeIgniter.php(419): CodeIgniter\CodeIgniter->runController(Object(App\Controllers\Cajas))
#7 C:\xampp\htdocs\cubicaje\system\CodeIgniter.php(326): CodeIgniter\CodeIgniter->handleRequest(NULL, Object(Config\Cache), false)
#8 C:\xampp\htdocs\cubicaje\public\index.php(37): CodeIgniter\CodeIgniter->run()
#9 {main}
