CRITICAL - 2023-04-15 16:03:58 --> The framework needs the following extension(s) installed and loaded: intl.
#0 C:\xampp\htdocs\cubicacion\system\CodeIgniter.php(219): CodeIgniter\Exceptions\FrameworkException::forMissingExtension('intl')
#1 C:\xampp\htdocs\cubicacion\system\CodeIgniter.php(177): CodeIgniter\CodeIgniter->resolvePlatformExtensions()
#2 C:\xampp\htdocs\cubicacion\system\bootstrap.php(146): CodeIgniter\CodeIgniter->initialize()
#3 C:\xampp\htdocs\cubicacion\index.php(28): require('C:\\xampp\\htdocs...')
#4 {main}
CRITICAL - 2023-04-15 16:04:21 --> The framework needs the following extension(s) installed and loaded: intl.
#0 C:\xampp\htdocs\cubicacion\system\CodeIgniter.php(219): CodeIgniter\Exceptions\FrameworkException::forMissingExtension('intl')
#1 C:\xampp\htdocs\cubicacion\system\CodeIgniter.php(177): CodeIgniter\CodeIgniter->resolvePlatformExtensions()
#2 C:\xampp\htdocs\cubicacion\system\bootstrap.php(146): CodeIgniter\CodeIgniter->initialize()
#3 C:\xampp\htdocs\cubicacion\index.php(28): require('C:\\xampp\\htdocs...')
#4 {main}
CRITICAL - 2023-04-15 16:10:21 --> The framework needs the following extension(s) installed and loaded: intl.
#0 C:\xampp\htdocs\cubicacion\system\CodeIgniter.php(219): CodeIgniter\Exceptions\FrameworkException::forMissingExtension('intl')
#1 C:\xampp\htdocs\cubicacion\system\CodeIgniter.php(177): CodeIgniter\CodeIgniter->resolvePlatformExtensions()
#2 C:\xampp\htdocs\cubicacion\system\bootstrap.php(146): CodeIgniter\CodeIgniter->initialize()
#3 C:\xampp\htdocs\cubicacion\index.php(28): require('C:\\xampp\\htdocs...')
#4 {main}
ERROR - 2023-04-15 09:15:02 --> Error connecting to the database: Unknown database 'cubicaje'
CRITICAL - 2023-04-15 09:15:02 --> Unable to connect to the database.
Main connection [MySQLi]: Unknown database 'cubicaje'
#0 C:\xampp\htdocs\cubicacion\system\Database\BaseConnection.php(577): CodeIgniter\Database\BaseConnection->initialize()
#1 C:\xampp\htdocs\cubicacion\system\Database\BaseBuilder.php(1455): CodeIgniter\Database\BaseConnection->query('SELECT *\nFROM `...', Array, false)
#2 C:\xampp\htdocs\cubicacion\system\Model.php(210): CodeIgniter\Database\BaseBuilder->get()
#3 C:\xampp\htdocs\cubicacion\system\BaseModel.php(622): CodeIgniter\Model->doFirst()
#4 C:\xampp\htdocs\cubicacion\app\Controllers\Usuarios.php(202): CodeIgniter\BaseModel->first()
#5 C:\xampp\htdocs\cubicacion\system\CodeIgniter.php(832): App\Controllers\Usuarios->valida()
#6 C:\xampp\htdocs\cubicacion\system\CodeIgniter.php(419): CodeIgniter\CodeIgniter->runController(Object(App\Controllers\Usuarios))
#7 C:\xampp\htdocs\cubicacion\system\CodeIgniter.php(326): CodeIgniter\CodeIgniter->handleRequest(NULL, Object(Config\Cache), false)
#8 C:\xampp\htdocs\cubicacion\public\index.php(37): CodeIgniter\CodeIgniter->run()
#9 {main}
ERROR - 2023-04-15 09:15:20 --> Error connecting to the database: Unknown database 'cubicaje'
CRITICAL - 2023-04-15 09:15:20 --> Unable to connect to the database.
Main connection [MySQLi]: Unknown database 'cubicaje'
#0 C:\xampp\htdocs\cubicacion\system\Database\BaseConnection.php(577): CodeIgniter\Database\BaseConnection->initialize()
#1 C:\xampp\htdocs\cubicacion\system\Database\BaseBuilder.php(1455): CodeIgniter\Database\BaseConnection->query('SELECT *\nFROM `...', Array, false)
#2 C:\xampp\htdocs\cubicacion\system\Model.php(210): CodeIgniter\Database\BaseBuilder->get()
#3 C:\xampp\htdocs\cubicacion\system\BaseModel.php(622): CodeIgniter\Model->doFirst()
#4 C:\xampp\htdocs\cubicacion\app\Controllers\Usuarios.php(202): CodeIgniter\BaseModel->first()
#5 C:\xampp\htdocs\cubicacion\system\CodeIgniter.php(832): App\Controllers\Usuarios->valida()
#6 C:\xampp\htdocs\cubicacion\system\CodeIgniter.php(419): CodeIgniter\CodeIgniter->runController(Object(App\Controllers\Usuarios))
#7 C:\xampp\htdocs\cubicacion\system\CodeIgniter.php(326): CodeIgniter\CodeIgniter->handleRequest(NULL, Object(Config\Cache), false)
#8 C:\xampp\htdocs\cubicacion\public\index.php(37): CodeIgniter\CodeIgniter->run()
#9 {main}
CRITICAL - 2023-04-15 09:41:56 --> Creation of dynamic property App\Controllers\Productos::$cajas is deprecated
#0 C:\xampp\htdocs\cubicacion\app\Controllers\productos.php(16): CodeIgniter\Debug\Exceptions->errorHandler(8192, 'Creation of dyn...', 'C:\\xampp\\htdocs...', 16)
#1 C:\xampp\htdocs\cubicacion\system\CodeIgniter.php(809): App\Controllers\Productos->__construct()
#2 C:\xampp\htdocs\cubicacion\system\CodeIgniter.php(410): CodeIgniter\CodeIgniter->createController()
#3 C:\xampp\htdocs\cubicacion\system\CodeIgniter.php(326): CodeIgniter\CodeIgniter->handleRequest(NULL, Object(Config\Cache), false)
#4 C:\xampp\htdocs\cubicacion\public\index.php(37): CodeIgniter\CodeIgniter->run()
#5 {main}
CRITICAL - 2023-04-15 09:44:30 --> Creation of dynamic property App\Controllers\Productos::$cajas is deprecated
#0 C:\xampp\htdocs\cubicacion\app\Controllers\productos.php(16): CodeIgniter\Debug\Exceptions->errorHandler(8192, 'Creation of dyn...', 'C:\\xampp\\htdocs...', 16)
#1 C:\xampp\htdocs\cubicacion\system\CodeIgniter.php(809): App\Controllers\Productos->__construct()
#2 C:\xampp\htdocs\cubicacion\system\CodeIgniter.php(410): CodeIgniter\CodeIgniter->createController()
#3 C:\xampp\htdocs\cubicacion\system\CodeIgniter.php(326): CodeIgniter\CodeIgniter->handleRequest(NULL, Object(Config\Cache), false)
#4 C:\xampp\htdocs\cubicacion\public\index.php(37): CodeIgniter\CodeIgniter->run()
#5 {main}
CRITICAL - 2023-04-15 09:45:58 --> Creation of dynamic property App\Controllers\Productos::$cajas is deprecated
#0 C:\xampp\htdocs\cubicacion\app\Controllers\productos.php(16): CodeIgniter\Debug\Exceptions->errorHandler(8192, 'Creation of dyn...', 'C:\\xampp\\htdocs...', 16)
#1 C:\xampp\htdocs\cubicacion\system\CodeIgniter.php(809): App\Controllers\Productos->__construct()
#2 C:\xampp\htdocs\cubicacion\system\CodeIgniter.php(410): CodeIgniter\CodeIgniter->createController()
#3 C:\xampp\htdocs\cubicacion\system\CodeIgniter.php(326): CodeIgniter\CodeIgniter->handleRequest(NULL, Object(Config\Cache), false)
#4 C:\xampp\htdocs\cubicacion\public\index.php(37): CodeIgniter\CodeIgniter->run()
#5 {main}
CRITICAL - 2023-04-15 09:46:26 --> Creation of dynamic property App\Controllers\Productos::$cajas is deprecated
#0 C:\xampp\htdocs\cubicacion\app\Controllers\productos.php(16): CodeIgniter\Debug\Exceptions->errorHandler(8192, 'Creation of dyn...', 'C:\\xampp\\htdocs...', 16)
#1 C:\xampp\htdocs\cubicacion\system\CodeIgniter.php(809): App\Controllers\Productos->__construct()
#2 C:\xampp\htdocs\cubicacion\system\CodeIgniter.php(410): CodeIgniter\CodeIgniter->createController()
#3 C:\xampp\htdocs\cubicacion\system\CodeIgniter.php(326): CodeIgniter\CodeIgniter->handleRequest(NULL, Object(Config\Cache), false)
#4 C:\xampp\htdocs\cubicacion\public\index.php(37): CodeIgniter\CodeIgniter->run()
#5 {main}
CRITICAL - 2023-04-15 10:00:49 --> Creation of dynamic property App\Controllers\Productos::$cajas is deprecated
#0 C:\xampp\htdocs\cubicacion\app\Controllers\productos.php(16): CodeIgniter\Debug\Exceptions->errorHandler(8192, 'Creation of dyn...', 'C:\\xampp\\htdocs...', 16)
#1 C:\xampp\htdocs\cubicacion\system\CodeIgniter.php(809): App\Controllers\Productos->__construct()
#2 C:\xampp\htdocs\cubicacion\system\CodeIgniter.php(410): CodeIgniter\CodeIgniter->createController()
#3 C:\xampp\htdocs\cubicacion\system\CodeIgniter.php(326): CodeIgniter\CodeIgniter->handleRequest(NULL, Object(Config\Cache), false)
#4 C:\xampp\htdocs\cubicacion\public\index.php(37): CodeIgniter\CodeIgniter->run()
#5 {main}
CRITICAL - 2023-04-15 10:02:52 --> Creation of dynamic property App\Controllers\Productos::$Cajas is deprecated
#0 C:\xampp\htdocs\cubicacion\app\Controllers\productos.php(16): CodeIgniter\Debug\Exceptions->errorHandler(8192, 'Creation of dyn...', 'C:\\xampp\\htdocs...', 16)
#1 C:\xampp\htdocs\cubicacion\system\CodeIgniter.php(809): App\Controllers\Productos->__construct()
#2 C:\xampp\htdocs\cubicacion\system\CodeIgniter.php(410): CodeIgniter\CodeIgniter->createController()
#3 C:\xampp\htdocs\cubicacion\system\CodeIgniter.php(326): CodeIgniter\CodeIgniter->handleRequest(NULL, Object(Config\Cache), false)
#4 C:\xampp\htdocs\cubicacion\public\index.php(37): CodeIgniter\CodeIgniter->run()
#5 {main}
CRITICAL - 2023-04-15 10:27:53 --> Creation of dynamic property App\Controllers\Productos::$vehiculos is deprecated
#0 C:\xampp\htdocs\cubicacion\app\Controllers\productos.php(17): CodeIgniter\Debug\Exceptions->errorHandler(8192, 'Creation of dyn...', 'C:\\xampp\\htdocs...', 17)
#1 C:\xampp\htdocs\cubicacion\system\CodeIgniter.php(809): App\Controllers\Productos->__construct()
#2 C:\xampp\htdocs\cubicacion\system\CodeIgniter.php(410): CodeIgniter\CodeIgniter->createController()
#3 C:\xampp\htdocs\cubicacion\system\CodeIgniter.php(326): CodeIgniter\CodeIgniter->handleRequest(NULL, Object(Config\Cache), false)
#4 C:\xampp\htdocs\cubicacion\public\index.php(37): CodeIgniter\CodeIgniter->run()
#5 {main}
CRITICAL - 2023-04-15 10:28:23 --> Undefined property: App\Controllers\Productos::$cajas
#0 C:\xampp\htdocs\cubicacion\app\Controllers\productos.php(101): CodeIgniter\Debug\Exceptions->errorHandler(2, 'Undefined prope...', 'C:\\xampp\\htdocs...', 101)
#1 C:\xampp\htdocs\cubicacion\system\CodeIgniter.php(832): App\Controllers\Productos->nuevo()
#2 C:\xampp\htdocs\cubicacion\system\CodeIgniter.php(419): CodeIgniter\CodeIgniter->runController(Object(App\Controllers\Productos))
#3 C:\xampp\htdocs\cubicacion\system\CodeIgniter.php(326): CodeIgniter\CodeIgniter->handleRequest(NULL, Object(Config\Cache), false)
#4 C:\xampp\htdocs\cubicacion\public\index.php(37): CodeIgniter\CodeIgniter->run()
#5 {main}
CRITICAL - 2023-04-15 10:29:07 --> Creation of dynamic property App\Controllers\Productos::$cajas is deprecated
#0 C:\xampp\htdocs\cubicacion\app\Controllers\productos.php(16): CodeIgniter\Debug\Exceptions->errorHandler(8192, 'Creation of dyn...', 'C:\\xampp\\htdocs...', 16)
#1 C:\xampp\htdocs\cubicacion\system\CodeIgniter.php(809): App\Controllers\Productos->__construct()
#2 C:\xampp\htdocs\cubicacion\system\CodeIgniter.php(410): CodeIgniter\CodeIgniter->createController()
#3 C:\xampp\htdocs\cubicacion\system\CodeIgniter.php(326): CodeIgniter\CodeIgniter->handleRequest(NULL, Object(Config\Cache), false)
#4 C:\xampp\htdocs\cubicacion\public\index.php(37): CodeIgniter\CodeIgniter->run()
#5 {main}
CRITICAL - 2023-04-15 10:29:10 --> Creation of dynamic property App\Controllers\Productos::$cajas is deprecated
#0 C:\xampp\htdocs\cubicacion\app\Controllers\productos.php(16): CodeIgniter\Debug\Exceptions->errorHandler(8192, 'Creation of dyn...', 'C:\\xampp\\htdocs...', 16)
#1 C:\xampp\htdocs\cubicacion\system\CodeIgniter.php(809): App\Controllers\Productos->__construct()
#2 C:\xampp\htdocs\cubicacion\system\CodeIgniter.php(410): CodeIgniter\CodeIgniter->createController()
#3 C:\xampp\htdocs\cubicacion\system\CodeIgniter.php(326): CodeIgniter\CodeIgniter->handleRequest(NULL, Object(Config\Cache), false)
#4 C:\xampp\htdocs\cubicacion\public\index.php(37): CodeIgniter\CodeIgniter->run()
#5 {main}
CRITICAL - 2023-04-15 11:22:40 --> Creation of dynamic property App\Controllers\Productos::$cajas is deprecated
#0 C:\xampp\htdocs\cubicacion\app\Controllers\productos.php(16): CodeIgniter\Debug\Exceptions->errorHandler(8192, 'Creation of dyn...', 'C:\\xampp\\htdocs...', 16)
#1 C:\xampp\htdocs\cubicacion\system\CodeIgniter.php(809): App\Controllers\Productos->__construct()
#2 C:\xampp\htdocs\cubicacion\system\CodeIgniter.php(410): CodeIgniter\CodeIgniter->createController()
#3 C:\xampp\htdocs\cubicacion\system\CodeIgniter.php(326): CodeIgniter\CodeIgniter->handleRequest(NULL, Object(Config\Cache), false)
#4 C:\xampp\htdocs\cubicacion\index.php(37): CodeIgniter\CodeIgniter->run()
#5 {main}
CRITICAL - 2023-04-15 11:29:28 --> Creation of dynamic property App\Controllers\Productos::$cajas is deprecated
#0 C:\xampp\htdocs\cubicacion\app\Controllers\productos.php(16): CodeIgniter\Debug\Exceptions->errorHandler(8192, 'Creation of dyn...', 'C:\\xampp\\htdocs...', 16)
#1 C:\xampp\htdocs\cubicacion\system\CodeIgniter.php(809): App\Controllers\Productos->__construct()
#2 C:\xampp\htdocs\cubicacion\system\CodeIgniter.php(410): CodeIgniter\CodeIgniter->createController()
#3 C:\xampp\htdocs\cubicacion\system\CodeIgniter.php(326): CodeIgniter\CodeIgniter->handleRequest(NULL, Object(Config\Cache), false)
#4 C:\xampp\htdocs\cubicacion\public\index.php(37): CodeIgniter\CodeIgniter->run()
#5 {main}
