CRITICAL - 2022-12-08 14:03:44 --> Undefined variable $id
#0 C:\xampp\htdocs\cubicacion\app\Controllers\Cajas.php(194): CodeIgniter\Debug\Exceptions->errorHandler(2, 'Undefined varia...', 'C:\\xampp\\htdocs...', 194)
#1 C:\xampp\htdocs\cubicacion\system\CodeIgniter.php(832): App\Controllers\Cajas->buscarPorCodigo('1007')
#2 C:\xampp\htdocs\cubicacion\system\CodeIgniter.php(419): CodeIgniter\CodeIgniter->runController(Object(App\Controllers\Cajas))
#3 C:\xampp\htdocs\cubicacion\system\CodeIgniter.php(326): CodeIgniter\CodeIgniter->handleRequest(NULL, Object(Config\Cache), false)
#4 C:\xampp\htdocs\cubicacion\public\index.php(37): CodeIgniter\CodeIgniter->run()
#5 {main}
CRITICAL - 2022-12-08 14:03:46 --> Undefined variable $id
#0 C:\xampp\htdocs\cubicacion\app\Controllers\Cajas.php(194): CodeIgniter\Debug\Exceptions->errorHandler(2, 'Undefined varia...', 'C:\\xampp\\htdocs...', 194)
#1 C:\xampp\htdocs\cubicacion\system\CodeIgniter.php(832): App\Controllers\Cajas->buscarPorCodigo('1007')
#2 C:\xampp\htdocs\cubicacion\system\CodeIgniter.php(419): CodeIgniter\CodeIgniter->runController(Object(App\Controllers\Cajas))
#3 C:\xampp\htdocs\cubicacion\system\CodeIgniter.php(326): CodeIgniter\CodeIgniter->handleRequest(NULL, Object(Config\Cache), false)
#4 C:\xampp\htdocs\cubicacion\public\index.php(37): CodeIgniter\CodeIgniter->run()
#5 {main}
CRITICAL - 2022-12-08 14:03:46 --> Undefined variable $id
#0 C:\xampp\htdocs\cubicacion\app\Controllers\Cajas.php(194): CodeIgniter\Debug\Exceptions->errorHandler(2, 'Undefined varia...', 'C:\\xampp\\htdocs...', 194)
#1 C:\xampp\htdocs\cubicacion\system\CodeIgniter.php(832): App\Controllers\Cajas->buscarPorCodigo('1007')
#2 C:\xampp\htdocs\cubicacion\system\CodeIgniter.php(419): CodeIgniter\CodeIgniter->runController(Object(App\Controllers\Cajas))
#3 C:\xampp\htdocs\cubicacion\system\CodeIgniter.php(326): CodeIgniter\CodeIgniter->handleRequest(NULL, Object(Config\Cache), false)
#4 C:\xampp\htdocs\cubicacion\public\index.php(37): CodeIgniter\CodeIgniter->run()
#5 {main}
CRITICAL - 2022-12-08 14:03:47 --> Undefined variable $id
#0 C:\xampp\htdocs\cubicacion\app\Controllers\Cajas.php(194): CodeIgniter\Debug\Exceptions->errorHandler(2, 'Undefined varia...', 'C:\\xampp\\htdocs...', 194)
#1 C:\xampp\htdocs\cubicacion\system\CodeIgniter.php(832): App\Controllers\Cajas->buscarPorCodigo('1007')
#2 C:\xampp\htdocs\cubicacion\system\CodeIgniter.php(419): CodeIgniter\CodeIgniter->runController(Object(App\Controllers\Cajas))
#3 C:\xampp\htdocs\cubicacion\system\CodeIgniter.php(326): CodeIgniter\CodeIgniter->handleRequest(NULL, Object(Config\Cache), false)
#4 C:\xampp\htdocs\cubicacion\public\index.php(37): CodeIgniter\CodeIgniter->run()
#5 {main}
CRITICAL - 2022-12-08 14:03:47 --> Undefined variable $id
#0 C:\xampp\htdocs\cubicacion\app\Controllers\Cajas.php(194): CodeIgniter\Debug\Exceptions->errorHandler(2, 'Undefined varia...', 'C:\\xampp\\htdocs...', 194)
#1 C:\xampp\htdocs\cubicacion\system\CodeIgniter.php(832): App\Controllers\Cajas->buscarPorCodigo('1007')
#2 C:\xampp\htdocs\cubicacion\system\CodeIgniter.php(419): CodeIgniter\CodeIgniter->runController(Object(App\Controllers\Cajas))
#3 C:\xampp\htdocs\cubicacion\system\CodeIgniter.php(326): CodeIgniter\CodeIgniter->handleRequest(NULL, Object(Config\Cache), false)
#4 C:\xampp\htdocs\cubicacion\public\index.php(37): CodeIgniter\CodeIgniter->run()
#5 {main}
CRITICAL - 2022-12-08 14:03:47 --> Undefined variable $id
#0 C:\xampp\htdocs\cubicacion\app\Controllers\Cajas.php(194): CodeIgniter\Debug\Exceptions->errorHandler(2, 'Undefined varia...', 'C:\\xampp\\htdocs...', 194)
#1 C:\xampp\htdocs\cubicacion\system\CodeIgniter.php(832): App\Controllers\Cajas->buscarPorCodigo('1007')
#2 C:\xampp\htdocs\cubicacion\system\CodeIgniter.php(419): CodeIgniter\CodeIgniter->runController(Object(App\Controllers\Cajas))
#3 C:\xampp\htdocs\cubicacion\system\CodeIgniter.php(326): CodeIgniter\CodeIgniter->handleRequest(NULL, Object(Config\Cache), false)
#4 C:\xampp\htdocs\cubicacion\public\index.php(37): CodeIgniter\CodeIgniter->run()
#5 {main}
CRITICAL - 2022-12-08 14:03:47 --> Undefined variable $id
#0 C:\xampp\htdocs\cubicacion\app\Controllers\Cajas.php(194): CodeIgniter\Debug\Exceptions->errorHandler(2, 'Undefined varia...', 'C:\\xampp\\htdocs...', 194)
#1 C:\xampp\htdocs\cubicacion\system\CodeIgniter.php(832): App\Controllers\Cajas->buscarPorCodigo('1007')
#2 C:\xampp\htdocs\cubicacion\system\CodeIgniter.php(419): CodeIgniter\CodeIgniter->runController(Object(App\Controllers\Cajas))
#3 C:\xampp\htdocs\cubicacion\system\CodeIgniter.php(326): CodeIgniter\CodeIgniter->handleRequest(NULL, Object(Config\Cache), false)
#4 C:\xampp\htdocs\cubicacion\public\index.php(37): CodeIgniter\CodeIgniter->run()
#5 {main}
CRITICAL - 2022-12-08 14:03:51 --> Undefined variable $id
#0 C:\xampp\htdocs\cubicacion\app\Controllers\Cajas.php(194): CodeIgniter\Debug\Exceptions->errorHandler(2, 'Undefined varia...', 'C:\\xampp\\htdocs...', 194)
#1 C:\xampp\htdocs\cubicacion\system\CodeIgniter.php(832): App\Controllers\Cajas->buscarPorCodigo('1007')
#2 C:\xampp\htdocs\cubicacion\system\CodeIgniter.php(419): CodeIgniter\CodeIgniter->runController(Object(App\Controllers\Cajas))
#3 C:\xampp\htdocs\cubicacion\system\CodeIgniter.php(326): CodeIgniter\CodeIgniter->handleRequest(NULL, Object(Config\Cache), false)
#4 C:\xampp\htdocs\cubicacion\public\index.php(37): CodeIgniter\CodeIgniter->run()
#5 {main}
CRITICAL - 2022-12-08 14:03:51 --> Undefined variable $id
#0 C:\xampp\htdocs\cubicacion\app\Controllers\Cajas.php(194): CodeIgniter\Debug\Exceptions->errorHandler(2, 'Undefined varia...', 'C:\\xampp\\htdocs...', 194)
#1 C:\xampp\htdocs\cubicacion\system\CodeIgniter.php(832): App\Controllers\Cajas->buscarPorCodigo('1007')
#2 C:\xampp\htdocs\cubicacion\system\CodeIgniter.php(419): CodeIgniter\CodeIgniter->runController(Object(App\Controllers\Cajas))
#3 C:\xampp\htdocs\cubicacion\system\CodeIgniter.php(326): CodeIgniter\CodeIgniter->handleRequest(NULL, Object(Config\Cache), false)
#4 C:\xampp\htdocs\cubicacion\public\index.php(37): CodeIgniter\CodeIgniter->run()
#5 {main}
CRITICAL - 2022-12-08 14:03:51 --> Undefined variable $id
#0 C:\xampp\htdocs\cubicacion\app\Controllers\Cajas.php(194): CodeIgniter\Debug\Exceptions->errorHandler(2, 'Undefined varia...', 'C:\\xampp\\htdocs...', 194)
#1 C:\xampp\htdocs\cubicacion\system\CodeIgniter.php(832): App\Controllers\Cajas->buscarPorCodigo('1007')
#2 C:\xampp\htdocs\cubicacion\system\CodeIgniter.php(419): CodeIgniter\CodeIgniter->runController(Object(App\Controllers\Cajas))
#3 C:\xampp\htdocs\cubicacion\system\CodeIgniter.php(326): CodeIgniter\CodeIgniter->handleRequest(NULL, Object(Config\Cache), false)
#4 C:\xampp\htdocs\cubicacion\public\index.php(37): CodeIgniter\CodeIgniter->run()
#5 {main}
CRITICAL - 2022-12-08 14:05:07 --> Undefined array key "id"
#0 C:\xampp\htdocs\cubicacion\app\Controllers\Cajas.php(194): CodeIgniter\Debug\Exceptions->errorHandler(2, 'Undefined array...', 'C:\\xampp\\htdocs...', 194)
#1 C:\xampp\htdocs\cubicacion\system\CodeIgniter.php(832): App\Controllers\Cajas->buscarPorCodigo('1007')
#2 C:\xampp\htdocs\cubicacion\system\CodeIgniter.php(419): CodeIgniter\CodeIgniter->runController(Object(App\Controllers\Cajas))
#3 C:\xampp\htdocs\cubicacion\system\CodeIgniter.php(326): CodeIgniter\CodeIgniter->handleRequest(NULL, Object(Config\Cache), false)
#4 C:\xampp\htdocs\cubicacion\public\index.php(37): CodeIgniter\CodeIgniter->run()
#5 {main}
CRITICAL - 2022-12-08 14:05:08 --> Undefined array key "id"
#0 C:\xampp\htdocs\cubicacion\app\Controllers\Cajas.php(194): CodeIgniter\Debug\Exceptions->errorHandler(2, 'Undefined array...', 'C:\\xampp\\htdocs...', 194)
#1 C:\xampp\htdocs\cubicacion\system\CodeIgniter.php(832): App\Controllers\Cajas->buscarPorCodigo('1007')
#2 C:\xampp\htdocs\cubicacion\system\CodeIgniter.php(419): CodeIgniter\CodeIgniter->runController(Object(App\Controllers\Cajas))
#3 C:\xampp\htdocs\cubicacion\system\CodeIgniter.php(326): CodeIgniter\CodeIgniter->handleRequest(NULL, Object(Config\Cache), false)
#4 C:\xampp\htdocs\cubicacion\public\index.php(37): CodeIgniter\CodeIgniter->run()
#5 {main}
CRITICAL - 2022-12-08 14:05:08 --> Undefined array key "id"
#0 C:\xampp\htdocs\cubicacion\app\Controllers\Cajas.php(194): CodeIgniter\Debug\Exceptions->errorHandler(2, 'Undefined array...', 'C:\\xampp\\htdocs...', 194)
#1 C:\xampp\htdocs\cubicacion\system\CodeIgniter.php(832): App\Controllers\Cajas->buscarPorCodigo('1007')
#2 C:\xampp\htdocs\cubicacion\system\CodeIgniter.php(419): CodeIgniter\CodeIgniter->runController(Object(App\Controllers\Cajas))
#3 C:\xampp\htdocs\cubicacion\system\CodeIgniter.php(326): CodeIgniter\CodeIgniter->handleRequest(NULL, Object(Config\Cache), false)
#4 C:\xampp\htdocs\cubicacion\public\index.php(37): CodeIgniter\CodeIgniter->run()
#5 {main}
CRITICAL - 2022-12-08 14:05:08 --> Undefined array key "id"
#0 C:\xampp\htdocs\cubicacion\app\Controllers\Cajas.php(194): CodeIgniter\Debug\Exceptions->errorHandler(2, 'Undefined array...', 'C:\\xampp\\htdocs...', 194)
#1 C:\xampp\htdocs\cubicacion\system\CodeIgniter.php(832): App\Controllers\Cajas->buscarPorCodigo('1007')
#2 C:\xampp\htdocs\cubicacion\system\CodeIgniter.php(419): CodeIgniter\CodeIgniter->runController(Object(App\Controllers\Cajas))
#3 C:\xampp\htdocs\cubicacion\system\CodeIgniter.php(326): CodeIgniter\CodeIgniter->handleRequest(NULL, Object(Config\Cache), false)
#4 C:\xampp\htdocs\cubicacion\public\index.php(37): CodeIgniter\CodeIgniter->run()
#5 {main}
CRITICAL - 2022-12-08 14:05:08 --> Undefined array key "id"
#0 C:\xampp\htdocs\cubicacion\app\Controllers\Cajas.php(194): CodeIgniter\Debug\Exceptions->errorHandler(2, 'Undefined array...', 'C:\\xampp\\htdocs...', 194)
#1 C:\xampp\htdocs\cubicacion\system\CodeIgniter.php(832): App\Controllers\Cajas->buscarPorCodigo('1007')
#2 C:\xampp\htdocs\cubicacion\system\CodeIgniter.php(419): CodeIgniter\CodeIgniter->runController(Object(App\Controllers\Cajas))
#3 C:\xampp\htdocs\cubicacion\system\CodeIgniter.php(326): CodeIgniter\CodeIgniter->handleRequest(NULL, Object(Config\Cache), false)
#4 C:\xampp\htdocs\cubicacion\public\index.php(37): CodeIgniter\CodeIgniter->run()
#5 {main}
CRITICAL - 2022-12-08 14:05:08 --> Undefined array key "id"
#0 C:\xampp\htdocs\cubicacion\app\Controllers\Cajas.php(194): CodeIgniter\Debug\Exceptions->errorHandler(2, 'Undefined array...', 'C:\\xampp\\htdocs...', 194)
#1 C:\xampp\htdocs\cubicacion\system\CodeIgniter.php(832): App\Controllers\Cajas->buscarPorCodigo('1007')
#2 C:\xampp\htdocs\cubicacion\system\CodeIgniter.php(419): CodeIgniter\CodeIgniter->runController(Object(App\Controllers\Cajas))
#3 C:\xampp\htdocs\cubicacion\system\CodeIgniter.php(326): CodeIgniter\CodeIgniter->handleRequest(NULL, Object(Config\Cache), false)
#4 C:\xampp\htdocs\cubicacion\public\index.php(37): CodeIgniter\CodeIgniter->run()
#5 {main}
CRITICAL - 2022-12-08 14:05:08 --> Undefined array key "id"
#0 C:\xampp\htdocs\cubicacion\app\Controllers\Cajas.php(194): CodeIgniter\Debug\Exceptions->errorHandler(2, 'Undefined array...', 'C:\\xampp\\htdocs...', 194)
#1 C:\xampp\htdocs\cubicacion\system\CodeIgniter.php(832): App\Controllers\Cajas->buscarPorCodigo('1007')
#2 C:\xampp\htdocs\cubicacion\system\CodeIgniter.php(419): CodeIgniter\CodeIgniter->runController(Object(App\Controllers\Cajas))
#3 C:\xampp\htdocs\cubicacion\system\CodeIgniter.php(326): CodeIgniter\CodeIgniter->handleRequest(NULL, Object(Config\Cache), false)
#4 C:\xampp\htdocs\cubicacion\public\index.php(37): CodeIgniter\CodeIgniter->run()
#5 {main}
CRITICAL - 2022-12-08 14:05:10 --> Undefined array key "id"
#0 C:\xampp\htdocs\cubicacion\app\Controllers\Cajas.php(194): CodeIgniter\Debug\Exceptions->errorHandler(2, 'Undefined array...', 'C:\\xampp\\htdocs...', 194)
#1 C:\xampp\htdocs\cubicacion\system\CodeIgniter.php(832): App\Controllers\Cajas->buscarPorCodigo('1007')
#2 C:\xampp\htdocs\cubicacion\system\CodeIgniter.php(419): CodeIgniter\CodeIgniter->runController(Object(App\Controllers\Cajas))
#3 C:\xampp\htdocs\cubicacion\system\CodeIgniter.php(326): CodeIgniter\CodeIgniter->handleRequest(NULL, Object(Config\Cache), false)
#4 C:\xampp\htdocs\cubicacion\public\index.php(37): CodeIgniter\CodeIgniter->run()
#5 {main}
CRITICAL - 2022-12-08 14:05:10 --> Undefined array key "id"
#0 C:\xampp\htdocs\cubicacion\app\Controllers\Cajas.php(194): CodeIgniter\Debug\Exceptions->errorHandler(2, 'Undefined array...', 'C:\\xampp\\htdocs...', 194)
#1 C:\xampp\htdocs\cubicacion\system\CodeIgniter.php(832): App\Controllers\Cajas->buscarPorCodigo('1007')
#2 C:\xampp\htdocs\cubicacion\system\CodeIgniter.php(419): CodeIgniter\CodeIgniter->runController(Object(App\Controllers\Cajas))
#3 C:\xampp\htdocs\cubicacion\system\CodeIgniter.php(326): CodeIgniter\CodeIgniter->handleRequest(NULL, Object(Config\Cache), false)
#4 C:\xampp\htdocs\cubicacion\public\index.php(37): CodeIgniter\CodeIgniter->run()
#5 {main}
CRITICAL - 2022-12-08 14:05:10 --> Undefined array key "id"
#0 C:\xampp\htdocs\cubicacion\app\Controllers\Cajas.php(194): CodeIgniter\Debug\Exceptions->errorHandler(2, 'Undefined array...', 'C:\\xampp\\htdocs...', 194)
#1 C:\xampp\htdocs\cubicacion\system\CodeIgniter.php(832): App\Controllers\Cajas->buscarPorCodigo('1007')
#2 C:\xampp\htdocs\cubicacion\system\CodeIgniter.php(419): CodeIgniter\CodeIgniter->runController(Object(App\Controllers\Cajas))
#3 C:\xampp\htdocs\cubicacion\system\CodeIgniter.php(326): CodeIgniter\CodeIgniter->handleRequest(NULL, Object(Config\Cache), false)
#4 C:\xampp\htdocs\cubicacion\public\index.php(37): CodeIgniter\CodeIgniter->run()
#5 {main}
CRITICAL - 2022-12-08 14:05:32 --> Undefined array key "id"
#0 C:\xampp\htdocs\cubicacion\app\Controllers\Cajas.php(194): CodeIgniter\Debug\Exceptions->errorHandler(2, 'Undefined array...', 'C:\\xampp\\htdocs...', 194)
#1 C:\xampp\htdocs\cubicacion\system\CodeIgniter.php(832): App\Controllers\Cajas->buscarPorCodigo('1007')
#2 C:\xampp\htdocs\cubicacion\system\CodeIgniter.php(419): CodeIgniter\CodeIgniter->runController(Object(App\Controllers\Cajas))
#3 C:\xampp\htdocs\cubicacion\system\CodeIgniter.php(326): CodeIgniter\CodeIgniter->handleRequest(NULL, Object(Config\Cache), false)
#4 C:\xampp\htdocs\cubicacion\public\index.php(37): CodeIgniter\CodeIgniter->run()
#5 {main}
CRITICAL - 2022-12-08 14:05:33 --> Undefined array key "id"
#0 C:\xampp\htdocs\cubicacion\app\Controllers\Cajas.php(194): CodeIgniter\Debug\Exceptions->errorHandler(2, 'Undefined array...', 'C:\\xampp\\htdocs...', 194)
#1 C:\xampp\htdocs\cubicacion\system\CodeIgniter.php(832): App\Controllers\Cajas->buscarPorCodigo('1007')
#2 C:\xampp\htdocs\cubicacion\system\CodeIgniter.php(419): CodeIgniter\CodeIgniter->runController(Object(App\Controllers\Cajas))
#3 C:\xampp\htdocs\cubicacion\system\CodeIgniter.php(326): CodeIgniter\CodeIgniter->handleRequest(NULL, Object(Config\Cache), false)
#4 C:\xampp\htdocs\cubicacion\public\index.php(37): CodeIgniter\CodeIgniter->run()
#5 {main}
CRITICAL - 2022-12-08 14:05:33 --> Undefined array key "id"
#0 C:\xampp\htdocs\cubicacion\app\Controllers\Cajas.php(194): CodeIgniter\Debug\Exceptions->errorHandler(2, 'Undefined array...', 'C:\\xampp\\htdocs...', 194)
#1 C:\xampp\htdocs\cubicacion\system\CodeIgniter.php(832): App\Controllers\Cajas->buscarPorCodigo('1007')
#2 C:\xampp\htdocs\cubicacion\system\CodeIgniter.php(419): CodeIgniter\CodeIgniter->runController(Object(App\Controllers\Cajas))
#3 C:\xampp\htdocs\cubicacion\system\CodeIgniter.php(326): CodeIgniter\CodeIgniter->handleRequest(NULL, Object(Config\Cache), false)
#4 C:\xampp\htdocs\cubicacion\public\index.php(37): CodeIgniter\CodeIgniter->run()
#5 {main}
CRITICAL - 2022-12-08 14:05:33 --> Undefined array key "id"
#0 C:\xampp\htdocs\cubicacion\app\Controllers\Cajas.php(194): CodeIgniter\Debug\Exceptions->errorHandler(2, 'Undefined array...', 'C:\\xampp\\htdocs...', 194)
#1 C:\xampp\htdocs\cubicacion\system\CodeIgniter.php(832): App\Controllers\Cajas->buscarPorCodigo('1007')
#2 C:\xampp\htdocs\cubicacion\system\CodeIgniter.php(419): CodeIgniter\CodeIgniter->runController(Object(App\Controllers\Cajas))
#3 C:\xampp\htdocs\cubicacion\system\CodeIgniter.php(326): CodeIgniter\CodeIgniter->handleRequest(NULL, Object(Config\Cache), false)
#4 C:\xampp\htdocs\cubicacion\public\index.php(37): CodeIgniter\CodeIgniter->run()
#5 {main}
CRITICAL - 2022-12-08 14:05:33 --> Undefined array key "id"
#0 C:\xampp\htdocs\cubicacion\app\Controllers\Cajas.php(194): CodeIgniter\Debug\Exceptions->errorHandler(2, 'Undefined array...', 'C:\\xampp\\htdocs...', 194)
#1 C:\xampp\htdocs\cubicacion\system\CodeIgniter.php(832): App\Controllers\Cajas->buscarPorCodigo('1007')
#2 C:\xampp\htdocs\cubicacion\system\CodeIgniter.php(419): CodeIgniter\CodeIgniter->runController(Object(App\Controllers\Cajas))
#3 C:\xampp\htdocs\cubicacion\system\CodeIgniter.php(326): CodeIgniter\CodeIgniter->handleRequest(NULL, Object(Config\Cache), false)
#4 C:\xampp\htdocs\cubicacion\public\index.php(37): CodeIgniter\CodeIgniter->run()
#5 {main}
CRITICAL - 2022-12-08 14:05:33 --> Undefined array key "id"
#0 C:\xampp\htdocs\cubicacion\app\Controllers\Cajas.php(194): CodeIgniter\Debug\Exceptions->errorHandler(2, 'Undefined array...', 'C:\\xampp\\htdocs...', 194)
#1 C:\xampp\htdocs\cubicacion\system\CodeIgniter.php(832): App\Controllers\Cajas->buscarPorCodigo('1007')
#2 C:\xampp\htdocs\cubicacion\system\CodeIgniter.php(419): CodeIgniter\CodeIgniter->runController(Object(App\Controllers\Cajas))
#3 C:\xampp\htdocs\cubicacion\system\CodeIgniter.php(326): CodeIgniter\CodeIgniter->handleRequest(NULL, Object(Config\Cache), false)
#4 C:\xampp\htdocs\cubicacion\public\index.php(37): CodeIgniter\CodeIgniter->run()
#5 {main}
CRITICAL - 2022-12-08 14:05:38 --> Undefined array key "id"
#0 C:\xampp\htdocs\cubicacion\app\Controllers\Cajas.php(194): CodeIgniter\Debug\Exceptions->errorHandler(2, 'Undefined array...', 'C:\\xampp\\htdocs...', 194)
#1 C:\xampp\htdocs\cubicacion\system\CodeIgniter.php(832): App\Controllers\Cajas->buscarPorCodigo('1007')
#2 C:\xampp\htdocs\cubicacion\system\CodeIgniter.php(419): CodeIgniter\CodeIgniter->runController(Object(App\Controllers\Cajas))
#3 C:\xampp\htdocs\cubicacion\system\CodeIgniter.php(326): CodeIgniter\CodeIgniter->handleRequest(NULL, Object(Config\Cache), false)
#4 C:\xampp\htdocs\cubicacion\public\index.php(37): CodeIgniter\CodeIgniter->run()
#5 {main}
CRITICAL - 2022-12-08 14:05:38 --> Undefined array key "id"
#0 C:\xampp\htdocs\cubicacion\app\Controllers\Cajas.php(194): CodeIgniter\Debug\Exceptions->errorHandler(2, 'Undefined array...', 'C:\\xampp\\htdocs...', 194)
#1 C:\xampp\htdocs\cubicacion\system\CodeIgniter.php(832): App\Controllers\Cajas->buscarPorCodigo('1007')
#2 C:\xampp\htdocs\cubicacion\system\CodeIgniter.php(419): CodeIgniter\CodeIgniter->runController(Object(App\Controllers\Cajas))
#3 C:\xampp\htdocs\cubicacion\system\CodeIgniter.php(326): CodeIgniter\CodeIgniter->handleRequest(NULL, Object(Config\Cache), false)
#4 C:\xampp\htdocs\cubicacion\public\index.php(37): CodeIgniter\CodeIgniter->run()
#5 {main}
CRITICAL - 2022-12-08 14:05:38 --> Undefined array key "id"
#0 C:\xampp\htdocs\cubicacion\app\Controllers\Cajas.php(194): CodeIgniter\Debug\Exceptions->errorHandler(2, 'Undefined array...', 'C:\\xampp\\htdocs...', 194)
#1 C:\xampp\htdocs\cubicacion\system\CodeIgniter.php(832): App\Controllers\Cajas->buscarPorCodigo('1007')
#2 C:\xampp\htdocs\cubicacion\system\CodeIgniter.php(419): CodeIgniter\CodeIgniter->runController(Object(App\Controllers\Cajas))
#3 C:\xampp\htdocs\cubicacion\system\CodeIgniter.php(326): CodeIgniter\CodeIgniter->handleRequest(NULL, Object(Config\Cache), false)
#4 C:\xampp\htdocs\cubicacion\public\index.php(37): CodeIgniter\CodeIgniter->run()
#5 {main}
CRITICAL - 2022-12-08 14:05:38 --> Undefined array key "id"
#0 C:\xampp\htdocs\cubicacion\app\Controllers\Cajas.php(194): CodeIgniter\Debug\Exceptions->errorHandler(2, 'Undefined array...', 'C:\\xampp\\htdocs...', 194)
#1 C:\xampp\htdocs\cubicacion\system\CodeIgniter.php(832): App\Controllers\Cajas->buscarPorCodigo('1007')
#2 C:\xampp\htdocs\cubicacion\system\CodeIgniter.php(419): CodeIgniter\CodeIgniter->runController(Object(App\Controllers\Cajas))
#3 C:\xampp\htdocs\cubicacion\system\CodeIgniter.php(326): CodeIgniter\CodeIgniter->handleRequest(NULL, Object(Config\Cache), false)
#4 C:\xampp\htdocs\cubicacion\public\index.php(37): CodeIgniter\CodeIgniter->run()
#5 {main}
CRITICAL - 2022-12-08 14:05:39 --> Undefined array key "id"
#0 C:\xampp\htdocs\cubicacion\app\Controllers\Cajas.php(194): CodeIgniter\Debug\Exceptions->errorHandler(2, 'Undefined array...', 'C:\\xampp\\htdocs...', 194)
#1 C:\xampp\htdocs\cubicacion\system\CodeIgniter.php(832): App\Controllers\Cajas->buscarPorCodigo('1007')
#2 C:\xampp\htdocs\cubicacion\system\CodeIgniter.php(419): CodeIgniter\CodeIgniter->runController(Object(App\Controllers\Cajas))
#3 C:\xampp\htdocs\cubicacion\system\CodeIgniter.php(326): CodeIgniter\CodeIgniter->handleRequest(NULL, Object(Config\Cache), false)
#4 C:\xampp\htdocs\cubicacion\public\index.php(37): CodeIgniter\CodeIgniter->run()
#5 {main}
CRITICAL - 2022-12-08 14:08:06 --> Undefined array key "id"
#0 C:\xampp\htdocs\cubicacion\app\Controllers\Cajas.php(194): CodeIgniter\Debug\Exceptions->errorHandler(2, 'Undefined array...', 'C:\\xampp\\htdocs...', 194)
#1 C:\xampp\htdocs\cubicacion\system\CodeIgniter.php(832): App\Controllers\Cajas->buscarPorCodigo('1007')
#2 C:\xampp\htdocs\cubicacion\system\CodeIgniter.php(419): CodeIgniter\CodeIgniter->runController(Object(App\Controllers\Cajas))
#3 C:\xampp\htdocs\cubicacion\system\CodeIgniter.php(326): CodeIgniter\CodeIgniter->handleRequest(NULL, Object(Config\Cache), false)
#4 C:\xampp\htdocs\cubicacion\public\index.php(37): CodeIgniter\CodeIgniter->run()
#5 {main}
CRITICAL - 2022-12-08 14:08:06 --> Undefined array key "id"
#0 C:\xampp\htdocs\cubicacion\app\Controllers\Cajas.php(194): CodeIgniter\Debug\Exceptions->errorHandler(2, 'Undefined array...', 'C:\\xampp\\htdocs...', 194)
#1 C:\xampp\htdocs\cubicacion\system\CodeIgniter.php(832): App\Controllers\Cajas->buscarPorCodigo('1007')
#2 C:\xampp\htdocs\cubicacion\system\CodeIgniter.php(419): CodeIgniter\CodeIgniter->runController(Object(App\Controllers\Cajas))
#3 C:\xampp\htdocs\cubicacion\system\CodeIgniter.php(326): CodeIgniter\CodeIgniter->handleRequest(NULL, Object(Config\Cache), false)
#4 C:\xampp\htdocs\cubicacion\public\index.php(37): CodeIgniter\CodeIgniter->run()
#5 {main}
CRITICAL - 2022-12-08 14:08:06 --> Undefined array key "id"
#0 C:\xampp\htdocs\cubicacion\app\Controllers\Cajas.php(194): CodeIgniter\Debug\Exceptions->errorHandler(2, 'Undefined array...', 'C:\\xampp\\htdocs...', 194)
#1 C:\xampp\htdocs\cubicacion\system\CodeIgniter.php(832): App\Controllers\Cajas->buscarPorCodigo('1007')
#2 C:\xampp\htdocs\cubicacion\system\CodeIgniter.php(419): CodeIgniter\CodeIgniter->runController(Object(App\Controllers\Cajas))
#3 C:\xampp\htdocs\cubicacion\system\CodeIgniter.php(326): CodeIgniter\CodeIgniter->handleRequest(NULL, Object(Config\Cache), false)
#4 C:\xampp\htdocs\cubicacion\public\index.php(37): CodeIgniter\CodeIgniter->run()
#5 {main}
CRITICAL - 2022-12-08 14:08:07 --> Undefined array key "id"
#0 C:\xampp\htdocs\cubicacion\app\Controllers\Cajas.php(194): CodeIgniter\Debug\Exceptions->errorHandler(2, 'Undefined array...', 'C:\\xampp\\htdocs...', 194)
#1 C:\xampp\htdocs\cubicacion\system\CodeIgniter.php(832): App\Controllers\Cajas->buscarPorCodigo('1007')
#2 C:\xampp\htdocs\cubicacion\system\CodeIgniter.php(419): CodeIgniter\CodeIgniter->runController(Object(App\Controllers\Cajas))
#3 C:\xampp\htdocs\cubicacion\system\CodeIgniter.php(326): CodeIgniter\CodeIgniter->handleRequest(NULL, Object(Config\Cache), false)
#4 C:\xampp\htdocs\cubicacion\public\index.php(37): CodeIgniter\CodeIgniter->run()
#5 {main}
CRITICAL - 2022-12-08 14:08:07 --> Undefined array key "id"
#0 C:\xampp\htdocs\cubicacion\app\Controllers\Cajas.php(194): CodeIgniter\Debug\Exceptions->errorHandler(2, 'Undefined array...', 'C:\\xampp\\htdocs...', 194)
#1 C:\xampp\htdocs\cubicacion\system\CodeIgniter.php(832): App\Controllers\Cajas->buscarPorCodigo('1007')
#2 C:\xampp\htdocs\cubicacion\system\CodeIgniter.php(419): CodeIgniter\CodeIgniter->runController(Object(App\Controllers\Cajas))
#3 C:\xampp\htdocs\cubicacion\system\CodeIgniter.php(326): CodeIgniter\CodeIgniter->handleRequest(NULL, Object(Config\Cache), false)
#4 C:\xampp\htdocs\cubicacion\public\index.php(37): CodeIgniter\CodeIgniter->run()
#5 {main}
CRITICAL - 2022-12-08 14:08:07 --> Undefined array key "id"
#0 C:\xampp\htdocs\cubicacion\app\Controllers\Cajas.php(194): CodeIgniter\Debug\Exceptions->errorHandler(2, 'Undefined array...', 'C:\\xampp\\htdocs...', 194)
#1 C:\xampp\htdocs\cubicacion\system\CodeIgniter.php(832): App\Controllers\Cajas->buscarPorCodigo('1007')
#2 C:\xampp\htdocs\cubicacion\system\CodeIgniter.php(419): CodeIgniter\CodeIgniter->runController(Object(App\Controllers\Cajas))
#3 C:\xampp\htdocs\cubicacion\system\CodeIgniter.php(326): CodeIgniter\CodeIgniter->handleRequest(NULL, Object(Config\Cache), false)
#4 C:\xampp\htdocs\cubicacion\public\index.php(37): CodeIgniter\CodeIgniter->run()
#5 {main}
CRITICAL - 2022-12-08 14:08:07 --> Undefined array key "id"
#0 C:\xampp\htdocs\cubicacion\app\Controllers\Cajas.php(194): CodeIgniter\Debug\Exceptions->errorHandler(2, 'Undefined array...', 'C:\\xampp\\htdocs...', 194)
#1 C:\xampp\htdocs\cubicacion\system\CodeIgniter.php(832): App\Controllers\Cajas->buscarPorCodigo('1007')
#2 C:\xampp\htdocs\cubicacion\system\CodeIgniter.php(419): CodeIgniter\CodeIgniter->runController(Object(App\Controllers\Cajas))
#3 C:\xampp\htdocs\cubicacion\system\CodeIgniter.php(326): CodeIgniter\CodeIgniter->handleRequest(NULL, Object(Config\Cache), false)
#4 C:\xampp\htdocs\cubicacion\public\index.php(37): CodeIgniter\CodeIgniter->run()
#5 {main}
CRITICAL - 2022-12-08 14:08:07 --> Undefined array key "id"
#0 C:\xampp\htdocs\cubicacion\app\Controllers\Cajas.php(194): CodeIgniter\Debug\Exceptions->errorHandler(2, 'Undefined array...', 'C:\\xampp\\htdocs...', 194)
#1 C:\xampp\htdocs\cubicacion\system\CodeIgniter.php(832): App\Controllers\Cajas->buscarPorCodigo('1007')
#2 C:\xampp\htdocs\cubicacion\system\CodeIgniter.php(419): CodeIgniter\CodeIgniter->runController(Object(App\Controllers\Cajas))
#3 C:\xampp\htdocs\cubicacion\system\CodeIgniter.php(326): CodeIgniter\CodeIgniter->handleRequest(NULL, Object(Config\Cache), false)
#4 C:\xampp\htdocs\cubicacion\public\index.php(37): CodeIgniter\CodeIgniter->run()
#5 {main}
