CRITICAL - 2022-04-14 06:48:59 --> Undefined variable $datos
#0 C:\xampp\htdocs\gileos_del_pasifico2\app\Views\unidades\eliminados.php(26): CodeIgniter\Debug\Exceptions->errorHandler(2, 'Undefined varia...', 'C:\\xampp\\htdocs...', 26)
#1 C:\xampp\htdocs\gileos_del_pasifico2\system\View\View.php(210): include('C:\\xampp\\htdocs...')
#2 C:\xampp\htdocs\gileos_del_pasifico2\system\View\View.php(213): CodeIgniter\View\View->CodeIgniter\View\{closure}()
#3 C:\xampp\htdocs\gileos_del_pasifico2\system\Common.php(1089): CodeIgniter\View\View->render('unidades/elimin...', Array, true)
#4 C:\xampp\htdocs\gileos_del_pasifico2\app\Controllers\Unidades.php(31): view('unidades/elimin...', Array)
#5 C:\xampp\htdocs\gileos_del_pasifico2\system\CodeIgniter.php(832): App\Controllers\unidades->eliminados()
#6 C:\xampp\htdocs\gileos_del_pasifico2\system\CodeIgniter.php(419): CodeIgniter\CodeIgniter->runController(Object(App\Controllers\unidades))
#7 C:\xampp\htdocs\gileos_del_pasifico2\system\CodeIgniter.php(326): CodeIgniter\CodeIgniter->handleRequest(NULL, Object(Config\Cache), false)
#8 C:\xampp\htdocs\gileos_del_pasifico2\public\index.php(37): CodeIgniter\CodeIgniter->run()
#9 {main}
ERROR - 2022-04-14 06:53:10 --> Column 'nombre' cannot be null
CRITICAL - 2022-04-14 06:53:10 --> Column 'nombre' cannot be null
#0 C:\xampp\htdocs\gileos_del_pasifico2\system\Database\MySQLi\Connection.php(292): mysqli->query('INSERT INTO `un...', 0)
#1 C:\xampp\htdocs\gileos_del_pasifico2\system\Database\BaseConnection.php(670): CodeIgniter\Database\MySQLi\Connection->execute('INSERT INTO `un...')
#2 C:\xampp\htdocs\gileos_del_pasifico2\system\Database\BaseConnection.php(598): CodeIgniter\Database\BaseConnection->simpleQuery('INSERT INTO `un...')
#3 C:\xampp\htdocs\gileos_del_pasifico2\system\Database\BaseBuilder.php(1771): CodeIgniter\Database\BaseConnection->query('INSERT INTO `un...', Array, false)
#4 C:\xampp\htdocs\gileos_del_pasifico2\system\Model.php(239): CodeIgniter\Database\BaseBuilder->insert()
#5 C:\xampp\htdocs\gileos_del_pasifico2\system\BaseModel.php(738): CodeIgniter\Model->doInsert(Array)
#6 C:\xampp\htdocs\gileos_del_pasifico2\system\Model.php(625): CodeIgniter\BaseModel->insert(Array, false)
#7 C:\xampp\htdocs\gileos_del_pasifico2\system\BaseModel.php(658): CodeIgniter\Model->insert(Array, false)
#8 C:\xampp\htdocs\gileos_del_pasifico2\app\Controllers\Unidades.php(44): CodeIgniter\BaseModel->save(Array)
#9 C:\xampp\htdocs\gileos_del_pasifico2\system\CodeIgniter.php(832): App\Controllers\unidades->insertar()
#10 C:\xampp\htdocs\gileos_del_pasifico2\system\CodeIgniter.php(419): CodeIgniter\CodeIgniter->runController(Object(App\Controllers\unidades))
#11 C:\xampp\htdocs\gileos_del_pasifico2\system\CodeIgniter.php(326): CodeIgniter\CodeIgniter->handleRequest(NULL, Object(Config\Cache), false)
#12 C:\xampp\htdocs\gileos_del_pasifico2\public\index.php(37): CodeIgniter\CodeIgniter->run()
#13 {main}
CRITICAL - 2022-04-14 07:03:07 --> Undefined variable $datos
#0 C:\xampp\htdocs\gileos_del_pasifico2\app\Views\unidades\eliminados.php(26): CodeIgniter\Debug\Exceptions->errorHandler(2, 'Undefined varia...', 'C:\\xampp\\htdocs...', 26)
#1 C:\xampp\htdocs\gileos_del_pasifico2\system\View\View.php(210): include('C:\\xampp\\htdocs...')
#2 C:\xampp\htdocs\gileos_del_pasifico2\system\View\View.php(213): CodeIgniter\View\View->CodeIgniter\View\{closure}()
#3 C:\xampp\htdocs\gileos_del_pasifico2\system\Common.php(1089): CodeIgniter\View\View->render('unidades/elimin...', Array, true)
#4 C:\xampp\htdocs\gileos_del_pasifico2\app\Controllers\Unidades.php(31): view('unidades/elimin...', Array)
#5 C:\xampp\htdocs\gileos_del_pasifico2\system\CodeIgniter.php(832): App\Controllers\unidades->eliminados()
#6 C:\xampp\htdocs\gileos_del_pasifico2\system\CodeIgniter.php(419): CodeIgniter\CodeIgniter->runController(Object(App\Controllers\unidades))
#7 C:\xampp\htdocs\gileos_del_pasifico2\system\CodeIgniter.php(326): CodeIgniter\CodeIgniter->handleRequest(NULL, Object(Config\Cache), false)
#8 C:\xampp\htdocs\gileos_del_pasifico2\public\index.php(37): CodeIgniter\CodeIgniter->run()
#9 {main}
ERROR - 2022-04-14 07:09:01 --> Column 'nombre' cannot be null
CRITICAL - 2022-04-14 07:09:01 --> Column 'nombre' cannot be null
#0 C:\xampp\htdocs\gileos_del_pasifico2\system\Database\MySQLi\Connection.php(292): mysqli->query('INSERT INTO `un...', 0)
#1 C:\xampp\htdocs\gileos_del_pasifico2\system\Database\BaseConnection.php(670): CodeIgniter\Database\MySQLi\Connection->execute('INSERT INTO `un...')
#2 C:\xampp\htdocs\gileos_del_pasifico2\system\Database\BaseConnection.php(598): CodeIgniter\Database\BaseConnection->simpleQuery('INSERT INTO `un...')
#3 C:\xampp\htdocs\gileos_del_pasifico2\system\Database\BaseBuilder.php(1771): CodeIgniter\Database\BaseConnection->query('INSERT INTO `un...', Array, false)
#4 C:\xampp\htdocs\gileos_del_pasifico2\system\Model.php(239): CodeIgniter\Database\BaseBuilder->insert()
#5 C:\xampp\htdocs\gileos_del_pasifico2\system\BaseModel.php(738): CodeIgniter\Model->doInsert(Array)
#6 C:\xampp\htdocs\gileos_del_pasifico2\system\Model.php(625): CodeIgniter\BaseModel->insert(Array, false)
#7 C:\xampp\htdocs\gileos_del_pasifico2\system\BaseModel.php(658): CodeIgniter\Model->insert(Array, false)
#8 C:\xampp\htdocs\gileos_del_pasifico2\app\Controllers\Unidades.php(44): CodeIgniter\BaseModel->save(Array)
#9 C:\xampp\htdocs\gileos_del_pasifico2\system\CodeIgniter.php(832): App\Controllers\unidades->insertar()
#10 C:\xampp\htdocs\gileos_del_pasifico2\system\CodeIgniter.php(419): CodeIgniter\CodeIgniter->runController(Object(App\Controllers\unidades))
#11 C:\xampp\htdocs\gileos_del_pasifico2\system\CodeIgniter.php(326): CodeIgniter\CodeIgniter->handleRequest(NULL, Object(Config\Cache), false)
#12 C:\xampp\htdocs\gileos_del_pasifico2\public\index.php(37): CodeIgniter\CodeIgniter->run()
#13 {main}
ERROR - 2022-04-14 07:24:38 --> Column 'nombre' cannot be null
CRITICAL - 2022-04-14 07:24:38 --> Column 'nombre' cannot be null
#0 C:\xampp\htdocs\gileos_del_pasifico2\system\Database\MySQLi\Connection.php(292): mysqli->query('INSERT INTO `un...', 0)
#1 C:\xampp\htdocs\gileos_del_pasifico2\system\Database\BaseConnection.php(670): CodeIgniter\Database\MySQLi\Connection->execute('INSERT INTO `un...')
#2 C:\xampp\htdocs\gileos_del_pasifico2\system\Database\BaseConnection.php(598): CodeIgniter\Database\BaseConnection->simpleQuery('INSERT INTO `un...')
#3 C:\xampp\htdocs\gileos_del_pasifico2\system\Database\BaseBuilder.php(1771): CodeIgniter\Database\BaseConnection->query('INSERT INTO `un...', Array, false)
#4 C:\xampp\htdocs\gileos_del_pasifico2\system\Model.php(239): CodeIgniter\Database\BaseBuilder->insert()
#5 C:\xampp\htdocs\gileos_del_pasifico2\system\BaseModel.php(738): CodeIgniter\Model->doInsert(Array)
#6 C:\xampp\htdocs\gileos_del_pasifico2\system\Model.php(625): CodeIgniter\BaseModel->insert(Array, false)
#7 C:\xampp\htdocs\gileos_del_pasifico2\system\BaseModel.php(658): CodeIgniter\Model->insert(Array, false)
#8 C:\xampp\htdocs\gileos_del_pasifico2\app\Controllers\Unidades.php(44): CodeIgniter\BaseModel->save(Array)
#9 C:\xampp\htdocs\gileos_del_pasifico2\system\CodeIgniter.php(832): App\Controllers\unidades->insertar()
#10 C:\xampp\htdocs\gileos_del_pasifico2\system\CodeIgniter.php(419): CodeIgniter\CodeIgniter->runController(Object(App\Controllers\unidades))
#11 C:\xampp\htdocs\gileos_del_pasifico2\system\CodeIgniter.php(326): CodeIgniter\CodeIgniter->handleRequest(NULL, Object(Config\Cache), false)
#12 C:\xampp\htdocs\gileos_del_pasifico2\public\index.php(37): CodeIgniter\CodeIgniter->run()
#13 {main}
CRITICAL - 2022-04-14 07:55:54 --> Undefined variable $unidad
#0 C:\xampp\htdocs\gileos_del_pasifico2\app\Controllers\Unidades.php(50): CodeIgniter\Debug\Exceptions->errorHandler(2, 'Undefined varia...', 'C:\\xampp\\htdocs...', 50)
#1 C:\xampp\htdocs\gileos_del_pasifico2\system\CodeIgniter.php(832): App\Controllers\unidades->editar('1')
#2 C:\xampp\htdocs\gileos_del_pasifico2\system\CodeIgniter.php(419): CodeIgniter\CodeIgniter->runController(Object(App\Controllers\unidades))
#3 C:\xampp\htdocs\gileos_del_pasifico2\system\CodeIgniter.php(326): CodeIgniter\CodeIgniter->handleRequest(NULL, Object(Config\Cache), false)
#4 C:\xampp\htdocs\gileos_del_pasifico2\public\index.php(37): CodeIgniter\CodeIgniter->run()
#5 {main}
CRITICAL - 2022-04-14 07:56:59 --> Undefined variable $unidad
#0 C:\xampp\htdocs\gileos_del_pasifico2\app\Controllers\Unidades.php(50): CodeIgniter\Debug\Exceptions->errorHandler(2, 'Undefined varia...', 'C:\\xampp\\htdocs...', 50)
#1 C:\xampp\htdocs\gileos_del_pasifico2\system\CodeIgniter.php(832): App\Controllers\unidades->editar('1')
#2 C:\xampp\htdocs\gileos_del_pasifico2\system\CodeIgniter.php(419): CodeIgniter\CodeIgniter->runController(Object(App\Controllers\unidades))
#3 C:\xampp\htdocs\gileos_del_pasifico2\system\CodeIgniter.php(326): CodeIgniter\CodeIgniter->handleRequest(NULL, Object(Config\Cache), false)
#4 C:\xampp\htdocs\gileos_del_pasifico2\public\index.php(37): CodeIgniter\CodeIgniter->run()
#5 {main}
CRITICAL - 2022-04-14 08:04:55 --> Undefined variable $unidad
#0 C:\xampp\htdocs\gileos_del_pasifico2\app\Controllers\Unidades.php(50): CodeIgniter\Debug\Exceptions->errorHandler(2, 'Undefined varia...', 'C:\\xampp\\htdocs...', 50)
#1 C:\xampp\htdocs\gileos_del_pasifico2\system\CodeIgniter.php(832): App\Controllers\unidades->editar('1')
#2 C:\xampp\htdocs\gileos_del_pasifico2\system\CodeIgniter.php(419): CodeIgniter\CodeIgniter->runController(Object(App\Controllers\unidades))
#3 C:\xampp\htdocs\gileos_del_pasifico2\system\CodeIgniter.php(326): CodeIgniter\CodeIgniter->handleRequest(NULL, Object(Config\Cache), false)
#4 C:\xampp\htdocs\gileos_del_pasifico2\public\index.php(37): CodeIgniter\CodeIgniter->run()
#5 {main}
CRITICAL - 2022-04-14 08:20:15 --> Too few arguments to function App\Controllers\unidades::editar(), 0 passed in C:\xampp\htdocs\gileos_del_pasifico2\system\CodeIgniter.php on line 832 and exactly 1 expected
#0 C:\xampp\htdocs\gileos_del_pasifico2\system\CodeIgniter.php(832): App\Controllers\unidades->editar()
#1 C:\xampp\htdocs\gileos_del_pasifico2\system\CodeIgniter.php(419): CodeIgniter\CodeIgniter->runController(Object(App\Controllers\unidades))
#2 C:\xampp\htdocs\gileos_del_pasifico2\system\CodeIgniter.php(326): CodeIgniter\CodeIgniter->handleRequest(NULL, Object(Config\Cache), false)
#3 C:\xampp\htdocs\gileos_del_pasifico2\public\index.php(37): CodeIgniter\CodeIgniter->run()
#4 {main}
CRITICAL - 2022-04-14 08:40:33 --> Undefined variable $datos
#0 C:\xampp\htdocs\gileos_del_pasifico2\app\Views\unidades\eliminados.php(26): CodeIgniter\Debug\Exceptions->errorHandler(2, 'Undefined varia...', 'C:\\xampp\\htdocs...', 26)
#1 C:\xampp\htdocs\gileos_del_pasifico2\system\View\View.php(210): include('C:\\xampp\\htdocs...')
#2 C:\xampp\htdocs\gileos_del_pasifico2\system\View\View.php(213): CodeIgniter\View\View->CodeIgniter\View\{closure}()
#3 C:\xampp\htdocs\gileos_del_pasifico2\system\Common.php(1089): CodeIgniter\View\View->render('unidades/elimin...', Array, true)
#4 C:\xampp\htdocs\gileos_del_pasifico2\app\Controllers\Unidades.php(31): view('unidades/elimin...', Array)
#5 C:\xampp\htdocs\gileos_del_pasifico2\system\CodeIgniter.php(832): App\Controllers\unidades->eliminados()
#6 C:\xampp\htdocs\gileos_del_pasifico2\system\CodeIgniter.php(419): CodeIgniter\CodeIgniter->runController(Object(App\Controllers\unidades))
#7 C:\xampp\htdocs\gileos_del_pasifico2\system\CodeIgniter.php(326): CodeIgniter\CodeIgniter->handleRequest(NULL, Object(Config\Cache), false)
#8 C:\xampp\htdocs\gileos_del_pasifico2\public\index.php(37): CodeIgniter\CodeIgniter->run()
#9 {main}
CRITICAL - 2022-04-14 08:43:09 --> Undefined variable $datos
#0 C:\xampp\htdocs\gileos_del_pasifico2\app\Views\unidades\eliminados.php(26): CodeIgniter\Debug\Exceptions->errorHandler(2, 'Undefined varia...', 'C:\\xampp\\htdocs...', 26)
#1 C:\xampp\htdocs\gileos_del_pasifico2\system\View\View.php(210): include('C:\\xampp\\htdocs...')
#2 C:\xampp\htdocs\gileos_del_pasifico2\system\View\View.php(213): CodeIgniter\View\View->CodeIgniter\View\{closure}()
#3 C:\xampp\htdocs\gileos_del_pasifico2\system\Common.php(1089): CodeIgniter\View\View->render('unidades/elimin...', Array, true)
#4 C:\xampp\htdocs\gileos_del_pasifico2\app\Controllers\Unidades.php(31): view('unidades/elimin...', Array)
#5 C:\xampp\htdocs\gileos_del_pasifico2\system\CodeIgniter.php(832): App\Controllers\unidades->eliminados()
#6 C:\xampp\htdocs\gileos_del_pasifico2\system\CodeIgniter.php(419): CodeIgniter\CodeIgniter->runController(Object(App\Controllers\unidades))
#7 C:\xampp\htdocs\gileos_del_pasifico2\system\CodeIgniter.php(326): CodeIgniter\CodeIgniter->handleRequest(NULL, Object(Config\Cache), false)
#8 C:\xampp\htdocs\gileos_del_pasifico2\public\index.php(37): CodeIgniter\CodeIgniter->run()
#9 {main}
CRITICAL - 2022-04-14 08:48:22 --> Undefined variable $datos
#0 C:\xampp\htdocs\gileos_del_pasifico2\app\Views\unidades\eliminados.php(26): CodeIgniter\Debug\Exceptions->errorHandler(2, 'Undefined varia...', 'C:\\xampp\\htdocs...', 26)
#1 C:\xampp\htdocs\gileos_del_pasifico2\system\View\View.php(210): include('C:\\xampp\\htdocs...')
#2 C:\xampp\htdocs\gileos_del_pasifico2\system\View\View.php(213): CodeIgniter\View\View->CodeIgniter\View\{closure}()
#3 C:\xampp\htdocs\gileos_del_pasifico2\system\Common.php(1089): CodeIgniter\View\View->render('unidades/elimin...', Array, true)
#4 C:\xampp\htdocs\gileos_del_pasifico2\app\Controllers\Unidades.php(31): view('unidades/elimin...', Array)
#5 C:\xampp\htdocs\gileos_del_pasifico2\system\CodeIgniter.php(832): App\Controllers\unidades->eliminados()
#6 C:\xampp\htdocs\gileos_del_pasifico2\system\CodeIgniter.php(419): CodeIgniter\CodeIgniter->runController(Object(App\Controllers\unidades))
#7 C:\xampp\htdocs\gileos_del_pasifico2\system\CodeIgniter.php(326): CodeIgniter\CodeIgniter->handleRequest(NULL, Object(Config\Cache), false)
#8 C:\xampp\htdocs\gileos_del_pasifico2\public\index.php(37): CodeIgniter\CodeIgniter->run()
#9 {main}
CRITICAL - 2022-04-14 08:52:45 --> Undefined variable $datos
#0 C:\xampp\htdocs\gileos_del_pasifico2\app\Views\unidades\eliminados.php(26): CodeIgniter\Debug\Exceptions->errorHandler(2, 'Undefined varia...', 'C:\\xampp\\htdocs...', 26)
#1 C:\xampp\htdocs\gileos_del_pasifico2\system\View\View.php(210): include('C:\\xampp\\htdocs...')
#2 C:\xampp\htdocs\gileos_del_pasifico2\system\View\View.php(213): CodeIgniter\View\View->CodeIgniter\View\{closure}()
#3 C:\xampp\htdocs\gileos_del_pasifico2\system\Common.php(1089): CodeIgniter\View\View->render('unidades/elimin...', Array, true)
#4 C:\xampp\htdocs\gileos_del_pasifico2\app\Controllers\Unidades.php(31): view('unidades/elimin...', Array)
#5 C:\xampp\htdocs\gileos_del_pasifico2\system\CodeIgniter.php(832): App\Controllers\unidades->eliminados()
#6 C:\xampp\htdocs\gileos_del_pasifico2\system\CodeIgniter.php(419): CodeIgniter\CodeIgniter->runController(Object(App\Controllers\unidades))
#7 C:\xampp\htdocs\gileos_del_pasifico2\system\CodeIgniter.php(326): CodeIgniter\CodeIgniter->handleRequest(NULL, Object(Config\Cache), false)
#8 C:\xampp\htdocs\gileos_del_pasifico2\public\index.php(37): CodeIgniter\CodeIgniter->run()
#9 {main}
CRITICAL - 2022-04-14 08:52:46 --> Undefined variable $datos
#0 C:\xampp\htdocs\gileos_del_pasifico2\app\Views\unidades\eliminados.php(26): CodeIgniter\Debug\Exceptions->errorHandler(2, 'Undefined varia...', 'C:\\xampp\\htdocs...', 26)
#1 C:\xampp\htdocs\gileos_del_pasifico2\system\View\View.php(210): include('C:\\xampp\\htdocs...')
#2 C:\xampp\htdocs\gileos_del_pasifico2\system\View\View.php(213): CodeIgniter\View\View->CodeIgniter\View\{closure}()
#3 C:\xampp\htdocs\gileos_del_pasifico2\system\Common.php(1089): CodeIgniter\View\View->render('unidades/elimin...', Array, true)
#4 C:\xampp\htdocs\gileos_del_pasifico2\app\Controllers\Unidades.php(31): view('unidades/elimin...', Array)
#5 C:\xampp\htdocs\gileos_del_pasifico2\system\CodeIgniter.php(832): App\Controllers\unidades->eliminados()
#6 C:\xampp\htdocs\gileos_del_pasifico2\system\CodeIgniter.php(419): CodeIgniter\CodeIgniter->runController(Object(App\Controllers\unidades))
#7 C:\xampp\htdocs\gileos_del_pasifico2\system\CodeIgniter.php(326): CodeIgniter\CodeIgniter->handleRequest(NULL, Object(Config\Cache), false)
#8 C:\xampp\htdocs\gileos_del_pasifico2\public\index.php(37): CodeIgniter\CodeIgniter->run()
#9 {main}
CRITICAL - 2022-04-14 08:53:01 --> Undefined variable $datos
#0 C:\xampp\htdocs\gileos_del_pasifico2\app\Views\unidades\eliminados.php(26): CodeIgniter\Debug\Exceptions->errorHandler(2, 'Undefined varia...', 'C:\\xampp\\htdocs...', 26)
#1 C:\xampp\htdocs\gileos_del_pasifico2\system\View\View.php(210): include('C:\\xampp\\htdocs...')
#2 C:\xampp\htdocs\gileos_del_pasifico2\system\View\View.php(213): CodeIgniter\View\View->CodeIgniter\View\{closure}()
#3 C:\xampp\htdocs\gileos_del_pasifico2\system\Common.php(1089): CodeIgniter\View\View->render('unidades/elimin...', Array, true)
#4 C:\xampp\htdocs\gileos_del_pasifico2\app\Controllers\Unidades.php(31): view('unidades/elimin...', Array)
#5 C:\xampp\htdocs\gileos_del_pasifico2\system\CodeIgniter.php(832): App\Controllers\unidades->eliminados()
#6 C:\xampp\htdocs\gileos_del_pasifico2\system\CodeIgniter.php(419): CodeIgniter\CodeIgniter->runController(Object(App\Controllers\unidades))
#7 C:\xampp\htdocs\gileos_del_pasifico2\system\CodeIgniter.php(326): CodeIgniter\CodeIgniter->handleRequest(NULL, Object(Config\Cache), false)
#8 C:\xampp\htdocs\gileos_del_pasifico2\public\index.php(37): CodeIgniter\CodeIgniter->run()
#9 {main}
CRITICAL - 2022-04-14 08:54:18 --> Undefined variable $datos
#0 C:\xampp\htdocs\gileos_del_pasifico2\app\Views\unidades\eliminados.php(26): CodeIgniter\Debug\Exceptions->errorHandler(2, 'Undefined varia...', 'C:\\xampp\\htdocs...', 26)
#1 C:\xampp\htdocs\gileos_del_pasifico2\system\View\View.php(210): include('C:\\xampp\\htdocs...')
#2 C:\xampp\htdocs\gileos_del_pasifico2\system\View\View.php(213): CodeIgniter\View\View->CodeIgniter\View\{closure}()
#3 C:\xampp\htdocs\gileos_del_pasifico2\system\Common.php(1089): CodeIgniter\View\View->render('unidades/elimin...', Array, true)
#4 C:\xampp\htdocs\gileos_del_pasifico2\app\Controllers\Unidades.php(31): view('unidades/elimin...', Array)
#5 C:\xampp\htdocs\gileos_del_pasifico2\system\CodeIgniter.php(832): App\Controllers\unidades->eliminados()
#6 C:\xampp\htdocs\gileos_del_pasifico2\system\CodeIgniter.php(419): CodeIgniter\CodeIgniter->runController(Object(App\Controllers\unidades))
#7 C:\xampp\htdocs\gileos_del_pasifico2\system\CodeIgniter.php(326): CodeIgniter\CodeIgniter->handleRequest(NULL, Object(Config\Cache), false)
#8 C:\xampp\htdocs\gileos_del_pasifico2\public\index.php(37): CodeIgniter\CodeIgniter->run()
#9 {main}
CRITICAL - 2022-04-14 08:54:18 --> Undefined variable $datos
#0 C:\xampp\htdocs\gileos_del_pasifico2\app\Views\unidades\eliminados.php(26): CodeIgniter\Debug\Exceptions->errorHandler(2, 'Undefined varia...', 'C:\\xampp\\htdocs...', 26)
#1 C:\xampp\htdocs\gileos_del_pasifico2\system\View\View.php(210): include('C:\\xampp\\htdocs...')
#2 C:\xampp\htdocs\gileos_del_pasifico2\system\View\View.php(213): CodeIgniter\View\View->CodeIgniter\View\{closure}()
#3 C:\xampp\htdocs\gileos_del_pasifico2\system\Common.php(1089): CodeIgniter\View\View->render('unidades/elimin...', Array, true)
#4 C:\xampp\htdocs\gileos_del_pasifico2\app\Controllers\Unidades.php(31): view('unidades/elimin...', Array)
#5 C:\xampp\htdocs\gileos_del_pasifico2\system\CodeIgniter.php(832): App\Controllers\unidades->eliminados()
#6 C:\xampp\htdocs\gileos_del_pasifico2\system\CodeIgniter.php(419): CodeIgniter\CodeIgniter->runController(Object(App\Controllers\unidades))
#7 C:\xampp\htdocs\gileos_del_pasifico2\system\CodeIgniter.php(326): CodeIgniter\CodeIgniter->handleRequest(NULL, Object(Config\Cache), false)
#8 C:\xampp\htdocs\gileos_del_pasifico2\public\index.php(37): CodeIgniter\CodeIgniter->run()
#9 {main}
CRITICAL - 2022-04-14 08:54:19 --> Undefined variable $datos
#0 C:\xampp\htdocs\gileos_del_pasifico2\app\Views\unidades\eliminados.php(26): CodeIgniter\Debug\Exceptions->errorHandler(2, 'Undefined varia...', 'C:\\xampp\\htdocs...', 26)
#1 C:\xampp\htdocs\gileos_del_pasifico2\system\View\View.php(210): include('C:\\xampp\\htdocs...')
#2 C:\xampp\htdocs\gileos_del_pasifico2\system\View\View.php(213): CodeIgniter\View\View->CodeIgniter\View\{closure}()
#3 C:\xampp\htdocs\gileos_del_pasifico2\system\Common.php(1089): CodeIgniter\View\View->render('unidades/elimin...', Array, true)
#4 C:\xampp\htdocs\gileos_del_pasifico2\app\Controllers\Unidades.php(31): view('unidades/elimin...', Array)
#5 C:\xampp\htdocs\gileos_del_pasifico2\system\CodeIgniter.php(832): App\Controllers\unidades->eliminados()
#6 C:\xampp\htdocs\gileos_del_pasifico2\system\CodeIgniter.php(419): CodeIgniter\CodeIgniter->runController(Object(App\Controllers\unidades))
#7 C:\xampp\htdocs\gileos_del_pasifico2\system\CodeIgniter.php(326): CodeIgniter\CodeIgniter->handleRequest(NULL, Object(Config\Cache), false)
#8 C:\xampp\htdocs\gileos_del_pasifico2\public\index.php(37): CodeIgniter\CodeIgniter->run()
#9 {main}
CRITICAL - 2022-04-14 13:56:19 --> Class "App\Models\CategoriasModel" not found
#0 C:\xampp\htdocs\gileos_del_pasifico2\system\CodeIgniter.php(809): App\Controllers\Categorias->__construct()
#1 C:\xampp\htdocs\gileos_del_pasifico2\system\CodeIgniter.php(410): CodeIgniter\CodeIgniter->createController()
#2 C:\xampp\htdocs\gileos_del_pasifico2\system\CodeIgniter.php(326): CodeIgniter\CodeIgniter->handleRequest(NULL, Object(Config\Cache), false)
#3 C:\xampp\htdocs\gileos_del_pasifico2\public\index.php(37): CodeIgniter\CodeIgniter->run()
#4 {main}
CRITICAL - 2022-04-14 14:04:39 --> Class "App\Models\CategoriasModel" not found
#0 C:\xampp\htdocs\gileos_del_pasifico2\system\CodeIgniter.php(809): App\Controllers\Categorias->__construct()
#1 C:\xampp\htdocs\gileos_del_pasifico2\system\CodeIgniter.php(410): CodeIgniter\CodeIgniter->createController()
#2 C:\xampp\htdocs\gileos_del_pasifico2\system\CodeIgniter.php(326): CodeIgniter\CodeIgniter->handleRequest(NULL, Object(Config\Cache), false)
#3 C:\xampp\htdocs\gileos_del_pasifico2\public\index.php(37): CodeIgniter\CodeIgniter->run()
#4 {main}
CRITICAL - 2022-04-14 14:06:34 --> Call to a member function where() on null
#0 C:\xampp\htdocs\gileos_del_pasifico2\system\CodeIgniter.php(832): App\Controllers\Categorias->index()
#1 C:\xampp\htdocs\gileos_del_pasifico2\system\CodeIgniter.php(419): CodeIgniter\CodeIgniter->runController(Object(App\Controllers\Categorias))
#2 C:\xampp\htdocs\gileos_del_pasifico2\system\CodeIgniter.php(326): CodeIgniter\CodeIgniter->handleRequest(NULL, Object(Config\Cache), false)
#3 C:\xampp\htdocs\gileos_del_pasifico2\public\index.php(37): CodeIgniter\CodeIgniter->run()
#4 {main}
CRITICAL - 2022-04-14 14:07:45 --> Class "App\Models\CategoriasModel" not found
#0 C:\xampp\htdocs\gileos_del_pasifico2\system\CodeIgniter.php(809): App\Controllers\Categorias->__construct()
#1 C:\xampp\htdocs\gileos_del_pasifico2\system\CodeIgniter.php(410): CodeIgniter\CodeIgniter->createController()
#2 C:\xampp\htdocs\gileos_del_pasifico2\system\CodeIgniter.php(326): CodeIgniter\CodeIgniter->handleRequest(NULL, Object(Config\Cache), false)
#3 C:\xampp\htdocs\gileos_del_pasifico2\public\index.php(37): CodeIgniter\CodeIgniter->run()
#4 {main}
CRITICAL - 2022-04-14 14:07:45 --> Class "App\Models\CategoriasModel" not found
#0 C:\xampp\htdocs\gileos_del_pasifico2\system\CodeIgniter.php(809): App\Controllers\Categorias->__construct()
#1 C:\xampp\htdocs\gileos_del_pasifico2\system\CodeIgniter.php(410): CodeIgniter\CodeIgniter->createController()
#2 C:\xampp\htdocs\gileos_del_pasifico2\system\CodeIgniter.php(326): CodeIgniter\CodeIgniter->handleRequest(NULL, Object(Config\Cache), false)
#3 C:\xampp\htdocs\gileos_del_pasifico2\public\index.php(37): CodeIgniter\CodeIgniter->run()
#4 {main}
CRITICAL - 2022-04-14 14:07:46 --> Class "App\Models\CategoriasModel" not found
#0 C:\xampp\htdocs\gileos_del_pasifico2\system\CodeIgniter.php(809): App\Controllers\Categorias->__construct()
#1 C:\xampp\htdocs\gileos_del_pasifico2\system\CodeIgniter.php(410): CodeIgniter\CodeIgniter->createController()
#2 C:\xampp\htdocs\gileos_del_pasifico2\system\CodeIgniter.php(326): CodeIgniter\CodeIgniter->handleRequest(NULL, Object(Config\Cache), false)
#3 C:\xampp\htdocs\gileos_del_pasifico2\public\index.php(37): CodeIgniter\CodeIgniter->run()
#4 {main}
CRITICAL - 2022-04-14 14:07:50 --> Class "App\Models\CategoriasModel" not found
#0 C:\xampp\htdocs\gileos_del_pasifico2\system\CodeIgniter.php(809): App\Controllers\Categorias->__construct()
#1 C:\xampp\htdocs\gileos_del_pasifico2\system\CodeIgniter.php(410): CodeIgniter\CodeIgniter->createController()
#2 C:\xampp\htdocs\gileos_del_pasifico2\system\CodeIgniter.php(326): CodeIgniter\CodeIgniter->handleRequest(NULL, Object(Config\Cache), false)
#3 C:\xampp\htdocs\gileos_del_pasifico2\public\index.php(37): CodeIgniter\CodeIgniter->run()
#4 {main}
CRITICAL - 2022-04-14 14:10:20 --> Class "App\Models\CategoriasModel" not found
#0 C:\xampp\htdocs\gileos_del_pasifico2\system\CodeIgniter.php(809): App\Controllers\Categorias->__construct()
#1 C:\xampp\htdocs\gileos_del_pasifico2\system\CodeIgniter.php(410): CodeIgniter\CodeIgniter->createController()
#2 C:\xampp\htdocs\gileos_del_pasifico2\system\CodeIgniter.php(326): CodeIgniter\CodeIgniter->handleRequest(NULL, Object(Config\Cache), false)
#3 C:\xampp\htdocs\gileos_del_pasifico2\public\index.php(37): CodeIgniter\CodeIgniter->run()
#4 {main}
CRITICAL - 2022-04-14 14:10:21 --> Class "App\Models\CategoriasModel" not found
#0 C:\xampp\htdocs\gileos_del_pasifico2\system\CodeIgniter.php(809): App\Controllers\Categorias->__construct()
#1 C:\xampp\htdocs\gileos_del_pasifico2\system\CodeIgniter.php(410): CodeIgniter\CodeIgniter->createController()
#2 C:\xampp\htdocs\gileos_del_pasifico2\system\CodeIgniter.php(326): CodeIgniter\CodeIgniter->handleRequest(NULL, Object(Config\Cache), false)
#3 C:\xampp\htdocs\gileos_del_pasifico2\public\index.php(37): CodeIgniter\CodeIgniter->run()
#4 {main}
CRITICAL - 2022-04-14 14:17:28 --> Class "App\Models\CategoriasModel" not found
#0 C:\xampp\htdocs\gileos_del_pasifico2\system\CodeIgniter.php(809): App\Controllers\Categorias->__construct()
#1 C:\xampp\htdocs\gileos_del_pasifico2\system\CodeIgniter.php(410): CodeIgniter\CodeIgniter->createController()
#2 C:\xampp\htdocs\gileos_del_pasifico2\system\CodeIgniter.php(326): CodeIgniter\CodeIgniter->handleRequest(NULL, Object(Config\Cache), false)
#3 C:\xampp\htdocs\gileos_del_pasifico2\public\index.php(37): CodeIgniter\CodeIgniter->run()
#4 {main}
CRITICAL - 2022-04-14 14:17:30 --> Class "App\Models\CategoriasModel" not found
#0 C:\xampp\htdocs\gileos_del_pasifico2\system\CodeIgniter.php(809): App\Controllers\Categorias->__construct()
#1 C:\xampp\htdocs\gileos_del_pasifico2\system\CodeIgniter.php(410): CodeIgniter\CodeIgniter->createController()
#2 C:\xampp\htdocs\gileos_del_pasifico2\system\CodeIgniter.php(326): CodeIgniter\CodeIgniter->handleRequest(NULL, Object(Config\Cache), false)
#3 C:\xampp\htdocs\gileos_del_pasifico2\public\index.php(37): CodeIgniter\CodeIgniter->run()
#4 {main}
CRITICAL - 2022-04-14 14:17:31 --> Class "App\Models\CategoriasModel" not found
#0 C:\xampp\htdocs\gileos_del_pasifico2\system\CodeIgniter.php(809): App\Controllers\Categorias->__construct()
#1 C:\xampp\htdocs\gileos_del_pasifico2\system\CodeIgniter.php(410): CodeIgniter\CodeIgniter->createController()
#2 C:\xampp\htdocs\gileos_del_pasifico2\system\CodeIgniter.php(326): CodeIgniter\CodeIgniter->handleRequest(NULL, Object(Config\Cache), false)
#3 C:\xampp\htdocs\gileos_del_pasifico2\public\index.php(37): CodeIgniter\CodeIgniter->run()
#4 {main}
CRITICAL - 2022-04-14 14:17:43 --> Call to a member function where() on null
#0 C:\xampp\htdocs\gileos_del_pasifico2\system\CodeIgniter.php(832): App\Controllers\Unidades->index()
#1 C:\xampp\htdocs\gileos_del_pasifico2\system\CodeIgniter.php(419): CodeIgniter\CodeIgniter->runController(Object(App\Controllers\Unidades))
#2 C:\xampp\htdocs\gileos_del_pasifico2\system\CodeIgniter.php(326): CodeIgniter\CodeIgniter->handleRequest(NULL, Object(Config\Cache), false)
#3 C:\xampp\htdocs\gileos_del_pasifico2\public\index.php(37): CodeIgniter\CodeIgniter->run()
#4 {main}
CRITICAL - 2022-04-14 14:17:48 --> Class "App\Models\CategoriasModel" not found
#0 C:\xampp\htdocs\gileos_del_pasifico2\system\CodeIgniter.php(809): App\Controllers\Categorias->__construct()
#1 C:\xampp\htdocs\gileos_del_pasifico2\system\CodeIgniter.php(410): CodeIgniter\CodeIgniter->createController()
#2 C:\xampp\htdocs\gileos_del_pasifico2\system\CodeIgniter.php(326): CodeIgniter\CodeIgniter->handleRequest(NULL, Object(Config\Cache), false)
#3 C:\xampp\htdocs\gileos_del_pasifico2\public\index.php(37): CodeIgniter\CodeIgniter->run()
#4 {main}
CRITICAL - 2022-04-14 14:20:27 --> Class "App\Models\CategoriasModel" not found
#0 C:\xampp\htdocs\gileos_del_pasifico2\system\CodeIgniter.php(809): App\Controllers\Categorias->__construct()
#1 C:\xampp\htdocs\gileos_del_pasifico2\system\CodeIgniter.php(410): CodeIgniter\CodeIgniter->createController()
#2 C:\xampp\htdocs\gileos_del_pasifico2\system\CodeIgniter.php(326): CodeIgniter\CodeIgniter->handleRequest(NULL, Object(Config\Cache), false)
#3 C:\xampp\htdocs\gileos_del_pasifico2\public\index.php(37): CodeIgniter\CodeIgniter->run()
#4 {main}
CRITICAL - 2022-04-14 14:20:28 --> Class "App\Models\CategoriasModel" not found
#0 C:\xampp\htdocs\gileos_del_pasifico2\system\CodeIgniter.php(809): App\Controllers\Categorias->__construct()
#1 C:\xampp\htdocs\gileos_del_pasifico2\system\CodeIgniter.php(410): CodeIgniter\CodeIgniter->createController()
#2 C:\xampp\htdocs\gileos_del_pasifico2\system\CodeIgniter.php(326): CodeIgniter\CodeIgniter->handleRequest(NULL, Object(Config\Cache), false)
#3 C:\xampp\htdocs\gileos_del_pasifico2\public\index.php(37): CodeIgniter\CodeIgniter->run()
#4 {main}
CRITICAL - 2022-04-14 14:20:29 --> Class "App\Models\CategoriasModel" not found
#0 C:\xampp\htdocs\gileos_del_pasifico2\system\CodeIgniter.php(809): App\Controllers\Categorias->__construct()
#1 C:\xampp\htdocs\gileos_del_pasifico2\system\CodeIgniter.php(410): CodeIgniter\CodeIgniter->createController()
#2 C:\xampp\htdocs\gileos_del_pasifico2\system\CodeIgniter.php(326): CodeIgniter\CodeIgniter->handleRequest(NULL, Object(Config\Cache), false)
#3 C:\xampp\htdocs\gileos_del_pasifico2\public\index.php(37): CodeIgniter\CodeIgniter->run()
#4 {main}
CRITICAL - 2022-04-14 14:23:08 --> Class "App\Models\CategoriasModel" not found
#0 C:\xampp\htdocs\gileos_del_pasifico2\system\CodeIgniter.php(809): App\Controllers\Categorias->__construct()
#1 C:\xampp\htdocs\gileos_del_pasifico2\system\CodeIgniter.php(410): CodeIgniter\CodeIgniter->createController()
#2 C:\xampp\htdocs\gileos_del_pasifico2\system\CodeIgniter.php(326): CodeIgniter\CodeIgniter->handleRequest(NULL, Object(Config\Cache), false)
#3 C:\xampp\htdocs\gileos_del_pasifico2\public\index.php(37): CodeIgniter\CodeIgniter->run()
#4 {main}
CRITICAL - 2022-04-14 14:23:09 --> Class "App\Models\CategoriasModel" not found
#0 C:\xampp\htdocs\gileos_del_pasifico2\system\CodeIgniter.php(809): App\Controllers\Categorias->__construct()
#1 C:\xampp\htdocs\gileos_del_pasifico2\system\CodeIgniter.php(410): CodeIgniter\CodeIgniter->createController()
#2 C:\xampp\htdocs\gileos_del_pasifico2\system\CodeIgniter.php(326): CodeIgniter\CodeIgniter->handleRequest(NULL, Object(Config\Cache), false)
#3 C:\xampp\htdocs\gileos_del_pasifico2\public\index.php(37): CodeIgniter\CodeIgniter->run()
#4 {main}
CRITICAL - 2022-04-14 14:23:10 --> Class "App\Models\CategoriasModel" not found
#0 C:\xampp\htdocs\gileos_del_pasifico2\system\CodeIgniter.php(809): App\Controllers\Categorias->__construct()
#1 C:\xampp\htdocs\gileos_del_pasifico2\system\CodeIgniter.php(410): CodeIgniter\CodeIgniter->createController()
#2 C:\xampp\htdocs\gileos_del_pasifico2\system\CodeIgniter.php(326): CodeIgniter\CodeIgniter->handleRequest(NULL, Object(Config\Cache), false)
#3 C:\xampp\htdocs\gileos_del_pasifico2\public\index.php(37): CodeIgniter\CodeIgniter->run()
#4 {main}
CRITICAL - 2022-04-14 14:23:26 --> Class "App\Models\CategoriasModel" not found
#0 C:\xampp\htdocs\gileos_del_pasifico2\system\CodeIgniter.php(809): App\Controllers\Categorias->__construct()
#1 C:\xampp\htdocs\gileos_del_pasifico2\system\CodeIgniter.php(410): CodeIgniter\CodeIgniter->createController()
#2 C:\xampp\htdocs\gileos_del_pasifico2\system\CodeIgniter.php(326): CodeIgniter\CodeIgniter->handleRequest(NULL, Object(Config\Cache), false)
#3 C:\xampp\htdocs\gileos_del_pasifico2\public\index.php(37): CodeIgniter\CodeIgniter->run()
#4 {main}
CRITICAL - 2022-04-14 14:24:04 --> Class "App\Models\CategoriasModel" not found
#0 C:\xampp\htdocs\gileos_del_pasifico2\system\CodeIgniter.php(809): App\Controllers\Categorias->__construct()
#1 C:\xampp\htdocs\gileos_del_pasifico2\system\CodeIgniter.php(410): CodeIgniter\CodeIgniter->createController()
#2 C:\xampp\htdocs\gileos_del_pasifico2\system\CodeIgniter.php(326): CodeIgniter\CodeIgniter->handleRequest(NULL, Object(Config\Cache), false)
#3 C:\xampp\htdocs\gileos_del_pasifico2\public\index.php(37): CodeIgniter\CodeIgniter->run()
#4 {main}
CRITICAL - 2022-04-14 14:29:18 --> Class "App\Models\CategoriasModel" not found
#0 C:\xampp\htdocs\gileos_del_pasifico2\system\CodeIgniter.php(809): App\Controllers\Categorias->__construct()
#1 C:\xampp\htdocs\gileos_del_pasifico2\system\CodeIgniter.php(410): CodeIgniter\CodeIgniter->createController()
#2 C:\xampp\htdocs\gileos_del_pasifico2\system\CodeIgniter.php(326): CodeIgniter\CodeIgniter->handleRequest(NULL, Object(Config\Cache), false)
#3 C:\xampp\htdocs\gileos_del_pasifico2\public\index.php(37): CodeIgniter\CodeIgniter->run()
#4 {main}
CRITICAL - 2022-04-14 14:29:40 --> Class "App\Models\CategoriasModel" not found
#0 C:\xampp\htdocs\gileos_del_pasifico2\system\CodeIgniter.php(809): App\Controllers\Categorias->__construct()
#1 C:\xampp\htdocs\gileos_del_pasifico2\system\CodeIgniter.php(410): CodeIgniter\CodeIgniter->createController()
#2 C:\xampp\htdocs\gileos_del_pasifico2\system\CodeIgniter.php(326): CodeIgniter\CodeIgniter->handleRequest(NULL, Object(Config\Cache), false)
#3 C:\xampp\htdocs\gileos_del_pasifico2\public\index.php(37): CodeIgniter\CodeIgniter->run()
#4 {main}
CRITICAL - 2022-04-14 14:29:41 --> Class "App\Models\CategoriasModel" not found
#0 C:\xampp\htdocs\gileos_del_pasifico2\system\CodeIgniter.php(809): App\Controllers\Categorias->__construct()
#1 C:\xampp\htdocs\gileos_del_pasifico2\system\CodeIgniter.php(410): CodeIgniter\CodeIgniter->createController()
#2 C:\xampp\htdocs\gileos_del_pasifico2\system\CodeIgniter.php(326): CodeIgniter\CodeIgniter->handleRequest(NULL, Object(Config\Cache), false)
#3 C:\xampp\htdocs\gileos_del_pasifico2\public\index.php(37): CodeIgniter\CodeIgniter->run()
#4 {main}
CRITICAL - 2022-04-14 14:29:51 --> Class "App\Models\CategoriasModel" not found
#0 C:\xampp\htdocs\gileos_del_pasifico2\system\CodeIgniter.php(809): App\Controllers\Categorias->__construct()
#1 C:\xampp\htdocs\gileos_del_pasifico2\system\CodeIgniter.php(410): CodeIgniter\CodeIgniter->createController()
#2 C:\xampp\htdocs\gileos_del_pasifico2\system\CodeIgniter.php(326): CodeIgniter\CodeIgniter->handleRequest(NULL, Object(Config\Cache), false)
#3 C:\xampp\htdocs\gileos_del_pasifico2\public\index.php(37): CodeIgniter\CodeIgniter->run()
#4 {main}
CRITICAL - 2022-04-14 14:30:08 --> Class "App\Models\CategoriasModel" not found
#0 C:\xampp\htdocs\gileos_del_pasifico2\system\CodeIgniter.php(809): App\Controllers\Categorias->__construct()
#1 C:\xampp\htdocs\gileos_del_pasifico2\system\CodeIgniter.php(410): CodeIgniter\CodeIgniter->createController()
#2 C:\xampp\htdocs\gileos_del_pasifico2\system\CodeIgniter.php(326): CodeIgniter\CodeIgniter->handleRequest(NULL, Object(Config\Cache), false)
#3 C:\xampp\htdocs\gileos_del_pasifico2\public\index.php(37): CodeIgniter\CodeIgniter->run()
#4 {main}
CRITICAL - 2022-04-14 14:30:09 --> Class "App\Models\CategoriasModel" not found
#0 C:\xampp\htdocs\gileos_del_pasifico2\system\CodeIgniter.php(809): App\Controllers\Categorias->__construct()
#1 C:\xampp\htdocs\gileos_del_pasifico2\system\CodeIgniter.php(410): CodeIgniter\CodeIgniter->createController()
#2 C:\xampp\htdocs\gileos_del_pasifico2\system\CodeIgniter.php(326): CodeIgniter\CodeIgniter->handleRequest(NULL, Object(Config\Cache), false)
#3 C:\xampp\htdocs\gileos_del_pasifico2\public\index.php(37): CodeIgniter\CodeIgniter->run()
#4 {main}
CRITICAL - 2022-04-14 14:51:24 --> Class "App\Models\CategoriasModel" not found
#0 C:\xampp\htdocs\gileos_del_pasifico2\system\CodeIgniter.php(809): App\Controllers\Categorias->__construct()
#1 C:\xampp\htdocs\gileos_del_pasifico2\system\CodeIgniter.php(410): CodeIgniter\CodeIgniter->createController()
#2 C:\xampp\htdocs\gileos_del_pasifico2\system\CodeIgniter.php(326): CodeIgniter\CodeIgniter->handleRequest(NULL, Object(Config\Cache), false)
#3 C:\xampp\htdocs\gileos_del_pasifico2\public\index.php(37): CodeIgniter\CodeIgniter->run()
#4 {main}
CRITICAL - 2022-04-14 14:51:25 --> Class "App\Models\CategoriasModel" not found
#0 C:\xampp\htdocs\gileos_del_pasifico2\system\CodeIgniter.php(809): App\Controllers\Categorias->__construct()
#1 C:\xampp\htdocs\gileos_del_pasifico2\system\CodeIgniter.php(410): CodeIgniter\CodeIgniter->createController()
#2 C:\xampp\htdocs\gileos_del_pasifico2\system\CodeIgniter.php(326): CodeIgniter\CodeIgniter->handleRequest(NULL, Object(Config\Cache), false)
#3 C:\xampp\htdocs\gileos_del_pasifico2\public\index.php(37): CodeIgniter\CodeIgniter->run()
#4 {main}
CRITICAL - 2022-04-14 14:51:26 --> Class "App\Models\CategoriasModel" not found
#0 C:\xampp\htdocs\gileos_del_pasifico2\system\CodeIgniter.php(809): App\Controllers\Categorias->__construct()
#1 C:\xampp\htdocs\gileos_del_pasifico2\system\CodeIgniter.php(410): CodeIgniter\CodeIgniter->createController()
#2 C:\xampp\htdocs\gileos_del_pasifico2\system\CodeIgniter.php(326): CodeIgniter\CodeIgniter->handleRequest(NULL, Object(Config\Cache), false)
#3 C:\xampp\htdocs\gileos_del_pasifico2\public\index.php(37): CodeIgniter\CodeIgniter->run()
#4 {main}
CRITICAL - 2022-04-14 14:51:26 --> Class "App\Models\CategoriasModel" not found
#0 C:\xampp\htdocs\gileos_del_pasifico2\system\CodeIgniter.php(809): App\Controllers\Categorias->__construct()
#1 C:\xampp\htdocs\gileos_del_pasifico2\system\CodeIgniter.php(410): CodeIgniter\CodeIgniter->createController()
#2 C:\xampp\htdocs\gileos_del_pasifico2\system\CodeIgniter.php(326): CodeIgniter\CodeIgniter->handleRequest(NULL, Object(Config\Cache), false)
#3 C:\xampp\htdocs\gileos_del_pasifico2\public\index.php(37): CodeIgniter\CodeIgniter->run()
#4 {main}
CRITICAL - 2022-04-14 14:51:27 --> Class "App\Models\CategoriasModel" not found
#0 C:\xampp\htdocs\gileos_del_pasifico2\system\CodeIgniter.php(809): App\Controllers\Categorias->__construct()
#1 C:\xampp\htdocs\gileos_del_pasifico2\system\CodeIgniter.php(410): CodeIgniter\CodeIgniter->createController()
#2 C:\xampp\htdocs\gileos_del_pasifico2\system\CodeIgniter.php(326): CodeIgniter\CodeIgniter->handleRequest(NULL, Object(Config\Cache), false)
#3 C:\xampp\htdocs\gileos_del_pasifico2\public\index.php(37): CodeIgniter\CodeIgniter->run()
#4 {main}
CRITICAL - 2022-04-14 14:55:00 --> Class "App\Models\CategoriasModel" not found
#0 C:\xampp\htdocs\gileos_del_pasifico2\system\CodeIgniter.php(809): App\Controllers\Categorias->__construct()
#1 C:\xampp\htdocs\gileos_del_pasifico2\system\CodeIgniter.php(410): CodeIgniter\CodeIgniter->createController()
#2 C:\xampp\htdocs\gileos_del_pasifico2\system\CodeIgniter.php(326): CodeIgniter\CodeIgniter->handleRequest(NULL, Object(Config\Cache), false)
#3 C:\xampp\htdocs\gileos_del_pasifico2\public\index.php(37): CodeIgniter\CodeIgniter->run()
#4 {main}
CRITICAL - 2022-04-14 15:02:21 --> Class "App\Models\CategoriasModel" not found
#0 C:\xampp\htdocs\gileos_del_pasifico2\system\CodeIgniter.php(809): App\Controllers\Categorias->__construct()
#1 C:\xampp\htdocs\gileos_del_pasifico2\system\CodeIgniter.php(410): CodeIgniter\CodeIgniter->createController()
#2 C:\xampp\htdocs\gileos_del_pasifico2\system\CodeIgniter.php(326): CodeIgniter\CodeIgniter->handleRequest(NULL, Object(Config\Cache), false)
#3 C:\xampp\htdocs\gileos_del_pasifico2\public\index.php(37): CodeIgniter\CodeIgniter->run()
#4 {main}
CRITICAL - 2022-04-14 15:05:24 --> Class "App\Models\CategoriasModel" not found
#0 C:\xampp\htdocs\gileos_del_pasifico2\system\CodeIgniter.php(809): App\Controllers\Categorias->__construct()
#1 C:\xampp\htdocs\gileos_del_pasifico2\system\CodeIgniter.php(410): CodeIgniter\CodeIgniter->createController()
#2 C:\xampp\htdocs\gileos_del_pasifico2\system\CodeIgniter.php(326): CodeIgniter\CodeIgniter->handleRequest(NULL, Object(Config\Cache), false)
#3 C:\xampp\htdocs\gileos_del_pasifico2\public\index.php(37): CodeIgniter\CodeIgniter->run()
#4 {main}
CRITICAL - 2022-04-14 15:14:20 --> Class "App\Models\CategoriasModel" not found
#0 C:\xampp\htdocs\gileos_del_pasifico2\system\CodeIgniter.php(809): App\Controllers\Categorias->__construct()
#1 C:\xampp\htdocs\gileos_del_pasifico2\system\CodeIgniter.php(410): CodeIgniter\CodeIgniter->createController()
#2 C:\xampp\htdocs\gileos_del_pasifico2\system\CodeIgniter.php(326): CodeIgniter\CodeIgniter->handleRequest(NULL, Object(Config\Cache), false)
#3 C:\xampp\htdocs\gileos_del_pasifico2\public\index.php(37): CodeIgniter\CodeIgniter->run()
#4 {main}
CRITICAL - 2022-04-14 15:14:23 --> Class "App\Models\CategoriasModel" not found
#0 C:\xampp\htdocs\gileos_del_pasifico2\system\CodeIgniter.php(809): App\Controllers\Categorias->__construct()
#1 C:\xampp\htdocs\gileos_del_pasifico2\system\CodeIgniter.php(410): CodeIgniter\CodeIgniter->createController()
#2 C:\xampp\htdocs\gileos_del_pasifico2\system\CodeIgniter.php(326): CodeIgniter\CodeIgniter->handleRequest(NULL, Object(Config\Cache), false)
#3 C:\xampp\htdocs\gileos_del_pasifico2\public\index.php(37): CodeIgniter\CodeIgniter->run()
#4 {main}
CRITICAL - 2022-04-14 15:14:24 --> Class "App\Models\CategoriasModel" not found
#0 C:\xampp\htdocs\gileos_del_pasifico2\system\CodeIgniter.php(809): App\Controllers\Categorias->__construct()
#1 C:\xampp\htdocs\gileos_del_pasifico2\system\CodeIgniter.php(410): CodeIgniter\CodeIgniter->createController()
#2 C:\xampp\htdocs\gileos_del_pasifico2\system\CodeIgniter.php(326): CodeIgniter\CodeIgniter->handleRequest(NULL, Object(Config\Cache), false)
#3 C:\xampp\htdocs\gileos_del_pasifico2\public\index.php(37): CodeIgniter\CodeIgniter->run()
#4 {main}
CRITICAL - 2022-04-14 15:15:47 --> Class "App\Models\CategoriasModel" not found
#0 C:\xampp\htdocs\gileos_del_pasifico2\system\CodeIgniter.php(809): App\Controllers\Categorias->__construct()
#1 C:\xampp\htdocs\gileos_del_pasifico2\system\CodeIgniter.php(410): CodeIgniter\CodeIgniter->createController()
#2 C:\xampp\htdocs\gileos_del_pasifico2\system\CodeIgniter.php(326): CodeIgniter\CodeIgniter->handleRequest(NULL, Object(Config\Cache), false)
#3 C:\xampp\htdocs\gileos_del_pasifico2\public\index.php(37): CodeIgniter\CodeIgniter->run()
#4 {main}
CRITICAL - 2022-04-14 15:15:49 --> Class "App\Models\CategoriasModel" not found
#0 C:\xampp\htdocs\gileos_del_pasifico2\system\CodeIgniter.php(809): App\Controllers\Categorias->__construct()
#1 C:\xampp\htdocs\gileos_del_pasifico2\system\CodeIgniter.php(410): CodeIgniter\CodeIgniter->createController()
#2 C:\xampp\htdocs\gileos_del_pasifico2\system\CodeIgniter.php(326): CodeIgniter\CodeIgniter->handleRequest(NULL, Object(Config\Cache), false)
#3 C:\xampp\htdocs\gileos_del_pasifico2\public\index.php(37): CodeIgniter\CodeIgniter->run()
#4 {main}
CRITICAL - 2022-04-14 15:15:49 --> Class "App\Models\CategoriasModel" not found
#0 C:\xampp\htdocs\gileos_del_pasifico2\system\CodeIgniter.php(809): App\Controllers\Categorias->__construct()
#1 C:\xampp\htdocs\gileos_del_pasifico2\system\CodeIgniter.php(410): CodeIgniter\CodeIgniter->createController()
#2 C:\xampp\htdocs\gileos_del_pasifico2\system\CodeIgniter.php(326): CodeIgniter\CodeIgniter->handleRequest(NULL, Object(Config\Cache), false)
#3 C:\xampp\htdocs\gileos_del_pasifico2\public\index.php(37): CodeIgniter\CodeIgniter->run()
#4 {main}
CRITICAL - 2022-04-14 15:15:50 --> Class "App\Models\CategoriasModel" not found
#0 C:\xampp\htdocs\gileos_del_pasifico2\system\CodeIgniter.php(809): App\Controllers\Categorias->__construct()
#1 C:\xampp\htdocs\gileos_del_pasifico2\system\CodeIgniter.php(410): CodeIgniter\CodeIgniter->createController()
#2 C:\xampp\htdocs\gileos_del_pasifico2\system\CodeIgniter.php(326): CodeIgniter\CodeIgniter->handleRequest(NULL, Object(Config\Cache), false)
#3 C:\xampp\htdocs\gileos_del_pasifico2\public\index.php(37): CodeIgniter\CodeIgniter->run()
#4 {main}
CRITICAL - 2022-04-14 15:16:51 --> Class "App\Models\CategoriasModel" not found
#0 C:\xampp\htdocs\gileos_del_pasifico2\system\CodeIgniter.php(809): App\Controllers\categorias->__construct()
#1 C:\xampp\htdocs\gileos_del_pasifico2\system\CodeIgniter.php(410): CodeIgniter\CodeIgniter->createController()
#2 C:\xampp\htdocs\gileos_del_pasifico2\system\CodeIgniter.php(326): CodeIgniter\CodeIgniter->handleRequest(NULL, Object(Config\Cache), false)
#3 C:\xampp\htdocs\gileos_del_pasifico2\public\index.php(37): CodeIgniter\CodeIgniter->run()
#4 {main}
CRITICAL - 2022-04-14 15:18:51 --> Class "App\Models\CategoriasModel" not found
#0 C:\xampp\htdocs\gileos_del_pasifico2\system\CodeIgniter.php(809): App\Controllers\categorias->__construct()
#1 C:\xampp\htdocs\gileos_del_pasifico2\system\CodeIgniter.php(410): CodeIgniter\CodeIgniter->createController()
#2 C:\xampp\htdocs\gileos_del_pasifico2\system\CodeIgniter.php(326): CodeIgniter\CodeIgniter->handleRequest(NULL, Object(Config\Cache), false)
#3 C:\xampp\htdocs\gileos_del_pasifico2\public\index.php(37): CodeIgniter\CodeIgniter->run()
#4 {main}
CRITICAL - 2022-04-14 15:18:52 --> Class "App\Models\CategoriasModel" not found
#0 C:\xampp\htdocs\gileos_del_pasifico2\system\CodeIgniter.php(809): App\Controllers\categorias->__construct()
#1 C:\xampp\htdocs\gileos_del_pasifico2\system\CodeIgniter.php(410): CodeIgniter\CodeIgniter->createController()
#2 C:\xampp\htdocs\gileos_del_pasifico2\system\CodeIgniter.php(326): CodeIgniter\CodeIgniter->handleRequest(NULL, Object(Config\Cache), false)
#3 C:\xampp\htdocs\gileos_del_pasifico2\public\index.php(37): CodeIgniter\CodeIgniter->run()
#4 {main}
CRITICAL - 2022-04-14 15:19:59 --> Class "App\Controllers\App\controllers" not found
#0 C:\xampp\htdocs\gileos_del_pasifico2\system\CodeIgniter.php(809): App\Controllers\categorias->__construct()
#1 C:\xampp\htdocs\gileos_del_pasifico2\system\CodeIgniter.php(410): CodeIgniter\CodeIgniter->createController()
#2 C:\xampp\htdocs\gileos_del_pasifico2\system\CodeIgniter.php(326): CodeIgniter\CodeIgniter->handleRequest(NULL, Object(Config\Cache), false)
#3 C:\xampp\htdocs\gileos_del_pasifico2\public\index.php(37): CodeIgniter\CodeIgniter->run()
#4 {main}
CRITICAL - 2022-04-14 15:20:00 --> Class "App\Controllers\App\controllers" not found
#0 C:\xampp\htdocs\gileos_del_pasifico2\system\CodeIgniter.php(809): App\Controllers\categorias->__construct()
#1 C:\xampp\htdocs\gileos_del_pasifico2\system\CodeIgniter.php(410): CodeIgniter\CodeIgniter->createController()
#2 C:\xampp\htdocs\gileos_del_pasifico2\system\CodeIgniter.php(326): CodeIgniter\CodeIgniter->handleRequest(NULL, Object(Config\Cache), false)
#3 C:\xampp\htdocs\gileos_del_pasifico2\public\index.php(37): CodeIgniter\CodeIgniter->run()
#4 {main}
CRITICAL - 2022-04-14 15:20:14 --> Class "App\Controllers\App\Controllers" not found
#0 C:\xampp\htdocs\gileos_del_pasifico2\system\CodeIgniter.php(809): App\Controllers\categorias->__construct()
#1 C:\xampp\htdocs\gileos_del_pasifico2\system\CodeIgniter.php(410): CodeIgniter\CodeIgniter->createController()
#2 C:\xampp\htdocs\gileos_del_pasifico2\system\CodeIgniter.php(326): CodeIgniter\CodeIgniter->handleRequest(NULL, Object(Config\Cache), false)
#3 C:\xampp\htdocs\gileos_del_pasifico2\public\index.php(37): CodeIgniter\CodeIgniter->run()
#4 {main}
CRITICAL - 2022-04-14 15:20:15 --> Class "App\Controllers\App\Controllers" not found
#0 C:\xampp\htdocs\gileos_del_pasifico2\system\CodeIgniter.php(809): App\Controllers\categorias->__construct()
#1 C:\xampp\htdocs\gileos_del_pasifico2\system\CodeIgniter.php(410): CodeIgniter\CodeIgniter->createController()
#2 C:\xampp\htdocs\gileos_del_pasifico2\system\CodeIgniter.php(326): CodeIgniter\CodeIgniter->handleRequest(NULL, Object(Config\Cache), false)
#3 C:\xampp\htdocs\gileos_del_pasifico2\public\index.php(37): CodeIgniter\CodeIgniter->run()
#4 {main}
CRITICAL - 2022-04-14 15:20:47 --> Class "App\Controllers\App\Controllers" not found
#0 C:\xampp\htdocs\gileos_del_pasifico2\system\CodeIgniter.php(809): App\Controllers\categorias->__construct()
#1 C:\xampp\htdocs\gileos_del_pasifico2\system\CodeIgniter.php(410): CodeIgniter\CodeIgniter->createController()
#2 C:\xampp\htdocs\gileos_del_pasifico2\system\CodeIgniter.php(326): CodeIgniter\CodeIgniter->handleRequest(NULL, Object(Config\Cache), false)
#3 C:\xampp\htdocs\gileos_del_pasifico2\public\index.php(37): CodeIgniter\CodeIgniter->run()
#4 {main}
CRITICAL - 2022-04-14 15:20:48 --> Class "App\Controllers\App\Controllers" not found
#0 C:\xampp\htdocs\gileos_del_pasifico2\system\CodeIgniter.php(809): App\Controllers\categorias->__construct()
#1 C:\xampp\htdocs\gileos_del_pasifico2\system\CodeIgniter.php(410): CodeIgniter\CodeIgniter->createController()
#2 C:\xampp\htdocs\gileos_del_pasifico2\system\CodeIgniter.php(326): CodeIgniter\CodeIgniter->handleRequest(NULL, Object(Config\Cache), false)
#3 C:\xampp\htdocs\gileos_del_pasifico2\public\index.php(37): CodeIgniter\CodeIgniter->run()
#4 {main}
CRITICAL - 2022-04-14 15:20:49 --> Class "App\Controllers\App\Controllers" not found
#0 C:\xampp\htdocs\gileos_del_pasifico2\system\CodeIgniter.php(809): App\Controllers\categorias->__construct()
#1 C:\xampp\htdocs\gileos_del_pasifico2\system\CodeIgniter.php(410): CodeIgniter\CodeIgniter->createController()
#2 C:\xampp\htdocs\gileos_del_pasifico2\system\CodeIgniter.php(326): CodeIgniter\CodeIgniter->handleRequest(NULL, Object(Config\Cache), false)
#3 C:\xampp\htdocs\gileos_del_pasifico2\public\index.php(37): CodeIgniter\CodeIgniter->run()
#4 {main}
CRITICAL - 2022-04-14 15:21:38 --> Class "App\Controllers\UnidadesModel" not found
#0 C:\xampp\htdocs\gileos_del_pasifico2\system\CodeIgniter.php(809): App\Controllers\categorias->__construct()
#1 C:\xampp\htdocs\gileos_del_pasifico2\system\CodeIgniter.php(410): CodeIgniter\CodeIgniter->createController()
#2 C:\xampp\htdocs\gileos_del_pasifico2\system\CodeIgniter.php(326): CodeIgniter\CodeIgniter->handleRequest(NULL, Object(Config\Cache), false)
#3 C:\xampp\htdocs\gileos_del_pasifico2\public\index.php(37): CodeIgniter\CodeIgniter->run()
#4 {main}
CRITICAL - 2022-04-14 15:21:39 --> Class "App\Controllers\UnidadesModel" not found
#0 C:\xampp\htdocs\gileos_del_pasifico2\system\CodeIgniter.php(809): App\Controllers\categorias->__construct()
#1 C:\xampp\htdocs\gileos_del_pasifico2\system\CodeIgniter.php(410): CodeIgniter\CodeIgniter->createController()
#2 C:\xampp\htdocs\gileos_del_pasifico2\system\CodeIgniter.php(326): CodeIgniter\CodeIgniter->handleRequest(NULL, Object(Config\Cache), false)
#3 C:\xampp\htdocs\gileos_del_pasifico2\public\index.php(37): CodeIgniter\CodeIgniter->run()
#4 {main}
CRITICAL - 2022-04-14 15:22:38 --> Class "App\Controllers\UnidadesModel" not found
#0 C:\xampp\htdocs\gileos_del_pasifico2\system\CodeIgniter.php(809): App\Controllers\categorias->__construct()
#1 C:\xampp\htdocs\gileos_del_pasifico2\system\CodeIgniter.php(410): CodeIgniter\CodeIgniter->createController()
#2 C:\xampp\htdocs\gileos_del_pasifico2\system\CodeIgniter.php(326): CodeIgniter\CodeIgniter->handleRequest(NULL, Object(Config\Cache), false)
#3 C:\xampp\htdocs\gileos_del_pasifico2\public\index.php(37): CodeIgniter\CodeIgniter->run()
#4 {main}
CRITICAL - 2022-04-14 15:23:02 --> Call to a member function where() on null
#0 C:\xampp\htdocs\gileos_del_pasifico2\system\CodeIgniter.php(832): App\Controllers\categorias->index()
#1 C:\xampp\htdocs\gileos_del_pasifico2\system\CodeIgniter.php(419): CodeIgniter\CodeIgniter->runController(Object(App\Controllers\categorias))
#2 C:\xampp\htdocs\gileos_del_pasifico2\system\CodeIgniter.php(326): CodeIgniter\CodeIgniter->handleRequest(NULL, Object(Config\Cache), false)
#3 C:\xampp\htdocs\gileos_del_pasifico2\public\index.php(37): CodeIgniter\CodeIgniter->run()
#4 {main}
CRITICAL - 2022-04-14 15:23:55 --> Call to a member function where() on null
#0 C:\xampp\htdocs\gileos_del_pasifico2\system\CodeIgniter.php(832): App\Controllers\Categorias->index()
#1 C:\xampp\htdocs\gileos_del_pasifico2\system\CodeIgniter.php(419): CodeIgniter\CodeIgniter->runController(Object(App\Controllers\Categorias))
#2 C:\xampp\htdocs\gileos_del_pasifico2\system\CodeIgniter.php(326): CodeIgniter\CodeIgniter->handleRequest(NULL, Object(Config\Cache), false)
#3 C:\xampp\htdocs\gileos_del_pasifico2\public\index.php(37): CodeIgniter\CodeIgniter->run()
#4 {main}
CRITICAL - 2022-04-14 15:23:56 --> Call to a member function where() on null
#0 C:\xampp\htdocs\gileos_del_pasifico2\system\CodeIgniter.php(832): App\Controllers\Categorias->index()
#1 C:\xampp\htdocs\gileos_del_pasifico2\system\CodeIgniter.php(419): CodeIgniter\CodeIgniter->runController(Object(App\Controllers\Categorias))
#2 C:\xampp\htdocs\gileos_del_pasifico2\system\CodeIgniter.php(326): CodeIgniter\CodeIgniter->handleRequest(NULL, Object(Config\Cache), false)
#3 C:\xampp\htdocs\gileos_del_pasifico2\public\index.php(37): CodeIgniter\CodeIgniter->run()
#4 {main}
CRITICAL - 2022-04-14 15:24:49 --> Call to a member function where() on null
#0 C:\xampp\htdocs\gileos_del_pasifico2\system\CodeIgniter.php(832): App\Controllers\Categorias->index()
#1 C:\xampp\htdocs\gileos_del_pasifico2\system\CodeIgniter.php(419): CodeIgniter\CodeIgniter->runController(Object(App\Controllers\Categorias))
#2 C:\xampp\htdocs\gileos_del_pasifico2\system\CodeIgniter.php(326): CodeIgniter\CodeIgniter->handleRequest(NULL, Object(Config\Cache), false)
#3 C:\xampp\htdocs\gileos_del_pasifico2\public\index.php(37): CodeIgniter\CodeIgniter->run()
#4 {main}
CRITICAL - 2022-04-14 15:24:57 --> Call to a member function where() on null
#0 C:\xampp\htdocs\gileos_del_pasifico2\system\CodeIgniter.php(832): App\Controllers\Categorias->index()
#1 C:\xampp\htdocs\gileos_del_pasifico2\system\CodeIgniter.php(419): CodeIgniter\CodeIgniter->runController(Object(App\Controllers\Categorias))
#2 C:\xampp\htdocs\gileos_del_pasifico2\system\CodeIgniter.php(326): CodeIgniter\CodeIgniter->handleRequest(NULL, Object(Config\Cache), false)
#3 C:\xampp\htdocs\gileos_del_pasifico2\public\index.php(37): CodeIgniter\CodeIgniter->run()
#4 {main}
CRITICAL - 2022-04-14 15:24:59 --> Call to a member function where() on null
#0 C:\xampp\htdocs\gileos_del_pasifico2\system\CodeIgniter.php(832): App\Controllers\Categorias->index()
#1 C:\xampp\htdocs\gileos_del_pasifico2\system\CodeIgniter.php(419): CodeIgniter\CodeIgniter->runController(Object(App\Controllers\Categorias))
#2 C:\xampp\htdocs\gileos_del_pasifico2\system\CodeIgniter.php(326): CodeIgniter\CodeIgniter->handleRequest(NULL, Object(Config\Cache), false)
#3 C:\xampp\htdocs\gileos_del_pasifico2\public\index.php(37): CodeIgniter\CodeIgniter->run()
#4 {main}
CRITICAL - 2022-04-14 15:25:22 --> Class "App\Controllers\UnidadesModel" not found
#0 C:\xampp\htdocs\gileos_del_pasifico2\system\CodeIgniter.php(809): App\Controllers\Categorias->__construct()
#1 C:\xampp\htdocs\gileos_del_pasifico2\system\CodeIgniter.php(410): CodeIgniter\CodeIgniter->createController()
#2 C:\xampp\htdocs\gileos_del_pasifico2\system\CodeIgniter.php(326): CodeIgniter\CodeIgniter->handleRequest(NULL, Object(Config\Cache), false)
#3 C:\xampp\htdocs\gileos_del_pasifico2\public\index.php(37): CodeIgniter\CodeIgniter->run()
#4 {main}
CRITICAL - 2022-04-14 15:26:18 --> Call to a member function where() on null
#0 C:\xampp\htdocs\gileos_del_pasifico2\system\CodeIgniter.php(832): App\Controllers\Categorias->index()
#1 C:\xampp\htdocs\gileos_del_pasifico2\system\CodeIgniter.php(419): CodeIgniter\CodeIgniter->runController(Object(App\Controllers\Categorias))
#2 C:\xampp\htdocs\gileos_del_pasifico2\system\CodeIgniter.php(326): CodeIgniter\CodeIgniter->handleRequest(NULL, Object(Config\Cache), false)
#3 C:\xampp\htdocs\gileos_del_pasifico2\public\index.php(37): CodeIgniter\CodeIgniter->run()
#4 {main}
CRITICAL - 2022-04-14 15:26:20 --> Call to a member function where() on null
#0 C:\xampp\htdocs\gileos_del_pasifico2\system\CodeIgniter.php(832): App\Controllers\Categorias->index()
#1 C:\xampp\htdocs\gileos_del_pasifico2\system\CodeIgniter.php(419): CodeIgniter\CodeIgniter->runController(Object(App\Controllers\Categorias))
#2 C:\xampp\htdocs\gileos_del_pasifico2\system\CodeIgniter.php(326): CodeIgniter\CodeIgniter->handleRequest(NULL, Object(Config\Cache), false)
#3 C:\xampp\htdocs\gileos_del_pasifico2\public\index.php(37): CodeIgniter\CodeIgniter->run()
#4 {main}
CRITICAL - 2022-04-14 15:28:01 --> Class "App\Controllers\UnidadesModel" not found
#0 C:\xampp\htdocs\gileos_del_pasifico2\system\CodeIgniter.php(809): App\Controllers\Categorias->__construct()
#1 C:\xampp\htdocs\gileos_del_pasifico2\system\CodeIgniter.php(410): CodeIgniter\CodeIgniter->createController()
#2 C:\xampp\htdocs\gileos_del_pasifico2\system\CodeIgniter.php(326): CodeIgniter\CodeIgniter->handleRequest(NULL, Object(Config\Cache), false)
#3 C:\xampp\htdocs\gileos_del_pasifico2\public\index.php(37): CodeIgniter\CodeIgniter->run()
#4 {main}
CRITICAL - 2022-04-14 15:28:03 --> Class "App\Controllers\UnidadesModel" not found
#0 C:\xampp\htdocs\gileos_del_pasifico2\system\CodeIgniter.php(809): App\Controllers\Categorias->__construct()
#1 C:\xampp\htdocs\gileos_del_pasifico2\system\CodeIgniter.php(410): CodeIgniter\CodeIgniter->createController()
#2 C:\xampp\htdocs\gileos_del_pasifico2\system\CodeIgniter.php(326): CodeIgniter\CodeIgniter->handleRequest(NULL, Object(Config\Cache), false)
#3 C:\xampp\htdocs\gileos_del_pasifico2\public\index.php(37): CodeIgniter\CodeIgniter->run()
#4 {main}
CRITICAL - 2022-04-14 15:28:05 --> Class "App\Controllers\UnidadesModel" not found
#0 C:\xampp\htdocs\gileos_del_pasifico2\system\CodeIgniter.php(809): App\Controllers\Categorias->__construct()
#1 C:\xampp\htdocs\gileos_del_pasifico2\system\CodeIgniter.php(410): CodeIgniter\CodeIgniter->createController()
#2 C:\xampp\htdocs\gileos_del_pasifico2\system\CodeIgniter.php(326): CodeIgniter\CodeIgniter->handleRequest(NULL, Object(Config\Cache), false)
#3 C:\xampp\htdocs\gileos_del_pasifico2\public\index.php(37): CodeIgniter\CodeIgniter->run()
#4 {main}
CRITICAL - 2022-04-14 15:28:06 --> Class "App\Controllers\UnidadesModel" not found
#0 C:\xampp\htdocs\gileos_del_pasifico2\system\CodeIgniter.php(809): App\Controllers\Categorias->__construct()
#1 C:\xampp\htdocs\gileos_del_pasifico2\system\CodeIgniter.php(410): CodeIgniter\CodeIgniter->createController()
#2 C:\xampp\htdocs\gileos_del_pasifico2\system\CodeIgniter.php(326): CodeIgniter\CodeIgniter->handleRequest(NULL, Object(Config\Cache), false)
#3 C:\xampp\htdocs\gileos_del_pasifico2\public\index.php(37): CodeIgniter\CodeIgniter->run()
#4 {main}
CRITICAL - 2022-04-14 15:30:58 --> Class "App\Models\CategoriasModel" not found
#0 C:\xampp\htdocs\gileos_del_pasifico2\system\CodeIgniter.php(809): App\Controllers\Categorias->__construct()
#1 C:\xampp\htdocs\gileos_del_pasifico2\system\CodeIgniter.php(410): CodeIgniter\CodeIgniter->createController()
#2 C:\xampp\htdocs\gileos_del_pasifico2\system\CodeIgniter.php(326): CodeIgniter\CodeIgniter->handleRequest(NULL, Object(Config\Cache), false)
#3 C:\xampp\htdocs\gileos_del_pasifico2\public\index.php(37): CodeIgniter\CodeIgniter->run()
#4 {main}
CRITICAL - 2022-04-14 15:31:01 --> Class "App\Models\CategoriasModel" not found
#0 C:\xampp\htdocs\gileos_del_pasifico2\system\CodeIgniter.php(809): App\Controllers\Categorias->__construct()
#1 C:\xampp\htdocs\gileos_del_pasifico2\system\CodeIgniter.php(410): CodeIgniter\CodeIgniter->createController()
#2 C:\xampp\htdocs\gileos_del_pasifico2\system\CodeIgniter.php(326): CodeIgniter\CodeIgniter->handleRequest(NULL, Object(Config\Cache), false)
#3 C:\xampp\htdocs\gileos_del_pasifico2\public\index.php(37): CodeIgniter\CodeIgniter->run()
#4 {main}
CRITICAL - 2022-04-14 15:32:52 --> Class "App\Models\CategoriasModel" not found
#0 C:\xampp\htdocs\gileos_del_pasifico2\system\CodeIgniter.php(809): App\Controllers\Categorias->__construct()
#1 C:\xampp\htdocs\gileos_del_pasifico2\system\CodeIgniter.php(410): CodeIgniter\CodeIgniter->createController()
#2 C:\xampp\htdocs\gileos_del_pasifico2\system\CodeIgniter.php(326): CodeIgniter\CodeIgniter->handleRequest(NULL, Object(Config\Cache), false)
#3 C:\xampp\htdocs\gileos_del_pasifico2\public\index.php(37): CodeIgniter\CodeIgniter->run()
#4 {main}
CRITICAL - 2022-04-14 15:33:23 --> Class "App\Models\CategoriasModel" not found
#0 C:\xampp\htdocs\gileos_del_pasifico2\system\CodeIgniter.php(809): App\Controllers\Categorias->__construct()
#1 C:\xampp\htdocs\gileos_del_pasifico2\system\CodeIgniter.php(410): CodeIgniter\CodeIgniter->createController()
#2 C:\xampp\htdocs\gileos_del_pasifico2\system\CodeIgniter.php(326): CodeIgniter\CodeIgniter->handleRequest(NULL, Object(Config\Cache), false)
#3 C:\xampp\htdocs\gileos_del_pasifico2\public\index.php(37): CodeIgniter\CodeIgniter->run()
#4 {main}
CRITICAL - 2022-04-14 15:36:24 --> Class "App\Models\CategoriasModel" not found
#0 C:\xampp\htdocs\gileos_del_pasifico2\system\CodeIgniter.php(809): App\Controllers\Categorias->__construct()
#1 C:\xampp\htdocs\gileos_del_pasifico2\system\CodeIgniter.php(410): CodeIgniter\CodeIgniter->createController()
#2 C:\xampp\htdocs\gileos_del_pasifico2\system\CodeIgniter.php(326): CodeIgniter\CodeIgniter->handleRequest(NULL, Object(Config\Cache), false)
#3 C:\xampp\htdocs\gileos_del_pasifico2\public\index.php(37): CodeIgniter\CodeIgniter->run()
#4 {main}
CRITICAL - 2022-04-14 15:36:26 --> Class "App\Models\CategoriasModel" not found
#0 C:\xampp\htdocs\gileos_del_pasifico2\system\CodeIgniter.php(809): App\Controllers\Categorias->__construct()
#1 C:\xampp\htdocs\gileos_del_pasifico2\system\CodeIgniter.php(410): CodeIgniter\CodeIgniter->createController()
#2 C:\xampp\htdocs\gileos_del_pasifico2\system\CodeIgniter.php(326): CodeIgniter\CodeIgniter->handleRequest(NULL, Object(Config\Cache), false)
#3 C:\xampp\htdocs\gileos_del_pasifico2\public\index.php(37): CodeIgniter\CodeIgniter->run()
#4 {main}
CRITICAL - 2022-04-14 15:36:29 --> Class "App\Models\CategoriasModel" not found
#0 C:\xampp\htdocs\gileos_del_pasifico2\system\CodeIgniter.php(809): App\Controllers\Categorias->__construct()
#1 C:\xampp\htdocs\gileos_del_pasifico2\system\CodeIgniter.php(410): CodeIgniter\CodeIgniter->createController()
#2 C:\xampp\htdocs\gileos_del_pasifico2\system\CodeIgniter.php(326): CodeIgniter\CodeIgniter->handleRequest(NULL, Object(Config\Cache), false)
#3 C:\xampp\htdocs\gileos_del_pasifico2\public\index.php(37): CodeIgniter\CodeIgniter->run()
#4 {main}
CRITICAL - 2022-04-14 15:36:31 --> Class "App\Models\CategoriasModel" not found
#0 C:\xampp\htdocs\gileos_del_pasifico2\system\CodeIgniter.php(809): App\Controllers\Categorias->__construct()
#1 C:\xampp\htdocs\gileos_del_pasifico2\system\CodeIgniter.php(410): CodeIgniter\CodeIgniter->createController()
#2 C:\xampp\htdocs\gileos_del_pasifico2\system\CodeIgniter.php(326): CodeIgniter\CodeIgniter->handleRequest(NULL, Object(Config\Cache), false)
#3 C:\xampp\htdocs\gileos_del_pasifico2\public\index.php(37): CodeIgniter\CodeIgniter->run()
#4 {main}
CRITICAL - 2022-04-14 15:36:31 --> Class "App\Models\CategoriasModel" not found
#0 C:\xampp\htdocs\gileos_del_pasifico2\system\CodeIgniter.php(809): App\Controllers\Categorias->__construct()
#1 C:\xampp\htdocs\gileos_del_pasifico2\system\CodeIgniter.php(410): CodeIgniter\CodeIgniter->createController()
#2 C:\xampp\htdocs\gileos_del_pasifico2\system\CodeIgniter.php(326): CodeIgniter\CodeIgniter->handleRequest(NULL, Object(Config\Cache), false)
#3 C:\xampp\htdocs\gileos_del_pasifico2\public\index.php(37): CodeIgniter\CodeIgniter->run()
#4 {main}
CRITICAL - 2022-04-14 15:36:31 --> Class "App\Models\CategoriasModel" not found
#0 C:\xampp\htdocs\gileos_del_pasifico2\system\CodeIgniter.php(809): App\Controllers\Categorias->__construct()
#1 C:\xampp\htdocs\gileos_del_pasifico2\system\CodeIgniter.php(410): CodeIgniter\CodeIgniter->createController()
#2 C:\xampp\htdocs\gileos_del_pasifico2\system\CodeIgniter.php(326): CodeIgniter\CodeIgniter->handleRequest(NULL, Object(Config\Cache), false)
#3 C:\xampp\htdocs\gileos_del_pasifico2\public\index.php(37): CodeIgniter\CodeIgniter->run()
#4 {main}
CRITICAL - 2022-04-14 15:36:32 --> Class "App\Models\CategoriasModel" not found
#0 C:\xampp\htdocs\gileos_del_pasifico2\system\CodeIgniter.php(809): App\Controllers\Categorias->__construct()
#1 C:\xampp\htdocs\gileos_del_pasifico2\system\CodeIgniter.php(410): CodeIgniter\CodeIgniter->createController()
#2 C:\xampp\htdocs\gileos_del_pasifico2\system\CodeIgniter.php(326): CodeIgniter\CodeIgniter->handleRequest(NULL, Object(Config\Cache), false)
#3 C:\xampp\htdocs\gileos_del_pasifico2\public\index.php(37): CodeIgniter\CodeIgniter->run()
#4 {main}
CRITICAL - 2022-04-14 15:38:11 --> Cannot redeclare App\Controllers\Categorias::__construct()
#0 [internal function]: CodeIgniter\Debug\Exceptions->shutdownHandler()
#1 {main}
CRITICAL - 2022-04-14 15:38:13 --> Cannot redeclare App\Controllers\Categorias::__construct()
#0 [internal function]: CodeIgniter\Debug\Exceptions->shutdownHandler()
#1 {main}
CRITICAL - 2022-04-14 15:39:40 --> Cannot redeclare App\Controllers\Categorias::__construct()
#0 [internal function]: CodeIgniter\Debug\Exceptions->shutdownHandler()
#1 {main}
CRITICAL - 2022-04-14 15:39:50 --> Class "App\Models\CategoriasModel" not found
#0 C:\xampp\htdocs\gileos_del_pasifico2\system\CodeIgniter.php(809): App\Controllers\Categorias->__construct()
#1 C:\xampp\htdocs\gileos_del_pasifico2\system\CodeIgniter.php(410): CodeIgniter\CodeIgniter->createController()
#2 C:\xampp\htdocs\gileos_del_pasifico2\system\CodeIgniter.php(326): CodeIgniter\CodeIgniter->handleRequest(NULL, Object(Config\Cache), false)
#3 C:\xampp\htdocs\gileos_del_pasifico2\public\index.php(37): CodeIgniter\CodeIgniter->run()
#4 {main}
CRITICAL - 2022-04-14 15:42:43 --> Class "App\Models\CategoriasModel" not found
#0 C:\xampp\htdocs\gileos_del_pasifico2\system\CodeIgniter.php(809): App\Controllers\Categorias->__construct()
#1 C:\xampp\htdocs\gileos_del_pasifico2\system\CodeIgniter.php(410): CodeIgniter\CodeIgniter->createController()
#2 C:\xampp\htdocs\gileos_del_pasifico2\system\CodeIgniter.php(326): CodeIgniter\CodeIgniter->handleRequest(NULL, Object(Config\Cache), false)
#3 C:\xampp\htdocs\gileos_del_pasifico2\public\index.php(37): CodeIgniter\CodeIgniter->run()
#4 {main}
CRITICAL - 2022-04-14 21:14:26 --> Class "App\Models\CategoriasModel" not found
#0 C:\xampp\htdocs\gileos_del_pasifico2\system\CodeIgniter.php(809): App\Controllers\Categorias->__construct()
#1 C:\xampp\htdocs\gileos_del_pasifico2\system\CodeIgniter.php(410): CodeIgniter\CodeIgniter->createController()
#2 C:\xampp\htdocs\gileos_del_pasifico2\system\CodeIgniter.php(326): CodeIgniter\CodeIgniter->handleRequest(NULL, Object(Config\Cache), false)
#3 C:\xampp\htdocs\gileos_del_pasifico2\public\index.php(37): CodeIgniter\CodeIgniter->run()
#4 {main}
CRITICAL - 2022-04-14 21:30:29 --> Class "App\Models\CategoriasModel" not found
#0 C:\xampp\htdocs\gileos_del_pasifico2\system\CodeIgniter.php(809): App\Controllers\Categorias->__construct()
#1 C:\xampp\htdocs\gileos_del_pasifico2\system\CodeIgniter.php(410): CodeIgniter\CodeIgniter->createController()
#2 C:\xampp\htdocs\gileos_del_pasifico2\system\CodeIgniter.php(326): CodeIgniter\CodeIgniter->handleRequest(NULL, Object(Config\Cache), false)
#3 C:\xampp\htdocs\gileos_del_pasifico2\public\index.php(37): CodeIgniter\CodeIgniter->run()
#4 {main}
CRITICAL - 2022-04-14 21:33:41 --> Class "App\Models\CategoriasModel" not found
#0 C:\xampp\htdocs\gileos_del_pasifico2\system\CodeIgniter.php(809): App\Controllers\Categorias->__construct()
#1 C:\xampp\htdocs\gileos_del_pasifico2\system\CodeIgniter.php(410): CodeIgniter\CodeIgniter->createController()
#2 C:\xampp\htdocs\gileos_del_pasifico2\system\CodeIgniter.php(326): CodeIgniter\CodeIgniter->handleRequest(NULL, Object(Config\Cache), false)
#3 C:\xampp\htdocs\gileos_del_pasifico2\public\index.php(37): CodeIgniter\CodeIgniter->run()
#4 {main}
CRITICAL - 2022-04-14 21:33:53 --> Class "App\Controllers\CategoriaModel" not found
#0 C:\xampp\htdocs\gileos_del_pasifico2\system\CodeIgniter.php(809): App\Controllers\Categorias->__construct()
#1 C:\xampp\htdocs\gileos_del_pasifico2\system\CodeIgniter.php(410): CodeIgniter\CodeIgniter->createController()
#2 C:\xampp\htdocs\gileos_del_pasifico2\system\CodeIgniter.php(326): CodeIgniter\CodeIgniter->handleRequest(NULL, Object(Config\Cache), false)
#3 C:\xampp\htdocs\gileos_del_pasifico2\public\index.php(37): CodeIgniter\CodeIgniter->run()
#4 {main}
CRITICAL - 2022-04-14 21:33:55 --> Class "App\Controllers\CategoriaModel" not found
#0 C:\xampp\htdocs\gileos_del_pasifico2\system\CodeIgniter.php(809): App\Controllers\Categorias->__construct()
#1 C:\xampp\htdocs\gileos_del_pasifico2\system\CodeIgniter.php(410): CodeIgniter\CodeIgniter->createController()
#2 C:\xampp\htdocs\gileos_del_pasifico2\system\CodeIgniter.php(326): CodeIgniter\CodeIgniter->handleRequest(NULL, Object(Config\Cache), false)
#3 C:\xampp\htdocs\gileos_del_pasifico2\public\index.php(37): CodeIgniter\CodeIgniter->run()
#4 {main}
CRITICAL - 2022-04-14 21:34:08 --> Allowed memory size of 536870912 bytes exhausted (tried to allocate 4096 bytes)
#0 [internal function]: CodeIgniter\Debug\Exceptions->shutdownHandler()
#1 {main}
CRITICAL - 2022-04-14 21:34:37 --> Class "App\Controllers\CategoriasModels" not found
#0 C:\xampp\htdocs\gileos_del_pasifico2\system\CodeIgniter.php(809): App\Controllers\Categorias->__construct()
#1 C:\xampp\htdocs\gileos_del_pasifico2\system\CodeIgniter.php(410): CodeIgniter\CodeIgniter->createController()
#2 C:\xampp\htdocs\gileos_del_pasifico2\system\CodeIgniter.php(326): CodeIgniter\CodeIgniter->handleRequest(NULL, Object(Config\Cache), false)
#3 C:\xampp\htdocs\gileos_del_pasifico2\public\index.php(37): CodeIgniter\CodeIgniter->run()
#4 {main}
CRITICAL - 2022-04-14 21:34:38 --> Class "App\Controllers\CategoriasModels" not found
#0 C:\xampp\htdocs\gileos_del_pasifico2\system\CodeIgniter.php(809): App\Controllers\Categorias->__construct()
#1 C:\xampp\htdocs\gileos_del_pasifico2\system\CodeIgniter.php(410): CodeIgniter\CodeIgniter->createController()
#2 C:\xampp\htdocs\gileos_del_pasifico2\system\CodeIgniter.php(326): CodeIgniter\CodeIgniter->handleRequest(NULL, Object(Config\Cache), false)
#3 C:\xampp\htdocs\gileos_del_pasifico2\public\index.php(37): CodeIgniter\CodeIgniter->run()
#4 {main}
CRITICAL - 2022-04-14 21:34:56 --> Class "App\Models\CategoriasModel" not found
#0 C:\xampp\htdocs\gileos_del_pasifico2\system\CodeIgniter.php(809): App\Controllers\Categorias->__construct()
#1 C:\xampp\htdocs\gileos_del_pasifico2\system\CodeIgniter.php(410): CodeIgniter\CodeIgniter->createController()
#2 C:\xampp\htdocs\gileos_del_pasifico2\system\CodeIgniter.php(326): CodeIgniter\CodeIgniter->handleRequest(NULL, Object(Config\Cache), false)
#3 C:\xampp\htdocs\gileos_del_pasifico2\public\index.php(37): CodeIgniter\CodeIgniter->run()
#4 {main}
CRITICAL - 2022-04-14 21:40:39 --> Class "App\Models\CategoriasModel" not found
#0 C:\xampp\htdocs\gileos_del_pasifico2\system\CodeIgniter.php(809): App\Controllers\Categorias->__construct()
#1 C:\xampp\htdocs\gileos_del_pasifico2\system\CodeIgniter.php(410): CodeIgniter\CodeIgniter->createController()
#2 C:\xampp\htdocs\gileos_del_pasifico2\system\CodeIgniter.php(326): CodeIgniter\CodeIgniter->handleRequest(NULL, Object(Config\Cache), false)
#3 C:\xampp\htdocs\gileos_del_pasifico2\public\index.php(37): CodeIgniter\CodeIgniter->run()
#4 {main}
CRITICAL - 2022-04-14 21:40:43 --> Class "App\Models\CategoriasModel" not found
#0 C:\xampp\htdocs\gileos_del_pasifico2\system\CodeIgniter.php(809): App\Controllers\Categorias->__construct()
#1 C:\xampp\htdocs\gileos_del_pasifico2\system\CodeIgniter.php(410): CodeIgniter\CodeIgniter->createController()
#2 C:\xampp\htdocs\gileos_del_pasifico2\system\CodeIgniter.php(326): CodeIgniter\CodeIgniter->handleRequest(NULL, Object(Config\Cache), false)
#3 C:\xampp\htdocs\gileos_del_pasifico2\public\index.php(37): CodeIgniter\CodeIgniter->run()
#4 {main}
CRITICAL - 2022-04-14 21:42:15 --> Class "App\Models\CategoriasModel" not found
#0 C:\xampp\htdocs\gileos_del_pasifico2\system\CodeIgniter.php(809): App\Controllers\Categorias->__construct()
#1 C:\xampp\htdocs\gileos_del_pasifico2\system\CodeIgniter.php(410): CodeIgniter\CodeIgniter->createController()
#2 C:\xampp\htdocs\gileos_del_pasifico2\system\CodeIgniter.php(326): CodeIgniter\CodeIgniter->handleRequest(NULL, Object(Config\Cache), false)
#3 C:\xampp\htdocs\gileos_del_pasifico2\public\index.php(37): CodeIgniter\CodeIgniter->run()
#4 {main}
CRITICAL - 2022-04-14 21:42:35 --> syntax error, unexpected token "public"
#0 C:\xampp\htdocs\gileos_del_pasifico2\system\Router\Router.php(175): CodeIgniter\Router\Router->autoRoute('categorias')
#1 C:\xampp\htdocs\gileos_del_pasifico2\system\CodeIgniter.php(726): CodeIgniter\Router\Router->handle('categorias')
#2 C:\xampp\htdocs\gileos_del_pasifico2\system\CodeIgniter.php(368): CodeIgniter\CodeIgniter->tryToRouteIt(Object(CodeIgniter\Router\RouteCollection))
#3 C:\xampp\htdocs\gileos_del_pasifico2\system\CodeIgniter.php(326): CodeIgniter\CodeIgniter->handleRequest(NULL, Object(Config\Cache), false)
#4 C:\xampp\htdocs\gileos_del_pasifico2\public\index.php(37): CodeIgniter\CodeIgniter->run()
#5 {main}
CRITICAL - 2022-04-14 21:42:36 --> syntax error, unexpected token "public"
#0 C:\xampp\htdocs\gileos_del_pasifico2\system\Router\Router.php(175): CodeIgniter\Router\Router->autoRoute('categorias')
#1 C:\xampp\htdocs\gileos_del_pasifico2\system\CodeIgniter.php(726): CodeIgniter\Router\Router->handle('categorias')
#2 C:\xampp\htdocs\gileos_del_pasifico2\system\CodeIgniter.php(368): CodeIgniter\CodeIgniter->tryToRouteIt(Object(CodeIgniter\Router\RouteCollection))
#3 C:\xampp\htdocs\gileos_del_pasifico2\system\CodeIgniter.php(326): CodeIgniter\CodeIgniter->handleRequest(NULL, Object(Config\Cache), false)
#4 C:\xampp\htdocs\gileos_del_pasifico2\public\index.php(37): CodeIgniter\CodeIgniter->run()
#5 {main}
CRITICAL - 2022-04-14 21:43:39 --> Class "App\Models\CategoriasModel" not found
#0 C:\xampp\htdocs\gileos_del_pasifico2\system\CodeIgniter.php(809): App\Controllers\Categorias->__construct()
#1 C:\xampp\htdocs\gileos_del_pasifico2\system\CodeIgniter.php(410): CodeIgniter\CodeIgniter->createController()
#2 C:\xampp\htdocs\gileos_del_pasifico2\system\CodeIgniter.php(326): CodeIgniter\CodeIgniter->handleRequest(NULL, Object(Config\Cache), false)
#3 C:\xampp\htdocs\gileos_del_pasifico2\public\index.php(37): CodeIgniter\CodeIgniter->run()
#4 {main}
CRITICAL - 2022-04-14 21:44:58 --> Class "App\Models\CategoriasModel" not found
#0 C:\xampp\htdocs\gileos_del_pasifico2\system\CodeIgniter.php(809): App\Controllers\Categorias->__construct()
#1 C:\xampp\htdocs\gileos_del_pasifico2\system\CodeIgniter.php(410): CodeIgniter\CodeIgniter->createController()
#2 C:\xampp\htdocs\gileos_del_pasifico2\system\CodeIgniter.php(326): CodeIgniter\CodeIgniter->handleRequest(NULL, Object(Config\Cache), false)
#3 C:\xampp\htdocs\gileos_del_pasifico2\public\index.php(37): CodeIgniter\CodeIgniter->run()
#4 {main}
CRITICAL - 2022-04-14 21:54:07 --> Class "App\Models\CategoriasModel" not found
#0 C:\xampp\htdocs\gileos_del_pasifico2\system\CodeIgniter.php(809): App\Controllers\Categorias->__construct()
#1 C:\xampp\htdocs\gileos_del_pasifico2\system\CodeIgniter.php(410): CodeIgniter\CodeIgniter->createController()
#2 C:\xampp\htdocs\gileos_del_pasifico2\system\CodeIgniter.php(326): CodeIgniter\CodeIgniter->handleRequest(NULL, Object(Config\Cache), false)
#3 C:\xampp\htdocs\gileos_del_pasifico2\public\index.php(37): CodeIgniter\CodeIgniter->run()
#4 {main}
CRITICAL - 2022-04-14 21:56:17 --> Class "App\Models\CategoriasModel" not found
#0 C:\xampp\htdocs\gileos_del_pasifico2\system\CodeIgniter.php(809): App\Controllers\Categorias->__construct()
#1 C:\xampp\htdocs\gileos_del_pasifico2\system\CodeIgniter.php(410): CodeIgniter\CodeIgniter->createController()
#2 C:\xampp\htdocs\gileos_del_pasifico2\system\CodeIgniter.php(326): CodeIgniter\CodeIgniter->handleRequest(NULL, Object(Config\Cache), false)
#3 C:\xampp\htdocs\gileos_del_pasifico2\public\index.php(37): CodeIgniter\CodeIgniter->run()
#4 {main}
CRITICAL - 2022-04-14 21:56:28 --> Class "App\Controllers\categoriasModels" not found
#0 C:\xampp\htdocs\gileos_del_pasifico2\system\CodeIgniter.php(809): App\Controllers\Categorias->__construct()
#1 C:\xampp\htdocs\gileos_del_pasifico2\system\CodeIgniter.php(410): CodeIgniter\CodeIgniter->createController()
#2 C:\xampp\htdocs\gileos_del_pasifico2\system\CodeIgniter.php(326): CodeIgniter\CodeIgniter->handleRequest(NULL, Object(Config\Cache), false)
#3 C:\xampp\htdocs\gileos_del_pasifico2\public\index.php(37): CodeIgniter\CodeIgniter->run()
#4 {main}
CRITICAL - 2022-04-14 21:56:41 --> Class "App\Controllers\CategoriasModels" not found
#0 C:\xampp\htdocs\gileos_del_pasifico2\system\CodeIgniter.php(809): App\Controllers\Categorias->__construct()
#1 C:\xampp\htdocs\gileos_del_pasifico2\system\CodeIgniter.php(410): CodeIgniter\CodeIgniter->createController()
#2 C:\xampp\htdocs\gileos_del_pasifico2\system\CodeIgniter.php(326): CodeIgniter\CodeIgniter->handleRequest(NULL, Object(Config\Cache), false)
#3 C:\xampp\htdocs\gileos_del_pasifico2\public\index.php(37): CodeIgniter\CodeIgniter->run()
#4 {main}
CRITICAL - 2022-04-14 21:56:42 --> Class "App\Controllers\CategoriasModels" not found
#0 C:\xampp\htdocs\gileos_del_pasifico2\system\CodeIgniter.php(809): App\Controllers\Categorias->__construct()
#1 C:\xampp\htdocs\gileos_del_pasifico2\system\CodeIgniter.php(410): CodeIgniter\CodeIgniter->createController()
#2 C:\xampp\htdocs\gileos_del_pasifico2\system\CodeIgniter.php(326): CodeIgniter\CodeIgniter->handleRequest(NULL, Object(Config\Cache), false)
#3 C:\xampp\htdocs\gileos_del_pasifico2\public\index.php(37): CodeIgniter\CodeIgniter->run()
#4 {main}
CRITICAL - 2022-04-14 21:56:56 --> Class "App\Models\CategoriasModel" not found
#0 C:\xampp\htdocs\gileos_del_pasifico2\system\CodeIgniter.php(809): App\Controllers\Categorias->__construct()
#1 C:\xampp\htdocs\gileos_del_pasifico2\system\CodeIgniter.php(410): CodeIgniter\CodeIgniter->createController()
#2 C:\xampp\htdocs\gileos_del_pasifico2\system\CodeIgniter.php(326): CodeIgniter\CodeIgniter->handleRequest(NULL, Object(Config\Cache), false)
#3 C:\xampp\htdocs\gileos_del_pasifico2\public\index.php(37): CodeIgniter\CodeIgniter->run()
#4 {main}
CRITICAL - 2022-04-14 22:05:37 --> Invalid file: 1footer.php
#0 C:\xampp\htdocs\gileos_del_pasifico2\system\View\View.php(198): CodeIgniter\Exceptions\FrameworkException::forInvalidFile('1footer.php')
#1 C:\xampp\htdocs\gileos_del_pasifico2\system\Common.php(1089): CodeIgniter\View\View->render('1footer', Array, true)
#2 C:\xampp\htdocs\gileos_del_pasifico2\app\Controllers\Categorias.php(32): view('1footer')
#3 C:\xampp\htdocs\gileos_del_pasifico2\system\CodeIgniter.php(832): App\Controllers\Categorias->eliminados()
#4 C:\xampp\htdocs\gileos_del_pasifico2\system\CodeIgniter.php(419): CodeIgniter\CodeIgniter->runController(Object(App\Controllers\Categorias))
#5 C:\xampp\htdocs\gileos_del_pasifico2\system\CodeIgniter.php(326): CodeIgniter\CodeIgniter->handleRequest(NULL, Object(Config\Cache), false)
#6 C:\xampp\htdocs\gileos_del_pasifico2\public\index.php(37): CodeIgniter\CodeIgniter->run()
#7 {main}
CRITICAL - 2022-04-14 22:21:26 --> Invalid file: 1footer.php
#0 C:\xampp\htdocs\gileos_del_pasifico2\system\View\View.php(198): CodeIgniter\Exceptions\FrameworkException::forInvalidFile('1footer.php')
#1 C:\xampp\htdocs\gileos_del_pasifico2\system\Common.php(1089): CodeIgniter\View\View->render('1footer', Array, true)
#2 C:\xampp\htdocs\gileos_del_pasifico2\app\Controllers\Categorias.php(32): view('1footer')
#3 C:\xampp\htdocs\gileos_del_pasifico2\system\CodeIgniter.php(832): App\Controllers\Categorias->eliminados()
#4 C:\xampp\htdocs\gileos_del_pasifico2\system\CodeIgniter.php(419): CodeIgniter\CodeIgniter->runController(Object(App\Controllers\Categorias))
#5 C:\xampp\htdocs\gileos_del_pasifico2\system\CodeIgniter.php(326): CodeIgniter\CodeIgniter->handleRequest(NULL, Object(Config\Cache), false)
#6 C:\xampp\htdocs\gileos_del_pasifico2\public\index.php(37): CodeIgniter\CodeIgniter->run()
#7 {main}
CRITICAL - 2022-04-14 22:25:54 --> Invalid file: 1footer.php
#0 C:\xampp\htdocs\gileos_del_pasifico2\system\View\View.php(198): CodeIgniter\Exceptions\FrameworkException::forInvalidFile('1footer.php')
#1 C:\xampp\htdocs\gileos_del_pasifico2\system\Common.php(1089): CodeIgniter\View\View->render('1footer', Array, true)
#2 C:\xampp\htdocs\gileos_del_pasifico2\app\Controllers\Categorias.php(32): view('1footer')
#3 C:\xampp\htdocs\gileos_del_pasifico2\system\CodeIgniter.php(832): App\Controllers\Categorias->eliminados()
#4 C:\xampp\htdocs\gileos_del_pasifico2\system\CodeIgniter.php(419): CodeIgniter\CodeIgniter->runController(Object(App\Controllers\Categorias))
#5 C:\xampp\htdocs\gileos_del_pasifico2\system\CodeIgniter.php(326): CodeIgniter\CodeIgniter->handleRequest(NULL, Object(Config\Cache), false)
#6 C:\xampp\htdocs\gileos_del_pasifico2\public\index.php(37): CodeIgniter\CodeIgniter->run()
#7 {main}
CRITICAL - 2022-04-14 22:26:12 --> Invalid file: 1footer.php
#0 C:\xampp\htdocs\gileos_del_pasifico2\system\View\View.php(198): CodeIgniter\Exceptions\FrameworkException::forInvalidFile('1footer.php')
#1 C:\xampp\htdocs\gileos_del_pasifico2\system\Common.php(1089): CodeIgniter\View\View->render('1footer', Array, true)
#2 C:\xampp\htdocs\gileos_del_pasifico2\app\Controllers\Categorias.php(32): view('1footer')
#3 C:\xampp\htdocs\gileos_del_pasifico2\system\CodeIgniter.php(832): App\Controllers\Categorias->eliminados()
#4 C:\xampp\htdocs\gileos_del_pasifico2\system\CodeIgniter.php(419): CodeIgniter\CodeIgniter->runController(Object(App\Controllers\Categorias))
#5 C:\xampp\htdocs\gileos_del_pasifico2\system\CodeIgniter.php(326): CodeIgniter\CodeIgniter->handleRequest(NULL, Object(Config\Cache), false)
#6 C:\xampp\htdocs\gileos_del_pasifico2\public\index.php(37): CodeIgniter\CodeIgniter->run()
#7 {main}
CRITICAL - 2022-04-14 22:28:08 --> Invalid file: 1footer.php
#0 C:\xampp\htdocs\gileos_del_pasifico2\system\View\View.php(198): CodeIgniter\Exceptions\FrameworkException::forInvalidFile('1footer.php')
#1 C:\xampp\htdocs\gileos_del_pasifico2\system\Common.php(1089): CodeIgniter\View\View->render('1footer', Array, true)
#2 C:\xampp\htdocs\gileos_del_pasifico2\app\Controllers\Categorias.php(32): view('1footer')
#3 C:\xampp\htdocs\gileos_del_pasifico2\system\CodeIgniter.php(832): App\Controllers\Categorias->eliminados()
#4 C:\xampp\htdocs\gileos_del_pasifico2\system\CodeIgniter.php(419): CodeIgniter\CodeIgniter->runController(Object(App\Controllers\Categorias))
#5 C:\xampp\htdocs\gileos_del_pasifico2\system\CodeIgniter.php(326): CodeIgniter\CodeIgniter->handleRequest(NULL, Object(Config\Cache), false)
#6 C:\xampp\htdocs\gileos_del_pasifico2\public\index.php(37): CodeIgniter\CodeIgniter->run()
#7 {main}
CRITICAL - 2022-04-14 22:30:39 --> Invalid file: 1footer.php
#0 C:\xampp\htdocs\gileos_del_pasifico2\system\View\View.php(198): CodeIgniter\Exceptions\FrameworkException::forInvalidFile('1footer.php')
#1 C:\xampp\htdocs\gileos_del_pasifico2\system\Common.php(1089): CodeIgniter\View\View->render('1footer', Array, true)
#2 C:\xampp\htdocs\gileos_del_pasifico2\app\Controllers\Categorias.php(32): view('1footer')
#3 C:\xampp\htdocs\gileos_del_pasifico2\system\CodeIgniter.php(832): App\Controllers\Categorias->eliminados()
#4 C:\xampp\htdocs\gileos_del_pasifico2\system\CodeIgniter.php(419): CodeIgniter\CodeIgniter->runController(Object(App\Controllers\Categorias))
#5 C:\xampp\htdocs\gileos_del_pasifico2\system\CodeIgniter.php(326): CodeIgniter\CodeIgniter->handleRequest(NULL, Object(Config\Cache), false)
#6 C:\xampp\htdocs\gileos_del_pasifico2\public\index.php(37): CodeIgniter\CodeIgniter->run()
#7 {main}
CRITICAL - 2022-04-14 22:32:16 --> Invalid file: 1footer.php
#0 C:\xampp\htdocs\gileos_del_pasifico2\system\View\View.php(198): CodeIgniter\Exceptions\FrameworkException::forInvalidFile('1footer.php')
#1 C:\xampp\htdocs\gileos_del_pasifico2\system\Common.php(1089): CodeIgniter\View\View->render('1footer', Array, true)
#2 C:\xampp\htdocs\gileos_del_pasifico2\app\Controllers\Categorias.php(32): view('1footer')
#3 C:\xampp\htdocs\gileos_del_pasifico2\system\CodeIgniter.php(832): App\Controllers\Categorias->eliminados()
#4 C:\xampp\htdocs\gileos_del_pasifico2\system\CodeIgniter.php(419): CodeIgniter\CodeIgniter->runController(Object(App\Controllers\Categorias))
#5 C:\xampp\htdocs\gileos_del_pasifico2\system\CodeIgniter.php(326): CodeIgniter\CodeIgniter->handleRequest(NULL, Object(Config\Cache), false)
#6 C:\xampp\htdocs\gileos_del_pasifico2\public\index.php(37): CodeIgniter\CodeIgniter->run()
#7 {main}
CRITICAL - 2022-04-14 22:32:39 --> Invalid file: 1footer.php
#0 C:\xampp\htdocs\gileos_del_pasifico2\system\View\View.php(198): CodeIgniter\Exceptions\FrameworkException::forInvalidFile('1footer.php')
#1 C:\xampp\htdocs\gileos_del_pasifico2\system\Common.php(1089): CodeIgniter\View\View->render('1footer', Array, true)
#2 C:\xampp\htdocs\gileos_del_pasifico2\app\Controllers\Categorias.php(32): view('1footer')
#3 C:\xampp\htdocs\gileos_del_pasifico2\system\CodeIgniter.php(832): App\Controllers\Categorias->eliminados()
#4 C:\xampp\htdocs\gileos_del_pasifico2\system\CodeIgniter.php(419): CodeIgniter\CodeIgniter->runController(Object(App\Controllers\Categorias))
#5 C:\xampp\htdocs\gileos_del_pasifico2\system\CodeIgniter.php(326): CodeIgniter\CodeIgniter->handleRequest(NULL, Object(Config\Cache), false)
#6 C:\xampp\htdocs\gileos_del_pasifico2\public\index.php(37): CodeIgniter\CodeIgniter->run()
#7 {main}
CRITICAL - 2022-04-14 22:38:40 --> Invalid file: 1footer.php
#0 C:\xampp\htdocs\gileos_del_pasifico2\system\View\View.php(198): CodeIgniter\Exceptions\FrameworkException::forInvalidFile('1footer.php')
#1 C:\xampp\htdocs\gileos_del_pasifico2\system\Common.php(1089): CodeIgniter\View\View->render('1footer', Array, true)
#2 C:\xampp\htdocs\gileos_del_pasifico2\app\Controllers\Categorias.php(32): view('1footer')
#3 C:\xampp\htdocs\gileos_del_pasifico2\system\CodeIgniter.php(832): App\Controllers\Categorias->eliminados()
#4 C:\xampp\htdocs\gileos_del_pasifico2\system\CodeIgniter.php(419): CodeIgniter\CodeIgniter->runController(Object(App\Controllers\Categorias))
#5 C:\xampp\htdocs\gileos_del_pasifico2\system\CodeIgniter.php(326): CodeIgniter\CodeIgniter->handleRequest(NULL, Object(Config\Cache), false)
#6 C:\xampp\htdocs\gileos_del_pasifico2\public\index.php(37): CodeIgniter\CodeIgniter->run()
#7 {main}
CRITICAL - 2022-04-14 23:01:30 --> Invalid file: 1footer.php
#0 C:\xampp\htdocs\gileos_del_pasifico2\system\View\View.php(198): CodeIgniter\Exceptions\FrameworkException::forInvalidFile('1footer.php')
#1 C:\xampp\htdocs\gileos_del_pasifico2\system\Common.php(1089): CodeIgniter\View\View->render('1footer', Array, true)
#2 C:\xampp\htdocs\gileos_del_pasifico2\app\Controllers\Categorias.php(32): view('1footer')
#3 C:\xampp\htdocs\gileos_del_pasifico2\system\CodeIgniter.php(832): App\Controllers\Categorias->eliminados()
#4 C:\xampp\htdocs\gileos_del_pasifico2\system\CodeIgniter.php(419): CodeIgniter\CodeIgniter->runController(Object(App\Controllers\Categorias))
#5 C:\xampp\htdocs\gileos_del_pasifico2\system\CodeIgniter.php(326): CodeIgniter\CodeIgniter->handleRequest(NULL, Object(Config\Cache), false)
#6 C:\xampp\htdocs\gileos_del_pasifico2\public\index.php(37): CodeIgniter\CodeIgniter->run()
#7 {main}
CRITICAL - 2022-04-14 23:01:45 --> Invalid file: 1footer.php
#0 C:\xampp\htdocs\gileos_del_pasifico2\system\View\View.php(198): CodeIgniter\Exceptions\FrameworkException::forInvalidFile('1footer.php')
#1 C:\xampp\htdocs\gileos_del_pasifico2\system\Common.php(1089): CodeIgniter\View\View->render('1footer', Array, true)
#2 C:\xampp\htdocs\gileos_del_pasifico2\app\Controllers\Categorias.php(32): view('1footer')
#3 C:\xampp\htdocs\gileos_del_pasifico2\system\CodeIgniter.php(832): App\Controllers\Categorias->eliminados()
#4 C:\xampp\htdocs\gileos_del_pasifico2\system\CodeIgniter.php(419): CodeIgniter\CodeIgniter->runController(Object(App\Controllers\Categorias))
#5 C:\xampp\htdocs\gileos_del_pasifico2\system\CodeIgniter.php(326): CodeIgniter\CodeIgniter->handleRequest(NULL, Object(Config\Cache), false)
#6 C:\xampp\htdocs\gileos_del_pasifico2\public\index.php(37): CodeIgniter\CodeIgniter->run()
#7 {main}
